[2025-12-10T08:48:15.900+0000] {taskinstance.py:1159} INFO - Dependencies all met for dep_context=non-requeueable deps ti=<TaskInstance: autoinsight_daily_scraper.scrape_events manual__2025-12-10T08:48:14.122781+00:00 [queued]>
[2025-12-10T08:48:15.917+0000] {taskinstance.py:1159} INFO - Dependencies all met for dep_context=requeueable deps ti=<TaskInstance: autoinsight_daily_scraper.scrape_events manual__2025-12-10T08:48:14.122781+00:00 [queued]>
[2025-12-10T08:48:15.918+0000] {taskinstance.py:1361} INFO - Starting attempt 1 of 2
[2025-12-10T08:48:15.941+0000] {taskinstance.py:1382} INFO - Executing <Task(PythonOperator): scrape_events> on 2025-12-10 08:48:14.122781+00:00
[2025-12-10T08:48:15.952+0000] {standard_task_runner.py:57} INFO - Started process 574 to run task
[2025-12-10T08:48:15.956+0000] {standard_task_runner.py:84} INFO - Running: ['***', 'tasks', 'run', 'autoinsight_daily_scraper', 'scrape_events', 'manual__2025-12-10T08:48:14.122781+00:00', '--job-id', '118', '--raw', '--subdir', 'DAGS_FOLDER/news_scrapper.py', '--cfg-path', '/tmp/tmpplmfiv_5']
[2025-12-10T08:48:15.964+0000] {standard_task_runner.py:85} INFO - Job 118: Subtask scrape_events
[2025-12-10T08:48:16.077+0000] {task_command.py:416} INFO - Running <TaskInstance: autoinsight_daily_scraper.scrape_events manual__2025-12-10T08:48:14.122781+00:00 [running]> on host 846744d01d56
[2025-12-10T08:48:16.245+0000] {taskinstance.py:1662} INFO - Exporting env vars: AIRFLOW_CTX_DAG_OWNER='autoinsight' AIRFLOW_CTX_DAG_ID='autoinsight_daily_scraper' AIRFLOW_CTX_TASK_ID='scrape_events' AIRFLOW_CTX_EXECUTION_DATE='2025-12-10T08:48:14.122781+00:00' AIRFLOW_CTX_TRY_NUMBER='1' AIRFLOW_CTX_DAG_RUN_ID='manual__2025-12-10T08:48:14.122781+00:00'
[2025-12-10T08:48:16.248+0000] {news_scrapper.py:133} INFO - ============================================================
[2025-12-10T08:48:16.253+0000] {news_scrapper.py:134} INFO - TASK: Scraping Events
[2025-12-10T08:48:16.254+0000] {news_scrapper.py:141} INFO - Fetching events from AutoNews events page...
[2025-12-10T08:48:16.255+0000] {scrapper.py:453} INFO - Scraping events from AutoNews.com/events...
[2025-12-10T08:48:18.119+0000] {logging_mixin.py:154} INFO -     🌐 Opening AutoNews events page...
[2025-12-10T08:48:21.006+0000] {logging_mixin.py:154} INFO -     ⏳ Waiting for page to load...
[2025-12-10T08:48:24.603+0000] {scrapper.py:552} INFO -   ✓ Canada Congress (2026-02-12)
[2025-12-10T08:48:24.833+0000] {scrapper.py:552} INFO -   ✓ Congress (2025-01-01)
[2025-12-10T08:48:25.077+0000] {scrapper.py:552} INFO -   ✓ Europe Congress (2026-01-01)
[2025-12-10T08:48:25.416+0000] {scrapper.py:552} INFO -   ✓ Leading Women Conference (2025-05-20)
[2025-12-10T08:48:25.615+0000] {scrapper.py:552} INFO -   ✓ Canada Retail Forum (2025-10-14)
[2025-12-10T08:48:25.796+0000] {scrapper.py:552} INFO -   ✓ Canada Leading Women Roundtable (2024-11-15)
[2025-12-10T08:48:26.659+0000] {scrapper.py:552} INFO -   ✓ Japan Mobility Show (2025-01-01)
[2025-12-10T08:48:26.859+0000] {scrapper.py:552} INFO -   ✓ Los Angeles auto show (2025-11-20)
[2025-12-10T08:48:26.991+0000] {scrapper.py:552} INFO -   ✓ Munich auto show (2027-01-01)
[2025-12-10T08:48:27.168+0000] {scrapper.py:552} INFO -   ✓ Shanghai auto show (2025-04-23)
[2025-12-10T08:48:27.443+0000] {scrapper.py:552} INFO -   ✓ New York auto show (2025-04-16)
[2025-12-10T08:48:28.148+0000] {scrapper.py:552} INFO -   ✓ Chicago auto show (2025-02-06)
[2025-12-10T08:48:28.341+0000] {scrapper.py:552} INFO -   ✓ Toronto auto show (2025-02-14)
[2025-12-10T08:48:28.518+0000] {scrapper.py:552} INFO -   ✓ NADA Show (2025-01-23)
[2025-12-10T08:48:28.690+0000] {scrapper.py:552} INFO -   ✓ CES (2025-01-07)
[2025-12-10T08:48:28.841+0000] {scrapper.py:552} INFO -   ✓ Detroit auto show (2025-01-10)
[2025-12-10T08:48:29.005+0000] {scrapper.py:552} INFO -   ✓ Beijing auto show (2026-01-01)
[2025-12-10T08:48:29.240+0000] {scrapper.py:552} INFO -   ✓ Paris auto show (2026-10-12)
[2025-12-10T08:48:29.383+0000] {scrapper.py:552} INFO -   ✓ Geneva auto show (date TBD)
[2025-12-10T08:48:29.384+0000] {scrapper.py:558} INFO - ✓ Scraped 19 events from AutoNews
[2025-12-10T08:48:29.563+0000] {credentials.py:1147} INFO - Found credentials in environment variables.
[2025-12-10T08:48:29.752+0000] {news_scrapper.py:55} INFO - Uploading to s3://autoinsightfinal/events/raw/events_20251210_084829.json
[2025-12-10T08:48:35.294+0000] {news_scrapper.py:63} INFO - ✅ Successfully uploaded to S3
[2025-12-10T08:48:35.348+0000] {news_scrapper.py:161} INFO - ✅ Scraped 19 events → s3://autoinsightfinal/events/raw/events_20251210_084829.json
[2025-12-10T08:48:35.349+0000] {python.py:194} INFO - Done. Returned value was: Successfully scraped 19 events
[2025-12-10T08:48:35.379+0000] {taskinstance.py:1400} INFO - Marking task as SUCCESS. dag_id=autoinsight_daily_scraper, task_id=scrape_events, execution_date=20251210T084814, start_date=20251210T084815, end_date=20251210T084835
[2025-12-10T08:48:35.435+0000] {local_task_job_runner.py:228} INFO - Task exited with return code 0
[2025-12-10T08:48:35.474+0000] {taskinstance.py:2778} INFO - 1 downstream tasks scheduled from follow-on schedule check
