[2025-12-10T08:57:33.193+0000] {taskinstance.py:1159} INFO - Dependencies all met for dep_context=non-requeueable deps ti=<TaskInstance: autoinsight_cleaning_pipeline_v2.load_epa_to_snowflake manual__2025-12-10T08:31:07.500325+00:00 [queued]>
[2025-12-10T08:57:33.216+0000] {taskinstance.py:1159} INFO - Dependencies all met for dep_context=requeueable deps ti=<TaskInstance: autoinsight_cleaning_pipeline_v2.load_epa_to_snowflake manual__2025-12-10T08:31:07.500325+00:00 [queued]>
[2025-12-10T08:57:33.219+0000] {taskinstance.py:1361} INFO - Starting attempt 1 of 3
[2025-12-10T08:57:33.261+0000] {taskinstance.py:1382} INFO - Executing <Task(PythonOperator): load_epa_to_snowflake> on 2025-12-10 08:31:07.500325+00:00
[2025-12-10T08:57:33.277+0000] {standard_task_runner.py:57} INFO - Started process 5979 to run task
[2025-12-10T08:57:33.284+0000] {standard_task_runner.py:84} INFO - Running: ['***', 'tasks', 'run', 'autoinsight_cleaning_pipeline_v2', 'load_epa_to_snowflake', 'manual__2025-12-10T08:31:07.500325+00:00', '--job-id', '133', '--raw', '--subdir', 'DAGS_FOLDER/autoinsight_cleaning_pipeline.py', '--cfg-path', '/tmp/tmpw3q4ft10']
[2025-12-10T08:57:33.307+0000] {standard_task_runner.py:85} INFO - Job 133: Subtask load_epa_to_snowflake
[2025-12-10T08:57:33.502+0000] {task_command.py:416} INFO - Running <TaskInstance: autoinsight_cleaning_pipeline_v2.load_epa_to_snowflake manual__2025-12-10T08:31:07.500325+00:00 [running]> on host 846744d01d56
[2025-12-10T08:57:33.693+0000] {taskinstance.py:1662} INFO - Exporting env vars: AIRFLOW_CTX_DAG_EMAIL='autoinsight@example.com' AIRFLOW_CTX_DAG_OWNER='autoinsight-team' AIRFLOW_CTX_DAG_ID='autoinsight_cleaning_pipeline_v2' AIRFLOW_CTX_TASK_ID='load_epa_to_snowflake' AIRFLOW_CTX_EXECUTION_DATE='2025-12-10T08:31:07.500325+00:00' AIRFLOW_CTX_TRY_NUMBER='1' AIRFLOW_CTX_DAG_RUN_ID='manual__2025-12-10T08:31:07.500325+00:00'
[2025-12-10T08:57:33.877+0000] {logging_mixin.py:154} INFO - ======================================================================
[2025-12-10T08:57:33.879+0000] {logging_mixin.py:154} INFO - SNOWFLAKE LOAD: EPA
[2025-12-10T08:57:33.880+0000] {logging_mixin.py:154} INFO - S3 Path: s3://autoinsightfinal/epa/cleaned_new/fuel_economy/csv/
[2025-12-10T08:57:33.883+0000] {logging_mixin.py:154} INFO - Target: AUTOMOTIVE_AI.EPA.FACT_FUEL_ECONOMY
[2025-12-10T08:57:33.885+0000] {logging_mixin.py:154} INFO - ======================================================================
[2025-12-10T08:57:33.928+0000] {credentials.py:1147} INFO - Found credentials in environment variables.
[2025-12-10T08:57:34.793+0000] {logging_mixin.py:154} INFO - Reading: s3://autoinsightfinal/epa/cleaned_new/fuel_economy/csv/part-00000-a8ee1a38-a2b0-46d2-8a66-f8cb4ccfe4ae-c000.csv
[2025-12-10T08:57:37.231+0000] {logging_mixin.py:154} INFO - Loaded 4,609 records from S3
[2025-12-10T08:57:37.232+0000] {logging_mixin.py:154} INFO - Columns: ['fuel_economy_id', 'epa_id', 'vehicle_id', 'make', 'model', 'year', 'vehicle_class', 'fuel_type', 'primary_fuel_type', 'secondary_fuel_type', 'fuel_category', 'mpg_city', 'mpg_highway', 'mpg_combined', 'mpge_combined', 'electric_range', 'efficiency_score', 'cylinders', 'drive_train', 'transmission', 'greenhouse_gas_score', 'co2_tailpipe', 'is_electric', 'is_hybrid', 'is_flex_fuel', 'processed_at', 'data_source', 'processing_version']
[2025-12-10T08:57:37.234+0000] {connection.py:386} INFO - Snowflake Connector for Python Version: 3.7.0, Python Version: 3.11.6, Platform: Linux-6.6.87.2-microsoft-standard-WSL2-x86_64-with-glibc2.31
[2025-12-10T08:57:37.236+0000] {connection.py:1211} INFO - This connection is in OCSP Fail Open Mode. TLS Certificates would be checked for validity and revocation status. Any other Certificate Revocation related exceptions or OCSP Responder failures would be disregarded in favor of connectivity.
[2025-12-10T08:57:38.910+0000] {cursor.py:1032} INFO - query: [USE SCHEMA EPA]
[2025-12-10T08:57:39.042+0000] {cursor.py:1045} INFO - query execution done
[2025-12-10T08:57:39.044+0000] {cursor.py:1205} INFO - Number of results in first chunk: 1
[2025-12-10T08:57:39.046+0000] {cursor.py:1032} INFO - query: [CREATE TEMP STAGE /* Python:snowflake.connector.pandas_tools.write_pandas() */ z...]
[2025-12-10T08:57:39.575+0000] {cursor.py:1045} INFO - query execution done
[2025-12-10T08:57:39.581+0000] {cursor.py:1205} INFO - Number of results in first chunk: 1
[2025-12-10T08:57:39.758+0000] {cursor.py:1032} INFO - query: [PUT /* Python:snowflake.connector.pandas_tools.write_pandas() */ 'file:///tmp/tm...]
[2025-12-10T08:57:39.948+0000] {cursor.py:1045} INFO - query execution done
[2025-12-10T08:57:43.283+0000] {cursor.py:1032} INFO - query: [CREATE TEMP FILE FORMAT kdthenzlpt /* Python:snowflake.connector.pandas_tools.wr...]
[2025-12-10T08:57:44.283+0000] {cursor.py:1045} INFO - query execution done
[2025-12-10T08:57:44.284+0000] {cursor.py:1205} INFO - Number of results in first chunk: 1
[2025-12-10T08:57:44.285+0000] {cursor.py:1032} INFO - query: [SELECT COLUMN_NAME, TYPE FROM table(infer_schema(location=>'@zpshnkrdsv', file_f...]
[2025-12-10T08:57:45.590+0000] {cursor.py:1045} INFO - query execution done
[2025-12-10T08:57:45.592+0000] {cursor.py:1205} INFO - Number of results in first chunk: 28
[2025-12-10T08:57:45.594+0000] {cursor.py:1032} INFO - query: [CREATE  TABLE IF NOT EXISTS plholscgwg (fuel_economy_id TEXT, epa_id NUMBER(38, ...]
[2025-12-10T08:57:46.245+0000] {cursor.py:1045} INFO - query execution done
[2025-12-10T08:57:46.246+0000] {cursor.py:1205} INFO - Number of results in first chunk: 1
[2025-12-10T08:57:46.247+0000] {cursor.py:1032} INFO - query: [COPY INTO plholscgwg /* Python:snowflake.connector.pandas_tools.write_pandas() *...]
[2025-12-10T08:57:48.434+0000] {cursor.py:1045} INFO - query execution done
[2025-12-10T08:57:48.436+0000] {cursor.py:1205} INFO - Number of results in first chunk: 1
[2025-12-10T08:57:48.437+0000] {cursor.py:1032} INFO - query: [DROP TABLE IF EXISTS FACT_FUEL_ECONOMY /* Python:snowflake.connector.pandas_tool...]
[2025-12-10T08:57:48.926+0000] {cursor.py:1045} INFO - query execution done
[2025-12-10T08:57:48.928+0000] {cursor.py:1205} INFO - Number of results in first chunk: 1
[2025-12-10T08:57:48.929+0000] {cursor.py:1032} INFO - query: [ALTER TABLE plholscgwg RENAME TO FACT_FUEL_ECONOMY /* Python:snowflake.connector...]
[2025-12-10T08:57:49.261+0000] {cursor.py:1045} INFO - query execution done
[2025-12-10T08:57:49.263+0000] {cursor.py:1205} INFO - Number of results in first chunk: 1
[2025-12-10T08:57:49.265+0000] {logging_mixin.py:154} INFO - ✅ Loaded 4,609 rows into AUTOMOTIVE_AI.EPA.FACT_FUEL_ECONOMY
[2025-12-10T08:57:49.266+0000] {cursor.py:1032} INFO - query: [SELECT COUNT(*) FROM FACT_FUEL_ECONOMY]
[2025-12-10T08:57:49.713+0000] {cursor.py:1045} INFO - query execution done
[2025-12-10T08:57:49.715+0000] {cursor.py:1205} INFO - Number of results in first chunk: 1
[2025-12-10T08:57:49.717+0000] {logging_mixin.py:154} INFO - Verification: 4,609 rows in table
[2025-12-10T08:57:49.718+0000] {connection.py:734} INFO - closed
[2025-12-10T08:57:50.034+0000] {connection.py:740} INFO - No async queries seem to be running, deleting session
[2025-12-10T08:57:50.595+0000] {python.py:194} INFO - Done. Returned value was: True
[2025-12-10T08:57:50.636+0000] {taskinstance.py:1400} INFO - Marking task as SUCCESS. dag_id=autoinsight_cleaning_pipeline_v2, task_id=load_epa_to_snowflake, execution_date=20251210T083107, start_date=20251210T085733, end_date=20251210T085750
[2025-12-10T08:57:50.754+0000] {local_task_job_runner.py:228} INFO - Task exited with return code 0
[2025-12-10T08:57:50.793+0000] {taskinstance.py:2778} INFO - 0 downstream tasks scheduled from follow-on schedule check
