[2025-12-06T19:58:15.646+0000] {taskinstance.py:1159} INFO - Dependencies all met for dep_context=non-requeueable deps ti=<TaskInstance: autoinsight_data_pipeline.fetch_epa_data manual__2025-12-06T19:52:21.698365+00:00 [queued]>
[2025-12-06T19:58:15.667+0000] {taskinstance.py:1159} INFO - Dependencies all met for dep_context=requeueable deps ti=<TaskInstance: autoinsight_data_pipeline.fetch_epa_data manual__2025-12-06T19:52:21.698365+00:00 [queued]>
[2025-12-06T19:58:15.669+0000] {taskinstance.py:1361} INFO - Starting attempt 2 of 4
[2025-12-06T19:58:15.705+0000] {taskinstance.py:1382} INFO - Executing <Task(PythonOperator): fetch_epa_data> on 2025-12-06 19:52:21.698365+00:00
[2025-12-06T19:58:15.716+0000] {standard_task_runner.py:57} INFO - Started process 202 to run task
[2025-12-06T19:58:15.732+0000] {standard_task_runner.py:84} INFO - Running: ['***', 'tasks', 'run', 'autoinsight_data_pipeline', 'fetch_epa_data', 'manual__2025-12-06T19:52:21.698365+00:00', '--job-id', '27', '--raw', '--subdir', 'DAGS_FOLDER/autoinsight_data_pipeline.py', '--cfg-path', '/tmp/tmpn6q60ykh']
[2025-12-06T19:58:15.742+0000] {standard_task_runner.py:85} INFO - Job 27: Subtask fetch_epa_data
[2025-12-06T19:58:15.886+0000] {task_command.py:416} INFO - Running <TaskInstance: autoinsight_data_pipeline.fetch_epa_data manual__2025-12-06T19:52:21.698365+00:00 [running]> on host 7b09f98c03b7
[2025-12-06T19:58:16.081+0000] {taskinstance.py:1662} INFO - Exporting env vars: AIRFLOW_CTX_DAG_EMAIL='autoinsight@example.com' AIRFLOW_CTX_DAG_OWNER='autoinsight-team' AIRFLOW_CTX_DAG_ID='autoinsight_data_pipeline' AIRFLOW_CTX_TASK_ID='fetch_epa_data' AIRFLOW_CTX_EXECUTION_DATE='2025-12-06T19:52:21.698365+00:00' AIRFLOW_CTX_TRY_NUMBER='2' AIRFLOW_CTX_DAG_RUN_ID='manual__2025-12-06T19:52:21.698365+00:00'
[2025-12-06T19:58:16.084+0000] {logging_mixin.py:154} INFO - ======================================================================
[2025-12-06T19:58:16.085+0000] {logging_mixin.py:154} INFO - TASK 1: EPA Fuel Economy Data Collection
[2025-12-06T19:58:16.086+0000] {logging_mixin.py:154} INFO - ======================================================================
[2025-12-06T19:58:16.088+0000] {logging_mixin.py:154} INFO - ❌ EPA Data Collection Failed: No module named 'get_epa_data'
[2025-12-06T19:58:16.099+0000] {logging_mixin.py:154} WARNING - Traceback (most recent call last):
[2025-12-06T19:58:16.101+0000] {logging_mixin.py:154} WARNING -   File "/opt/***/dags/autoinsight_data_pipeline.py", line 50, in fetch_epa_data
    from get_epa_data import main as epa_main
[2025-12-06T19:58:16.102+0000] {logging_mixin.py:154} WARNING - ModuleNotFoundError: No module named 'get_epa_data'
[2025-12-06T19:58:16.104+0000] {taskinstance.py:1937} ERROR - Task failed with exception
Traceback (most recent call last):
  File "/home/airflow/.local/lib/python3.11/site-packages/airflow/operators/python.py", line 192, in execute
    return_value = self.execute_callable()
                   ^^^^^^^^^^^^^^^^^^^^^^^
  File "/home/airflow/.local/lib/python3.11/site-packages/airflow/operators/python.py", line 209, in execute_callable
    return self.python_callable(*self.op_args, **self.op_kwargs)
           ^^^^^^^^^^^^^^^^^^^^^^^^^^^^^^^^^^^^^^^^^^^^^^^^^^^^^
  File "/opt/airflow/dags/autoinsight_data_pipeline.py", line 50, in fetch_epa_data
    from get_epa_data import main as epa_main
ModuleNotFoundError: No module named 'get_epa_data'
[2025-12-06T19:58:16.128+0000] {taskinstance.py:1400} INFO - Marking task as UP_FOR_RETRY. dag_id=autoinsight_data_pipeline, task_id=fetch_epa_data, execution_date=20251206T195221, start_date=20251206T195815, end_date=20251206T195816
[2025-12-06T19:58:16.154+0000] {standard_task_runner.py:104} ERROR - Failed to execute job 27 for task fetch_epa_data (No module named 'get_epa_data'; 202)
[2025-12-06T19:58:16.182+0000] {local_task_job_runner.py:228} INFO - Task exited with return code 1
[2025-12-06T19:58:16.232+0000] {taskinstance.py:2778} INFO - 0 downstream tasks scheduled from follow-on schedule check
