[2025-12-06T20:03:17.131+0000] {taskinstance.py:1159} INFO - Dependencies all met for dep_context=non-requeueable deps ti=<TaskInstance: autoinsight_data_pipeline.fetch_epa_data manual__2025-12-06T19:52:21.698365+00:00 [queued]>
[2025-12-06T20:03:17.142+0000] {taskinstance.py:1159} INFO - Dependencies all met for dep_context=requeueable deps ti=<TaskInstance: autoinsight_data_pipeline.fetch_epa_data manual__2025-12-06T19:52:21.698365+00:00 [queued]>
[2025-12-06T20:03:17.144+0000] {taskinstance.py:1361} INFO - Starting attempt 3 of 4
[2025-12-06T20:03:17.161+0000] {taskinstance.py:1382} INFO - Executing <Task(PythonOperator): fetch_epa_data> on 2025-12-06 19:52:21.698365+00:00
[2025-12-06T20:03:17.167+0000] {standard_task_runner.py:57} INFO - Started process 328 to run task
[2025-12-06T20:03:17.171+0000] {standard_task_runner.py:84} INFO - Running: ['***', 'tasks', 'run', 'autoinsight_data_pipeline', 'fetch_epa_data', 'manual__2025-12-06T19:52:21.698365+00:00', '--job-id', '28', '--raw', '--subdir', 'DAGS_FOLDER/autoinsight_data_pipeline.py', '--cfg-path', '/tmp/tmppse6b3vx']
[2025-12-06T20:03:17.175+0000] {standard_task_runner.py:85} INFO - Job 28: Subtask fetch_epa_data
[2025-12-06T20:03:17.264+0000] {task_command.py:416} INFO - Running <TaskInstance: autoinsight_data_pipeline.fetch_epa_data manual__2025-12-06T19:52:21.698365+00:00 [running]> on host 7b09f98c03b7
[2025-12-06T20:03:17.369+0000] {taskinstance.py:1662} INFO - Exporting env vars: AIRFLOW_CTX_DAG_EMAIL='autoinsight@example.com' AIRFLOW_CTX_DAG_OWNER='autoinsight-team' AIRFLOW_CTX_DAG_ID='autoinsight_data_pipeline' AIRFLOW_CTX_TASK_ID='fetch_epa_data' AIRFLOW_CTX_EXECUTION_DATE='2025-12-06T19:52:21.698365+00:00' AIRFLOW_CTX_TRY_NUMBER='3' AIRFLOW_CTX_DAG_RUN_ID='manual__2025-12-06T19:52:21.698365+00:00'
[2025-12-06T20:03:17.371+0000] {logging_mixin.py:154} INFO - ======================================================================
[2025-12-06T20:03:17.372+0000] {logging_mixin.py:154} INFO - TASK 1: EPA Fuel Economy Data Collection
[2025-12-06T20:03:17.373+0000] {logging_mixin.py:154} INFO - ======================================================================
[2025-12-06T20:03:17.374+0000] {logging_mixin.py:154} INFO - ❌ EPA Data Collection Failed: No module named 'get_epa_data'
[2025-12-06T20:03:17.381+0000] {logging_mixin.py:154} WARNING - Traceback (most recent call last):
[2025-12-06T20:03:17.382+0000] {logging_mixin.py:154} WARNING -   File "/opt/***/dags/autoinsight_data_pipeline.py", line 50, in fetch_epa_data
    from get_epa_data import main as epa_main
[2025-12-06T20:03:17.383+0000] {logging_mixin.py:154} WARNING - ModuleNotFoundError: No module named 'get_epa_data'
[2025-12-06T20:03:17.384+0000] {taskinstance.py:1937} ERROR - Task failed with exception
Traceback (most recent call last):
  File "/home/airflow/.local/lib/python3.11/site-packages/airflow/operators/python.py", line 192, in execute
    return_value = self.execute_callable()
                   ^^^^^^^^^^^^^^^^^^^^^^^
  File "/home/airflow/.local/lib/python3.11/site-packages/airflow/operators/python.py", line 209, in execute_callable
    return self.python_callable(*self.op_args, **self.op_kwargs)
           ^^^^^^^^^^^^^^^^^^^^^^^^^^^^^^^^^^^^^^^^^^^^^^^^^^^^^
  File "/opt/airflow/dags/autoinsight_data_pipeline.py", line 50, in fetch_epa_data
    from get_epa_data import main as epa_main
ModuleNotFoundError: No module named 'get_epa_data'
[2025-12-06T20:03:17.397+0000] {taskinstance.py:1400} INFO - Marking task as UP_FOR_RETRY. dag_id=autoinsight_data_pipeline, task_id=fetch_epa_data, execution_date=20251206T195221, start_date=20251206T200317, end_date=20251206T200317
[2025-12-06T20:03:17.413+0000] {standard_task_runner.py:104} ERROR - Failed to execute job 28 for task fetch_epa_data (No module named 'get_epa_data'; 328)
[2025-12-06T20:03:17.424+0000] {local_task_job_runner.py:228} INFO - Task exited with return code 1
[2025-12-06T20:03:17.455+0000] {taskinstance.py:2778} INFO - 0 downstream tasks scheduled from follow-on schedule check
