[2025-12-06T05:54:34.250+0000] {taskinstance.py:1159} INFO - Dependencies all met for dep_context=non-requeueable deps ti=<TaskInstance: autoinsight_data_pipeline.check_environment scheduled__2025-12-05T02:00:00+00:00 [queued]>
[2025-12-06T05:54:34.260+0000] {taskinstance.py:1159} INFO - Dependencies all met for dep_context=requeueable deps ti=<TaskInstance: autoinsight_data_pipeline.check_environment scheduled__2025-12-05T02:00:00+00:00 [queued]>
[2025-12-06T05:54:34.261+0000] {taskinstance.py:1361} INFO - Starting attempt 1 of 4
[2025-12-06T05:54:34.277+0000] {taskinstance.py:1382} INFO - Executing <Task(BashOperator): check_environment> on 2025-12-05 02:00:00+00:00
[2025-12-06T05:54:34.282+0000] {standard_task_runner.py:57} INFO - Started process 237 to run task
[2025-12-06T05:54:34.286+0000] {standard_task_runner.py:84} INFO - Running: ['***', 'tasks', 'run', 'autoinsight_data_pipeline', 'check_environment', 'scheduled__2025-12-05T02:00:00+00:00', '--job-id', '3', '--raw', '--subdir', 'DAGS_FOLDER/autoinsight_data_pipeline.py', '--cfg-path', '/tmp/tmpg0do6yab']
[2025-12-06T05:54:34.290+0000] {standard_task_runner.py:85} INFO - Job 3: Subtask check_environment
[2025-12-06T05:54:34.375+0000] {task_command.py:416} INFO - Running <TaskInstance: autoinsight_data_pipeline.check_environment scheduled__2025-12-05T02:00:00+00:00 [running]> on host 3f365d9d5d97
[2025-12-06T05:54:34.491+0000] {taskinstance.py:1662} INFO - Exporting env vars: AIRFLOW_CTX_DAG_EMAIL='autoinsight@example.com' AIRFLOW_CTX_DAG_OWNER='autoinsight-team' AIRFLOW_CTX_DAG_ID='autoinsight_data_pipeline' AIRFLOW_CTX_TASK_ID='check_environment' AIRFLOW_CTX_EXECUTION_DATE='2025-12-05T02:00:00+00:00' AIRFLOW_CTX_TRY_NUMBER='1' AIRFLOW_CTX_DAG_RUN_ID='scheduled__2025-12-05T02:00:00+00:00'
[2025-12-06T05:54:34.493+0000] {subprocess.py:63} INFO - Tmp dir root location: /tmp
[2025-12-06T05:54:34.494+0000] {subprocess.py:75} INFO - Running command: ['/bin/bash', '-c', '\n            echo "Checking environment variables..."\n            echo "S3_BUCKET_NAME: ${S3_BUCKET_NAME:-NOT SET}"\n            echo "FRED_API_KEY: ${FRED_API_KEY:+SET}"\n            echo "AWS_ACCESS_KEY_ID: ${AWS_ACCESS_KEY_ID:+SET}"\n            \n            if [ -z "$S3_BUCKET_NAME" ]; then\n                echo "ERROR: S3_BUCKET_NAME not set"\n                exit 1\n            fi\n            \n            if [ -z "$FRED_API_KEY" ]; then\n                echo "ERROR: FRED_API_KEY not set"\n                exit 1\n            fi\n            \n            echo "✅ Environment check passed"\n        ']
[2025-12-06T05:54:34.506+0000] {subprocess.py:86} INFO - Output:
[2025-12-06T05:54:34.508+0000] {subprocess.py:93} INFO - Checking environment variables...
[2025-12-06T05:54:34.509+0000] {subprocess.py:93} INFO - S3_BUCKET_NAME: NOT SET
[2025-12-06T05:54:34.509+0000] {subprocess.py:93} INFO - FRED_API_KEY:
[2025-12-06T05:54:34.510+0000] {subprocess.py:93} INFO - AWS_ACCESS_KEY_ID:
[2025-12-06T05:54:34.510+0000] {subprocess.py:93} INFO - ERROR: S3_BUCKET_NAME not set
[2025-12-06T05:54:34.511+0000] {subprocess.py:97} INFO - Command exited with return code 1
[2025-12-06T05:54:34.524+0000] {taskinstance.py:1937} ERROR - Task failed with exception
Traceback (most recent call last):
  File "/home/airflow/.local/lib/python3.11/site-packages/airflow/operators/bash.py", line 210, in execute
    raise AirflowException(
airflow.exceptions.AirflowException: Bash command failed. The command returned a non-zero exit code 1.
[2025-12-06T05:54:34.530+0000] {taskinstance.py:1400} INFO - Marking task as UP_FOR_RETRY. dag_id=autoinsight_data_pipeline, task_id=check_environment, execution_date=20251205T020000, start_date=20251206T055434, end_date=20251206T055434
[2025-12-06T05:54:34.545+0000] {standard_task_runner.py:104} ERROR - Failed to execute job 3 for task check_environment (Bash command failed. The command returned a non-zero exit code 1.; 237)
[2025-12-06T05:54:34.581+0000] {local_task_job_runner.py:228} INFO - Task exited with return code 1
[2025-12-06T05:54:34.610+0000] {taskinstance.py:2778} INFO - 0 downstream tasks scheduled from follow-on schedule check
