[2025-12-06T21:48:51.397+0000] {taskinstance.py:1159} INFO - Dependencies all met for dep_context=non-requeueable deps ti=<TaskInstance: autoinsight_data_pipeline.generate_summary manual__2025-12-06T20:08:51.337611+00:00 [queued]>
[2025-12-06T21:48:51.410+0000] {taskinstance.py:1159} INFO - Dependencies all met for dep_context=requeueable deps ti=<TaskInstance: autoinsight_data_pipeline.generate_summary manual__2025-12-06T20:08:51.337611+00:00 [queued]>
[2025-12-06T21:48:51.411+0000] {taskinstance.py:1361} INFO - Starting attempt 1 of 4
[2025-12-06T21:48:51.432+0000] {taskinstance.py:1382} INFO - Executing <Task(PythonOperator): generate_summary> on 2025-12-06 20:08:51.337611+00:00
[2025-12-06T21:48:51.440+0000] {standard_task_runner.py:57} INFO - Started process 313 to run task
[2025-12-06T21:48:51.445+0000] {standard_task_runner.py:84} INFO - Running: ['***', 'tasks', 'run', 'autoinsight_data_pipeline', 'generate_summary', 'manual__2025-12-06T20:08:51.337611+00:00', '--job-id', '78', '--raw', '--subdir', 'DAGS_FOLDER/autoinsight_data_pipeline.py', '--cfg-path', '/tmp/tmplp1fbflb']
[2025-12-06T21:48:51.449+0000] {standard_task_runner.py:85} INFO - Job 78: Subtask generate_summary
[2025-12-06T21:48:51.557+0000] {task_command.py:416} INFO - Running <TaskInstance: autoinsight_data_pipeline.generate_summary manual__2025-12-06T20:08:51.337611+00:00 [running]> on host de224815f25b
[2025-12-06T21:48:51.677+0000] {taskinstance.py:1662} INFO - Exporting env vars: AIRFLOW_CTX_DAG_EMAIL='autoinsight@example.com' AIRFLOW_CTX_DAG_OWNER='autoinsight-team' AIRFLOW_CTX_DAG_ID='autoinsight_data_pipeline' AIRFLOW_CTX_TASK_ID='generate_summary' AIRFLOW_CTX_EXECUTION_DATE='2025-12-06T20:08:51.337611+00:00' AIRFLOW_CTX_TRY_NUMBER='1' AIRFLOW_CTX_DAG_RUN_ID='manual__2025-12-06T20:08:51.337611+00:00'
[2025-12-06T21:48:51.679+0000] {logging_mixin.py:154} INFO - ======================================================================
[2025-12-06T21:48:51.679+0000] {logging_mixin.py:154} INFO - TASK 4: Pipeline Summary Generation
[2025-12-06T21:48:51.680+0000] {logging_mixin.py:154} INFO - ======================================================================
[2025-12-06T21:48:51.733+0000] {logging_mixin.py:154} WARNING - /home/***/.local/lib/python3.11/site-packages/***/utils/context.py:314 AirflowContextDeprecationWarning: Accessing 'execution_date' from the template is deprecated and will be removed in a future version. Please use 'data_interval_start' or 'logical_date' instead.
[2025-12-06T21:48:51.735+0000] {logging_mixin.py:154} INFO - 
======================================================================
[2025-12-06T21:48:51.736+0000] {logging_mixin.py:154} INFO - 📊 PIPELINE EXECUTION SUMMARY
[2025-12-06T21:48:51.736+0000] {logging_mixin.py:154} INFO - ======================================================================
[2025-12-06T21:48:51.737+0000] {logging_mixin.py:154} INFO - Run Date: 2025-12-06T21:48:51.728466
[2025-12-06T21:48:51.738+0000] {logging_mixin.py:154} INFO - EPA Records: 3,858
[2025-12-06T21:48:51.738+0000] {logging_mixin.py:154} INFO - EPA Manufacturers: 15
[2025-12-06T21:48:51.739+0000] {logging_mixin.py:154} INFO - FRED Records: 213
[2025-12-06T21:48:51.740+0000] {logging_mixin.py:154} INFO - NHTSA Status: completed
[2025-12-06T21:48:51.740+0000] {logging_mixin.py:154} INFO - Overall Status: success
[2025-12-06T21:48:51.741+0000] {logging_mixin.py:154} INFO - ======================================================================
[2025-12-06T21:48:51.868+0000] {credentials.py:1147} INFO - Found credentials in environment variables.
[2025-12-06T21:48:52.588+0000] {logging_mixin.py:154} INFO - ✅ Summary uploaded to s3://autoinsightfinal/pipeline_summaries/summary_2025-12-06.json
[2025-12-06T21:48:52.591+0000] {python.py:194} INFO - Done. Returned value was: {'pipeline_run_date': '2025-12-06T21:48:51.728466', 'execution_date': '2025-12-06T20:08:51.337611+00:00', 'epa_records': 3858, 'epa_manufacturers': 15, 'fred_records': 213, 'nhtsa_status': 'completed', 'overall_status': 'success'}
[2025-12-06T21:48:52.630+0000] {taskinstance.py:1400} INFO - Marking task as SUCCESS. dag_id=autoinsight_data_pipeline, task_id=generate_summary, execution_date=20251206T200851, start_date=20251206T214851, end_date=20251206T214852
[2025-12-06T21:48:52.705+0000] {local_task_job_runner.py:228} INFO - Task exited with return code 0
[2025-12-06T21:48:52.739+0000] {taskinstance.py:2778} INFO - 1 downstream tasks scheduled from follow-on schedule check
