[2025-12-10T02:00:00.541+0000] {taskinstance.py:1159} INFO - Dependencies all met for dep_context=non-requeueable deps ti=<TaskInstance: autoinsight_data_pipeline.check_environment scheduled__2025-12-09T02:00:00+00:00 [queued]>
[2025-12-10T02:00:00.548+0000] {taskinstance.py:1159} INFO - Dependencies all met for dep_context=requeueable deps ti=<TaskInstance: autoinsight_data_pipeline.check_environment scheduled__2025-12-09T02:00:00+00:00 [queued]>
[2025-12-10T02:00:00.549+0000] {taskinstance.py:1361} INFO - Starting attempt 1 of 4
[2025-12-10T02:00:00.559+0000] {taskinstance.py:1382} INFO - Executing <Task(BashOperator): check_environment> on 2025-12-09 02:00:00+00:00
[2025-12-10T02:00:00.563+0000] {standard_task_runner.py:57} INFO - Started process 8544 to run task
[2025-12-10T02:00:00.566+0000] {standard_task_runner.py:84} INFO - Running: ['***', 'tasks', 'run', 'autoinsight_data_pipeline', 'check_environment', 'scheduled__2025-12-09T02:00:00+00:00', '--job-id', '62', '--raw', '--subdir', 'DAGS_FOLDER/autoinsight_data_pipeline.py', '--cfg-path', '/tmp/tmpz766h2e2']
[2025-12-10T02:00:00.569+0000] {standard_task_runner.py:85} INFO - Job 62: Subtask check_environment
[2025-12-10T02:00:00.623+0000] {task_command.py:416} INFO - Running <TaskInstance: autoinsight_data_pipeline.check_environment scheduled__2025-12-09T02:00:00+00:00 [running]> on host 09126cf425ed
[2025-12-10T02:00:00.975+0000] {taskinstance.py:1662} INFO - Exporting env vars: AIRFLOW_CTX_DAG_EMAIL='autoinsight@example.com' AIRFLOW_CTX_DAG_OWNER='autoinsight-team' AIRFLOW_CTX_DAG_ID='autoinsight_data_pipeline' AIRFLOW_CTX_TASK_ID='check_environment' AIRFLOW_CTX_EXECUTION_DATE='2025-12-09T02:00:00+00:00' AIRFLOW_CTX_TRY_NUMBER='1' AIRFLOW_CTX_DAG_RUN_ID='scheduled__2025-12-09T02:00:00+00:00'
[2025-12-10T02:00:00.976+0000] {subprocess.py:63} INFO - Tmp dir root location: /tmp
[2025-12-10T02:00:00.978+0000] {subprocess.py:75} INFO - Running command: ['/bin/bash', '-c', '\n            echo "Checking environment variables..."\n            echo "S3_BUCKET_NAME: ${S3_BUCKET_NAME:-NOT SET}"\n            echo "FRED_API_KEY: ${FRED_API_KEY:+SET}"\n            echo "AWS_ACCESS_KEY_ID: ${AWS_ACCESS_KEY_ID:+SET}"\n            \n            if [ -z "$S3_BUCKET_NAME" ]; then\n                echo "ERROR: S3_BUCKET_NAME not set"\n                exit 1\n            fi\n            \n            if [ -z "$FRED_API_KEY" ]; then\n                echo "ERROR: FRED_API_KEY not set"\n                exit 1\n            fi\n            \n            echo "✅ Environment check passed"\n        ']
[2025-12-10T02:00:00.988+0000] {subprocess.py:86} INFO - Output:
[2025-12-10T02:00:00.994+0000] {subprocess.py:93} INFO - Checking environment variables...
[2025-12-10T02:00:00.994+0000] {subprocess.py:93} INFO - S3_BUCKET_NAME: autoinsightfinal
[2025-12-10T02:00:00.994+0000] {subprocess.py:93} INFO - FRED_API_KEY: SET
[2025-12-10T02:00:00.994+0000] {subprocess.py:93} INFO - AWS_ACCESS_KEY_ID: SET
[2025-12-10T02:00:00.995+0000] {subprocess.py:93} INFO - ✅ Environment check passed
[2025-12-10T02:00:00.995+0000] {subprocess.py:97} INFO - Command exited with return code 0
[2025-12-10T02:00:01.013+0000] {taskinstance.py:1400} INFO - Marking task as SUCCESS. dag_id=autoinsight_data_pipeline, task_id=check_environment, execution_date=20251209T020000, start_date=20251210T020000, end_date=20251210T020001
[2025-12-10T02:00:01.060+0000] {local_task_job_runner.py:228} INFO - Task exited with return code 0
[2025-12-10T02:00:01.078+0000] {taskinstance.py:2778} INFO - 1 downstream tasks scheduled from follow-on schedule check
