[2025-12-07T02:00:02.505+0000] {taskinstance.py:1159} INFO - Dependencies all met for dep_context=non-requeueable deps ti=<TaskInstance: autoinsight_data_pipeline.fetch_epa_data scheduled__2025-12-06T02:00:00+00:00 [queued]>
[2025-12-07T02:00:02.517+0000] {taskinstance.py:1159} INFO - Dependencies all met for dep_context=requeueable deps ti=<TaskInstance: autoinsight_data_pipeline.fetch_epa_data scheduled__2025-12-06T02:00:00+00:00 [queued]>
[2025-12-07T02:00:02.518+0000] {taskinstance.py:1361} INFO - Starting attempt 1 of 4
[2025-12-07T02:00:02.534+0000] {taskinstance.py:1382} INFO - Executing <Task(PythonOperator): fetch_epa_data> on 2025-12-06 02:00:00+00:00
[2025-12-07T02:00:02.542+0000] {standard_task_runner.py:57} INFO - Started process 4637 to run task
[2025-12-07T02:00:02.547+0000] {standard_task_runner.py:84} INFO - Running: ['***', 'tasks', 'run', 'autoinsight_data_pipeline', 'fetch_epa_data', 'scheduled__2025-12-06T02:00:00+00:00', '--job-id', '174', '--raw', '--subdir', 'DAGS_FOLDER/autoinsight_data_pipeline.py', '--cfg-path', '/tmp/tmp04oaraj9']
[2025-12-07T02:00:02.552+0000] {standard_task_runner.py:85} INFO - Job 174: Subtask fetch_epa_data
[2025-12-07T02:00:02.659+0000] {task_command.py:416} INFO - Running <TaskInstance: autoinsight_data_pipeline.fetch_epa_data scheduled__2025-12-06T02:00:00+00:00 [running]> on host fb35e4f278df
[2025-12-07T02:00:02.779+0000] {taskinstance.py:1662} INFO - Exporting env vars: AIRFLOW_CTX_DAG_EMAIL='autoinsight@example.com' AIRFLOW_CTX_DAG_OWNER='autoinsight-team' AIRFLOW_CTX_DAG_ID='autoinsight_data_pipeline' AIRFLOW_CTX_TASK_ID='fetch_epa_data' AIRFLOW_CTX_EXECUTION_DATE='2025-12-06T02:00:00+00:00' AIRFLOW_CTX_TRY_NUMBER='1' AIRFLOW_CTX_DAG_RUN_ID='scheduled__2025-12-06T02:00:00+00:00'
[2025-12-07T02:00:02.782+0000] {logging_mixin.py:154} INFO - ======================================================================
[2025-12-07T02:00:02.783+0000] {logging_mixin.py:154} INFO - TASK 1: EPA Fuel Economy Data Collection
[2025-12-07T02:00:02.783+0000] {logging_mixin.py:154} INFO - ======================================================================
[2025-12-07T02:00:03.388+0000] {logging_mixin.py:154} INFO - 
============================================================
[2025-12-07T02:00:03.389+0000] {logging_mixin.py:154} INFO - EPA FUEL ECONOMY DATA COLLECTION WITH S3 UPLOAD
[2025-12-07T02:00:03.389+0000] {logging_mixin.py:154} INFO - AutoInsight Project - 15 Manufacturers
[2025-12-07T02:00:03.390+0000] {logging_mixin.py:154} INFO - ============================================================
[2025-12-07T02:00:03.390+0000] {logging_mixin.py:154} INFO - 📅 Date Range: January 1, 2020 - December 07, 2025
[2025-12-07T02:00:03.391+0000] {logging_mixin.py:154} INFO - 🔓 Authentication: NONE REQUIRED (Public API)
[2025-12-07T02:00:03.391+0000] {logging_mixin.py:154} INFO - 📄 Format: XML (automatically parsed)
[2025-12-07T02:00:03.392+0000] {logging_mixin.py:154} INFO - ============================================================
[2025-12-07T02:00:03.392+0000] {logging_mixin.py:154} INFO - 
============================================================
[2025-12-07T02:00:03.393+0000] {logging_mixin.py:154} INFO - Fetching EPA Data for 15 Manufacturers
[2025-12-07T02:00:03.393+0000] {logging_mixin.py:154} INFO - Date Range: January 1, 2020 - December 07, 2025
[2025-12-07T02:00:03.394+0000] {logging_mixin.py:154} INFO - Years: [2020, 2021, 2022, 2023, 2024]
[2025-12-07T02:00:03.394+0000] {logging_mixin.py:154} INFO - Format: XML (parsed automatically)
[2025-12-07T02:00:03.395+0000] {logging_mixin.py:154} INFO - ============================================================
[2025-12-07T02:00:03.395+0000] {logging_mixin.py:154} INFO - 📊 [1/15] Processing: Tesla
[2025-12-07T02:00:03.396+0000] {logging_mixin.py:154} INFO -   └─ Year 2020... 
[2025-12-07T02:00:03.968+0000] {logging_mixin.py:154} INFO - Found 21 model(s) 
[2025-12-07T02:00:21.525+0000] {logging_mixin.py:154} INFO - → 21 variants
[2025-12-07T02:00:21.529+0000] {logging_mixin.py:154} INFO -   └─ Year 2021... 
[2025-12-07T02:00:21.855+0000] {logging_mixin.py:154} INFO - Found 13 model(s) 
[2025-12-07T02:00:32.271+0000] {logging_mixin.py:154} INFO - → 13 variants
[2025-12-07T02:00:32.274+0000] {logging_mixin.py:154} INFO -   └─ Year 2022... 
[2025-12-07T02:00:32.549+0000] {logging_mixin.py:154} INFO - Found 13 model(s) 
[2025-12-07T02:00:44.526+0000] {logging_mixin.py:154} INFO - → 13 variants
[2025-12-07T02:00:44.528+0000] {logging_mixin.py:154} INFO -   └─ Year 2023... 
[2025-12-07T02:00:44.796+0000] {logging_mixin.py:154} INFO - Found 10 model(s) 
[2025-12-07T02:00:52.446+0000] {logging_mixin.py:154} INFO - → 10 variants
[2025-12-07T02:00:52.455+0000] {logging_mixin.py:154} INFO -   └─ Year 2024... 
[2025-12-07T02:00:52.721+0000] {logging_mixin.py:154} INFO - Found 16 model(s) 
[2025-12-07T02:01:05.162+0000] {logging_mixin.py:154} INFO - → 16 variants
[2025-12-07T02:01:05.163+0000] {logging_mixin.py:154} INFO -   ✅ Tesla COMPLETE: 73 total vehicles
[2025-12-07T02:01:05.164+0000] {logging_mixin.py:154} INFO - 📊 [2/15] Processing: Ford
[2025-12-07T02:01:05.165+0000] {logging_mixin.py:154} INFO -   └─ Year 2020... 
[2025-12-07T02:01:05.428+0000] {logging_mixin.py:154} INFO - Found 53 model(s) 
[2025-12-07T02:01:56.447+0000] {logging_mixin.py:154} INFO - → 74 variants
[2025-12-07T02:01:56.448+0000] {logging_mixin.py:154} INFO -   └─ Year 2021... 
[2025-12-07T02:01:56.714+0000] {logging_mixin.py:154} INFO - Found 58 model(s) 
[2025-12-07T02:03:05.104+0000] {logging_mixin.py:154} INFO - → 97 variants
[2025-12-07T02:03:05.106+0000] {logging_mixin.py:154} INFO -   └─ Year 2022... 
[2025-12-07T02:03:05.379+0000] {logging_mixin.py:154} INFO - Found 64 model(s) 
[2025-12-07T02:04:18.725+0000] {logging_mixin.py:154} INFO - → 111 variants
[2025-12-07T02:04:18.728+0000] {logging_mixin.py:154} INFO -   └─ Year 2023... 
[2025-12-07T02:04:19.003+0000] {logging_mixin.py:154} INFO - Found 59 model(s) 
[2025-12-07T02:05:33.574+0000] {logging_mixin.py:154} INFO - → 109 variants
[2025-12-07T02:05:33.577+0000] {logging_mixin.py:154} INFO -   └─ Year 2024... 
[2025-12-07T02:05:33.844+0000] {logging_mixin.py:154} INFO - Found 44 model(s) 
[2025-12-07T02:06:22.620+0000] {logging_mixin.py:154} INFO - → 70 variants
[2025-12-07T02:06:22.622+0000] {logging_mixin.py:154} INFO -   ✅ Ford COMPLETE: 461 total vehicles
[2025-12-07T02:06:22.622+0000] {logging_mixin.py:154} INFO - 📊 [3/15] Processing: Toyota
[2025-12-07T02:06:22.623+0000] {logging_mixin.py:154} INFO -   └─ Year 2020... 
[2025-12-07T02:06:22.898+0000] {logging_mixin.py:154} INFO - Found 51 model(s) 
[2025-12-07T02:07:12.383+0000] {logging_mixin.py:154} INFO - → 65 variants
[2025-12-07T02:07:12.387+0000] {logging_mixin.py:154} INFO -   └─ Year 2021... 
[2025-12-07T02:07:12.713+0000] {logging_mixin.py:154} INFO - Found 54 model(s) 
[2025-12-07T02:08:01.932+0000] {logging_mixin.py:154} INFO - → 67 variants
[2025-12-07T02:08:01.934+0000] {logging_mixin.py:154} INFO -   └─ Year 2022... 
[2025-12-07T02:08:02.184+0000] {logging_mixin.py:154} INFO - Found 56 model(s) 
[2025-12-07T02:09:02.518+0000] {logging_mixin.py:154} INFO - → 74 variants
[2025-12-07T02:09:02.520+0000] {logging_mixin.py:154} INFO -   └─ Year 2023... 
[2025-12-07T02:09:02.774+0000] {logging_mixin.py:154} INFO - Found 59 model(s) 
[2025-12-07T02:09:37.477+0000] {local_task_job_runner.py:115} ERROR - Received SIGTERM. Terminating subprocesses
[2025-12-07T02:09:37.484+0000] {process_utils.py:131} INFO - Sending 15 to group 4637. PIDs of all processes in the group: [4637]
[2025-12-07T02:09:37.485+0000] {process_utils.py:86} INFO - Sending the signal 15 to group 4637
[2025-12-07T02:09:37.487+0000] {taskinstance.py:1632} ERROR - Received SIGTERM. Terminating subprocesses.
