[2025-12-07T02:10:24.356+0000] {taskinstance.py:1159} INFO - Dependencies all met for dep_context=non-requeueable deps ti=<TaskInstance: autoinsight_data_pipeline.fetch_epa_data scheduled__2025-12-06T02:00:00+00:00 [queued]>
[2025-12-07T02:10:24.368+0000] {taskinstance.py:1159} INFO - Dependencies all met for dep_context=requeueable deps ti=<TaskInstance: autoinsight_data_pipeline.fetch_epa_data scheduled__2025-12-06T02:00:00+00:00 [queued]>
[2025-12-07T02:10:24.369+0000] {taskinstance.py:1361} INFO - Starting attempt 2 of 4
[2025-12-07T02:10:24.384+0000] {taskinstance.py:1382} INFO - Executing <Task(PythonOperator): fetch_epa_data> on 2025-12-06 02:00:00+00:00
[2025-12-07T02:10:24.395+0000] {standard_task_runner.py:57} INFO - Started process 204 to run task
[2025-12-07T02:10:24.399+0000] {standard_task_runner.py:84} INFO - Running: ['***', 'tasks', 'run', 'autoinsight_data_pipeline', 'fetch_epa_data', 'scheduled__2025-12-06T02:00:00+00:00', '--job-id', '179', '--raw', '--subdir', 'DAGS_FOLDER/autoinsight_data_pipeline.py', '--cfg-path', '/tmp/tmpomsv6rb_']
[2025-12-07T02:10:24.402+0000] {standard_task_runner.py:85} INFO - Job 179: Subtask fetch_epa_data
[2025-12-07T02:10:24.493+0000] {task_command.py:416} INFO - Running <TaskInstance: autoinsight_data_pipeline.fetch_epa_data scheduled__2025-12-06T02:00:00+00:00 [running]> on host fb35e4f278df
[2025-12-07T02:10:24.702+0000] {taskinstance.py:1662} INFO - Exporting env vars: AIRFLOW_CTX_DAG_EMAIL='autoinsight@example.com' AIRFLOW_CTX_DAG_OWNER='autoinsight-team' AIRFLOW_CTX_DAG_ID='autoinsight_data_pipeline' AIRFLOW_CTX_TASK_ID='fetch_epa_data' AIRFLOW_CTX_EXECUTION_DATE='2025-12-06T02:00:00+00:00' AIRFLOW_CTX_TRY_NUMBER='2' AIRFLOW_CTX_DAG_RUN_ID='scheduled__2025-12-06T02:00:00+00:00'
[2025-12-07T02:10:24.706+0000] {logging_mixin.py:154} INFO - ======================================================================
[2025-12-07T02:10:24.708+0000] {logging_mixin.py:154} INFO - TASK 1: EPA Fuel Economy Data Collection
[2025-12-07T02:10:24.711+0000] {logging_mixin.py:154} INFO - ======================================================================
[2025-12-07T02:10:25.397+0000] {logging_mixin.py:154} INFO - 
============================================================
[2025-12-07T02:10:25.398+0000] {logging_mixin.py:154} INFO - EPA FUEL ECONOMY DATA COLLECTION WITH S3 UPLOAD
[2025-12-07T02:10:25.399+0000] {logging_mixin.py:154} INFO - AutoInsight Project - 15 Manufacturers
[2025-12-07T02:10:25.400+0000] {logging_mixin.py:154} INFO - ============================================================
[2025-12-07T02:10:25.400+0000] {logging_mixin.py:154} INFO - 📅 Date Range: January 1, 2020 - December 07, 2025
[2025-12-07T02:10:25.401+0000] {logging_mixin.py:154} INFO - 🔓 Authentication: NONE REQUIRED (Public API)
[2025-12-07T02:10:25.402+0000] {logging_mixin.py:154} INFO - 📄 Format: XML (automatically parsed)
[2025-12-07T02:10:25.403+0000] {logging_mixin.py:154} INFO - ============================================================
[2025-12-07T02:10:25.404+0000] {logging_mixin.py:154} INFO - 
============================================================
[2025-12-07T02:10:25.405+0000] {logging_mixin.py:154} INFO - Fetching EPA Data for 15 Manufacturers
[2025-12-07T02:10:25.405+0000] {logging_mixin.py:154} INFO - Date Range: January 1, 2020 - December 07, 2025
[2025-12-07T02:10:25.406+0000] {logging_mixin.py:154} INFO - Years: [2020, 2021, 2022, 2023, 2024]
[2025-12-07T02:10:25.407+0000] {logging_mixin.py:154} INFO - Format: XML (parsed automatically)
[2025-12-07T02:10:25.408+0000] {logging_mixin.py:154} INFO - ============================================================
[2025-12-07T02:10:25.409+0000] {logging_mixin.py:154} INFO - 📊 [1/15] Processing: Tesla
[2025-12-07T02:10:25.410+0000] {logging_mixin.py:154} INFO -   └─ Year 2020... 
[2025-12-07T02:10:25.826+0000] {logging_mixin.py:154} INFO - Found 21 model(s) 
[2025-12-07T02:10:43.503+0000] {logging_mixin.py:154} INFO - → 21 variants
[2025-12-07T02:10:43.506+0000] {logging_mixin.py:154} INFO -   └─ Year 2021... 
[2025-12-07T02:10:43.804+0000] {logging_mixin.py:154} INFO - Found 13 model(s) 
[2025-12-07T02:10:53.870+0000] {logging_mixin.py:154} INFO - → 13 variants
[2025-12-07T02:10:53.871+0000] {logging_mixin.py:154} INFO -   └─ Year 2022... 
[2025-12-07T02:10:54.156+0000] {logging_mixin.py:154} INFO - Found 13 model(s) 
[2025-12-07T02:11:04.724+0000] {logging_mixin.py:154} INFO - → 13 variants
[2025-12-07T02:11:04.733+0000] {logging_mixin.py:154} INFO -   └─ Year 2023... 
[2025-12-07T02:11:05.074+0000] {logging_mixin.py:154} INFO - Found 10 model(s) 
[2025-12-07T02:11:13.596+0000] {logging_mixin.py:154} INFO - → 10 variants
[2025-12-07T02:11:13.598+0000] {logging_mixin.py:154} INFO -   └─ Year 2024... 
[2025-12-07T02:11:13.905+0000] {logging_mixin.py:154} INFO - Found 16 model(s) 
[2025-12-07T02:11:27.458+0000] {logging_mixin.py:154} INFO - → 16 variants
[2025-12-07T02:11:27.460+0000] {logging_mixin.py:154} INFO -   ✅ Tesla COMPLETE: 73 total vehicles
[2025-12-07T02:11:27.461+0000] {logging_mixin.py:154} INFO - 📊 [2/15] Processing: Ford
[2025-12-07T02:11:27.462+0000] {logging_mixin.py:154} INFO -   └─ Year 2020... 
[2025-12-07T02:11:27.772+0000] {logging_mixin.py:154} INFO - Found 53 model(s) 
[2025-12-07T02:12:19.660+0000] {logging_mixin.py:154} INFO - → 74 variants
[2025-12-07T02:12:19.662+0000] {logging_mixin.py:154} INFO -   └─ Year 2021... 
[2025-12-07T02:12:19.957+0000] {logging_mixin.py:154} INFO - Found 58 model(s) 
[2025-12-07T02:13:26.601+0000] {logging_mixin.py:154} INFO - → 97 variants
[2025-12-07T02:13:26.603+0000] {logging_mixin.py:154} INFO -   └─ Year 2022... 
[2025-12-07T02:13:26.892+0000] {logging_mixin.py:154} INFO - Found 64 model(s) 
[2025-12-07T04:09:42.354+0000] {local_task_job_runner.py:294} WARNING - State of this instance has been externally set to up_for_retry. Terminating instance.
[2025-12-07T04:09:42.367+0000] {process_utils.py:131} INFO - Sending 15 to group 204. PIDs of all processes in the group: [204]
[2025-12-07T04:09:42.374+0000] {process_utils.py:86} INFO - Sending the signal 15 to group 204
[2025-12-07T04:09:42.379+0000] {taskinstance.py:1632} ERROR - Received SIGTERM. Terminating subprocesses.
[2025-12-07T04:10:42.400+0000] {process_utils.py:149} WARNING - process psutil.Process(pid=204, name='airflow task ru', status='sleeping', started='02:10:23') did not respond to SIGTERM. Trying SIGKILL
[2025-12-07T04:10:42.405+0000] {process_utils.py:86} INFO - Sending the signal 9 to group 204
[2025-12-07T04:10:42.435+0000] {process_utils.py:79} INFO - Process psutil.Process(pid=204, name='airflow task ru', status='terminated', exitcode=<Negsignal.SIGKILL: -9>, started='02:10:23') (204) terminated with exit code -9
[2025-12-07T04:10:42.439+0000] {standard_task_runner.py:172} ERROR - Job 179 was killed before it finished (likely due to running out of memory)
