[2025-12-07T04:14:36.695+0000] {taskinstance.py:1159} INFO - Dependencies all met for dep_context=non-requeueable deps ti=<TaskInstance: autoinsight_data_pipeline.fetch_epa_data scheduled__2025-12-06T02:00:00+00:00 [queued]>
[2025-12-07T04:14:36.706+0000] {taskinstance.py:1159} INFO - Dependencies all met for dep_context=requeueable deps ti=<TaskInstance: autoinsight_data_pipeline.fetch_epa_data scheduled__2025-12-06T02:00:00+00:00 [queued]>
[2025-12-07T04:14:36.707+0000] {taskinstance.py:1361} INFO - Starting attempt 3 of 4
[2025-12-07T04:14:36.726+0000] {taskinstance.py:1382} INFO - Executing <Task(PythonOperator): fetch_epa_data> on 2025-12-06 02:00:00+00:00
[2025-12-07T04:14:36.732+0000] {standard_task_runner.py:57} INFO - Started process 526 to run task
[2025-12-07T04:14:36.736+0000] {standard_task_runner.py:84} INFO - Running: ['***', 'tasks', 'run', 'autoinsight_data_pipeline', 'fetch_epa_data', 'scheduled__2025-12-06T02:00:00+00:00', '--job-id', '182', '--raw', '--subdir', 'DAGS_FOLDER/autoinsight_data_pipeline.py', '--cfg-path', '/tmp/tmpziyxxm9v']
[2025-12-07T04:14:36.741+0000] {standard_task_runner.py:85} INFO - Job 182: Subtask fetch_epa_data
[2025-12-07T04:14:36.834+0000] {task_command.py:416} INFO - Running <TaskInstance: autoinsight_data_pipeline.fetch_epa_data scheduled__2025-12-06T02:00:00+00:00 [running]> on host fb35e4f278df
[2025-12-07T04:14:36.942+0000] {taskinstance.py:1662} INFO - Exporting env vars: AIRFLOW_CTX_DAG_EMAIL='autoinsight@example.com' AIRFLOW_CTX_DAG_OWNER='autoinsight-team' AIRFLOW_CTX_DAG_ID='autoinsight_data_pipeline' AIRFLOW_CTX_TASK_ID='fetch_epa_data' AIRFLOW_CTX_EXECUTION_DATE='2025-12-06T02:00:00+00:00' AIRFLOW_CTX_TRY_NUMBER='3' AIRFLOW_CTX_DAG_RUN_ID='scheduled__2025-12-06T02:00:00+00:00'
[2025-12-07T04:14:36.943+0000] {logging_mixin.py:154} INFO - ======================================================================
[2025-12-07T04:14:36.944+0000] {logging_mixin.py:154} INFO - TASK 1: EPA Fuel Economy Data Collection
[2025-12-07T04:14:36.945+0000] {logging_mixin.py:154} INFO - ======================================================================
[2025-12-07T04:14:37.625+0000] {logging_mixin.py:154} INFO - 
============================================================
[2025-12-07T04:14:37.626+0000] {logging_mixin.py:154} INFO - EPA FUEL ECONOMY DATA COLLECTION WITH S3 UPLOAD
[2025-12-07T04:14:37.627+0000] {logging_mixin.py:154} INFO - AutoInsight Project - 15 Manufacturers
[2025-12-07T04:14:37.627+0000] {logging_mixin.py:154} INFO - ============================================================
[2025-12-07T04:14:37.628+0000] {logging_mixin.py:154} INFO - 📅 Date Range: January 1, 2020 - December 07, 2025
[2025-12-07T04:14:37.629+0000] {logging_mixin.py:154} INFO - 🔓 Authentication: NONE REQUIRED (Public API)
[2025-12-07T04:14:37.630+0000] {logging_mixin.py:154} INFO - 📄 Format: XML (automatically parsed)
[2025-12-07T04:14:37.630+0000] {logging_mixin.py:154} INFO - ============================================================
[2025-12-07T04:14:37.631+0000] {logging_mixin.py:154} INFO - 
============================================================
[2025-12-07T04:14:37.632+0000] {logging_mixin.py:154} INFO - Fetching EPA Data for 15 Manufacturers
[2025-12-07T04:14:37.633+0000] {logging_mixin.py:154} INFO - Date Range: January 1, 2020 - December 07, 2025
[2025-12-07T04:14:37.634+0000] {logging_mixin.py:154} INFO - Years: [2020, 2021, 2022, 2023, 2024]
[2025-12-07T04:14:37.634+0000] {logging_mixin.py:154} INFO - Format: XML (parsed automatically)
[2025-12-07T04:14:37.635+0000] {logging_mixin.py:154} INFO - ============================================================
[2025-12-07T04:14:37.635+0000] {logging_mixin.py:154} INFO - 📊 [1/15] Processing: Tesla
[2025-12-07T04:14:37.636+0000] {logging_mixin.py:154} INFO -   └─ Year 2020... 
[2025-12-07T04:14:38.109+0000] {logging_mixin.py:154} INFO - Found 21 model(s) 
[2025-12-07T04:14:55.910+0000] {logging_mixin.py:154} INFO - → 21 variants
[2025-12-07T04:14:55.912+0000] {logging_mixin.py:154} INFO -   └─ Year 2021... 
[2025-12-07T04:14:56.172+0000] {logging_mixin.py:154} INFO - Found 13 model(s) 
[2025-12-07T04:15:06.209+0000] {logging_mixin.py:154} INFO - → 13 variants
[2025-12-07T04:15:06.211+0000] {logging_mixin.py:154} INFO -   └─ Year 2022... 
[2025-12-07T04:15:06.467+0000] {logging_mixin.py:154} INFO - Found 13 model(s) 
[2025-12-07T04:15:19.078+0000] {logging_mixin.py:154} INFO - → 13 variants
[2025-12-07T04:15:19.080+0000] {logging_mixin.py:154} INFO -   └─ Year 2023... 
[2025-12-07T04:15:19.353+0000] {logging_mixin.py:154} INFO - Found 10 model(s) 
[2025-12-07T04:15:27.866+0000] {logging_mixin.py:154} INFO - → 10 variants
[2025-12-07T04:15:27.867+0000] {logging_mixin.py:154} INFO -   └─ Year 2024... 
[2025-12-07T04:15:28.121+0000] {logging_mixin.py:154} INFO - Found 16 model(s) 
[2025-12-07T04:15:39.846+0000] {logging_mixin.py:154} INFO - → 16 variants
[2025-12-07T04:15:39.848+0000] {logging_mixin.py:154} INFO -   ✅ Tesla COMPLETE: 73 total vehicles
[2025-12-07T04:15:39.849+0000] {logging_mixin.py:154} INFO - 📊 [2/15] Processing: Ford
[2025-12-07T04:15:39.850+0000] {logging_mixin.py:154} INFO -   └─ Year 2020... 
[2025-12-07T04:15:40.110+0000] {logging_mixin.py:154} INFO - Found 53 model(s) 
[2025-12-07T04:16:31.925+0000] {logging_mixin.py:154} INFO - → 74 variants
[2025-12-07T04:16:31.928+0000] {logging_mixin.py:154} INFO -   └─ Year 2021... 
[2025-12-07T04:16:32.320+0000] {logging_mixin.py:154} INFO - Found 58 model(s) 
[2025-12-07T04:17:44.317+0000] {logging_mixin.py:154} INFO - → 97 variants
[2025-12-07T04:17:44.320+0000] {logging_mixin.py:154} INFO -   └─ Year 2022... 
[2025-12-07T04:17:44.590+0000] {logging_mixin.py:154} INFO - Found 64 model(s) 
[2025-12-07T04:18:54.637+0000] {logging_mixin.py:154} INFO - → 111 variants
[2025-12-07T04:18:54.639+0000] {logging_mixin.py:154} INFO -   └─ Year 2023... 
[2025-12-07T04:18:54.917+0000] {logging_mixin.py:154} INFO - Found 59 model(s) 
[2025-12-07T04:20:13.593+0000] {logging_mixin.py:154} INFO - → 109 variants
[2025-12-07T04:20:13.595+0000] {logging_mixin.py:154} INFO -   └─ Year 2024... 
[2025-12-07T04:20:13.870+0000] {logging_mixin.py:154} INFO - Found 44 model(s) 
[2025-12-07T04:20:59.731+0000] {logging_mixin.py:154} INFO - → 70 variants
[2025-12-07T04:20:59.733+0000] {logging_mixin.py:154} INFO -   ✅ Ford COMPLETE: 461 total vehicles
[2025-12-07T04:20:59.734+0000] {logging_mixin.py:154} INFO - 📊 [3/15] Processing: Toyota
[2025-12-07T04:20:59.735+0000] {logging_mixin.py:154} INFO -   └─ Year 2020... 
[2025-12-07T04:20:59.984+0000] {logging_mixin.py:154} INFO - Found 51 model(s) 
[2025-12-07T04:21:46.793+0000] {logging_mixin.py:154} INFO - → 65 variants
[2025-12-07T04:21:46.795+0000] {logging_mixin.py:154} INFO -   └─ Year 2021... 
[2025-12-07T04:21:47.072+0000] {logging_mixin.py:154} INFO - Found 54 model(s) 
[2025-12-07T04:22:35.285+0000] {logging_mixin.py:154} INFO - → 67 variants
[2025-12-07T04:22:35.288+0000] {logging_mixin.py:154} INFO -   └─ Year 2022... 
[2025-12-07T04:22:35.585+0000] {logging_mixin.py:154} INFO - Found 56 model(s) 
[2025-12-07T04:23:26.383+0000] {logging_mixin.py:154} INFO - → 74 variants
[2025-12-07T04:23:26.386+0000] {logging_mixin.py:154} INFO -   └─ Year 2023... 
[2025-12-07T04:23:26.687+0000] {logging_mixin.py:154} INFO - Found 59 model(s) 
[2025-12-07T04:24:21.552+0000] {logging_mixin.py:154} INFO - → 78 variants
[2025-12-07T04:24:21.556+0000] {logging_mixin.py:154} INFO -   └─ Year 2024... 
[2025-12-07T04:24:21.825+0000] {logging_mixin.py:154} INFO - Found 69 model(s) 
[2025-12-07T04:25:28.177+0000] {logging_mixin.py:154} INFO - → 94 variants
[2025-12-07T04:25:28.180+0000] {logging_mixin.py:154} INFO -   ✅ Toyota COMPLETE: 378 total vehicles
[2025-12-07T04:25:28.181+0000] {logging_mixin.py:154} INFO - 📊 [4/15] Processing: GMC
[2025-12-07T04:25:28.182+0000] {logging_mixin.py:154} INFO -   └─ Year 2020... 
[2025-12-07T04:25:28.432+0000] {logging_mixin.py:154} INFO - Found 15 model(s) 
[2025-12-07T04:25:58.534+0000] {logging_mixin.py:154} INFO - → 53 variants
[2025-12-07T04:25:58.537+0000] {logging_mixin.py:154} INFO -   └─ Year 2021... 
[2025-12-07T04:25:58.796+0000] {logging_mixin.py:154} INFO - Found 15 model(s) 
[2025-12-07T04:26:37.308+0000] {logging_mixin.py:154} INFO - → 69 variants
[2025-12-07T04:26:37.311+0000] {logging_mixin.py:154} INFO -   └─ Year 2022... 
[2025-12-07T04:26:37.585+0000] {logging_mixin.py:154} INFO - Found 15 model(s) 
[2025-12-07T04:27:15.229+0000] {logging_mixin.py:154} INFO - → 66 variants
[2025-12-07T04:27:15.232+0000] {logging_mixin.py:154} INFO -   └─ Year 2023... 
[2025-12-07T04:27:15.485+0000] {logging_mixin.py:154} INFO - Found 18 model(s) 
[2025-12-07T04:27:42.575+0000] {logging_mixin.py:154} INFO - → 46 variants
[2025-12-07T04:27:42.578+0000] {logging_mixin.py:154} INFO -   └─ Year 2024... 
[2025-12-07T04:27:42.856+0000] {logging_mixin.py:154} INFO - Found 27 model(s) 
[2025-12-07T04:28:08.072+0000] {local_task_job_runner.py:115} ERROR - Received SIGTERM. Terminating subprocesses
[2025-12-07T04:28:08.105+0000] {process_utils.py:131} INFO - Sending 15 to group 526. PIDs of all processes in the group: [526]
[2025-12-07T04:28:08.108+0000] {process_utils.py:86} INFO - Sending the signal 15 to group 526
[2025-12-07T04:28:08.110+0000] {taskinstance.py:1632} ERROR - Received SIGTERM. Terminating subprocesses.
