[2025-12-07T07:23:27.836+0000] {taskinstance.py:1159} INFO - Dependencies all met for dep_context=non-requeueable deps ti=<TaskInstance: autoinsight_data_pipeline.fetch_epa_data scheduled__2025-12-06T02:00:00+00:00 [queued]>
[2025-12-07T07:23:27.851+0000] {taskinstance.py:1159} INFO - Dependencies all met for dep_context=requeueable deps ti=<TaskInstance: autoinsight_data_pipeline.fetch_epa_data scheduled__2025-12-06T02:00:00+00:00 [queued]>
[2025-12-07T07:23:27.853+0000] {taskinstance.py:1361} INFO - Starting attempt 7 of 4
[2025-12-07T07:23:27.873+0000] {taskinstance.py:1382} INFO - Executing <Task(PythonOperator): fetch_epa_data> on 2025-12-06 02:00:00+00:00
[2025-12-07T07:23:27.881+0000] {standard_task_runner.py:57} INFO - Started process 204 to run task
[2025-12-07T07:23:27.887+0000] {standard_task_runner.py:84} INFO - Running: ['***', 'tasks', 'run', 'autoinsight_data_pipeline', 'fetch_epa_data', 'scheduled__2025-12-06T02:00:00+00:00', '--job-id', '195', '--raw', '--subdir', 'DAGS_FOLDER/autoinsight_data_pipeline.py', '--cfg-path', '/tmp/tmpbe5fy52z']
[2025-12-07T07:23:27.892+0000] {standard_task_runner.py:85} INFO - Job 195: Subtask fetch_epa_data
[2025-12-07T07:23:28.006+0000] {task_command.py:416} INFO - Running <TaskInstance: autoinsight_data_pipeline.fetch_epa_data scheduled__2025-12-06T02:00:00+00:00 [running]> on host fb35e4f278df
[2025-12-07T07:23:28.131+0000] {taskinstance.py:1662} INFO - Exporting env vars: AIRFLOW_CTX_DAG_EMAIL='autoinsight@example.com' AIRFLOW_CTX_DAG_OWNER='autoinsight-team' AIRFLOW_CTX_DAG_ID='autoinsight_data_pipeline' AIRFLOW_CTX_TASK_ID='fetch_epa_data' AIRFLOW_CTX_EXECUTION_DATE='2025-12-06T02:00:00+00:00' AIRFLOW_CTX_TRY_NUMBER='7' AIRFLOW_CTX_DAG_RUN_ID='scheduled__2025-12-06T02:00:00+00:00'
[2025-12-07T07:23:28.130+0000] {logging_mixin.py:154} INFO - ======================================================================
[2025-12-07T07:23:28.131+0000] {logging_mixin.py:154} INFO - TASK 1: EPA Fuel Economy Data Collection
[2025-12-07T07:23:28.132+0000] {logging_mixin.py:154} INFO - ======================================================================
[2025-12-07T07:23:28.724+0000] {logging_mixin.py:154} INFO - 
============================================================
[2025-12-07T07:23:28.724+0000] {logging_mixin.py:154} INFO - EPA FUEL ECONOMY DATA COLLECTION WITH S3 UPLOAD
[2025-12-07T07:23:28.725+0000] {logging_mixin.py:154} INFO - AutoInsight Project - 15 Manufacturers
[2025-12-07T07:23:28.726+0000] {logging_mixin.py:154} INFO - ============================================================
[2025-12-07T07:23:28.726+0000] {logging_mixin.py:154} INFO - 📅 Date Range: January 1, 2020 - December 07, 2025
[2025-12-07T07:23:28.727+0000] {logging_mixin.py:154} INFO - 🔓 Authentication: NONE REQUIRED (Public API)
[2025-12-07T07:23:28.728+0000] {logging_mixin.py:154} INFO - 📄 Format: XML (automatically parsed)
[2025-12-07T07:23:28.728+0000] {logging_mixin.py:154} INFO - ============================================================
[2025-12-07T07:23:28.729+0000] {logging_mixin.py:154} INFO - 
============================================================
[2025-12-07T07:23:28.729+0000] {logging_mixin.py:154} INFO - Fetching EPA Data for 15 Manufacturers
[2025-12-07T07:23:28.730+0000] {logging_mixin.py:154} INFO - Date Range: January 1, 2020 - December 07, 2025
[2025-12-07T07:23:28.730+0000] {logging_mixin.py:154} INFO - Years: [2020, 2021, 2022, 2023, 2024]
[2025-12-07T07:23:28.731+0000] {logging_mixin.py:154} INFO - Format: XML (parsed automatically)
[2025-12-07T07:23:28.731+0000] {logging_mixin.py:154} INFO - ============================================================
[2025-12-07T07:23:28.732+0000] {logging_mixin.py:154} INFO - 📊 [1/15] Processing: Tesla
[2025-12-07T07:23:28.732+0000] {logging_mixin.py:154} INFO -   └─ Year 2020... 
[2025-12-07T07:23:29.067+0000] {logging_mixin.py:154} INFO - Found 21 model(s) 
[2025-12-07T07:23:47.704+0000] {logging_mixin.py:154} INFO - → 21 variants
[2025-12-07T07:23:47.708+0000] {logging_mixin.py:154} INFO -   └─ Year 2021... 
[2025-12-07T07:23:48.081+0000] {logging_mixin.py:154} INFO - Found 13 model(s) 
[2025-12-07T07:23:57.905+0000] {logging_mixin.py:154} INFO - → 13 variants
[2025-12-07T07:23:57.909+0000] {logging_mixin.py:154} INFO -   └─ Year 2022... 
[2025-12-07T07:23:58.259+0000] {logging_mixin.py:154} INFO - Found 13 model(s) 
[2025-12-07T07:24:08.891+0000] {logging_mixin.py:154} INFO - → 13 variants
[2025-12-07T07:24:08.894+0000] {logging_mixin.py:154} INFO -   └─ Year 2023... 
[2025-12-07T07:24:09.319+0000] {logging_mixin.py:154} INFO - Found 10 model(s) 
[2025-12-07T07:24:18.381+0000] {logging_mixin.py:154} INFO - → 10 variants
[2025-12-07T07:24:18.383+0000] {logging_mixin.py:154} INFO -   └─ Year 2024... 
[2025-12-07T07:24:18.777+0000] {logging_mixin.py:154} INFO - Found 16 model(s) 
[2025-12-07T07:24:32.624+0000] {logging_mixin.py:154} INFO - → 16 variants
[2025-12-07T07:24:32.635+0000] {logging_mixin.py:154} INFO -   ✅ Tesla COMPLETE: 73 total vehicles
[2025-12-07T07:24:32.646+0000] {logging_mixin.py:154} INFO - 📊 [2/15] Processing: Ford
[2025-12-07T07:24:32.655+0000] {logging_mixin.py:154} INFO -   └─ Year 2020... 
[2025-12-07T07:24:32.921+0000] {logging_mixin.py:154} INFO - Found 53 model(s) 
[2025-12-07T07:25:23.304+0000] {logging_mixin.py:154} INFO - → 74 variants
[2025-12-07T07:25:23.306+0000] {logging_mixin.py:154} INFO -   └─ Year 2021... 
[2025-12-07T07:25:23.686+0000] {logging_mixin.py:154} INFO - Found 58 model(s) 
[2025-12-07T07:26:26.541+0000] {logging_mixin.py:154} INFO - → 97 variants
[2025-12-07T07:26:26.543+0000] {logging_mixin.py:154} INFO -   └─ Year 2022... 
[2025-12-07T07:26:26.820+0000] {logging_mixin.py:154} INFO - Found 64 model(s) 
[2025-12-07T07:27:38.917+0000] {logging_mixin.py:154} INFO - → 111 variants
[2025-12-07T07:27:38.920+0000] {logging_mixin.py:154} INFO -   └─ Year 2023... 
[2025-12-07T07:27:39.189+0000] {logging_mixin.py:154} INFO - Found 59 model(s) 
[2025-12-07T07:28:51.711+0000] {logging_mixin.py:154} INFO - → 109 variants
[2025-12-07T07:28:51.714+0000] {logging_mixin.py:154} INFO -   └─ Year 2024... 
[2025-12-07T07:28:52.014+0000] {logging_mixin.py:154} INFO - Found 44 model(s) 
[2025-12-07T07:29:38.722+0000] {logging_mixin.py:154} INFO - → 70 variants
[2025-12-07T07:29:38.724+0000] {logging_mixin.py:154} INFO -   ✅ Ford COMPLETE: 461 total vehicles
[2025-12-07T07:29:38.724+0000] {logging_mixin.py:154} INFO - 📊 [3/15] Processing: Toyota
[2025-12-07T07:29:38.725+0000] {logging_mixin.py:154} INFO -   └─ Year 2020... 
[2025-12-07T07:29:38.981+0000] {logging_mixin.py:154} INFO - Found 51 model(s) 
[2025-12-07T07:29:41.648+0000] {local_task_job_runner.py:115} ERROR - Received SIGTERM. Terminating subprocesses
[2025-12-07T07:29:41.653+0000] {process_utils.py:131} INFO - Sending 15 to group 204. PIDs of all processes in the group: [204]
[2025-12-07T07:29:41.655+0000] {process_utils.py:86} INFO - Sending the signal 15 to group 204
[2025-12-07T07:29:41.656+0000] {taskinstance.py:1632} ERROR - Received SIGTERM. Terminating subprocesses.
