[2025-12-06T23:40:07.622+0000] {taskinstance.py:1159} INFO - Dependencies all met for dep_context=non-requeueable deps ti=<TaskInstance: autoinsight_cleaning_pipeline.clean_fred_data manual__2025-12-06T23:20:46.538164+00:00 [queued]>
[2025-12-06T23:40:07.647+0000] {taskinstance.py:1159} INFO - Dependencies all met for dep_context=requeueable deps ti=<TaskInstance: autoinsight_cleaning_pipeline.clean_fred_data manual__2025-12-06T23:20:46.538164+00:00 [queued]>
[2025-12-06T23:40:07.648+0000] {taskinstance.py:1361} INFO - Starting attempt 3 of 5
[2025-12-06T23:40:07.672+0000] {taskinstance.py:1382} INFO - Executing <Task(PythonOperator): clean_fred_data> on 2025-12-06 23:20:46.538164+00:00
[2025-12-06T23:40:07.681+0000] {standard_task_runner.py:57} INFO - Started process 1075 to run task
[2025-12-06T23:40:07.687+0000] {standard_task_runner.py:84} INFO - Running: ['***', 'tasks', 'run', 'autoinsight_cleaning_pipeline', 'clean_fred_data', 'manual__2025-12-06T23:20:46.538164+00:00', '--job-id', '135', '--raw', '--subdir', 'DAGS_FOLDER/autoinsight_cleaning_pipeline.py', '--cfg-path', '/tmp/tmpwb7ob2ly']
[2025-12-06T23:40:07.693+0000] {standard_task_runner.py:85} INFO - Job 135: Subtask clean_fred_data
[2025-12-06T23:40:07.791+0000] {task_command.py:416} INFO - Running <TaskInstance: autoinsight_cleaning_pipeline.clean_fred_data manual__2025-12-06T23:20:46.538164+00:00 [running]> on host 3bdfb183f13f
[2025-12-06T23:40:07.923+0000] {taskinstance.py:1662} INFO - Exporting env vars: AIRFLOW_CTX_DAG_EMAIL='autoinsight@example.com' AIRFLOW_CTX_DAG_OWNER='autoinsight-team' AIRFLOW_CTX_DAG_ID='autoinsight_cleaning_pipeline' AIRFLOW_CTX_TASK_ID='clean_fred_data' AIRFLOW_CTX_EXECUTION_DATE='2025-12-06T23:20:46.538164+00:00' AIRFLOW_CTX_TRY_NUMBER='3' AIRFLOW_CTX_DAG_RUN_ID='manual__2025-12-06T23:20:46.538164+00:00'
[2025-12-06T23:40:07.926+0000] {logging_mixin.py:154} INFO - ======================================================================
[2025-12-06T23:40:07.927+0000] {logging_mixin.py:154} INFO - CLEANING TASK 2: FRED Economic Indicators
[2025-12-06T23:40:07.928+0000] {logging_mixin.py:154} INFO - ======================================================================
[2025-12-06T23:40:08.057+0000] {logging_mixin.py:154} INFO - 
Starting FRED Economic Indicators Cleaning
[2025-12-06T23:40:08.058+0000] {logging_mixin.py:154} INFO - Running in LOCAL mode
[2025-12-06T23:40:08.059+0000] {logging_mixin.py:154} INFO - Loading AWS S3 connectors...
[2025-12-06T23:40:19.990+0000] {logging_mixin.py:154} INFO - Input: s3a://autoinsightfinal/fred/raw/fred_economic_indicators.csv
[2025-12-06T23:40:19.991+0000] {logging_mixin.py:154} INFO - Output: s3a://autoinsightfinal/fred/cleaned_new/economic_indicators/parquet/
[2025-12-06T23:40:19.993+0000] {logging_mixin.py:154} INFO - ============================================================
[2025-12-06T23:40:19.994+0000] {logging_mixin.py:154} INFO - FRED ECONOMIC INDICATORS - CLEANING
[2025-12-06T23:40:19.995+0000] {logging_mixin.py:154} INFO - ============================================================
[2025-12-06T23:40:19.996+0000] {logging_mixin.py:154} INFO - 
Reading raw data from: s3a://autoinsightfinal/fred/raw/fred_economic_indicators.csv
[2025-12-06T23:40:37.895+0000] {logging_mixin.py:154} INFO -   Loaded 213 records (long format)
[2025-12-06T23:40:37.897+0000] {logging_mixin.py:154} INFO - 
Pivoting from long to wide format...
[2025-12-06T23:40:43.534+0000] {logging_mixin.py:154} INFO -   Pivoted to 71 rows (wide format)
[2025-12-06T23:40:43.538+0000] {logging_mixin.py:154} INFO - 
Cleaning Summary:
[2025-12-06T23:40:43.544+0000] {logging_mixin.py:154} INFO -   Initial records: 213 (long format)
[2025-12-06T23:40:43.547+0000] {logging_mixin.py:154} INFO -   Final records: 71 (wide format)
[2025-12-06T23:40:45.884+0000] {logging_mixin.py:154} INFO -   Date range: 2020-01-01 to 2025-11-01
[2025-12-06T23:40:45.885+0000] {logging_mixin.py:154} INFO - 
Writing cleaned data to: s3a://autoinsightfinal/fred/cleaned_new/economic_indicators/parquet/
[2025-12-06T23:41:02.515+0000] {logging_mixin.py:154} INFO - Writing CSV to: s3a://autoinsightfinal/fred/cleaned_new/economic_indicators/csv/
[2025-12-06T23:41:26.630+0000] {logging_mixin.py:154} INFO - 
FRED cleaning complete!
[2025-12-06T23:41:26.632+0000] {logging_mixin.py:154} INFO - ============================================================
[2025-12-06T23:41:26.633+0000] {logging_mixin.py:154} INFO - 
Sample of cleaned data (Snowflake-ready):
[2025-12-06T23:41:28.275+0000] {logging_mixin.py:154} INFO - +----------+-------------------+-----------------+-------------------+-----------+--------------------------+
|date      |total_vehicle_sales|light_truck_sales|domestic_auto_sales|data_source|loaded_at                 |
+----------+-------------------+-----------------+-------------------+-----------+--------------------------+
|2020-01-01|16.85              |16.42            |3.224              |FRED       |2025-12-06 23:41:26.747709|
|2020-02-01|17.13              |16.669           |3.202              |FRED       |2025-12-06 23:41:26.747709|
|2020-03-01|11.825             |11.444           |2.27               |FRED       |2025-12-06 23:41:26.747709|
|2020-04-01|8.919              |8.571            |1.433              |FRED       |2025-12-06 23:41:26.747709|
|2020-05-01|12.543             |12.244           |1.883              |FRED       |2025-12-06 23:41:26.747709|
|2020-06-01|13.532             |13.182           |2.061              |FRED       |2025-12-06 23:41:26.747709|
|2020-07-01|15.182             |14.802           |2.617              |FRED       |2025-12-06 23:41:26.747709|
|2020-08-01|16.09              |15.656           |2.722              |FRED       |2025-12-06 23:41:26.747709|
|2020-09-01|16.713             |16.275           |2.83               |FRED       |2025-12-06 23:41:26.747709|
|2020-10-01|16.564             |16.112           |2.817              |FRED       |2025-12-06 23:41:26.747709|
+----------+-------------------+-----------------+-------------------+-----------+--------------------------+
only showing top 10 rows
[2025-12-06T23:41:28.713+0000] {logging_mixin.py:154} INFO - ✅ FRED Data Cleaning Complete
[2025-12-06T23:41:28.761+0000] {python.py:194} INFO - Done. Returned value was: True
[2025-12-06T23:41:28.829+0000] {taskinstance.py:1400} INFO - Marking task as SUCCESS. dag_id=autoinsight_cleaning_pipeline, task_id=clean_fred_data, execution_date=20251206T232046, start_date=20251206T234007, end_date=20251206T234128
[2025-12-06T23:41:28.939+0000] {local_task_job_runner.py:228} INFO - Task exited with return code 0
[2025-12-06T23:41:29.003+0000] {taskinstance.py:2778} INFO - 1 downstream tasks scheduled from follow-on schedule check
