[2025-12-10T07:02:50.281+0000] {taskinstance.py:1159} INFO - Dependencies all met for dep_context=non-requeueable deps ti=<TaskInstance: autoinsight_daily_scraper.load_events_to_snowflake scheduled__2025-12-09T06:00:00+00:00 [queued]>
[2025-12-10T07:02:50.295+0000] {taskinstance.py:1159} INFO - Dependencies all met for dep_context=requeueable deps ti=<TaskInstance: autoinsight_daily_scraper.load_events_to_snowflake scheduled__2025-12-09T06:00:00+00:00 [queued]>
[2025-12-10T07:02:50.297+0000] {taskinstance.py:1361} INFO - Starting attempt 1 of 2
[2025-12-10T07:02:50.317+0000] {taskinstance.py:1382} INFO - Executing <Task(PythonOperator): load_events_to_snowflake> on 2025-12-09 06:00:00+00:00
[2025-12-10T07:02:50.327+0000] {standard_task_runner.py:57} INFO - Started process 14224 to run task
[2025-12-10T07:02:50.332+0000] {standard_task_runner.py:84} INFO - Running: ['***', 'tasks', 'run', 'autoinsight_daily_scraper', 'load_events_to_snowflake', 'scheduled__2025-12-09T06:00:00+00:00', '--job-id', '74', '--raw', '--subdir', 'DAGS_FOLDER/news_scrapper.py', '--cfg-path', '/tmp/tmp7ajc_g0d']
[2025-12-10T07:02:50.337+0000] {standard_task_runner.py:85} INFO - Job 74: Subtask load_events_to_snowflake
[2025-12-10T07:02:50.456+0000] {task_command.py:416} INFO - Running <TaskInstance: autoinsight_daily_scraper.load_events_to_snowflake scheduled__2025-12-09T06:00:00+00:00 [running]> on host 09126cf425ed
[2025-12-10T07:02:50.929+0000] {taskinstance.py:1662} INFO - Exporting env vars: AIRFLOW_CTX_DAG_OWNER='autoinsight' AIRFLOW_CTX_DAG_ID='autoinsight_daily_scraper' AIRFLOW_CTX_TASK_ID='load_events_to_snowflake' AIRFLOW_CTX_EXECUTION_DATE='2025-12-09T06:00:00+00:00' AIRFLOW_CTX_TRY_NUMBER='1' AIRFLOW_CTX_DAG_RUN_ID='scheduled__2025-12-09T06:00:00+00:00'
[2025-12-10T07:02:50.930+0000] {news_scrapper.py:147} INFO - ============================================================
[2025-12-10T07:02:50.931+0000] {news_scrapper.py:148} INFO - TASK: Loading Events to Snowflake
[2025-12-10T07:02:50.951+0000] {snowflake_loader.py:43} INFO - Connecting to Snowflake...
[2025-12-10T07:02:50.952+0000] {connection.py:386} INFO - Snowflake Connector for Python Version: 3.7.0, Python Version: 3.11.6, Platform: Linux-6.6.87.2-microsoft-standard-WSL2-x86_64-with-glibc2.31
[2025-12-10T07:02:50.953+0000] {connection.py:1211} INFO - This connection is in OCSP Fail Open Mode. TLS Certificates would be checked for validity and revocation status. Any other Certificate Revocation related exceptions or OCSP Responder failures would be disregarded in favor of connectivity.
[2025-12-10T07:02:53.261+0000] {snowflake_loader.py:45} INFO - ✓ Connected to AUTOMOTIVE_AI.PUBLIC
[2025-12-10T07:02:53.264+0000] {cursor.py:1032} INFO - query: [MERGE INTO AUTOMOTIVE_EVENTS AS target USING ( SELECT 'Canada Congress' AS title...]
[2025-12-10T07:02:54.526+0000] {cursor.py:1045} INFO - query execution done
[2025-12-10T07:02:54.528+0000] {cursor.py:1032} INFO - query: [MERGE INTO AUTOMOTIVE_EVENTS AS target USING ( SELECT 'Congress' AS title, 'http...]
[2025-12-10T07:02:55.648+0000] {cursor.py:1045} INFO - query execution done
[2025-12-10T07:02:55.653+0000] {cursor.py:1032} INFO - query: [MERGE INTO AUTOMOTIVE_EVENTS AS target USING ( SELECT 'Europe Congress' AS title...]
[2025-12-10T07:02:57.129+0000] {cursor.py:1045} INFO - query execution done
[2025-12-10T07:02:57.131+0000] {cursor.py:1032} INFO - query: [MERGE INTO AUTOMOTIVE_EVENTS AS target USING ( SELECT 'Leading Women Conference'...]
[2025-12-10T07:02:58.826+0000] {cursor.py:1045} INFO - query execution done
[2025-12-10T07:02:58.828+0000] {cursor.py:1032} INFO - query: [MERGE INTO AUTOMOTIVE_EVENTS AS target USING ( SELECT 'Canada Retail Forum' AS t...]
[2025-12-10T07:02:59.995+0000] {cursor.py:1045} INFO - query execution done
[2025-12-10T07:02:59.997+0000] {cursor.py:1032} INFO - query: [MERGE INTO AUTOMOTIVE_EVENTS AS target USING ( SELECT 'Canada Leading Women Roun...]
[2025-12-10T07:03:00.665+0000] {cursor.py:1045} INFO - query execution done
[2025-12-10T07:03:00.669+0000] {cursor.py:1032} INFO - query: [MERGE INTO AUTOMOTIVE_EVENTS AS target USING ( SELECT 'Japan Mobility Show' AS t...]
[2025-12-10T07:03:01.289+0000] {cursor.py:1045} INFO - query execution done
[2025-12-10T07:03:01.291+0000] {cursor.py:1032} INFO - query: [MERGE INTO AUTOMOTIVE_EVENTS AS target USING ( SELECT 'Los Angeles auto show' AS...]
[2025-12-10T07:03:02.673+0000] {cursor.py:1045} INFO - query execution done
[2025-12-10T07:03:02.675+0000] {cursor.py:1032} INFO - query: [MERGE INTO AUTOMOTIVE_EVENTS AS target USING ( SELECT 'Munich auto show' AS titl...]
[2025-12-10T07:03:03.329+0000] {cursor.py:1045} INFO - query execution done
[2025-12-10T07:03:03.331+0000] {cursor.py:1032} INFO - query: [MERGE INTO AUTOMOTIVE_EVENTS AS target USING ( SELECT 'Shanghai auto show' AS ti...]
[2025-12-10T07:03:04.043+0000] {cursor.py:1045} INFO - query execution done
[2025-12-10T07:03:04.045+0000] {cursor.py:1032} INFO - query: [MERGE INTO AUTOMOTIVE_EVENTS AS target USING ( SELECT 'New York auto show' AS ti...]
[2025-12-10T07:03:04.968+0000] {cursor.py:1045} INFO - query execution done
[2025-12-10T07:03:04.970+0000] {cursor.py:1032} INFO - query: [MERGE INTO AUTOMOTIVE_EVENTS AS target USING ( SELECT 'Chicago auto show' AS tit...]
[2025-12-10T07:03:05.606+0000] {cursor.py:1045} INFO - query execution done
[2025-12-10T07:03:05.612+0000] {cursor.py:1032} INFO - query: [MERGE INTO AUTOMOTIVE_EVENTS AS target USING ( SELECT 'Toronto auto show' AS tit...]
[2025-12-10T07:03:06.239+0000] {cursor.py:1045} INFO - query execution done
[2025-12-10T07:03:06.241+0000] {cursor.py:1032} INFO - query: [MERGE INTO AUTOMOTIVE_EVENTS AS target USING ( SELECT 'NADA Show' AS title, 'htt...]
[2025-12-10T07:03:07.110+0000] {cursor.py:1045} INFO - query execution done
[2025-12-10T07:03:07.111+0000] {cursor.py:1032} INFO - query: [MERGE INTO AUTOMOTIVE_EVENTS AS target USING ( SELECT 'CES' AS title, 'https://w...]
[2025-12-10T07:03:07.735+0000] {cursor.py:1045} INFO - query execution done
[2025-12-10T07:03:07.737+0000] {cursor.py:1032} INFO - query: [MERGE INTO AUTOMOTIVE_EVENTS AS target USING ( SELECT 'Detroit auto show' AS tit...]
[2025-12-10T07:03:08.465+0000] {cursor.py:1045} INFO - query execution done
[2025-12-10T07:03:08.467+0000] {cursor.py:1032} INFO - query: [MERGE INTO AUTOMOTIVE_EVENTS AS target USING ( SELECT 'Beijing auto show' AS tit...]
[2025-12-10T07:03:09.047+0000] {cursor.py:1045} INFO - query execution done
[2025-12-10T07:03:09.048+0000] {cursor.py:1032} INFO - query: [MERGE INTO AUTOMOTIVE_EVENTS AS target USING ( SELECT 'Paris auto show' AS title...]
[2025-12-10T07:03:09.782+0000] {cursor.py:1045} INFO - query execution done
[2025-12-10T07:03:09.784+0000] {cursor.py:1032} INFO - query: [MERGE INTO AUTOMOTIVE_EVENTS AS target USING ( SELECT 'Geneva auto show' AS titl...]
[2025-12-10T07:03:10.497+0000] {cursor.py:1045} INFO - query execution done
[2025-12-10T07:03:10.498+0000] {cursor.py:1032} INFO - query: [COMMIT]
[2025-12-10T07:03:10.567+0000] {cursor.py:1045} INFO - query execution done
[2025-12-10T07:03:10.568+0000] {cursor.py:1205} INFO - Number of results in first chunk: 1
[2025-12-10T07:03:10.568+0000] {snowflake_loader.py:247} INFO - ✓ Inserted/Updated 19 events in Snowflake
[2025-12-10T07:03:10.569+0000] {cursor.py:1032} INFO - query: [SELECT COUNT(*) FROM AUTOMOTIVE_EVENTS]
[2025-12-10T07:03:10.802+0000] {cursor.py:1045} INFO - query execution done
[2025-12-10T07:03:10.804+0000] {cursor.py:1205} INFO - Number of results in first chunk: 1
[2025-12-10T07:03:10.807+0000] {connection.py:734} INFO - closed
[2025-12-10T07:03:10.850+0000] {connection.py:740} INFO - No async queries seem to be running, deleting session
[2025-12-10T07:03:10.905+0000] {snowflake_loader.py:55} INFO - ✓ Disconnected from Snowflake
[2025-12-10T07:03:10.950+0000] {python.py:194} INFO - Done. Returned value was: Loaded 19 events
[2025-12-10T07:03:10.984+0000] {taskinstance.py:1400} INFO - Marking task as SUCCESS. dag_id=autoinsight_daily_scraper, task_id=load_events_to_snowflake, execution_date=20251209T060000, start_date=20251210T070250, end_date=20251210T070310
[2025-12-10T07:03:11.042+0000] {local_task_job_runner.py:228} INFO - Task exited with return code 0
[2025-12-10T07:03:11.072+0000] {taskinstance.py:2778} INFO - 1 downstream tasks scheduled from follow-on schedule check
