[2025-12-10T06:13:06.988+0000] {taskinstance.py:1159} INFO - Dependencies all met for dep_context=non-requeueable deps ti=<TaskInstance: autoinsight_daily_scraper.scrape_events scheduled__2025-12-09T06:00:00+00:00 [queued]>
[2025-12-10T06:13:07.001+0000] {taskinstance.py:1159} INFO - Dependencies all met for dep_context=requeueable deps ti=<TaskInstance: autoinsight_daily_scraper.scrape_events scheduled__2025-12-09T06:00:00+00:00 [queued]>
[2025-12-10T06:13:07.003+0000] {taskinstance.py:1361} INFO - Starting attempt 1 of 2
[2025-12-10T06:13:07.024+0000] {taskinstance.py:1382} INFO - Executing <Task(PythonOperator): scrape_events> on 2025-12-09 06:00:00+00:00
[2025-12-10T06:13:07.033+0000] {standard_task_runner.py:57} INFO - Started process 13566 to run task
[2025-12-10T06:13:07.038+0000] {standard_task_runner.py:84} INFO - Running: ['***', 'tasks', 'run', 'autoinsight_daily_scraper', 'scrape_events', 'scheduled__2025-12-09T06:00:00+00:00', '--job-id', '66', '--raw', '--subdir', 'DAGS_FOLDER/news_scrapper.py', '--cfg-path', '/tmp/tmpbidstm_c']
[2025-12-10T06:13:07.044+0000] {standard_task_runner.py:85} INFO - Job 66: Subtask scrape_events
[2025-12-10T06:13:07.148+0000] {task_command.py:416} INFO - Running <TaskInstance: autoinsight_daily_scraper.scrape_events scheduled__2025-12-09T06:00:00+00:00 [running]> on host 09126cf425ed
[2025-12-10T06:13:07.606+0000] {taskinstance.py:1662} INFO - Exporting env vars: AIRFLOW_CTX_DAG_OWNER='autoinsight' AIRFLOW_CTX_DAG_ID='autoinsight_daily_scraper' AIRFLOW_CTX_TASK_ID='scrape_events' AIRFLOW_CTX_EXECUTION_DATE='2025-12-09T06:00:00+00:00' AIRFLOW_CTX_TRY_NUMBER='1' AIRFLOW_CTX_DAG_RUN_ID='scheduled__2025-12-09T06:00:00+00:00'
[2025-12-10T06:13:07.609+0000] {news_scrapper.py:81} INFO - ============================================================
[2025-12-10T06:13:07.614+0000] {news_scrapper.py:82} INFO - TASK: Scraping Events
[2025-12-10T06:13:07.615+0000] {news_scrapper.py:89} INFO - Fetching events from AutoNews events page...
[2025-12-10T06:13:07.616+0000] {scrapper.py:453} INFO - Scraping events from AutoNews.com/events...
[2025-12-10T06:57:35.889+0000] {logging_mixin.py:154} INFO -     🌐 Opening AutoNews events page...
[2025-12-10T06:57:39.000+0000] {logging_mixin.py:154} INFO -     ⏳ Waiting for page to load...
[2025-12-10T06:57:42.550+0000] {local_task_job_runner.py:294} WARNING - State of this instance has been externally set to up_for_retry. Terminating instance.
[2025-12-10T06:57:42.555+0000] {process_utils.py:131} INFO - Sending 15 to group 13566. PIDs of all processes in the group: [13568, 13572, 13654, 13660, 13661, 13682, 13723, 13746, 13680, 13566]
[2025-12-10T06:57:42.556+0000] {process_utils.py:86} INFO - Sending the signal 15 to group 13566
[2025-12-10T06:57:42.557+0000] {taskinstance.py:1632} ERROR - Received SIGTERM. Terminating subprocesses.
[2025-12-10T06:57:42.560+0000] {scrapper.py:561} ERROR - Error scraping events: Task received SIGTERM signal
[2025-12-10T06:57:42.584+0000] {process_utils.py:79} INFO - Process psutil.Process(pid=13746, status='terminated', started='06:13:14') (13746) terminated with exit code None
[2025-12-10T06:57:42.612+0000] {process_utils.py:79} INFO - Process psutil.Process(pid=13723, status='terminated', started='06:13:10') (13723) terminated with exit code None
[2025-12-10T06:57:42.614+0000] {process_utils.py:79} INFO - Process psutil.Process(pid=13680, status='terminated', started='06:13:09') (13680) terminated with exit code None
[2025-12-10T06:57:42.749+0000] {process_utils.py:79} INFO - Process psutil.Process(pid=13568, status='terminated', started='06:13:07') (13568) terminated with exit code None
[2025-12-10T06:57:42.884+0000] {process_utils.py:79} INFO - Process psutil.Process(pid=13682, status='terminated', started='06:13:09') (13682) terminated with exit code None
[2025-12-10T06:57:42.885+0000] {process_utils.py:79} INFO - Process psutil.Process(pid=13660, status='terminated', started='06:13:09') (13660) terminated with exit code None
[2025-12-10T06:57:42.886+0000] {process_utils.py:79} INFO - Process psutil.Process(pid=13661, status='terminated', started='06:13:09') (13661) terminated with exit code None
[2025-12-10T06:57:42.887+0000] {process_utils.py:79} INFO - Process psutil.Process(pid=13654, status='terminated', started='06:13:09') (13654) terminated with exit code None
[2025-12-10T06:58:42.565+0000] {process_utils.py:149} WARNING - process psutil.Process(pid=13566, name='airflow task ru', status='running', started='06:13:06') did not respond to SIGTERM. Trying SIGKILL
[2025-12-10T06:58:42.569+0000] {process_utils.py:149} WARNING - process psutil.Process(pid=13572, name='node', status='sleeping', started='06:13:07') did not respond to SIGTERM. Trying SIGKILL
[2025-12-10T06:58:42.570+0000] {process_utils.py:86} INFO - Sending the signal 9 to group 13566
[2025-12-10T06:58:42.598+0000] {process_utils.py:79} INFO - Process psutil.Process(pid=13566, name='airflow task ru', status='terminated', exitcode=<Negsignal.SIGKILL: -9>, started='06:13:06') (13566) terminated with exit code -9
[2025-12-10T06:58:42.600+0000] {process_utils.py:79} INFO - Process psutil.Process(pid=13572, name='node', status='terminated', started='06:13:07') (13572) terminated with exit code None
[2025-12-10T06:58:42.601+0000] {standard_task_runner.py:172} ERROR - Job 66 was killed before it finished (likely due to running out of memory)
