[2025-12-10T07:02:36.679+0000] {taskinstance.py:1159} INFO - Dependencies all met for dep_context=non-requeueable deps ti=<TaskInstance: autoinsight_daily_scraper.scrape_events scheduled__2025-12-09T06:00:00+00:00 [queued]>
[2025-12-10T07:02:36.689+0000] {taskinstance.py:1159} INFO - Dependencies all met for dep_context=requeueable deps ti=<TaskInstance: autoinsight_daily_scraper.scrape_events scheduled__2025-12-09T06:00:00+00:00 [queued]>
[2025-12-10T07:02:36.690+0000] {taskinstance.py:1361} INFO - Starting attempt 2 of 2
[2025-12-10T07:02:36.712+0000] {taskinstance.py:1382} INFO - Executing <Task(PythonOperator): scrape_events> on 2025-12-09 06:00:00+00:00
[2025-12-10T07:02:36.723+0000] {standard_task_runner.py:57} INFO - Started process 14025 to run task
[2025-12-10T07:02:36.727+0000] {standard_task_runner.py:84} INFO - Running: ['***', 'tasks', 'run', 'autoinsight_daily_scraper', 'scrape_events', 'scheduled__2025-12-09T06:00:00+00:00', '--job-id', '73', '--raw', '--subdir', 'DAGS_FOLDER/news_scrapper.py', '--cfg-path', '/tmp/tmpm9kx25bd']
[2025-12-10T07:02:36.732+0000] {standard_task_runner.py:85} INFO - Job 73: Subtask scrape_events
[2025-12-10T07:02:36.840+0000] {task_command.py:416} INFO - Running <TaskInstance: autoinsight_daily_scraper.scrape_events scheduled__2025-12-09T06:00:00+00:00 [running]> on host 09126cf425ed
[2025-12-10T07:02:37.213+0000] {taskinstance.py:1662} INFO - Exporting env vars: AIRFLOW_CTX_DAG_OWNER='autoinsight' AIRFLOW_CTX_DAG_ID='autoinsight_daily_scraper' AIRFLOW_CTX_TASK_ID='scrape_events' AIRFLOW_CTX_EXECUTION_DATE='2025-12-09T06:00:00+00:00' AIRFLOW_CTX_TRY_NUMBER='2' AIRFLOW_CTX_DAG_RUN_ID='scheduled__2025-12-09T06:00:00+00:00'
[2025-12-10T07:02:37.215+0000] {news_scrapper.py:81} INFO - ============================================================
[2025-12-10T07:02:37.217+0000] {news_scrapper.py:82} INFO - TASK: Scraping Events
[2025-12-10T07:02:37.218+0000] {news_scrapper.py:89} INFO - Fetching events from AutoNews events page...
[2025-12-10T07:02:37.218+0000] {scrapper.py:453} INFO - Scraping events from AutoNews.com/events...
[2025-12-10T07:02:37.916+0000] {logging_mixin.py:154} INFO -     🌐 Opening AutoNews events page...
[2025-12-10T07:02:40.918+0000] {logging_mixin.py:154} INFO -     ⏳ Waiting for page to load...
[2025-12-10T07:02:45.689+0000] {scrapper.py:552} INFO -   ✓ Canada Congress (2026-02-12)
[2025-12-10T07:02:45.991+0000] {scrapper.py:552} INFO -   ✓ Congress (2025-01-01)
[2025-12-10T07:02:46.491+0000] {scrapper.py:552} INFO -   ✓ Europe Congress (2026-01-01)
[2025-12-10T07:02:46.739+0000] {scrapper.py:552} INFO -   ✓ Leading Women Conference (2025-05-20)
[2025-12-10T07:02:47.069+0000] {scrapper.py:552} INFO -   ✓ Canada Retail Forum (2025-10-14)
[2025-12-10T07:02:47.259+0000] {scrapper.py:552} INFO -   ✓ Canada Leading Women Roundtable (2024-11-15)
[2025-12-10T07:02:47.370+0000] {scrapper.py:552} INFO -   ✓ Japan Mobility Show (2025-01-01)
[2025-12-10T07:02:47.512+0000] {scrapper.py:552} INFO -   ✓ Los Angeles auto show (2025-11-20)
[2025-12-10T07:02:47.642+0000] {scrapper.py:552} INFO -   ✓ Munich auto show (2027-01-01)
[2025-12-10T07:02:47.814+0000] {scrapper.py:552} INFO -   ✓ Shanghai auto show (2025-04-23)
[2025-12-10T07:02:47.968+0000] {scrapper.py:552} INFO -   ✓ New York auto show (2025-04-16)
[2025-12-10T07:02:48.096+0000] {scrapper.py:552} INFO -   ✓ Chicago auto show (2025-02-06)
[2025-12-10T07:02:48.204+0000] {scrapper.py:552} INFO -   ✓ Toronto auto show (2025-02-14)
[2025-12-10T07:02:48.328+0000] {scrapper.py:552} INFO -   ✓ NADA Show (2025-01-23)
[2025-12-10T07:02:48.448+0000] {scrapper.py:552} INFO -   ✓ CES (2025-01-07)
[2025-12-10T07:02:48.562+0000] {scrapper.py:552} INFO -   ✓ Detroit auto show (2025-01-10)
[2025-12-10T07:02:48.731+0000] {scrapper.py:552} INFO -   ✓ Beijing auto show (2026-01-01)
[2025-12-10T07:02:48.889+0000] {scrapper.py:552} INFO -   ✓ Paris auto show (2026-10-12)
[2025-12-10T07:02:49.034+0000] {scrapper.py:552} INFO -   ✓ Geneva auto show (date TBD)
[2025-12-10T07:02:49.035+0000] {scrapper.py:558} INFO - ✓ Scraped 19 events from AutoNews
[2025-12-10T07:02:49.221+0000] {scrapper.py:575} INFO - ✓ Saved 19 items to /opt/***/data/autonews_events_latest.json
[2025-12-10T07:02:49.265+0000] {python.py:194} INFO - Done. Returned value was: Successfully scraped 19 events
[2025-12-10T07:02:49.298+0000] {taskinstance.py:1400} INFO - Marking task as SUCCESS. dag_id=autoinsight_daily_scraper, task_id=scrape_events, execution_date=20251209T060000, start_date=20251210T070236, end_date=20251210T070249
[2025-12-10T07:02:49.358+0000] {local_task_job_runner.py:228} INFO - Task exited with return code 0
[2025-12-10T07:02:49.405+0000] {taskinstance.py:2778} INFO - 1 downstream tasks scheduled from follow-on schedule check
