[2025-12-06T22:37:35.609+0000] {taskinstance.py:1159} INFO - Dependencies all met for dep_context=non-requeueable deps ti=<TaskInstance: autoinsight_cleaning_pipeline.clean_epa_data manual__2025-12-06T22:27:46.392611+00:00 [queued]>
[2025-12-06T22:37:35.615+0000] {taskinstance.py:1159} INFO - Dependencies all met for dep_context=requeueable deps ti=<TaskInstance: autoinsight_cleaning_pipeline.clean_epa_data manual__2025-12-06T22:27:46.392611+00:00 [queued]>
[2025-12-06T22:37:35.616+0000] {taskinstance.py:1361} INFO - Starting attempt 2 of 4
[2025-12-06T22:37:35.624+0000] {taskinstance.py:1382} INFO - Executing <Task(PythonOperator): clean_epa_data> on 2025-12-06 22:27:46.392611+00:00
[2025-12-06T22:37:35.629+0000] {standard_task_runner.py:57} INFO - Started process 272 to run task
[2025-12-06T22:37:35.632+0000] {standard_task_runner.py:84} INFO - Running: ['***', 'tasks', 'run', 'autoinsight_cleaning_pipeline', 'clean_epa_data', 'manual__2025-12-06T22:27:46.392611+00:00', '--job-id', '88', '--raw', '--subdir', 'DAGS_FOLDER/autoinsight_cleaning_pipeline.py', '--cfg-path', '/tmp/tmpn2ryxujy']
[2025-12-06T22:37:35.634+0000] {standard_task_runner.py:85} INFO - Job 88: Subtask clean_epa_data
[2025-12-06T22:37:35.687+0000] {task_command.py:416} INFO - Running <TaskInstance: autoinsight_cleaning_pipeline.clean_epa_data manual__2025-12-06T22:27:46.392611+00:00 [running]> on host 726f6e7ff3d2
[2025-12-06T22:37:35.743+0000] {taskinstance.py:1662} INFO - Exporting env vars: AIRFLOW_CTX_DAG_EMAIL='autoinsight@example.com' AIRFLOW_CTX_DAG_OWNER='autoinsight-team' AIRFLOW_CTX_DAG_ID='autoinsight_cleaning_pipeline' AIRFLOW_CTX_TASK_ID='clean_epa_data' AIRFLOW_CTX_EXECUTION_DATE='2025-12-06T22:27:46.392611+00:00' AIRFLOW_CTX_TRY_NUMBER='2' AIRFLOW_CTX_DAG_RUN_ID='manual__2025-12-06T22:27:46.392611+00:00'
[2025-12-06T22:37:35.745+0000] {logging_mixin.py:154} INFO - ======================================================================
[2025-12-06T22:37:35.746+0000] {logging_mixin.py:154} INFO - CLEANING TASK 1: EPA Fuel Economy Data
[2025-12-06T22:37:35.746+0000] {logging_mixin.py:154} INFO - ======================================================================
[2025-12-06T22:37:35.824+0000] {logging_mixin.py:154} INFO - 
Starting EPA Fuel Economy Cleaning
[2025-12-06T22:37:35.824+0000] {logging_mixin.py:154} INFO - Running in LOCAL mode
[2025-12-06T22:37:35.824+0000] {logging_mixin.py:154} INFO - Loading AWS S3 connectors...
[2025-12-06T22:37:35.943+0000] {logging_mixin.py:154} INFO - ❌ EPA Data Cleaning Failed: [JAVA_GATEWAY_EXITED] Java gateway process exited before sending its port number.
[2025-12-06T22:37:35.947+0000] {logging_mixin.py:154} WARNING - Traceback (most recent call last):
[2025-12-06T22:37:35.947+0000] {logging_mixin.py:154} WARNING -   File "/opt/***/dags/autoinsight_cleaning_pipeline.py", line 49, in clean_epa_data
    result = epa_clean_main()
             ^^^^^^^^^^^^^^^^
[2025-12-06T22:37:35.948+0000] {logging_mixin.py:154} WARNING -   File "/opt/***/src/clean_epa_fuel_economy.py", line 314, in main
    spark = builder.getOrCreate()
            ^^^^^^^^^^^^^^^^^^^^^
[2025-12-06T22:37:35.948+0000] {logging_mixin.py:154} WARNING -   File "/home/***/.local/lib/python3.11/site-packages/pyspark/sql/session.py", line 497, in getOrCreate
    sc = SparkContext.getOrCreate(sparkConf)
         ^^^^^^^^^^^^^^^^^^^^^^^^^^^^^^^^^^^
[2025-12-06T22:37:35.949+0000] {logging_mixin.py:154} WARNING -   File "/home/***/.local/lib/python3.11/site-packages/pyspark/context.py", line 515, in getOrCreate
    SparkContext(conf=conf or SparkConf())
[2025-12-06T22:37:35.949+0000] {logging_mixin.py:154} WARNING -   File "/home/***/.local/lib/python3.11/site-packages/pyspark/context.py", line 201, in __init__
    SparkContext._ensure_initialized(self, gateway=gateway, conf=conf)
[2025-12-06T22:37:35.949+0000] {logging_mixin.py:154} WARNING -   File "/home/***/.local/lib/python3.11/site-packages/pyspark/context.py", line 436, in _ensure_initialized
    SparkContext._gateway = gateway or launch_gateway(conf)
                                       ^^^^^^^^^^^^^^^^^^^^
[2025-12-06T22:37:35.950+0000] {logging_mixin.py:154} WARNING -   File "/home/***/.local/lib/python3.11/site-packages/pyspark/java_gateway.py", line 107, in launch_gateway
    raise PySparkRuntimeError(
[2025-12-06T22:37:35.950+0000] {logging_mixin.py:154} WARNING - pyspark.errors.exceptions.base.PySparkRuntimeError: [JAVA_GATEWAY_EXITED] Java gateway process exited before sending its port number.
[2025-12-06T22:37:35.951+0000] {taskinstance.py:1937} ERROR - Task failed with exception
Traceback (most recent call last):
  File "/home/airflow/.local/lib/python3.11/site-packages/airflow/operators/python.py", line 192, in execute
    return_value = self.execute_callable()
                   ^^^^^^^^^^^^^^^^^^^^^^^
  File "/home/airflow/.local/lib/python3.11/site-packages/airflow/operators/python.py", line 209, in execute_callable
    return self.python_callable(*self.op_args, **self.op_kwargs)
           ^^^^^^^^^^^^^^^^^^^^^^^^^^^^^^^^^^^^^^^^^^^^^^^^^^^^^
  File "/opt/airflow/dags/autoinsight_cleaning_pipeline.py", line 49, in clean_epa_data
    result = epa_clean_main()
             ^^^^^^^^^^^^^^^^
  File "/opt/airflow/src/clean_epa_fuel_economy.py", line 314, in main
    spark = builder.getOrCreate()
            ^^^^^^^^^^^^^^^^^^^^^
  File "/home/airflow/.local/lib/python3.11/site-packages/pyspark/sql/session.py", line 497, in getOrCreate
    sc = SparkContext.getOrCreate(sparkConf)
         ^^^^^^^^^^^^^^^^^^^^^^^^^^^^^^^^^^^
  File "/home/airflow/.local/lib/python3.11/site-packages/pyspark/context.py", line 515, in getOrCreate
    SparkContext(conf=conf or SparkConf())
  File "/home/airflow/.local/lib/python3.11/site-packages/pyspark/context.py", line 201, in __init__
    SparkContext._ensure_initialized(self, gateway=gateway, conf=conf)
  File "/home/airflow/.local/lib/python3.11/site-packages/pyspark/context.py", line 436, in _ensure_initialized
    SparkContext._gateway = gateway or launch_gateway(conf)
                                       ^^^^^^^^^^^^^^^^^^^^
  File "/home/airflow/.local/lib/python3.11/site-packages/pyspark/java_gateway.py", line 107, in launch_gateway
    raise PySparkRuntimeError(
pyspark.errors.exceptions.base.PySparkRuntimeError: [JAVA_GATEWAY_EXITED] Java gateway process exited before sending its port number.
[2025-12-06T22:37:35.959+0000] {taskinstance.py:1400} INFO - Marking task as UP_FOR_RETRY. dag_id=autoinsight_cleaning_pipeline, task_id=clean_epa_data, execution_date=20251206T222746, start_date=20251206T223735, end_date=20251206T223735
[2025-12-06T22:37:35.971+0000] {standard_task_runner.py:104} ERROR - Failed to execute job 88 for task clean_epa_data ([JAVA_GATEWAY_EXITED] Java gateway process exited before sending its port number.; 272)
[2025-12-06T22:37:36.006+0000] {local_task_job_runner.py:228} INFO - Task exited with return code 1
[2025-12-06T22:37:36.022+0000] {taskinstance.py:2778} INFO - 0 downstream tasks scheduled from follow-on schedule check
