[2025-12-07T20:42:29.616+0000] {taskinstance.py:1159} INFO - Dependencies all met for dep_context=non-requeueable deps ti=<TaskInstance: autoinsight_cleaning_pipeline.add_sentiment_analysis manual__2025-12-07T01:55:44.575398+00:00 [queued]>
[2025-12-07T20:42:29.635+0000] {taskinstance.py:1159} INFO - Dependencies all met for dep_context=requeueable deps ti=<TaskInstance: autoinsight_cleaning_pipeline.add_sentiment_analysis manual__2025-12-07T01:55:44.575398+00:00 [queued]>
[2025-12-07T20:42:29.638+0000] {taskinstance.py:1361} INFO - Starting attempt 14 of 14
[2025-12-07T20:42:29.666+0000] {taskinstance.py:1382} INFO - Executing <Task(PythonOperator): add_sentiment_analysis> on 2025-12-07 01:55:44.575398+00:00
[2025-12-07T20:42:29.682+0000] {standard_task_runner.py:57} INFO - Started process 208 to run task
[2025-12-07T20:42:29.693+0000] {standard_task_runner.py:84} INFO - Running: ['***', 'tasks', 'run', 'autoinsight_cleaning_pipeline', 'add_sentiment_analysis', 'manual__2025-12-07T01:55:44.575398+00:00', '--job-id', '206', '--raw', '--subdir', 'DAGS_FOLDER/autoinsight_cleaning_pipeline.py', '--cfg-path', '/tmp/tmp9d3ofo48']
[2025-12-07T20:42:29.700+0000] {standard_task_runner.py:85} INFO - Job 206: Subtask add_sentiment_analysis
[2025-12-07T20:42:29.810+0000] {task_command.py:416} INFO - Running <TaskInstance: autoinsight_cleaning_pipeline.add_sentiment_analysis manual__2025-12-07T01:55:44.575398+00:00 [running]> on host fb35e4f278df
[2025-12-07T20:42:29.975+0000] {taskinstance.py:1662} INFO - Exporting env vars: AIRFLOW_CTX_DAG_EMAIL='autoinsight@example.com' AIRFLOW_CTX_DAG_OWNER='autoinsight-team' AIRFLOW_CTX_DAG_ID='autoinsight_cleaning_pipeline' AIRFLOW_CTX_TASK_ID='add_sentiment_analysis' AIRFLOW_CTX_EXECUTION_DATE='2025-12-07T01:55:44.575398+00:00' AIRFLOW_CTX_TRY_NUMBER='14' AIRFLOW_CTX_DAG_RUN_ID='manual__2025-12-07T01:55:44.575398+00:00'
[2025-12-07T20:42:29.977+0000] {logging_mixin.py:154} INFO - ======================================================================
[2025-12-07T20:42:29.978+0000] {logging_mixin.py:154} INFO - ADDING CUSTOM SENTIMENT ANALYSIS (Post-Processing)
[2025-12-07T20:42:29.978+0000] {logging_mixin.py:154} INFO - ======================================================================
[2025-12-07T20:42:40.463+0000] {logging_mixin.py:154} INFO - ======================================================================
[2025-12-07T20:42:40.464+0000] {logging_mixin.py:154} INFO - ADDING CUSTOM SENTIMENT ANALYSIS - OPTIMIZED VERSION
[2025-12-07T20:42:40.465+0000] {logging_mixin.py:154} INFO - ======================================================================
[2025-12-07T20:42:40.465+0000] {logging_mixin.py:154} INFO - 
Step 1: Connecting to Snowflake...
[2025-12-07T20:42:40.466+0000] {connection.py:386} INFO - Snowflake Connector for Python Version: 3.7.0, Python Version: 3.11.6, Platform: Linux-6.6.87.2-microsoft-standard-WSL2-x86_64-with-glibc2.31
[2025-12-07T20:42:40.467+0000] {connection.py:1211} INFO - This connection is in OCSP Fail Open Mode. TLS Certificates would be checked for validity and revocation status. Any other Certificate Revocation related exceptions or OCSP Responder failures would be disregarded in favor of connectivity.
[2025-12-07T20:42:42.241+0000] {logging_mixin.py:154} INFO - ✅ Connected to Snowflake
[2025-12-07T20:42:42.242+0000] {logging_mixin.py:154} INFO - 
Step 2: Verifying sentiment columns...
[2025-12-07T20:42:42.242+0000] {cursor.py:1032} INFO - query: [DESCRIBE TABLE FACT_COMPLAINTS]
[2025-12-07T20:42:42.548+0000] {cursor.py:1045} INFO - query execution done
[2025-12-07T20:42:42.549+0000] {cursor.py:1205} INFO - Number of results in first chunk: 34
[2025-12-07T20:42:42.551+0000] {logging_mixin.py:154} INFO - ✅ All sentiment columns exist
[2025-12-07T20:42:42.551+0000] {logging_mixin.py:154} INFO - 
Step 3: Checking complaints needing sentiment analysis...
[2025-12-07T20:42:42.552+0000] {cursor.py:1032} INFO - query: [SELECT COUNT(*) FROM FACT_COMPLAINTS WHERE "SENTIMENT_SCORE" IS NULL]
[2025-12-07T20:42:43.530+0000] {cursor.py:1045} INFO - query execution done
[2025-12-07T20:42:43.531+0000] {cursor.py:1205} INFO - Number of results in first chunk: 1
[2025-12-07T20:42:43.532+0000] {logging_mixin.py:154} INFO - Found 66,738 complaints needing sentiment analysis
[2025-12-07T20:42:43.533+0000] {logging_mixin.py:154} INFO - 
Step 4: Creating temporary staging table...
[2025-12-07T20:42:43.534+0000] {cursor.py:1032} INFO - query: [CREATE TEMP TABLE sentiment_staging ( complaint_id VARCHAR, sentiment_score FLOA...]
[2025-12-07T20:42:43.878+0000] {cursor.py:1045} INFO - query execution done
[2025-12-07T20:42:43.878+0000] {cursor.py:1205} INFO - Number of results in first chunk: 1
[2025-12-07T20:42:43.879+0000] {logging_mixin.py:154} INFO - ✅ Temp table created
[2025-12-07T20:42:43.880+0000] {logging_mixin.py:154} INFO - 
Step 5: Loading sentiment models...
[2025-12-07T20:42:43.881+0000] {logging_mixin.py:154} INFO - ⏳ This may take 1-2 minutes...
[2025-12-07T20:42:43.881+0000] {analyzer.py:29} INFO - Initializing ComplaintSentimentAnalyzer...
[2025-12-07T20:42:43.883+0000] {models.py:35} INFO - Loading sentiment model: cardiffnlp/twitter-roberta-base-sentiment-latest
[2025-12-07T20:42:43.890+0000] {logging_mixin.py:154} WARNING - /home/***/.local/lib/python3.11/site-packages/huggingface_hub/file_download.py:942 FutureWarning: `resume_download` is deprecated and will be removed in version 1.0.0. Downloads always resume when possible. If you want to force a new download, use `force_download=True`.
[2025-12-07T20:42:45.688+0000] {logging_mixin.py:154} WARNING - Some weights of the model checkpoint at cardiffnlp/twitter-roberta-base-sentiment-latest were not used when initializing RobertaForSequenceClassification: ['roberta.pooler.dense.weight', 'roberta.pooler.dense.bias']
- This IS expected if you are initializing RobertaForSequenceClassification from the checkpoint of a model trained on another task or with another architecture (e.g. initializing a BertForSequenceClassification model from a BertForPreTraining model).
- This IS NOT expected if you are initializing RobertaForSequenceClassification from the checkpoint of a model that you expect to be exactly identical (initializing a BertForSequenceClassification model from a BertForSequenceClassification model).
[2025-12-07T20:42:45.924+0000] {models.py:50} INFO - ✅ Sentiment model loaded (device: CPU)
[2025-12-07T20:42:45.925+0000] {models.py:104} INFO - Loading embedding model: sentence-transformers/all-mpnet-base-v2
[2025-12-07T20:42:47.257+0000] {models.py:114} INFO - ✅ Embedding model loaded (device: cpu)
[2025-12-07T20:42:47.258+0000] {analyzer.py:36} INFO - ✅ ComplaintSentimentAnalyzer ready
[2025-12-07T20:42:47.259+0000] {logging_mixin.py:154} INFO - ✅ Models loaded in 3.4 seconds
[2025-12-07T20:42:47.260+0000] {logging_mixin.py:154} INFO - 
Step 6: Processing 66,738 complaints in 134 batches of 500...
[2025-12-07T20:42:47.261+0000] {logging_mixin.py:154} INFO - Using OPTIMIZED bulk update strategy with 500 complaints/batch
[2025-12-07T20:42:47.262+0000] {logging_mixin.py:154} INFO - ======================================================================
[2025-12-07T20:42:47.262+0000] {cursor.py:1032} INFO - query: [SELECT "complaint_id", "complaint_description" FROM FACT_COMPLAINTS WHERE "SENTI...]
[2025-12-07T20:42:48.288+0000] {cursor.py:1045} INFO - query execution done
[2025-12-07T20:42:48.289+0000] {cursor.py:1205} INFO - Number of results in first chunk: 153
[2025-12-07T20:51:49.786+0000] {local_task_job_runner.py:294} WARNING - State of this instance has been externally set to restarting. Terminating instance.
[2025-12-07T20:51:49.793+0000] {process_utils.py:131} INFO - Sending 15 to group 208. PIDs of all processes in the group: [208]
[2025-12-07T20:51:49.797+0000] {process_utils.py:86} INFO - Sending the signal 15 to group 208
[2025-12-07T20:51:49.817+0000] {taskinstance.py:1632} ERROR - Received SIGTERM. Terminating subprocesses.
[2025-12-07T20:51:49.825+0000] {logging_mixin.py:154} INFO - ❌ Sentiment Analysis Failed: Task received SIGTERM signal
[2025-12-07T20:51:49.856+0000] {logging_mixin.py:154} WARNING - Traceback (most recent call last):
[2025-12-07T20:51:49.860+0000] {logging_mixin.py:154} WARNING -   File "/opt/***/dags/autoinsight_cleaning_pipeline.py", line 406, in add_sentiment_to_complaints
    sentiment_main()
[2025-12-07T20:51:49.863+0000] {logging_mixin.py:154} WARNING -   File "/opt/***/src/add_sentiment_to_snowflake.py", line 165, in main
    sentiment_results = process_sentiment_batch(batch_df, analyzer)
                        ^^^^^^^^^^^^^^^^^^^^^^^^^^^^^^^^^^^^^^^^^^^
[2025-12-07T20:51:49.864+0000] {logging_mixin.py:154} WARNING -   File "/opt/***/src/add_sentiment_to_snowflake.py", line 27, in process_sentiment_batch
    result = analyzer.analyze(text)
             ^^^^^^^^^^^^^^^^^^^^^^
[2025-12-07T20:51:49.866+0000] {logging_mixin.py:154} WARNING -   File "/opt/***/src/sentiment/analyzer.py", line 77, in analyze
    sentiment_score, label, confidence = self.sentiment_model.predict(text)
                                         ^^^^^^^^^^^^^^^^^^^^^^^^^^^^^^^^^^
[2025-12-07T20:51:49.868+0000] {logging_mixin.py:154} WARNING -   File "/opt/***/src/sentiment/models.py", line 72, in predict
    result = self.pipeline(text)[0]
             ^^^^^^^^^^^^^^^^^^^
[2025-12-07T20:51:49.869+0000] {logging_mixin.py:154} WARNING -   File "/home/***/.local/lib/python3.11/site-packages/transformers/pipelines/text_classification.py", line 156, in __call__
    result = super().__call__(*args, **kwargs)
             ^^^^^^^^^^^^^^^^^^^^^^^^^^^^^^^^^
[2025-12-07T20:51:49.873+0000] {logging_mixin.py:154} WARNING -   File "/home/***/.local/lib/python3.11/site-packages/transformers/pipelines/base.py", line 1140, in __call__
    return self.run_single(inputs, preprocess_params, forward_params, postprocess_params)
           ^^^^^^^^^^^^^^^^^^^^^^^^^^^^^^^^^^^^^^^^^^^^^^^^^^^^^^^^^^^^^^^^^^^^^^^^^^^^^^
[2025-12-07T20:51:49.875+0000] {logging_mixin.py:154} WARNING -   File "/home/***/.local/lib/python3.11/site-packages/transformers/pipelines/base.py", line 1147, in run_single
    model_outputs = self.forward(model_inputs, **forward_params)
                    ^^^^^^^^^^^^^^^^^^^^^^^^^^^^^^^^^^^^^^^^^^^^
[2025-12-07T20:51:49.876+0000] {logging_mixin.py:154} WARNING -   File "/home/***/.local/lib/python3.11/site-packages/transformers/pipelines/base.py", line 1046, in forward
    model_outputs = self._forward(model_inputs, **forward_params)
                    ^^^^^^^^^^^^^^^^^^^^^^^^^^^^^^^^^^^^^^^^^^^^^
[2025-12-07T20:51:49.876+0000] {logging_mixin.py:154} WARNING -   File "/home/***/.local/lib/python3.11/site-packages/transformers/pipelines/text_classification.py", line 187, in _forward
    return self.model(**model_inputs)
           ^^^^^^^^^^^^^^^^^^^^^^^^^^
[2025-12-07T20:51:49.879+0000] {logging_mixin.py:154} WARNING -   File "/home/***/.local/lib/python3.11/site-packages/torch/nn/modules/module.py", line 1518, in _wrapped_call_impl
    return self._call_impl(*args, **kwargs)
           ^^^^^^^^^^^^^^^^^^^^^^^^^^^^^^^^
[2025-12-07T20:51:49.881+0000] {logging_mixin.py:154} WARNING -   File "/home/***/.local/lib/python3.11/site-packages/torch/nn/modules/module.py", line 1527, in _call_impl
    return forward_call(*args, **kwargs)
           ^^^^^^^^^^^^^^^^^^^^^^^^^^^^^
[2025-12-07T20:51:49.882+0000] {logging_mixin.py:154} WARNING -   File "/home/***/.local/lib/python3.11/site-packages/transformers/models/roberta/modeling_roberta.py", line 1198, in forward
    outputs = self.roberta(
              ^^^^^^^^^^^^^
[2025-12-07T20:51:49.883+0000] {logging_mixin.py:154} WARNING -   File "/home/***/.local/lib/python3.11/site-packages/torch/nn/modules/module.py", line 1518, in _wrapped_call_impl
    return self._call_impl(*args, **kwargs)
           ^^^^^^^^^^^^^^^^^^^^^^^^^^^^^^^^
[2025-12-07T20:51:49.884+0000] {logging_mixin.py:154} WARNING -   File "/home/***/.local/lib/python3.11/site-packages/torch/nn/modules/module.py", line 1527, in _call_impl
    return forward_call(*args, **kwargs)
           ^^^^^^^^^^^^^^^^^^^^^^^^^^^^^
[2025-12-07T20:51:49.885+0000] {logging_mixin.py:154} WARNING -   File "/home/***/.local/lib/python3.11/site-packages/transformers/models/roberta/modeling_roberta.py", line 835, in forward
    encoder_outputs = self.encoder(
                      ^^^^^^^^^^^^^
[2025-12-07T20:51:49.886+0000] {logging_mixin.py:154} WARNING -   File "/home/***/.local/lib/python3.11/site-packages/torch/nn/modules/module.py", line 1518, in _wrapped_call_impl
    return self._call_impl(*args, **kwargs)
           ^^^^^^^^^^^^^^^^^^^^^^^^^^^^^^^^
[2025-12-07T20:51:49.889+0000] {logging_mixin.py:154} WARNING -   File "/home/***/.local/lib/python3.11/site-packages/torch/nn/modules/module.py", line 1527, in _call_impl
    return forward_call(*args, **kwargs)
           ^^^^^^^^^^^^^^^^^^^^^^^^^^^^^
[2025-12-07T20:51:49.890+0000] {logging_mixin.py:154} WARNING -   File "/home/***/.local/lib/python3.11/site-packages/transformers/models/roberta/modeling_roberta.py", line 524, in forward
    layer_outputs = layer_module(
                    ^^^^^^^^^^^^^
[2025-12-07T20:51:49.893+0000] {logging_mixin.py:154} WARNING -   File "/home/***/.local/lib/python3.11/site-packages/torch/nn/modules/module.py", line 1518, in _wrapped_call_impl
    return self._call_impl(*args, **kwargs)
           ^^^^^^^^^^^^^^^^^^^^^^^^^^^^^^^^
[2025-12-07T20:51:49.894+0000] {logging_mixin.py:154} WARNING -   File "/home/***/.local/lib/python3.11/site-packages/torch/nn/modules/module.py", line 1527, in _call_impl
    return forward_call(*args, **kwargs)
           ^^^^^^^^^^^^^^^^^^^^^^^^^^^^^
[2025-12-07T20:51:49.895+0000] {logging_mixin.py:154} WARNING -   File "/home/***/.local/lib/python3.11/site-packages/transformers/models/roberta/modeling_roberta.py", line 413, in forward
    self_attention_outputs = self.attention(
                             ^^^^^^^^^^^^^^^
[2025-12-07T20:51:49.896+0000] {logging_mixin.py:154} WARNING -   File "/home/***/.local/lib/python3.11/site-packages/torch/nn/modules/module.py", line 1518, in _wrapped_call_impl
    return self._call_impl(*args, **kwargs)
           ^^^^^^^^^^^^^^^^^^^^^^^^^^^^^^^^
[2025-12-07T20:51:49.897+0000] {logging_mixin.py:154} WARNING -   File "/home/***/.local/lib/python3.11/site-packages/torch/nn/modules/module.py", line 1527, in _call_impl
    return forward_call(*args, **kwargs)
           ^^^^^^^^^^^^^^^^^^^^^^^^^^^^^
[2025-12-07T20:51:49.902+0000] {logging_mixin.py:154} WARNING -   File "/home/***/.local/lib/python3.11/site-packages/transformers/models/roberta/modeling_roberta.py", line 340, in forward
    self_outputs = self.self(
                   ^^^^^^^^^^
[2025-12-07T20:51:49.905+0000] {logging_mixin.py:154} WARNING -   File "/home/***/.local/lib/python3.11/site-packages/torch/nn/modules/module.py", line 1518, in _wrapped_call_impl
    return self._call_impl(*args, **kwargs)
           ^^^^^^^^^^^^^^^^^^^^^^^^^^^^^^^^
[2025-12-07T20:51:49.907+0000] {logging_mixin.py:154} WARNING -   File "/home/***/.local/lib/python3.11/site-packages/torch/nn/modules/module.py", line 1527, in _call_impl
    return forward_call(*args, **kwargs)
           ^^^^^^^^^^^^^^^^^^^^^^^^^^^^^
[2025-12-07T20:51:49.912+0000] {logging_mixin.py:154} WARNING -   File "/home/***/.local/lib/python3.11/site-packages/transformers/models/roberta/modeling_roberta.py", line 220, in forward
    value_layer = self.transpose_for_scores(self.value(hidden_states))
                                            ^^^^^^^^^^^^^^^^^^^^^^^^^
[2025-12-07T20:51:49.913+0000] {logging_mixin.py:154} WARNING -   File "/home/***/.local/lib/python3.11/site-packages/torch/nn/modules/module.py", line 1518, in _wrapped_call_impl
    return self._call_impl(*args, **kwargs)
           ^^^^^^^^^^^^^^^^^^^^^^^^^^^^^^^^
[2025-12-07T20:51:49.914+0000] {logging_mixin.py:154} WARNING -   File "/home/***/.local/lib/python3.11/site-packages/torch/nn/modules/module.py", line 1527, in _call_impl
    return forward_call(*args, **kwargs)
           ^^^^^^^^^^^^^^^^^^^^^^^^^^^^^
[2025-12-07T20:51:49.914+0000] {logging_mixin.py:154} WARNING -   File "/home/***/.local/lib/python3.11/site-packages/torch/nn/modules/linear.py", line 114, in forward
    return F.linear(input, self.weight, self.bias)
           ^^^^^^^^^^^^^^^^^^^^^^^^^^^^^^^^^^^^^^^
[2025-12-07T20:51:49.915+0000] {logging_mixin.py:154} WARNING -   File "/home/***/.local/lib/python3.11/site-packages/***/models/taskinstance.py", line 1634, in signal_handler
    raise AirflowException("Task received SIGTERM signal")
[2025-12-07T20:51:49.917+0000] {logging_mixin.py:154} WARNING - ***.exceptions.AirflowException: Task received SIGTERM signal
[2025-12-07T20:51:50.000+0000] {taskinstance.py:1937} ERROR - Task failed with exception
Traceback (most recent call last):
  File "/home/airflow/.local/lib/python3.11/site-packages/airflow/operators/python.py", line 192, in execute
    return_value = self.execute_callable()
                   ^^^^^^^^^^^^^^^^^^^^^^^
  File "/home/airflow/.local/lib/python3.11/site-packages/airflow/operators/python.py", line 209, in execute_callable
    return self.python_callable(*self.op_args, **self.op_kwargs)
           ^^^^^^^^^^^^^^^^^^^^^^^^^^^^^^^^^^^^^^^^^^^^^^^^^^^^^
  File "/opt/airflow/dags/autoinsight_cleaning_pipeline.py", line 406, in add_sentiment_to_complaints
    sentiment_main()
  File "/opt/airflow/src/add_sentiment_to_snowflake.py", line 165, in main
    sentiment_results = process_sentiment_batch(batch_df, analyzer)
                        ^^^^^^^^^^^^^^^^^^^^^^^^^^^^^^^^^^^^^^^^^^^
  File "/opt/airflow/src/add_sentiment_to_snowflake.py", line 27, in process_sentiment_batch
    result = analyzer.analyze(text)
             ^^^^^^^^^^^^^^^^^^^^^^
  File "/opt/airflow/src/sentiment/analyzer.py", line 77, in analyze
    sentiment_score, label, confidence = self.sentiment_model.predict(text)
                                         ^^^^^^^^^^^^^^^^^^^^^^^^^^^^^^^^^^
  File "/opt/airflow/src/sentiment/models.py", line 72, in predict
    result = self.pipeline(text)[0]
             ^^^^^^^^^^^^^^^^^^^
  File "/home/airflow/.local/lib/python3.11/site-packages/transformers/pipelines/text_classification.py", line 156, in __call__
    result = super().__call__(*args, **kwargs)
             ^^^^^^^^^^^^^^^^^^^^^^^^^^^^^^^^^
  File "/home/airflow/.local/lib/python3.11/site-packages/transformers/pipelines/base.py", line 1140, in __call__
    return self.run_single(inputs, preprocess_params, forward_params, postprocess_params)
           ^^^^^^^^^^^^^^^^^^^^^^^^^^^^^^^^^^^^^^^^^^^^^^^^^^^^^^^^^^^^^^^^^^^^^^^^^^^^^^
  File "/home/airflow/.local/lib/python3.11/site-packages/transformers/pipelines/base.py", line 1147, in run_single
    model_outputs = self.forward(model_inputs, **forward_params)
                    ^^^^^^^^^^^^^^^^^^^^^^^^^^^^^^^^^^^^^^^^^^^^
  File "/home/airflow/.local/lib/python3.11/site-packages/transformers/pipelines/base.py", line 1046, in forward
    model_outputs = self._forward(model_inputs, **forward_params)
                    ^^^^^^^^^^^^^^^^^^^^^^^^^^^^^^^^^^^^^^^^^^^^^
  File "/home/airflow/.local/lib/python3.11/site-packages/transformers/pipelines/text_classification.py", line 187, in _forward
    return self.model(**model_inputs)
           ^^^^^^^^^^^^^^^^^^^^^^^^^^
  File "/home/airflow/.local/lib/python3.11/site-packages/torch/nn/modules/module.py", line 1518, in _wrapped_call_impl
    return self._call_impl(*args, **kwargs)
           ^^^^^^^^^^^^^^^^^^^^^^^^^^^^^^^^
  File "/home/airflow/.local/lib/python3.11/site-packages/torch/nn/modules/module.py", line 1527, in _call_impl
    return forward_call(*args, **kwargs)
           ^^^^^^^^^^^^^^^^^^^^^^^^^^^^^
  File "/home/airflow/.local/lib/python3.11/site-packages/transformers/models/roberta/modeling_roberta.py", line 1198, in forward
    outputs = self.roberta(
              ^^^^^^^^^^^^^
  File "/home/airflow/.local/lib/python3.11/site-packages/torch/nn/modules/module.py", line 1518, in _wrapped_call_impl
    return self._call_impl(*args, **kwargs)
           ^^^^^^^^^^^^^^^^^^^^^^^^^^^^^^^^
  File "/home/airflow/.local/lib/python3.11/site-packages/torch/nn/modules/module.py", line 1527, in _call_impl
    return forward_call(*args, **kwargs)
           ^^^^^^^^^^^^^^^^^^^^^^^^^^^^^
  File "/home/airflow/.local/lib/python3.11/site-packages/transformers/models/roberta/modeling_roberta.py", line 835, in forward
    encoder_outputs = self.encoder(
                      ^^^^^^^^^^^^^
  File "/home/airflow/.local/lib/python3.11/site-packages/torch/nn/modules/module.py", line 1518, in _wrapped_call_impl
    return self._call_impl(*args, **kwargs)
           ^^^^^^^^^^^^^^^^^^^^^^^^^^^^^^^^
  File "/home/airflow/.local/lib/python3.11/site-packages/torch/nn/modules/module.py", line 1527, in _call_impl
    return forward_call(*args, **kwargs)
           ^^^^^^^^^^^^^^^^^^^^^^^^^^^^^
  File "/home/airflow/.local/lib/python3.11/site-packages/transformers/models/roberta/modeling_roberta.py", line 524, in forward
    layer_outputs = layer_module(
                    ^^^^^^^^^^^^^
  File "/home/airflow/.local/lib/python3.11/site-packages/torch/nn/modules/module.py", line 1518, in _wrapped_call_impl
    return self._call_impl(*args, **kwargs)
           ^^^^^^^^^^^^^^^^^^^^^^^^^^^^^^^^
  File "/home/airflow/.local/lib/python3.11/site-packages/torch/nn/modules/module.py", line 1527, in _call_impl
    return forward_call(*args, **kwargs)
           ^^^^^^^^^^^^^^^^^^^^^^^^^^^^^
  File "/home/airflow/.local/lib/python3.11/site-packages/transformers/models/roberta/modeling_roberta.py", line 413, in forward
    self_attention_outputs = self.attention(
                             ^^^^^^^^^^^^^^^
  File "/home/airflow/.local/lib/python3.11/site-packages/torch/nn/modules/module.py", line 1518, in _wrapped_call_impl
    return self._call_impl(*args, **kwargs)
           ^^^^^^^^^^^^^^^^^^^^^^^^^^^^^^^^
  File "/home/airflow/.local/lib/python3.11/site-packages/torch/nn/modules/module.py", line 1527, in _call_impl
    return forward_call(*args, **kwargs)
           ^^^^^^^^^^^^^^^^^^^^^^^^^^^^^
  File "/home/airflow/.local/lib/python3.11/site-packages/transformers/models/roberta/modeling_roberta.py", line 340, in forward
    self_outputs = self.self(
                   ^^^^^^^^^^
  File "/home/airflow/.local/lib/python3.11/site-packages/torch/nn/modules/module.py", line 1518, in _wrapped_call_impl
    return self._call_impl(*args, **kwargs)
           ^^^^^^^^^^^^^^^^^^^^^^^^^^^^^^^^
  File "/home/airflow/.local/lib/python3.11/site-packages/torch/nn/modules/module.py", line 1527, in _call_impl
    return forward_call(*args, **kwargs)
           ^^^^^^^^^^^^^^^^^^^^^^^^^^^^^
  File "/home/airflow/.local/lib/python3.11/site-packages/transformers/models/roberta/modeling_roberta.py", line 220, in forward
    value_layer = self.transpose_for_scores(self.value(hidden_states))
                                            ^^^^^^^^^^^^^^^^^^^^^^^^^
  File "/home/airflow/.local/lib/python3.11/site-packages/torch/nn/modules/module.py", line 1518, in _wrapped_call_impl
    return self._call_impl(*args, **kwargs)
           ^^^^^^^^^^^^^^^^^^^^^^^^^^^^^^^^
  File "/home/airflow/.local/lib/python3.11/site-packages/torch/nn/modules/module.py", line 1527, in _call_impl
    return forward_call(*args, **kwargs)
           ^^^^^^^^^^^^^^^^^^^^^^^^^^^^^
  File "/home/airflow/.local/lib/python3.11/site-packages/torch/nn/modules/linear.py", line 114, in forward
    return F.linear(input, self.weight, self.bias)
           ^^^^^^^^^^^^^^^^^^^^^^^^^^^^^^^^^^^^^^^
  File "/home/airflow/.local/lib/python3.11/site-packages/airflow/models/taskinstance.py", line 1634, in signal_handler
    raise AirflowException("Task received SIGTERM signal")
airflow.exceptions.AirflowException: Task received SIGTERM signal
[2025-12-07T20:51:50.048+0000] {taskinstance.py:1400} INFO - Marking task as UP_FOR_RETRY. dag_id=autoinsight_cleaning_pipeline, task_id=add_sentiment_analysis, execution_date=20251207T015544, start_date=20251207T204229, end_date=20251207T205150
[2025-12-07T20:51:50.099+0000] {standard_task_runner.py:104} ERROR - Failed to execute job 206 for task add_sentiment_analysis (Task received SIGTERM signal; 208)
[2025-12-07T20:51:50.340+0000] {process_utils.py:79} INFO - Process psutil.Process(pid=208, status='terminated', exitcode=1, started='20:42:29') (208) terminated with exit code 1
