[2025-12-07T01:15:31.758+0000] {taskinstance.py:1159} INFO - Dependencies all met for dep_context=non-requeueable deps ti=<TaskInstance: autoinsight_cleaning_pipeline.clean_fred_data manual__2025-12-07T01:15:30.295033+00:00 [queued]>
[2025-12-07T01:15:31.770+0000] {taskinstance.py:1159} INFO - Dependencies all met for dep_context=requeueable deps ti=<TaskInstance: autoinsight_cleaning_pipeline.clean_fred_data manual__2025-12-07T01:15:30.295033+00:00 [queued]>
[2025-12-07T01:15:31.771+0000] {taskinstance.py:1361} INFO - Starting attempt 1 of 3
[2025-12-07T01:15:31.789+0000] {taskinstance.py:1382} INFO - Executing <Task(PythonOperator): clean_fred_data> on 2025-12-07 01:15:30.295033+00:00
[2025-12-07T01:15:31.795+0000] {standard_task_runner.py:57} INFO - Started process 250 to run task
[2025-12-07T01:15:31.800+0000] {standard_task_runner.py:84} INFO - Running: ['***', 'tasks', 'run', 'autoinsight_cleaning_pipeline', 'clean_fred_data', 'manual__2025-12-07T01:15:30.295033+00:00', '--job-id', '148', '--raw', '--subdir', 'DAGS_FOLDER/autoinsight_cleaning_pipeline.py', '--cfg-path', '/tmp/tmpjpduyrl1']
[2025-12-07T01:15:31.804+0000] {standard_task_runner.py:85} INFO - Job 148: Subtask clean_fred_data
[2025-12-07T01:15:31.900+0000] {task_command.py:416} INFO - Running <TaskInstance: autoinsight_cleaning_pipeline.clean_fred_data manual__2025-12-07T01:15:30.295033+00:00 [running]> on host fb35e4f278df
[2025-12-07T01:15:32.020+0000] {taskinstance.py:1662} INFO - Exporting env vars: AIRFLOW_CTX_DAG_EMAIL='autoinsight@example.com' AIRFLOW_CTX_DAG_OWNER='autoinsight-team' AIRFLOW_CTX_DAG_ID='autoinsight_cleaning_pipeline' AIRFLOW_CTX_TASK_ID='clean_fred_data' AIRFLOW_CTX_EXECUTION_DATE='2025-12-07T01:15:30.295033+00:00' AIRFLOW_CTX_TRY_NUMBER='1' AIRFLOW_CTX_DAG_RUN_ID='manual__2025-12-07T01:15:30.295033+00:00'
[2025-12-07T01:15:32.021+0000] {logging_mixin.py:154} INFO - ======================================================================
[2025-12-07T01:15:32.022+0000] {logging_mixin.py:154} INFO - CLEANING TASK 2: FRED Economic Indicators
[2025-12-07T01:15:32.023+0000] {logging_mixin.py:154} INFO - ======================================================================
[2025-12-07T01:15:32.196+0000] {logging_mixin.py:154} INFO - 
Starting FRED Economic Indicators Cleaning
[2025-12-07T01:15:32.197+0000] {logging_mixin.py:154} INFO - Running in LOCAL mode
[2025-12-07T01:15:32.197+0000] {logging_mixin.py:154} INFO - Loading AWS S3 connectors...
[2025-12-07T01:15:46.937+0000] {logging_mixin.py:154} INFO - Input: s3a://autoinsightfinal/fred/raw/fred_economic_indicators.csv
[2025-12-07T01:15:46.939+0000] {logging_mixin.py:154} INFO - Output: s3a://autoinsightfinal/fred/cleaned_new/economic_indicators/parquet/
[2025-12-07T01:15:46.939+0000] {logging_mixin.py:154} INFO - ============================================================
[2025-12-07T01:15:46.940+0000] {logging_mixin.py:154} INFO - FRED ECONOMIC INDICATORS - CLEANING
[2025-12-07T01:15:46.941+0000] {logging_mixin.py:154} INFO - ============================================================
[2025-12-07T01:15:46.941+0000] {logging_mixin.py:154} INFO - 
Reading raw data from: s3a://autoinsightfinal/fred/raw/fred_economic_indicators.csv
[2025-12-07T01:16:05.973+0000] {logging_mixin.py:154} INFO -   Loaded 213 records (long format)
[2025-12-07T01:16:05.974+0000] {logging_mixin.py:154} INFO - 
Pivoting from long to wide format...
[2025-12-07T01:16:14.269+0000] {logging_mixin.py:154} INFO -   Pivoted to 71 rows (wide format)
[2025-12-07T01:16:14.276+0000] {logging_mixin.py:154} INFO - 
Cleaning Summary:
[2025-12-07T01:16:14.277+0000] {logging_mixin.py:154} INFO -   Initial records: 213 (long format)
[2025-12-07T01:16:14.280+0000] {logging_mixin.py:154} INFO -   Final records: 71 (wide format)
[2025-12-07T01:16:18.424+0000] {logging_mixin.py:154} INFO -   Date range: 2020-01-01 to 2025-11-01
[2025-12-07T01:16:18.426+0000] {logging_mixin.py:154} INFO - 
Writing cleaned data to: s3a://autoinsightfinal/fred/cleaned_new/economic_indicators/parquet/
[2025-12-07T01:16:55.804+0000] {logging_mixin.py:154} INFO - Writing CSV to: s3a://autoinsightfinal/fred/cleaned_new/economic_indicators/csv/
[2025-12-07T01:17:25.345+0000] {logging_mixin.py:154} INFO - 
FRED cleaning complete!
[2025-12-07T01:17:25.346+0000] {logging_mixin.py:154} INFO - ============================================================
[2025-12-07T01:17:25.347+0000] {logging_mixin.py:154} INFO - 
Sample of cleaned data (Snowflake-ready):
[2025-12-07T01:17:27.507+0000] {logging_mixin.py:154} INFO - +----------+-------------------+-----------------+-------------------+-----------+--------------------------+
|date      |total_vehicle_sales|light_truck_sales|domestic_auto_sales|data_source|loaded_at                 |
+----------+-------------------+-----------------+-------------------+-----------+--------------------------+
|2020-01-01|16.85              |16.42            |3.224              |FRED       |2025-12-07 01:17:25.420791|
|2020-02-01|17.13              |16.669           |3.202              |FRED       |2025-12-07 01:17:25.420791|
|2020-03-01|11.825             |11.444           |2.27               |FRED       |2025-12-07 01:17:25.420791|
|2020-04-01|8.919              |8.571            |1.433              |FRED       |2025-12-07 01:17:25.420791|
|2020-05-01|12.543             |12.244           |1.883              |FRED       |2025-12-07 01:17:25.420791|
|2020-06-01|13.532             |13.182           |2.061              |FRED       |2025-12-07 01:17:25.420791|
|2020-07-01|15.182             |14.802           |2.617              |FRED       |2025-12-07 01:17:25.420791|
|2020-08-01|16.09              |15.656           |2.722              |FRED       |2025-12-07 01:17:25.420791|
|2020-09-01|16.713             |16.275           |2.83               |FRED       |2025-12-07 01:17:25.420791|
|2020-10-01|16.564             |16.112           |2.817              |FRED       |2025-12-07 01:17:25.420791|
+----------+-------------------+-----------------+-------------------+-----------+--------------------------+
only showing top 10 rows
[2025-12-07T01:17:27.814+0000] {logging_mixin.py:154} INFO - ✅ FRED Data Cleaning Complete
[2025-12-07T01:17:27.852+0000] {python.py:194} INFO - Done. Returned value was: True
[2025-12-07T01:17:27.900+0000] {taskinstance.py:1400} INFO - Marking task as SUCCESS. dag_id=autoinsight_cleaning_pipeline, task_id=clean_fred_data, execution_date=20251207T011530, start_date=20251207T011531, end_date=20251207T011727
[2025-12-07T01:17:27.990+0000] {local_task_job_runner.py:228} INFO - Task exited with return code 0
[2025-12-07T01:17:28.113+0000] {taskinstance.py:2778} INFO - 1 downstream tasks scheduled from follow-on schedule check
