[2025-12-08T22:12:00.243+0000] {taskinstance.py:1159} INFO - Dependencies all met for dep_context=non-requeueable deps ti=<TaskInstance: autoinsight_cleaning_pipeline_v2.generate_report manual__2025-12-08T21:28:54.281742+00:00 [queued]>
[2025-12-08T22:12:00.263+0000] {taskinstance.py:1159} INFO - Dependencies all met for dep_context=requeueable deps ti=<TaskInstance: autoinsight_cleaning_pipeline_v2.generate_report manual__2025-12-08T21:28:54.281742+00:00 [queued]>
[2025-12-08T22:12:00.264+0000] {taskinstance.py:1361} INFO - Starting attempt 1 of 3
[2025-12-08T22:12:00.294+0000] {taskinstance.py:1382} INFO - Executing <Task(PythonOperator): generate_report> on 2025-12-08 21:28:54.281742+00:00
[2025-12-08T22:12:00.314+0000] {standard_task_runner.py:57} INFO - Started process 667 to run task
[2025-12-08T22:12:00.320+0000] {standard_task_runner.py:84} INFO - Running: ['***', 'tasks', 'run', 'autoinsight_cleaning_pipeline_v2', 'generate_report', 'manual__2025-12-08T21:28:54.281742+00:00', '--job-id', '252', '--raw', '--subdir', 'DAGS_FOLDER/autoinsight_cleaning_pipeline.py', '--cfg-path', '/tmp/tmpxp94j_en']
[2025-12-08T22:12:00.327+0000] {standard_task_runner.py:85} INFO - Job 252: Subtask generate_report
[2025-12-08T22:12:00.452+0000] {task_command.py:416} INFO - Running <TaskInstance: autoinsight_cleaning_pipeline_v2.generate_report manual__2025-12-08T21:28:54.281742+00:00 [running]> on host 71216401ab91
[2025-12-08T22:12:00.570+0000] {taskinstance.py:1662} INFO - Exporting env vars: AIRFLOW_CTX_DAG_EMAIL='autoinsight@example.com' AIRFLOW_CTX_DAG_OWNER='autoinsight-team' AIRFLOW_CTX_DAG_ID='autoinsight_cleaning_pipeline_v2' AIRFLOW_CTX_TASK_ID='generate_report' AIRFLOW_CTX_EXECUTION_DATE='2025-12-08T21:28:54.281742+00:00' AIRFLOW_CTX_TRY_NUMBER='1' AIRFLOW_CTX_DAG_RUN_ID='manual__2025-12-08T21:28:54.281742+00:00'
[2025-12-08T22:12:00.572+0000] {logging_mixin.py:154} INFO - ======================================================================
[2025-12-08T22:12:00.573+0000] {logging_mixin.py:154} INFO - PIPELINE EXECUTION REPORT
[2025-12-08T22:12:00.573+0000] {logging_mixin.py:154} INFO - ======================================================================
[2025-12-08T22:12:00.574+0000] {logging_mixin.py:154} INFO - 
Rows Loaded to Snowflake:
[2025-12-08T22:12:00.653+0000] {logging_mixin.py:154} INFO - 
  TOTAL: 0 rows
[2025-12-08T22:12:00.654+0000] {logging_mixin.py:154} INFO - 
✅ Pipeline Complete!
[2025-12-08T22:12:00.654+0000] {logging_mixin.py:154} INFO - ======================================================================
[2025-12-08T22:12:00.655+0000] {python.py:194} INFO - Done. Returned value was: None
[2025-12-08T22:12:00.672+0000] {taskinstance.py:1400} INFO - Marking task as SUCCESS. dag_id=autoinsight_cleaning_pipeline_v2, task_id=generate_report, execution_date=20251208T212854, start_date=20251208T221200, end_date=20251208T221200
[2025-12-08T22:12:00.737+0000] {local_task_job_runner.py:228} INFO - Task exited with return code 0
[2025-12-08T22:12:00.766+0000] {taskinstance.py:2778} INFO - 0 downstream tasks scheduled from follow-on schedule check
