[2025-12-08T22:31:37.307+0000] {taskinstance.py:1159} INFO - Dependencies all met for dep_context=non-requeueable deps ti=<TaskInstance: autoinsight_cleaning_pipeline_v2.load_fred_to_snowflake manual__2025-12-08T22:23:46.693862+00:00 [queued]>
[2025-12-08T22:31:37.328+0000] {taskinstance.py:1159} INFO - Dependencies all met for dep_context=requeueable deps ti=<TaskInstance: autoinsight_cleaning_pipeline_v2.load_fred_to_snowflake manual__2025-12-08T22:23:46.693862+00:00 [queued]>
[2025-12-08T22:31:37.330+0000] {taskinstance.py:1361} INFO - Starting attempt 1 of 3
[2025-12-08T22:31:37.359+0000] {taskinstance.py:1382} INFO - Executing <Task(PythonOperator): load_fred_to_snowflake> on 2025-12-08 22:23:46.693862+00:00
[2025-12-08T22:31:37.367+0000] {standard_task_runner.py:57} INFO - Started process 3070 to run task
[2025-12-08T22:31:37.372+0000] {standard_task_runner.py:84} INFO - Running: ['***', 'tasks', 'run', 'autoinsight_cleaning_pipeline_v2', 'load_fred_to_snowflake', 'manual__2025-12-08T22:23:46.693862+00:00', '--job-id', '267', '--raw', '--subdir', 'DAGS_FOLDER/autoinsight_cleaning_pipeline.py', '--cfg-path', '/tmp/tmp4rwm5g5y']
[2025-12-08T22:31:37.378+0000] {standard_task_runner.py:85} INFO - Job 267: Subtask load_fred_to_snowflake
[2025-12-08T22:31:37.493+0000] {task_command.py:416} INFO - Running <TaskInstance: autoinsight_cleaning_pipeline_v2.load_fred_to_snowflake manual__2025-12-08T22:23:46.693862+00:00 [running]> on host 71216401ab91
[2025-12-08T22:31:37.613+0000] {taskinstance.py:1662} INFO - Exporting env vars: AIRFLOW_CTX_DAG_EMAIL='autoinsight@example.com' AIRFLOW_CTX_DAG_OWNER='autoinsight-team' AIRFLOW_CTX_DAG_ID='autoinsight_cleaning_pipeline_v2' AIRFLOW_CTX_TASK_ID='load_fred_to_snowflake' AIRFLOW_CTX_EXECUTION_DATE='2025-12-08T22:23:46.693862+00:00' AIRFLOW_CTX_TRY_NUMBER='1' AIRFLOW_CTX_DAG_RUN_ID='manual__2025-12-08T22:23:46.693862+00:00'
[2025-12-08T22:31:40.073+0000] {logging_mixin.py:154} INFO - ======================================================================
[2025-12-08T22:31:40.074+0000] {logging_mixin.py:154} INFO - SNOWFLAKE LOAD: FRED
[2025-12-08T22:31:40.075+0000] {logging_mixin.py:154} INFO - S3 Path: s3://autoinsightfinal/fred/cleaned_new/economic_indicators/csv/
[2025-12-08T22:31:40.077+0000] {logging_mixin.py:154} INFO - Target: AUTOMOTIVE_AI.FRED.FACT_ECONOMIC_INDICATORS
[2025-12-08T22:31:40.082+0000] {logging_mixin.py:154} INFO - ======================================================================
[2025-12-08T22:31:40.108+0000] {credentials.py:1147} INFO - Found credentials in environment variables.
[2025-12-08T22:31:40.983+0000] {logging_mixin.py:154} INFO - Reading: s3://autoinsightfinal/fred/cleaned_new/economic_indicators/csv/part-00000-95c5f5e6-08df-43c8-87e1-09bd886f202a-c000.csv
[2025-12-08T22:31:41.129+0000] {logging_mixin.py:154} INFO - Loaded 71 records from S3
[2025-12-08T22:31:41.130+0000] {logging_mixin.py:154} INFO - Columns: ['date', 'total_vehicle_sales', 'light_truck_sales', 'domestic_auto_sales', 'data_source', 'loaded_at']
[2025-12-08T22:31:41.134+0000] {connection.py:386} INFO - Snowflake Connector for Python Version: 3.7.0, Python Version: 3.11.6, Platform: Linux-6.6.87.2-microsoft-standard-WSL2-x86_64-with-glibc2.31
[2025-12-08T22:31:41.136+0000] {connection.py:1211} INFO - This connection is in OCSP Fail Open Mode. TLS Certificates would be checked for validity and revocation status. Any other Certificate Revocation related exceptions or OCSP Responder failures would be disregarded in favor of connectivity.
[2025-12-08T22:31:45.235+0000] {cursor.py:1032} INFO - query: [USE SCHEMA FRED]
[2025-12-08T22:31:45.707+0000] {cursor.py:1045} INFO - query execution done
[2025-12-08T22:31:45.708+0000] {cursor.py:1205} INFO - Number of results in first chunk: 1
[2025-12-08T22:31:45.712+0000] {cursor.py:1032} INFO - query: [CREATE TEMP STAGE /* Python:snowflake.connector.pandas_tools.write_pandas() */ g...]
[2025-12-08T22:31:46.121+0000] {cursor.py:1045} INFO - query execution done
[2025-12-08T22:31:46.124+0000] {cursor.py:1205} INFO - Number of results in first chunk: 1
[2025-12-08T22:31:46.233+0000] {cursor.py:1032} INFO - query: [PUT /* Python:snowflake.connector.pandas_tools.write_pandas() */ 'file:///tmp/tm...]
[2025-12-08T22:31:46.724+0000] {cursor.py:1045} INFO - query execution done
[2025-12-08T22:31:50.135+0000] {cursor.py:1032} INFO - query: [CREATE TEMP FILE FORMAT futymgkpzi /* Python:snowflake.connector.pandas_tools.wr...]
[2025-12-08T22:31:50.258+0000] {cursor.py:1045} INFO - query execution done
[2025-12-08T22:31:50.259+0000] {cursor.py:1205} INFO - Number of results in first chunk: 1
[2025-12-08T22:31:50.260+0000] {cursor.py:1032} INFO - query: [SELECT COLUMN_NAME, TYPE FROM table(infer_schema(location=>'@gkiuitojdt', file_f...]
[2025-12-08T22:31:51.370+0000] {cursor.py:1045} INFO - query execution done
[2025-12-08T22:31:51.372+0000] {cursor.py:1205} INFO - Number of results in first chunk: 6
[2025-12-08T22:31:51.373+0000] {cursor.py:1032} INFO - query: [CREATE  TABLE IF NOT EXISTS wonuzvxaad (date TEXT, total_vehicle_sales REAL, lig...]
[2025-12-08T22:31:51.856+0000] {cursor.py:1045} INFO - query execution done
[2025-12-08T22:31:51.857+0000] {cursor.py:1205} INFO - Number of results in first chunk: 1
[2025-12-08T22:31:51.858+0000] {cursor.py:1032} INFO - query: [COPY INTO wonuzvxaad /* Python:snowflake.connector.pandas_tools.write_pandas() *...]
[2025-12-08T22:31:53.532+0000] {cursor.py:1045} INFO - query execution done
[2025-12-08T22:31:53.534+0000] {cursor.py:1205} INFO - Number of results in first chunk: 1
[2025-12-08T22:31:53.535+0000] {cursor.py:1032} INFO - query: [DROP TABLE IF EXISTS FACT_ECONOMIC_INDICATORS /* Python:snowflake.connector.pand...]
[2025-12-08T22:31:54.393+0000] {cursor.py:1045} INFO - query execution done
[2025-12-08T22:31:54.394+0000] {cursor.py:1205} INFO - Number of results in first chunk: 1
[2025-12-08T22:31:54.395+0000] {cursor.py:1032} INFO - query: [ALTER TABLE wonuzvxaad RENAME TO FACT_ECONOMIC_INDICATORS /* Python:snowflake.co...]
[2025-12-08T22:31:54.633+0000] {cursor.py:1045} INFO - query execution done
[2025-12-08T22:31:54.634+0000] {cursor.py:1205} INFO - Number of results in first chunk: 1
[2025-12-08T22:31:54.635+0000] {logging_mixin.py:154} INFO - ✅ Loaded 71 rows into AUTOMOTIVE_AI.FRED.FACT_ECONOMIC_INDICATORS
[2025-12-08T22:31:54.636+0000] {cursor.py:1032} INFO - query: [SELECT COUNT(*) FROM FACT_ECONOMIC_INDICATORS]
[2025-12-08T22:31:55.041+0000] {cursor.py:1045} INFO - query execution done
[2025-12-08T22:31:55.043+0000] {cursor.py:1205} INFO - Number of results in first chunk: 1
[2025-12-08T22:31:55.043+0000] {logging_mixin.py:154} INFO - Verification: 71 rows in table
[2025-12-08T22:31:55.044+0000] {connection.py:734} INFO - closed
[2025-12-08T22:31:55.844+0000] {connection.py:740} INFO - No async queries seem to be running, deleting session
[2025-12-08T22:31:56.136+0000] {python.py:194} INFO - Done. Returned value was: True
[2025-12-08T22:31:56.159+0000] {taskinstance.py:1400} INFO - Marking task as SUCCESS. dag_id=autoinsight_cleaning_pipeline_v2, task_id=load_fred_to_snowflake, execution_date=20251208T222346, start_date=20251208T223137, end_date=20251208T223156
[2025-12-08T22:31:56.230+0000] {local_task_job_runner.py:228} INFO - Task exited with return code 0
[2025-12-08T22:31:56.266+0000] {taskinstance.py:2778} INFO - 0 downstream tasks scheduled from follow-on schedule check
