[2025-12-08T22:43:39.982+0000] {taskinstance.py:1159} INFO - Dependencies all met for dep_context=non-requeueable deps ti=<TaskInstance: autoinsight_cleaning_pipeline_v2.load_complaints_to_snowflake manual__2025-12-08T22:39:05.084554+00:00 [queued]>
[2025-12-08T22:43:39.991+0000] {taskinstance.py:1159} INFO - Dependencies all met for dep_context=requeueable deps ti=<TaskInstance: autoinsight_cleaning_pipeline_v2.load_complaints_to_snowflake manual__2025-12-08T22:39:05.084554+00:00 [queued]>
[2025-12-08T22:43:39.993+0000] {taskinstance.py:1361} INFO - Starting attempt 1 of 3
[2025-12-08T22:43:40.003+0000] {taskinstance.py:1382} INFO - Executing <Task(PythonOperator): load_complaints_to_snowflake> on 2025-12-08 22:39:05.084554+00:00
[2025-12-08T22:43:40.007+0000] {standard_task_runner.py:57} INFO - Started process 9475 to run task
[2025-12-08T22:43:40.011+0000] {standard_task_runner.py:84} INFO - Running: ['***', 'tasks', 'run', 'autoinsight_cleaning_pipeline_v2', 'load_complaints_to_snowflake', 'manual__2025-12-08T22:39:05.084554+00:00', '--job-id', '285', '--raw', '--subdir', 'DAGS_FOLDER/autoinsight_cleaning_pipeline.py', '--cfg-path', '/tmp/tmpeocwfrgn']
[2025-12-08T22:43:40.014+0000] {standard_task_runner.py:85} INFO - Job 285: Subtask load_complaints_to_snowflake
[2025-12-08T22:43:40.074+0000] {task_command.py:416} INFO - Running <TaskInstance: autoinsight_cleaning_pipeline_v2.load_complaints_to_snowflake manual__2025-12-08T22:39:05.084554+00:00 [running]> on host 71216401ab91
[2025-12-08T22:43:40.139+0000] {taskinstance.py:1662} INFO - Exporting env vars: AIRFLOW_CTX_DAG_EMAIL='autoinsight@example.com' AIRFLOW_CTX_DAG_OWNER='autoinsight-team' AIRFLOW_CTX_DAG_ID='autoinsight_cleaning_pipeline_v2' AIRFLOW_CTX_TASK_ID='load_complaints_to_snowflake' AIRFLOW_CTX_EXECUTION_DATE='2025-12-08T22:39:05.084554+00:00' AIRFLOW_CTX_TRY_NUMBER='1' AIRFLOW_CTX_DAG_RUN_ID='manual__2025-12-08T22:39:05.084554+00:00'
[2025-12-08T22:43:40.810+0000] {logging_mixin.py:154} INFO - ======================================================================
[2025-12-08T22:43:40.810+0000] {logging_mixin.py:154} INFO - SNOWFLAKE LOAD: COMPLAINTS
[2025-12-08T22:43:40.811+0000] {logging_mixin.py:154} INFO - S3 Path: s3://autoinsightfinal/nhtsa/cleaned_new/complaints/csv/
[2025-12-08T22:43:40.813+0000] {logging_mixin.py:154} INFO - Target: AUTOMOTIVE_AI.NHTSA.FACT_COMPLAINTS
[2025-12-08T22:43:40.814+0000] {logging_mixin.py:154} INFO - ======================================================================
[2025-12-08T22:43:40.822+0000] {credentials.py:1147} INFO - Found credentials in environment variables.
[2025-12-08T22:43:41.439+0000] {logging_mixin.py:154} INFO - Reading: s3://autoinsightfinal/nhtsa/cleaned_new/complaints/csv/part-00000-7ab6c56b-5edb-445b-b66d-f55ceb963fdb-c000.csv
[2025-12-08T22:43:53.357+0000] {logging_mixin.py:154} INFO - Loaded 210,517 records from S3
[2025-12-08T22:43:53.358+0000] {logging_mixin.py:154} INFO - Columns: ['complaint_id', 'nhtsa_complaint_id', 'vehicle_id', 'make', 'model', 'year', 'fail_date', 'date_added', 'mileage', 'vehicle_speed', 'component_description', 'crash_flag', 'fire_flag', 'injured', 'deaths', 'has_incident', 'severity_level', 'complaint_description', 'sentiment_score', 'sentiment_label', 'sentiment_confidence', 'sentiment_category', 'negation_count', 'safety_keyword_count', 'vin', 'drive_train', 'fuel_type', 'is_original_owner', 'was_repaired', 'was_towed', 'missing_critical_data', 'processed_at', 'data_source', 'processing_version']
[2025-12-08T22:43:53.359+0000] {connection.py:386} INFO - Snowflake Connector for Python Version: 3.7.0, Python Version: 3.11.6, Platform: Linux-6.6.87.2-microsoft-standard-WSL2-x86_64-with-glibc2.31
[2025-12-08T22:43:53.360+0000] {connection.py:1211} INFO - This connection is in OCSP Fail Open Mode. TLS Certificates would be checked for validity and revocation status. Any other Certificate Revocation related exceptions or OCSP Responder failures would be disregarded in favor of connectivity.
[2025-12-08T22:43:54.804+0000] {cursor.py:1032} INFO - query: [USE SCHEMA NHTSA]
[2025-12-08T22:43:54.909+0000] {cursor.py:1045} INFO - query execution done
[2025-12-08T22:43:54.910+0000] {cursor.py:1205} INFO - Number of results in first chunk: 1
[2025-12-08T22:43:54.912+0000] {cursor.py:1032} INFO - query: [CREATE TEMP STAGE /* Python:snowflake.connector.pandas_tools.write_pandas() */ s...]
[2025-12-08T22:43:55.080+0000] {cursor.py:1045} INFO - query execution done
[2025-12-08T22:43:55.081+0000] {cursor.py:1205} INFO - Number of results in first chunk: 1
[2025-12-08T22:44:03.926+0000] {cursor.py:1032} INFO - query: [PUT /* Python:snowflake.connector.pandas_tools.write_pandas() */ 'file:///tmp/tm...]
[2025-12-08T22:44:04.071+0000] {cursor.py:1045} INFO - query execution done
[2025-12-08T22:44:07.619+0000] {cursor.py:1032} INFO - query: [CREATE TEMP FILE FORMAT ceihgeavcr /* Python:snowflake.connector.pandas_tools.wr...]
[2025-12-08T22:44:07.751+0000] {cursor.py:1045} INFO - query execution done
[2025-12-08T22:44:07.752+0000] {cursor.py:1205} INFO - Number of results in first chunk: 1
[2025-12-08T22:44:07.753+0000] {cursor.py:1032} INFO - query: [SELECT COLUMN_NAME, TYPE FROM table(infer_schema(location=>'@sbnjqiedkl', file_f...]
[2025-12-08T22:44:08.697+0000] {cursor.py:1045} INFO - query execution done
[2025-12-08T22:44:08.699+0000] {cursor.py:1205} INFO - Number of results in first chunk: 34
[2025-12-08T22:44:08.702+0000] {cursor.py:1032} INFO - query: [CREATE  TABLE IF NOT EXISTS uyyjbwguoq (complaint_id TEXT, nhtsa_complaint_id NU...]
[2025-12-08T22:44:08.891+0000] {cursor.py:1045} INFO - query execution done
[2025-12-08T22:44:08.893+0000] {cursor.py:1205} INFO - Number of results in first chunk: 1
[2025-12-08T22:44:08.895+0000] {cursor.py:1032} INFO - query: [COPY INTO uyyjbwguoq /* Python:snowflake.connector.pandas_tools.write_pandas() *...]
[2025-12-08T22:44:14.776+0000] {cursor.py:1045} INFO - query execution done
[2025-12-08T22:44:14.777+0000] {cursor.py:1205} INFO - Number of results in first chunk: 1
[2025-12-08T22:44:14.777+0000] {cursor.py:1032} INFO - query: [DROP TABLE IF EXISTS FACT_COMPLAINTS /* Python:snowflake.connector.pandas_tools....]
[2025-12-08T22:44:14.991+0000] {cursor.py:1045} INFO - query execution done
[2025-12-08T22:44:14.991+0000] {cursor.py:1205} INFO - Number of results in first chunk: 1
[2025-12-08T22:44:14.992+0000] {cursor.py:1032} INFO - query: [ALTER TABLE uyyjbwguoq RENAME TO FACT_COMPLAINTS /* Python:snowflake.connector.p...]
[2025-12-08T22:44:15.165+0000] {cursor.py:1045} INFO - query execution done
[2025-12-08T22:44:15.166+0000] {cursor.py:1205} INFO - Number of results in first chunk: 1
[2025-12-08T22:44:15.167+0000] {logging_mixin.py:154} INFO - ✅ Loaded 210,517 rows into AUTOMOTIVE_AI.NHTSA.FACT_COMPLAINTS
[2025-12-08T22:44:15.168+0000] {cursor.py:1032} INFO - query: [SELECT COUNT(*) FROM FACT_COMPLAINTS]
[2025-12-08T22:44:15.316+0000] {cursor.py:1045} INFO - query execution done
[2025-12-08T22:44:15.316+0000] {cursor.py:1205} INFO - Number of results in first chunk: 1
[2025-12-08T22:44:15.318+0000] {logging_mixin.py:154} INFO - Verification: 210,517 rows in table
[2025-12-08T22:44:15.319+0000] {connection.py:734} INFO - closed
[2025-12-08T22:44:15.392+0000] {connection.py:740} INFO - No async queries seem to be running, deleting session
[2025-12-08T22:44:15.613+0000] {python.py:194} INFO - Done. Returned value was: True
[2025-12-08T22:44:15.637+0000] {taskinstance.py:1400} INFO - Marking task as SUCCESS. dag_id=autoinsight_cleaning_pipeline_v2, task_id=load_complaints_to_snowflake, execution_date=20251208T223905, start_date=20251208T224339, end_date=20251208T224415
[2025-12-08T22:44:15.701+0000] {local_task_job_runner.py:228} INFO - Task exited with return code 0
[2025-12-08T22:44:15.721+0000] {taskinstance.py:2778} INFO - 0 downstream tasks scheduled from follow-on schedule check
