[2025-12-08T22:40:45.627+0000] {taskinstance.py:1159} INFO - Dependencies all met for dep_context=non-requeueable deps ti=<TaskInstance: autoinsight_cleaning_pipeline_v2.load_epa_to_snowflake manual__2025-12-08T22:39:05.084554+00:00 [queued]>
[2025-12-08T22:40:45.652+0000] {taskinstance.py:1159} INFO - Dependencies all met for dep_context=requeueable deps ti=<TaskInstance: autoinsight_cleaning_pipeline_v2.load_epa_to_snowflake manual__2025-12-08T22:39:05.084554+00:00 [queued]>
[2025-12-08T22:40:45.653+0000] {taskinstance.py:1361} INFO - Starting attempt 1 of 3
[2025-12-08T22:40:45.677+0000] {taskinstance.py:1382} INFO - Executing <Task(PythonOperator): load_epa_to_snowflake> on 2025-12-08 22:39:05.084554+00:00
[2025-12-08T22:40:45.688+0000] {standard_task_runner.py:57} INFO - Started process 8182 to run task
[2025-12-08T22:40:45.695+0000] {standard_task_runner.py:84} INFO - Running: ['***', 'tasks', 'run', 'autoinsight_cleaning_pipeline_v2', 'load_epa_to_snowflake', 'manual__2025-12-08T22:39:05.084554+00:00', '--job-id', '281', '--raw', '--subdir', 'DAGS_FOLDER/autoinsight_cleaning_pipeline.py', '--cfg-path', '/tmp/tmpoy040zl0']
[2025-12-08T22:40:45.703+0000] {standard_task_runner.py:85} INFO - Job 281: Subtask load_epa_to_snowflake
[2025-12-08T22:40:45.845+0000] {task_command.py:416} INFO - Running <TaskInstance: autoinsight_cleaning_pipeline_v2.load_epa_to_snowflake manual__2025-12-08T22:39:05.084554+00:00 [running]> on host 71216401ab91
[2025-12-08T22:40:46.028+0000] {taskinstance.py:1662} INFO - Exporting env vars: AIRFLOW_CTX_DAG_EMAIL='autoinsight@example.com' AIRFLOW_CTX_DAG_OWNER='autoinsight-team' AIRFLOW_CTX_DAG_ID='autoinsight_cleaning_pipeline_v2' AIRFLOW_CTX_TASK_ID='load_epa_to_snowflake' AIRFLOW_CTX_EXECUTION_DATE='2025-12-08T22:39:05.084554+00:00' AIRFLOW_CTX_TRY_NUMBER='1' AIRFLOW_CTX_DAG_RUN_ID='manual__2025-12-08T22:39:05.084554+00:00'
[2025-12-08T22:40:48.138+0000] {logging_mixin.py:154} INFO - ======================================================================
[2025-12-08T22:40:48.141+0000] {logging_mixin.py:154} INFO - SNOWFLAKE LOAD: EPA
[2025-12-08T22:40:48.143+0000] {logging_mixin.py:154} INFO - S3 Path: s3://autoinsightfinal/epa/cleaned_new/fuel_economy/csv/
[2025-12-08T22:40:48.144+0000] {logging_mixin.py:154} INFO - Target: AUTOMOTIVE_AI.EPA.FACT_FUEL_ECONOMY
[2025-12-08T22:40:48.149+0000] {logging_mixin.py:154} INFO - ======================================================================
[2025-12-08T22:40:48.180+0000] {credentials.py:1147} INFO - Found credentials in environment variables.
[2025-12-08T22:40:50.918+0000] {logging_mixin.py:154} INFO - Reading: s3://autoinsightfinal/epa/cleaned_new/fuel_economy/csv/part-00000-37b03413-e9c6-49a7-8261-e5c9f43fd24f-c000.csv
[2025-12-08T22:40:53.220+0000] {logging_mixin.py:154} INFO - Loaded 3,858 records from S3
[2025-12-08T22:40:53.221+0000] {logging_mixin.py:154} INFO - Columns: ['fuel_economy_id', 'epa_id', 'vehicle_id', 'make', 'model', 'year', 'vehicle_class', 'fuel_type', 'primary_fuel_type', 'secondary_fuel_type', 'fuel_category', 'mpg_city', 'mpg_highway', 'mpg_combined', 'mpge_combined', 'electric_range', 'efficiency_score', 'cylinders', 'drive_train', 'transmission', 'greenhouse_gas_score', 'co2_tailpipe', 'is_electric', 'is_hybrid', 'is_flex_fuel', 'processed_at', 'data_source', 'processing_version']
[2025-12-08T22:40:53.222+0000] {connection.py:386} INFO - Snowflake Connector for Python Version: 3.7.0, Python Version: 3.11.6, Platform: Linux-6.6.87.2-microsoft-standard-WSL2-x86_64-with-glibc2.31
[2025-12-08T22:40:53.223+0000] {connection.py:1211} INFO - This connection is in OCSP Fail Open Mode. TLS Certificates would be checked for validity and revocation status. Any other Certificate Revocation related exceptions or OCSP Responder failures would be disregarded in favor of connectivity.
[2025-12-08T22:40:55.166+0000] {cursor.py:1032} INFO - query: [USE SCHEMA EPA]
[2025-12-08T22:40:55.245+0000] {cursor.py:1045} INFO - query execution done
[2025-12-08T22:40:55.245+0000] {cursor.py:1205} INFO - Number of results in first chunk: 1
[2025-12-08T22:40:55.249+0000] {cursor.py:1032} INFO - query: [CREATE TEMP STAGE /* Python:snowflake.connector.pandas_tools.write_pandas() */ r...]
[2025-12-08T22:40:55.396+0000] {cursor.py:1045} INFO - query execution done
[2025-12-08T22:40:55.397+0000] {cursor.py:1205} INFO - Number of results in first chunk: 1
[2025-12-08T22:40:55.517+0000] {cursor.py:1032} INFO - query: [PUT /* Python:snowflake.connector.pandas_tools.write_pandas() */ 'file:///tmp/tm...]
[2025-12-08T22:40:55.664+0000] {cursor.py:1045} INFO - query execution done
[2025-12-08T22:40:56.226+0000] {cursor.py:1032} INFO - query: [CREATE TEMP FILE FORMAT dbhczsdkuu /* Python:snowflake.connector.pandas_tools.wr...]
[2025-12-08T22:40:56.312+0000] {cursor.py:1045} INFO - query execution done
[2025-12-08T22:40:56.313+0000] {cursor.py:1205} INFO - Number of results in first chunk: 1
[2025-12-08T22:40:56.314+0000] {cursor.py:1032} INFO - query: [SELECT COLUMN_NAME, TYPE FROM table(infer_schema(location=>'@rigjlhovoz', file_f...]
[2025-12-08T22:40:56.639+0000] {cursor.py:1045} INFO - query execution done
[2025-12-08T22:40:56.640+0000] {cursor.py:1205} INFO - Number of results in first chunk: 28
[2025-12-08T22:40:56.641+0000] {cursor.py:1032} INFO - query: [CREATE  TABLE IF NOT EXISTS lbvxoyknjy (fuel_economy_id TEXT, epa_id NUMBER(38, ...]
[2025-12-08T22:40:56.843+0000] {cursor.py:1045} INFO - query execution done
[2025-12-08T22:40:56.845+0000] {cursor.py:1205} INFO - Number of results in first chunk: 1
[2025-12-08T22:40:56.846+0000] {cursor.py:1032} INFO - query: [COPY INTO lbvxoyknjy /* Python:snowflake.connector.pandas_tools.write_pandas() *...]
[2025-12-08T22:40:57.994+0000] {cursor.py:1045} INFO - query execution done
[2025-12-08T22:40:57.996+0000] {cursor.py:1205} INFO - Number of results in first chunk: 1
[2025-12-08T22:40:57.999+0000] {cursor.py:1032} INFO - query: [DROP TABLE IF EXISTS FACT_FUEL_ECONOMY /* Python:snowflake.connector.pandas_tool...]
[2025-12-08T22:40:58.476+0000] {cursor.py:1045} INFO - query execution done
[2025-12-08T22:40:58.478+0000] {cursor.py:1205} INFO - Number of results in first chunk: 1
[2025-12-08T22:40:58.479+0000] {cursor.py:1032} INFO - query: [ALTER TABLE lbvxoyknjy RENAME TO FACT_FUEL_ECONOMY /* Python:snowflake.connector...]
[2025-12-08T22:40:59.067+0000] {cursor.py:1045} INFO - query execution done
[2025-12-08T22:40:59.068+0000] {cursor.py:1205} INFO - Number of results in first chunk: 1
[2025-12-08T22:40:59.072+0000] {logging_mixin.py:154} INFO - ✅ Loaded 3,858 rows into AUTOMOTIVE_AI.EPA.FACT_FUEL_ECONOMY
[2025-12-08T22:40:59.073+0000] {cursor.py:1032} INFO - query: [SELECT COUNT(*) FROM FACT_FUEL_ECONOMY]
[2025-12-08T22:40:59.462+0000] {cursor.py:1045} INFO - query execution done
[2025-12-08T22:40:59.465+0000] {cursor.py:1205} INFO - Number of results in first chunk: 1
[2025-12-08T22:40:59.467+0000] {logging_mixin.py:154} INFO - Verification: 3,858 rows in table
[2025-12-08T22:40:59.467+0000] {connection.py:734} INFO - closed
[2025-12-08T22:40:59.922+0000] {connection.py:740} INFO - No async queries seem to be running, deleting session
[2025-12-08T22:41:00.248+0000] {python.py:194} INFO - Done. Returned value was: True
[2025-12-08T22:41:00.284+0000] {taskinstance.py:1400} INFO - Marking task as SUCCESS. dag_id=autoinsight_cleaning_pipeline_v2, task_id=load_epa_to_snowflake, execution_date=20251208T223905, start_date=20251208T224045, end_date=20251208T224100
[2025-12-08T22:41:00.364+0000] {local_task_job_runner.py:228} INFO - Task exited with return code 0
[2025-12-08T22:41:00.407+0000] {taskinstance.py:2778} INFO - 0 downstream tasks scheduled from follow-on schedule check
