[2025-12-08T17:45:48.331+0000] {taskinstance.py:1159} INFO - Dependencies all met for dep_context=non-requeueable deps ti=<TaskInstance: autoinsight_data_pipeline.fetch_fred_data scheduled__2025-12-07T02:00:00+00:00 [queued]>
[2025-12-08T17:45:48.348+0000] {taskinstance.py:1159} INFO - Dependencies all met for dep_context=requeueable deps ti=<TaskInstance: autoinsight_data_pipeline.fetch_fred_data scheduled__2025-12-07T02:00:00+00:00 [queued]>
[2025-12-08T17:45:48.351+0000] {taskinstance.py:1361} INFO - Starting attempt 1 of 4
[2025-12-08T17:45:48.375+0000] {taskinstance.py:1382} INFO - Executing <Task(PythonOperator): fetch_fred_data> on 2025-12-07 02:00:00+00:00
[2025-12-08T17:45:48.384+0000] {standard_task_runner.py:57} INFO - Started process 2036 to run task
[2025-12-08T17:45:48.391+0000] {standard_task_runner.py:84} INFO - Running: ['***', 'tasks', 'run', 'autoinsight_data_pipeline', 'fetch_fred_data', 'scheduled__2025-12-07T02:00:00+00:00', '--job-id', '225', '--raw', '--subdir', 'DAGS_FOLDER/autoinsight_data_pipeline.py', '--cfg-path', '/tmp/tmphpxg59mk']
[2025-12-08T17:45:48.424+0000] {standard_task_runner.py:85} INFO - Job 225: Subtask fetch_fred_data
[2025-12-08T17:45:48.557+0000] {task_command.py:416} INFO - Running <TaskInstance: autoinsight_data_pipeline.fetch_fred_data scheduled__2025-12-07T02:00:00+00:00 [running]> on host fb35e4f278df
[2025-12-08T17:45:48.684+0000] {taskinstance.py:1662} INFO - Exporting env vars: AIRFLOW_CTX_DAG_EMAIL='autoinsight@example.com' AIRFLOW_CTX_DAG_OWNER='autoinsight-team' AIRFLOW_CTX_DAG_ID='autoinsight_data_pipeline' AIRFLOW_CTX_TASK_ID='fetch_fred_data' AIRFLOW_CTX_EXECUTION_DATE='2025-12-07T02:00:00+00:00' AIRFLOW_CTX_TRY_NUMBER='1' AIRFLOW_CTX_DAG_RUN_ID='scheduled__2025-12-07T02:00:00+00:00'
[2025-12-08T17:45:48.688+0000] {logging_mixin.py:154} INFO - ======================================================================
[2025-12-08T17:45:48.690+0000] {logging_mixin.py:154} INFO - TASK 2: FRED Economic Data Collection
[2025-12-08T17:45:48.692+0000] {logging_mixin.py:154} INFO - ======================================================================
[2025-12-08T17:45:49.416+0000] {logging_mixin.py:154} INFO - ============================================================
[2025-12-08T17:45:49.417+0000] {logging_mixin.py:154} INFO - FRED DATA FETCH AND S3 UPLOAD
[2025-12-08T17:45:49.418+0000] {logging_mixin.py:154} INFO - ============================================================
[2025-12-08T17:45:50.093+0000] {logging_mixin.py:154} INFO - Fetching TOTALSA...
[2025-12-08T17:45:50.094+0000] {logging_mixin.py:154} INFO -   Status: 200
[2025-12-08T17:45:50.120+0000] {logging_mixin.py:154} INFO -   Got 71 records (2020-01-01 to 2025-11-01)
[2025-12-08T17:45:50.368+0000] {logging_mixin.py:154} INFO - Fetching ALTSALES...
[2025-12-08T17:45:50.369+0000] {logging_mixin.py:154} INFO -   Status: 200
[2025-12-08T17:45:50.374+0000] {logging_mixin.py:154} INFO -   Got 71 records (2020-01-01 to 2025-11-01)
[2025-12-08T17:45:50.558+0000] {logging_mixin.py:154} INFO - Fetching DAUTOSAAR...
[2025-12-08T17:45:50.559+0000] {logging_mixin.py:154} INFO -   Status: 200
[2025-12-08T17:45:50.565+0000] {logging_mixin.py:154} INFO -   Got 71 records (2020-01-01 to 2025-11-01)
[2025-12-08T17:45:50.619+0000] {logging_mixin.py:154} INFO - 
============================================================
[2025-12-08T17:45:50.620+0000] {logging_mixin.py:154} INFO - LOCAL FILE CREATED
[2025-12-08T17:45:50.621+0000] {logging_mixin.py:154} INFO - ============================================================
[2025-12-08T17:45:50.621+0000] {logging_mixin.py:154} INFO -   Filename: /opt/***/data/fred_economic_indicators.csv
[2025-12-08T17:45:50.622+0000] {logging_mixin.py:154} INFO -   Records: 213
[2025-12-08T17:45:50.624+0000] {logging_mixin.py:154} INFO -   Date range: 2020-01-01 to 2025-11-01
[2025-12-08T17:45:50.625+0000] {logging_mixin.py:154} INFO -   Series: 3 (TOTALSA, ALTSALES, DAUTOSAAR)
[2025-12-08T17:45:50.626+0000] {logging_mixin.py:154} INFO - 
  Sample data:
[2025-12-08T17:45:50.632+0000] {logging_mixin.py:154} INFO -       date  value series_id         series_name
2020-01-01 16.420  ALTSALES   Light Truck Sales
2020-01-01  3.224 DAUTOSAAR Domestic Auto Sales
2020-01-01 16.850   TOTALSA Total Vehicle Sales
2020-02-01 16.669  ALTSALES   Light Truck Sales
2020-02-01  3.202 DAUTOSAAR Domestic Auto Sales
2020-02-01 17.130   TOTALSA Total Vehicle Sales
2020-03-01 11.444  ALTSALES   Light Truck Sales
2020-03-01  2.270 DAUTOSAAR Domestic Auto Sales
2020-03-01 11.825   TOTALSA Total Vehicle Sales
2020-04-01  8.571  ALTSALES   Light Truck Sales
[2025-12-08T17:45:51.185+0000] {logging_mixin.py:154} INFO - 
Uploading to S3...
[2025-12-08T17:45:51.185+0000] {logging_mixin.py:154} INFO -   File: /opt/***/data/fred_economic_indicators.csv
[2025-12-08T17:45:51.186+0000] {logging_mixin.py:154} INFO -   Destination: s3://autoinsightfinal/fred/raw/fred_economic_indicators.csv
[2025-12-08T17:45:51.916+0000] {logging_mixin.py:154} INFO -   Success!
[2025-12-08T17:45:51.926+0000] {logging_mixin.py:154} INFO - 
============================================================
[2025-12-08T17:45:51.928+0000] {logging_mixin.py:154} INFO - COMPLETE!
[2025-12-08T17:45:51.929+0000] {logging_mixin.py:154} INFO - ============================================================
[2025-12-08T17:45:51.931+0000] {logging_mixin.py:154} INFO -   FRED data successfully uploaded to:
[2025-12-08T17:45:51.932+0000] {logging_mixin.py:154} INFO -   s3://autoinsightfinal/fred/raw/fred_economic_indicators.csv
[2025-12-08T17:45:51.968+0000] {logging_mixin.py:154} INFO - ✅ FRED Data Collection Complete: 213 records
[2025-12-08T17:45:51.971+0000] {python.py:194} INFO - Done. Returned value was: True
[2025-12-08T17:45:52.020+0000] {taskinstance.py:1400} INFO - Marking task as SUCCESS. dag_id=autoinsight_data_pipeline, task_id=fetch_fred_data, execution_date=20251207T020000, start_date=20251208T174548, end_date=20251208T174552
[2025-12-08T17:45:52.070+0000] {local_task_job_runner.py:228} INFO - Task exited with return code 0
[2025-12-08T17:45:52.129+0000] {taskinstance.py:2778} INFO - 1 downstream tasks scheduled from follow-on schedule check
