[2025-12-10T09:10:14.822+0000] {taskinstance.py:1159} INFO - Dependencies all met for dep_context=non-requeueable deps ti=<TaskInstance: autoinsight_cleaning_pipeline_v2.load_complaints_to_snowflake manual__2025-12-10T08:31:58.521713+00:00 [queued]>
[2025-12-10T09:10:14.836+0000] {taskinstance.py:1159} INFO - Dependencies all met for dep_context=requeueable deps ti=<TaskInstance: autoinsight_cleaning_pipeline_v2.load_complaints_to_snowflake manual__2025-12-10T08:31:58.521713+00:00 [queued]>
[2025-12-10T09:10:14.838+0000] {taskinstance.py:1361} INFO - Starting attempt 1 of 3
[2025-12-10T09:10:14.858+0000] {taskinstance.py:1382} INFO - Executing <Task(PythonOperator): load_complaints_to_snowflake> on 2025-12-10 08:31:58.521713+00:00
[2025-12-10T09:10:14.868+0000] {standard_task_runner.py:57} INFO - Started process 13140 to run task
[2025-12-10T09:10:14.872+0000] {standard_task_runner.py:84} INFO - Running: ['***', 'tasks', 'run', 'autoinsight_cleaning_pipeline_v2', 'load_complaints_to_snowflake', 'manual__2025-12-10T08:31:58.521713+00:00', '--job-id', '149', '--raw', '--subdir', 'DAGS_FOLDER/autoinsight_cleaning_pipeline.py', '--cfg-path', '/tmp/tmpcv_0vlq7']
[2025-12-10T09:10:14.878+0000] {standard_task_runner.py:85} INFO - Job 149: Subtask load_complaints_to_snowflake
[2025-12-10T09:10:14.973+0000] {task_command.py:416} INFO - Running <TaskInstance: autoinsight_cleaning_pipeline_v2.load_complaints_to_snowflake manual__2025-12-10T08:31:58.521713+00:00 [running]> on host 846744d01d56
[2025-12-10T09:10:15.108+0000] {taskinstance.py:1662} INFO - Exporting env vars: AIRFLOW_CTX_DAG_EMAIL='autoinsight@example.com' AIRFLOW_CTX_DAG_OWNER='autoinsight-team' AIRFLOW_CTX_DAG_ID='autoinsight_cleaning_pipeline_v2' AIRFLOW_CTX_TASK_ID='load_complaints_to_snowflake' AIRFLOW_CTX_EXECUTION_DATE='2025-12-10T08:31:58.521713+00:00' AIRFLOW_CTX_TRY_NUMBER='1' AIRFLOW_CTX_DAG_RUN_ID='manual__2025-12-10T08:31:58.521713+00:00'
[2025-12-10T09:10:15.214+0000] {logging_mixin.py:154} INFO - ======================================================================
[2025-12-10T09:10:15.215+0000] {logging_mixin.py:154} INFO - SNOWFLAKE LOAD: COMPLAINTS
[2025-12-10T09:10:15.216+0000] {logging_mixin.py:154} INFO - S3 Path: s3://autoinsightfinal/nhtsa/cleaned_new/complaints/csv/
[2025-12-10T09:10:15.217+0000] {logging_mixin.py:154} INFO - Target: AUTOMOTIVE_AI.NHTSA.FACT_COMPLAINTS
[2025-12-10T09:10:15.218+0000] {logging_mixin.py:154} INFO - ======================================================================
[2025-12-10T09:10:15.237+0000] {credentials.py:1147} INFO - Found credentials in environment variables.
[2025-12-10T09:10:15.837+0000] {logging_mixin.py:154} INFO - Reading: s3://autoinsightfinal/nhtsa/cleaned_new/complaints/csv/part-00000-14156b6b-3f3f-4ba0-97bb-f4561d1a26a4-c000.csv
[2025-12-10T09:10:27.531+0000] {logging_mixin.py:154} INFO - Loaded 210,517 records from S3
[2025-12-10T09:10:27.533+0000] {logging_mixin.py:154} INFO - Columns: ['complaint_id', 'nhtsa_complaint_id', 'vehicle_id', 'make', 'model', 'year', 'fail_date', 'date_added', 'mileage', 'vehicle_speed', 'component_description', 'crash_flag', 'fire_flag', 'injured', 'deaths', 'has_incident', 'severity_level', 'complaint_description', 'sentiment_score', 'sentiment_label', 'sentiment_confidence', 'sentiment_category', 'negation_count', 'safety_keyword_count', 'vin', 'drive_train', 'fuel_type', 'is_original_owner', 'was_repaired', 'was_towed', 'missing_critical_data', 'processed_at', 'data_source', 'processing_version']
[2025-12-10T09:10:27.534+0000] {connection.py:386} INFO - Snowflake Connector for Python Version: 3.7.0, Python Version: 3.11.6, Platform: Linux-6.6.87.2-microsoft-standard-WSL2-x86_64-with-glibc2.31
[2025-12-10T09:10:27.537+0000] {connection.py:1211} INFO - This connection is in OCSP Fail Open Mode. TLS Certificates would be checked for validity and revocation status. Any other Certificate Revocation related exceptions or OCSP Responder failures would be disregarded in favor of connectivity.
[2025-12-10T09:10:28.843+0000] {cursor.py:1032} INFO - query: [USE SCHEMA NHTSA]
[2025-12-10T09:10:28.982+0000] {cursor.py:1045} INFO - query execution done
[2025-12-10T09:10:28.984+0000] {cursor.py:1205} INFO - Number of results in first chunk: 1
[2025-12-10T09:10:28.991+0000] {cursor.py:1032} INFO - query: [CREATE TEMP STAGE /* Python:snowflake.connector.pandas_tools.write_pandas() */ h...]
[2025-12-10T09:10:29.133+0000] {cursor.py:1045} INFO - query execution done
[2025-12-10T09:10:29.134+0000] {cursor.py:1205} INFO - Number of results in first chunk: 1
[2025-12-10T09:10:42.716+0000] {cursor.py:1032} INFO - query: [PUT /* Python:snowflake.connector.pandas_tools.write_pandas() */ 'file:///tmp/tm...]
[2025-12-10T09:10:42.952+0000] {cursor.py:1045} INFO - query execution done
[2025-12-10T09:10:46.203+0000] {cursor.py:1032} INFO - query: [CREATE TEMP FILE FORMAT mqnbafarpy /* Python:snowflake.connector.pandas_tools.wr...]
[2025-12-10T09:10:46.313+0000] {cursor.py:1045} INFO - query execution done
[2025-12-10T09:10:46.315+0000] {cursor.py:1205} INFO - Number of results in first chunk: 1
[2025-12-10T09:10:46.316+0000] {cursor.py:1032} INFO - query: [SELECT COLUMN_NAME, TYPE FROM table(infer_schema(location=>'@hdeievanag', file_f...]
[2025-12-10T09:10:47.258+0000] {cursor.py:1045} INFO - query execution done
[2025-12-10T09:10:47.260+0000] {cursor.py:1205} INFO - Number of results in first chunk: 34
[2025-12-10T09:10:47.263+0000] {cursor.py:1032} INFO - query: [CREATE  TABLE IF NOT EXISTS lzzfufjnqg (complaint_id TEXT, nhtsa_complaint_id NU...]
[2025-12-10T09:10:47.512+0000] {cursor.py:1045} INFO - query execution done
[2025-12-10T09:10:47.513+0000] {cursor.py:1205} INFO - Number of results in first chunk: 1
[2025-12-10T09:10:47.515+0000] {cursor.py:1032} INFO - query: [COPY INTO lzzfufjnqg /* Python:snowflake.connector.pandas_tools.write_pandas() *...]
[2025-12-10T09:10:53.430+0000] {cursor.py:1045} INFO - query execution done
[2025-12-10T09:10:53.431+0000] {cursor.py:1205} INFO - Number of results in first chunk: 1
[2025-12-10T09:10:53.433+0000] {cursor.py:1032} INFO - query: [DROP TABLE IF EXISTS FACT_COMPLAINTS /* Python:snowflake.connector.pandas_tools....]
[2025-12-10T09:10:53.719+0000] {cursor.py:1045} INFO - query execution done
[2025-12-10T09:10:53.721+0000] {cursor.py:1205} INFO - Number of results in first chunk: 1
[2025-12-10T09:10:53.723+0000] {cursor.py:1032} INFO - query: [ALTER TABLE lzzfufjnqg RENAME TO FACT_COMPLAINTS /* Python:snowflake.connector.p...]
[2025-12-10T09:10:53.826+0000] {cursor.py:1045} INFO - query execution done
[2025-12-10T09:10:53.828+0000] {cursor.py:1205} INFO - Number of results in first chunk: 1
[2025-12-10T09:10:53.831+0000] {logging_mixin.py:154} INFO - ✅ Loaded 210,517 rows into AUTOMOTIVE_AI.NHTSA.FACT_COMPLAINTS
[2025-12-10T09:10:53.832+0000] {cursor.py:1032} INFO - query: [SELECT COUNT(*) FROM FACT_COMPLAINTS]
[2025-12-10T09:10:53.955+0000] {cursor.py:1045} INFO - query execution done
[2025-12-10T09:10:53.957+0000] {cursor.py:1205} INFO - Number of results in first chunk: 1
[2025-12-10T09:10:53.959+0000] {logging_mixin.py:154} INFO - Verification: 210,517 rows in table
[2025-12-10T09:10:53.961+0000] {connection.py:734} INFO - closed
[2025-12-10T09:10:54.015+0000] {connection.py:740} INFO - No async queries seem to be running, deleting session
[2025-12-10T09:10:54.189+0000] {python.py:194} INFO - Done. Returned value was: True
[2025-12-10T09:10:54.234+0000] {taskinstance.py:1400} INFO - Marking task as SUCCESS. dag_id=autoinsight_cleaning_pipeline_v2, task_id=load_complaints_to_snowflake, execution_date=20251210T083158, start_date=20251210T091014, end_date=20251210T091054
[2025-12-10T09:10:54.382+0000] {local_task_job_runner.py:228} INFO - Task exited with return code 0
[2025-12-10T09:10:54.430+0000] {taskinstance.py:2778} INFO - 0 downstream tasks scheduled from follow-on schedule check
