[2025-12-08T22:40:52.582+0000] {taskinstance.py:1159} INFO - Dependencies all met for dep_context=non-requeueable deps ti=<TaskInstance: autoinsight_cleaning_pipeline_v2.load_ratings_to_snowflake manual__2025-12-08T22:39:05.084554+00:00 [queued]>
[2025-12-08T22:40:52.596+0000] {taskinstance.py:1159} INFO - Dependencies all met for dep_context=requeueable deps ti=<TaskInstance: autoinsight_cleaning_pipeline_v2.load_ratings_to_snowflake manual__2025-12-08T22:39:05.084554+00:00 [queued]>
[2025-12-08T22:40:52.599+0000] {taskinstance.py:1361} INFO - Starting attempt 1 of 3
[2025-12-08T22:40:52.616+0000] {taskinstance.py:1382} INFO - Executing <Task(PythonOperator): load_ratings_to_snowflake> on 2025-12-08 22:39:05.084554+00:00
[2025-12-08T22:40:52.624+0000] {standard_task_runner.py:57} INFO - Started process 8445 to run task
[2025-12-08T22:40:52.628+0000] {standard_task_runner.py:84} INFO - Running: ['***', 'tasks', 'run', 'autoinsight_cleaning_pipeline_v2', 'load_ratings_to_snowflake', 'manual__2025-12-08T22:39:05.084554+00:00', '--job-id', '283', '--raw', '--subdir', 'DAGS_FOLDER/autoinsight_cleaning_pipeline.py', '--cfg-path', '/tmp/tmp_hjcc66a']
[2025-12-08T22:40:52.633+0000] {standard_task_runner.py:85} INFO - Job 283: Subtask load_ratings_to_snowflake
[2025-12-08T22:40:52.717+0000] {task_command.py:416} INFO - Running <TaskInstance: autoinsight_cleaning_pipeline_v2.load_ratings_to_snowflake manual__2025-12-08T22:39:05.084554+00:00 [running]> on host 71216401ab91
[2025-12-08T22:40:52.814+0000] {taskinstance.py:1662} INFO - Exporting env vars: AIRFLOW_CTX_DAG_EMAIL='autoinsight@example.com' AIRFLOW_CTX_DAG_OWNER='autoinsight-team' AIRFLOW_CTX_DAG_ID='autoinsight_cleaning_pipeline_v2' AIRFLOW_CTX_TASK_ID='load_ratings_to_snowflake' AIRFLOW_CTX_EXECUTION_DATE='2025-12-08T22:39:05.084554+00:00' AIRFLOW_CTX_TRY_NUMBER='1' AIRFLOW_CTX_DAG_RUN_ID='manual__2025-12-08T22:39:05.084554+00:00'
[2025-12-08T22:40:54.055+0000] {logging_mixin.py:154} INFO - ======================================================================
[2025-12-08T22:40:54.057+0000] {logging_mixin.py:154} INFO - SNOWFLAKE LOAD: RATINGS
[2025-12-08T22:40:54.060+0000] {logging_mixin.py:154} INFO - S3 Path: s3://autoinsightfinal/nhtsa/cleaned_new/ratings/csv/
[2025-12-08T22:40:54.068+0000] {logging_mixin.py:154} INFO - Target: AUTOMOTIVE_AI.NHTSA.FACT_RATINGS
[2025-12-08T22:40:54.074+0000] {logging_mixin.py:154} INFO - ======================================================================
[2025-12-08T22:40:54.105+0000] {credentials.py:1147} INFO - Found credentials in environment variables.
[2025-12-08T22:40:55.245+0000] {logging_mixin.py:154} INFO - Reading: s3://autoinsightfinal/nhtsa/cleaned_new/ratings/csv/part-00000-eb1df33e-c32a-4dcb-bde3-f50abd7ded15-c000.csv
[2025-12-08T22:40:55.593+0000] {logging_mixin.py:154} INFO - Loaded 1,727 records from S3
[2025-12-08T22:40:55.594+0000] {logging_mixin.py:154} INFO - Columns: ['rating_id', 'vehicle_id', 'make', 'model', 'year', 'body_style', 'vehicle_class', 'drive_train', 'num_of_seating', 'curb_weight', 'min_gross_weight', 'max_gross_weight', 'overall_stars', 'overall_front_stars', 'overall_side_stars', 'rollover_stars', 'front_driver_stars', 'front_passenger_stars', 'side_driver_stars', 'side_passenger_stars', 'average_star_rating', 'safety_tier', 'has_abs', 'has_esc', 'has_blind_spot_detection', 'has_backup_camera', 'has_front_collision_warning', 'has_lane_departure_warning', 'has_crash_imminent_brake', 'has_dynamic_brake_support', 'has_adaptive_cruise_control', 'has_advanced_safety', 'advanced_safety_count', 'missing_critical_data', 'has_test_data', 'processed_at', 'data_source', 'processing_version']
[2025-12-08T22:40:55.595+0000] {connection.py:386} INFO - Snowflake Connector for Python Version: 3.7.0, Python Version: 3.11.6, Platform: Linux-6.6.87.2-microsoft-standard-WSL2-x86_64-with-glibc2.31
[2025-12-08T22:40:55.596+0000] {connection.py:1211} INFO - This connection is in OCSP Fail Open Mode. TLS Certificates would be checked for validity and revocation status. Any other Certificate Revocation related exceptions or OCSP Responder failures would be disregarded in favor of connectivity.
[2025-12-08T22:40:56.571+0000] {cursor.py:1032} INFO - query: [USE SCHEMA NHTSA]
[2025-12-08T22:40:56.668+0000] {cursor.py:1045} INFO - query execution done
[2025-12-08T22:40:56.670+0000] {cursor.py:1205} INFO - Number of results in first chunk: 1
[2025-12-08T22:40:56.675+0000] {cursor.py:1032} INFO - query: [CREATE TEMP STAGE /* Python:snowflake.connector.pandas_tools.write_pandas() */ m...]
[2025-12-08T22:40:56.790+0000] {cursor.py:1045} INFO - query execution done
[2025-12-08T22:40:56.792+0000] {cursor.py:1205} INFO - Number of results in first chunk: 1
[2025-12-08T22:40:56.941+0000] {cursor.py:1032} INFO - query: [PUT /* Python:snowflake.connector.pandas_tools.write_pandas() */ 'file:///tmp/tm...]
[2025-12-08T22:40:57.412+0000] {cursor.py:1045} INFO - query execution done
[2025-12-08T22:40:58.997+0000] {cursor.py:1032} INFO - query: [CREATE TEMP FILE FORMAT vqgtajknlu /* Python:snowflake.connector.pandas_tools.wr...]
[2025-12-08T22:40:59.463+0000] {cursor.py:1045} INFO - query execution done
[2025-12-08T22:40:59.465+0000] {cursor.py:1205} INFO - Number of results in first chunk: 1
[2025-12-08T22:40:59.466+0000] {cursor.py:1032} INFO - query: [SELECT COLUMN_NAME, TYPE FROM table(infer_schema(location=>'@mvydwprqpe', file_f...]
[2025-12-08T22:41:00.197+0000] {cursor.py:1045} INFO - query execution done
[2025-12-08T22:41:00.198+0000] {cursor.py:1205} INFO - Number of results in first chunk: 38
[2025-12-08T22:41:00.200+0000] {cursor.py:1032} INFO - query: [CREATE  TABLE IF NOT EXISTS cxaublgtni (rating_id TEXT, vehicle_id TEXT, make TE...]
[2025-12-08T22:41:00.538+0000] {cursor.py:1045} INFO - query execution done
[2025-12-08T22:41:00.539+0000] {cursor.py:1205} INFO - Number of results in first chunk: 1
[2025-12-08T22:41:00.540+0000] {cursor.py:1032} INFO - query: [COPY INTO cxaublgtni /* Python:snowflake.connector.pandas_tools.write_pandas() *...]
[2025-12-08T22:41:01.871+0000] {cursor.py:1045} INFO - query execution done
[2025-12-08T22:41:01.874+0000] {cursor.py:1205} INFO - Number of results in first chunk: 1
[2025-12-08T22:41:01.875+0000] {cursor.py:1032} INFO - query: [DROP TABLE IF EXISTS FACT_RATINGS /* Python:snowflake.connector.pandas_tools.wri...]
[2025-12-08T22:41:02.249+0000] {cursor.py:1045} INFO - query execution done
[2025-12-08T22:41:02.250+0000] {cursor.py:1205} INFO - Number of results in first chunk: 1
[2025-12-08T22:41:02.251+0000] {cursor.py:1032} INFO - query: [ALTER TABLE cxaublgtni RENAME TO FACT_RATINGS /* Python:snowflake.connector.pand...]
[2025-12-08T22:41:02.395+0000] {cursor.py:1045} INFO - query execution done
[2025-12-08T22:41:02.398+0000] {cursor.py:1205} INFO - Number of results in first chunk: 1
[2025-12-08T22:41:02.400+0000] {logging_mixin.py:154} INFO - ✅ Loaded 1,727 rows into AUTOMOTIVE_AI.NHTSA.FACT_RATINGS
[2025-12-08T22:41:02.400+0000] {cursor.py:1032} INFO - query: [SELECT COUNT(*) FROM FACT_RATINGS]
[2025-12-08T22:41:02.570+0000] {cursor.py:1045} INFO - query execution done
[2025-12-08T22:41:02.571+0000] {cursor.py:1205} INFO - Number of results in first chunk: 1
[2025-12-08T22:41:02.572+0000] {logging_mixin.py:154} INFO - Verification: 1,727 rows in table
[2025-12-08T22:41:02.573+0000] {connection.py:734} INFO - closed
[2025-12-08T22:41:02.660+0000] {connection.py:740} INFO - No async queries seem to be running, deleting session
[2025-12-08T22:41:02.762+0000] {python.py:194} INFO - Done. Returned value was: True
[2025-12-08T22:41:02.789+0000] {taskinstance.py:1400} INFO - Marking task as SUCCESS. dag_id=autoinsight_cleaning_pipeline_v2, task_id=load_ratings_to_snowflake, execution_date=20251208T223905, start_date=20251208T224052, end_date=20251208T224102
[2025-12-08T22:41:02.828+0000] {local_task_job_runner.py:228} INFO - Task exited with return code 0
[2025-12-08T22:41:02.854+0000] {taskinstance.py:2778} INFO - 0 downstream tasks scheduled from follow-on schedule check
