[2025-12-09T06:31:33.020+0000] {taskinstance.py:1159} INFO - Dependencies all met for dep_context=non-requeueable deps ti=<TaskInstance: autoinsight_daily_scraper.scrape_events manual__2025-12-09T06:31:29.324559+00:00 [queued]>
[2025-12-09T06:31:33.030+0000] {taskinstance.py:1159} INFO - Dependencies all met for dep_context=requeueable deps ti=<TaskInstance: autoinsight_daily_scraper.scrape_events manual__2025-12-09T06:31:29.324559+00:00 [queued]>
[2025-12-09T06:31:33.031+0000] {taskinstance.py:1361} INFO - Starting attempt 1 of 2
[2025-12-09T06:31:33.050+0000] {taskinstance.py:1382} INFO - Executing <Task(PythonOperator): scrape_events> on 2025-12-09 06:31:29.324559+00:00
[2025-12-09T06:31:33.056+0000] {standard_task_runner.py:57} INFO - Started process 945 to run task
[2025-12-09T06:31:33.061+0000] {standard_task_runner.py:84} INFO - Running: ['***', 'tasks', 'run', 'autoinsight_daily_scraper', 'scrape_events', 'manual__2025-12-09T06:31:29.324559+00:00', '--job-id', '15', '--raw', '--subdir', 'DAGS_FOLDER/news_scrapper.py', '--cfg-path', '/tmp/tmp62q5zk7v']
[2025-12-09T06:31:33.067+0000] {standard_task_runner.py:85} INFO - Job 15: Subtask scrape_events
[2025-12-09T06:31:33.149+0000] {task_command.py:416} INFO - Running <TaskInstance: autoinsight_daily_scraper.scrape_events manual__2025-12-09T06:31:29.324559+00:00 [running]> on host 74c4cbde2083
[2025-12-09T06:31:33.252+0000] {taskinstance.py:1662} INFO - Exporting env vars: AIRFLOW_CTX_DAG_OWNER='autoinsight' AIRFLOW_CTX_DAG_ID='autoinsight_daily_scraper' AIRFLOW_CTX_TASK_ID='scrape_events' AIRFLOW_CTX_EXECUTION_DATE='2025-12-09T06:31:29.324559+00:00' AIRFLOW_CTX_TRY_NUMBER='1' AIRFLOW_CTX_DAG_RUN_ID='manual__2025-12-09T06:31:29.324559+00:00'
[2025-12-09T06:31:33.254+0000] {news_scrapper.py:81} INFO - ============================================================
[2025-12-09T06:31:33.255+0000] {news_scrapper.py:82} INFO - TASK: Scraping Events
[2025-12-09T06:31:33.255+0000] {news_scrapper.py:89} INFO - Fetching events from AutoNews events page...
[2025-12-09T06:31:33.256+0000] {scrapper.py:453} INFO - Scraping events from AutoNews.com/events...
[2025-12-09T06:31:34.109+0000] {logging_mixin.py:154} INFO -     🌐 Opening AutoNews events page...
[2025-12-09T06:31:36.932+0000] {logging_mixin.py:154} INFO -     ⏳ Waiting for page to load...
[2025-12-09T06:31:40.948+0000] {scrapper.py:552} INFO -   ✓ Canada Congress (2026-02-12)
[2025-12-09T06:31:41.628+0000] {scrapper.py:552} INFO -   ✓ Congress (2025-01-01)
[2025-12-09T06:31:42.230+0000] {scrapper.py:552} INFO -   ✓ Europe Congress (2026-01-01)
[2025-12-09T06:31:42.441+0000] {scrapper.py:552} INFO -   ✓ Leading Women Conference (2025-05-20)
[2025-12-09T06:31:42.584+0000] {scrapper.py:552} INFO -   ✓ Canada Retail Forum (2025-10-14)
[2025-12-09T06:31:42.758+0000] {scrapper.py:552} INFO -   ✓ Canada Leading Women Roundtable (2024-11-15)
[2025-12-09T06:31:42.891+0000] {scrapper.py:552} INFO -   ✓ Japan Mobility Show (2025-01-01)
[2025-12-09T06:31:43.021+0000] {scrapper.py:552} INFO -   ✓ Los Angeles auto show (2025-11-20)
[2025-12-09T06:31:43.141+0000] {scrapper.py:552} INFO -   ✓ Munich auto show (2027-01-01)
[2025-12-09T06:31:43.241+0000] {scrapper.py:552} INFO -   ✓ Shanghai auto show (2025-04-23)
[2025-12-09T06:31:43.343+0000] {scrapper.py:552} INFO -   ✓ New York auto show (2025-04-16)
[2025-12-09T06:31:43.505+0000] {scrapper.py:552} INFO -   ✓ Chicago auto show (2025-02-06)
[2025-12-09T06:31:43.916+0000] {scrapper.py:552} INFO -   ✓ Toronto auto show (2025-02-14)
[2025-12-09T06:31:44.070+0000] {scrapper.py:552} INFO -   ✓ NADA Show (2025-01-23)
[2025-12-09T06:31:44.229+0000] {scrapper.py:552} INFO -   ✓ CES (2025-01-07)
[2025-12-09T06:31:44.347+0000] {scrapper.py:552} INFO -   ✓ Detroit auto show (2025-01-10)
[2025-12-09T06:31:44.465+0000] {scrapper.py:552} INFO -   ✓ Beijing auto show (2026-01-01)
[2025-12-09T06:31:44.585+0000] {scrapper.py:552} INFO -   ✓ Paris auto show (2026-10-12)
[2025-12-09T06:31:44.699+0000] {scrapper.py:552} INFO -   ✓ Geneva auto show (date TBD)
[2025-12-09T06:31:44.700+0000] {scrapper.py:558} INFO - ✓ Scraped 19 events from AutoNews
[2025-12-09T06:31:44.837+0000] {scrapper.py:575} INFO - ✓ Saved 19 items to /opt/***/data/autonews_events_latest.json
[2025-12-09T06:31:44.876+0000] {python.py:194} INFO - Done. Returned value was: Successfully scraped 19 events
[2025-12-09T06:31:44.904+0000] {taskinstance.py:1400} INFO - Marking task as SUCCESS. dag_id=autoinsight_daily_scraper, task_id=scrape_events, execution_date=20251209T063129, start_date=20251209T063133, end_date=20251209T063144
[2025-12-09T06:31:44.941+0000] {local_task_job_runner.py:228} INFO - Task exited with return code 0
[2025-12-09T06:31:44.975+0000] {taskinstance.py:2778} INFO - 1 downstream tasks scheduled from follow-on schedule check
