[2025-12-10T08:35:18.925+0000] {taskinstance.py:1159} INFO - Dependencies all met for dep_context=non-requeueable deps ti=<TaskInstance: autoinsight_cleaning_pipeline_v2.load_epa_to_snowflake manual__2025-12-10T07:39:00.715114+00:00 [queued]>
[2025-12-10T08:35:18.950+0000] {taskinstance.py:1159} INFO - Dependencies all met for dep_context=requeueable deps ti=<TaskInstance: autoinsight_cleaning_pipeline_v2.load_epa_to_snowflake manual__2025-12-10T07:39:00.715114+00:00 [queued]>
[2025-12-10T08:35:18.952+0000] {taskinstance.py:1361} INFO - Starting attempt 1 of 3
[2025-12-10T08:35:18.989+0000] {taskinstance.py:1382} INFO - Executing <Task(PythonOperator): load_epa_to_snowflake> on 2025-12-10 07:39:00.715114+00:00
[2025-12-10T08:35:19.002+0000] {standard_task_runner.py:57} INFO - Started process 2217 to run task
[2025-12-10T08:35:19.008+0000] {standard_task_runner.py:84} INFO - Running: ['***', 'tasks', 'run', 'autoinsight_cleaning_pipeline_v2', 'load_epa_to_snowflake', 'manual__2025-12-10T07:39:00.715114+00:00', '--job-id', '105', '--raw', '--subdir', 'DAGS_FOLDER/autoinsight_cleaning_pipeline.py', '--cfg-path', '/tmp/tmpj1leyyxa']
[2025-12-10T08:35:19.018+0000] {standard_task_runner.py:85} INFO - Job 105: Subtask load_epa_to_snowflake
[2025-12-10T08:35:19.138+0000] {task_command.py:416} INFO - Running <TaskInstance: autoinsight_cleaning_pipeline_v2.load_epa_to_snowflake manual__2025-12-10T07:39:00.715114+00:00 [running]> on host 846744d01d56
[2025-12-10T08:35:19.280+0000] {taskinstance.py:1662} INFO - Exporting env vars: AIRFLOW_CTX_DAG_EMAIL='autoinsight@example.com' AIRFLOW_CTX_DAG_OWNER='autoinsight-team' AIRFLOW_CTX_DAG_ID='autoinsight_cleaning_pipeline_v2' AIRFLOW_CTX_TASK_ID='load_epa_to_snowflake' AIRFLOW_CTX_EXECUTION_DATE='2025-12-10T07:39:00.715114+00:00' AIRFLOW_CTX_TRY_NUMBER='1' AIRFLOW_CTX_DAG_RUN_ID='manual__2025-12-10T07:39:00.715114+00:00'
[2025-12-10T08:35:19.452+0000] {logging_mixin.py:154} INFO - ======================================================================
[2025-12-10T08:35:19.453+0000] {logging_mixin.py:154} INFO - SNOWFLAKE LOAD: EPA
[2025-12-10T08:35:19.454+0000] {logging_mixin.py:154} INFO - S3 Path: s3://autoinsightfinal/epa/cleaned_new/fuel_economy/csv/
[2025-12-10T08:35:19.454+0000] {logging_mixin.py:154} INFO - Target: AUTOMOTIVE_AI.EPA.FACT_FUEL_ECONOMY
[2025-12-10T08:35:19.455+0000] {logging_mixin.py:154} INFO - ======================================================================
[2025-12-10T08:35:19.475+0000] {credentials.py:1147} INFO - Found credentials in environment variables.
[2025-12-10T08:35:21.126+0000] {logging_mixin.py:154} INFO - Reading: s3://autoinsightfinal/epa/cleaned_new/fuel_economy/csv/part-00000-39d1d6da-d4eb-4daa-91cd-1a8d285cd77b-c000.csv
[2025-12-10T08:35:26.799+0000] {logging_mixin.py:154} INFO - Loaded 4,609 records from S3
[2025-12-10T08:35:26.800+0000] {logging_mixin.py:154} INFO - Columns: ['fuel_economy_id', 'epa_id', 'vehicle_id', 'make', 'model', 'year', 'vehicle_class', 'fuel_type', 'primary_fuel_type', 'secondary_fuel_type', 'fuel_category', 'mpg_city', 'mpg_highway', 'mpg_combined', 'mpge_combined', 'electric_range', 'efficiency_score', 'cylinders', 'drive_train', 'transmission', 'greenhouse_gas_score', 'co2_tailpipe', 'is_electric', 'is_hybrid', 'is_flex_fuel', 'processed_at', 'data_source', 'processing_version']
[2025-12-10T08:35:26.806+0000] {connection.py:386} INFO - Snowflake Connector for Python Version: 3.7.0, Python Version: 3.11.6, Platform: Linux-6.6.87.2-microsoft-standard-WSL2-x86_64-with-glibc2.31
[2025-12-10T08:35:26.807+0000] {connection.py:1211} INFO - This connection is in OCSP Fail Open Mode. TLS Certificates would be checked for validity and revocation status. Any other Certificate Revocation related exceptions or OCSP Responder failures would be disregarded in favor of connectivity.
[2025-12-10T08:35:30.094+0000] {cursor.py:1032} INFO - query: [USE SCHEMA EPA]
[2025-12-10T08:35:30.335+0000] {cursor.py:1045} INFO - query execution done
[2025-12-10T08:35:30.336+0000] {cursor.py:1205} INFO - Number of results in first chunk: 1
[2025-12-10T08:35:30.338+0000] {cursor.py:1032} INFO - query: [CREATE TEMP STAGE /* Python:snowflake.connector.pandas_tools.write_pandas() */ r...]
[2025-12-10T08:35:30.499+0000] {cursor.py:1045} INFO - query execution done
[2025-12-10T08:35:30.500+0000] {cursor.py:1205} INFO - Number of results in first chunk: 1
[2025-12-10T08:35:30.724+0000] {cursor.py:1032} INFO - query: [PUT /* Python:snowflake.connector.pandas_tools.write_pandas() */ 'file:///tmp/tm...]
[2025-12-10T08:35:31.031+0000] {cursor.py:1045} INFO - query execution done
[2025-12-10T08:35:33.555+0000] {cursor.py:1032} INFO - query: [CREATE TEMP FILE FORMAT bfeyctnrnv /* Python:snowflake.connector.pandas_tools.wr...]
[2025-12-10T08:35:34.087+0000] {cursor.py:1045} INFO - query execution done
[2025-12-10T08:35:34.088+0000] {cursor.py:1205} INFO - Number of results in first chunk: 1
[2025-12-10T08:35:34.089+0000] {cursor.py:1032} INFO - query: [SELECT COLUMN_NAME, TYPE FROM table(infer_schema(location=>'@rzyvxnofcr', file_f...]
[2025-12-10T08:35:35.077+0000] {cursor.py:1045} INFO - query execution done
[2025-12-10T08:35:35.079+0000] {cursor.py:1205} INFO - Number of results in first chunk: 28
[2025-12-10T08:35:35.084+0000] {cursor.py:1032} INFO - query: [CREATE  TABLE IF NOT EXISTS wlfsxtuduj (fuel_economy_id TEXT, epa_id NUMBER(38, ...]
[2025-12-10T08:35:35.554+0000] {cursor.py:1045} INFO - query execution done
[2025-12-10T08:35:35.561+0000] {cursor.py:1205} INFO - Number of results in first chunk: 1
[2025-12-10T08:35:35.563+0000] {cursor.py:1032} INFO - query: [COPY INTO wlfsxtuduj /* Python:snowflake.connector.pandas_tools.write_pandas() *...]
[2025-12-10T08:35:37.193+0000] {cursor.py:1045} INFO - query execution done
[2025-12-10T08:35:37.195+0000] {cursor.py:1205} INFO - Number of results in first chunk: 1
[2025-12-10T08:35:37.201+0000] {cursor.py:1032} INFO - query: [DROP TABLE IF EXISTS FACT_FUEL_ECONOMY /* Python:snowflake.connector.pandas_tool...]
[2025-12-10T08:35:37.332+0000] {cursor.py:1045} INFO - query execution done
[2025-12-10T08:35:37.339+0000] {cursor.py:1205} INFO - Number of results in first chunk: 1
[2025-12-10T08:35:37.347+0000] {cursor.py:1032} INFO - query: [ALTER TABLE wlfsxtuduj RENAME TO FACT_FUEL_ECONOMY /* Python:snowflake.connector...]
[2025-12-10T08:35:37.500+0000] {cursor.py:1045} INFO - query execution done
[2025-12-10T08:35:37.502+0000] {cursor.py:1205} INFO - Number of results in first chunk: 1
[2025-12-10T08:35:37.503+0000] {logging_mixin.py:154} INFO - ✅ Loaded 4,609 rows into AUTOMOTIVE_AI.EPA.FACT_FUEL_ECONOMY
[2025-12-10T08:35:37.503+0000] {cursor.py:1032} INFO - query: [SELECT COUNT(*) FROM FACT_FUEL_ECONOMY]
[2025-12-10T08:35:37.801+0000] {cursor.py:1045} INFO - query execution done
[2025-12-10T08:35:37.803+0000] {cursor.py:1205} INFO - Number of results in first chunk: 1
[2025-12-10T08:35:37.807+0000] {logging_mixin.py:154} INFO - Verification: 4,609 rows in table
[2025-12-10T08:35:37.808+0000] {connection.py:734} INFO - closed
[2025-12-10T08:35:37.938+0000] {connection.py:740} INFO - No async queries seem to be running, deleting session
[2025-12-10T08:35:38.228+0000] {python.py:194} INFO - Done. Returned value was: True
[2025-12-10T08:35:38.294+0000] {taskinstance.py:1400} INFO - Marking task as SUCCESS. dag_id=autoinsight_cleaning_pipeline_v2, task_id=load_epa_to_snowflake, execution_date=20251210T073900, start_date=20251210T083518, end_date=20251210T083538
[2025-12-10T08:35:38.423+0000] {local_task_job_runner.py:228} INFO - Task exited with return code 0
[2025-12-10T08:35:38.480+0000] {taskinstance.py:2778} INFO - 0 downstream tasks scheduled from follow-on schedule check
