[2025-12-08T22:23:47.627+0000] {taskinstance.py:1159} INFO - Dependencies all met for dep_context=non-requeueable deps ti=<TaskInstance: autoinsight_cleaning_pipeline_v2.clean_nhtsa_investigations manual__2025-12-08T22:23:46.693862+00:00 [queued]>
[2025-12-08T22:23:47.634+0000] {taskinstance.py:1159} INFO - Dependencies all met for dep_context=requeueable deps ti=<TaskInstance: autoinsight_cleaning_pipeline_v2.clean_nhtsa_investigations manual__2025-12-08T22:23:46.693862+00:00 [queued]>
[2025-12-08T22:23:47.635+0000] {taskinstance.py:1361} INFO - Starting attempt 1 of 3
[2025-12-08T22:23:47.644+0000] {taskinstance.py:1382} INFO - Executing <Task(PythonOperator): clean_nhtsa_investigations> on 2025-12-08 22:23:46.693862+00:00
[2025-12-08T22:23:47.648+0000] {standard_task_runner.py:57} INFO - Started process 412 to run task
[2025-12-08T22:23:47.652+0000] {standard_task_runner.py:84} INFO - Running: ['***', 'tasks', 'run', 'autoinsight_cleaning_pipeline_v2', 'clean_nhtsa_investigations', 'manual__2025-12-08T22:23:46.693862+00:00', '--job-id', '257', '--raw', '--subdir', 'DAGS_FOLDER/autoinsight_cleaning_pipeline.py', '--cfg-path', '/tmp/tmptck_esf9']
[2025-12-08T22:23:47.656+0000] {standard_task_runner.py:85} INFO - Job 257: Subtask clean_nhtsa_investigations
[2025-12-08T22:23:47.717+0000] {task_command.py:416} INFO - Running <TaskInstance: autoinsight_cleaning_pipeline_v2.clean_nhtsa_investigations manual__2025-12-08T22:23:46.693862+00:00 [running]> on host 71216401ab91
[2025-12-08T22:23:47.773+0000] {taskinstance.py:1662} INFO - Exporting env vars: AIRFLOW_CTX_DAG_EMAIL='autoinsight@example.com' AIRFLOW_CTX_DAG_OWNER='autoinsight-team' AIRFLOW_CTX_DAG_ID='autoinsight_cleaning_pipeline_v2' AIRFLOW_CTX_TASK_ID='clean_nhtsa_investigations' AIRFLOW_CTX_EXECUTION_DATE='2025-12-08T22:23:46.693862+00:00' AIRFLOW_CTX_TRY_NUMBER='1' AIRFLOW_CTX_DAG_RUN_ID='manual__2025-12-08T22:23:46.693862+00:00'
[2025-12-08T22:23:47.775+0000] {logging_mixin.py:154} INFO - ======================================================================
[2025-12-08T22:23:47.775+0000] {logging_mixin.py:154} INFO - CLEANING TASK: NHTSA Investigations
[2025-12-08T22:23:47.775+0000] {logging_mixin.py:154} INFO - ======================================================================
[2025-12-08T22:23:47.873+0000] {logging_mixin.py:154} INFO - 
🚀 Starting NHTSA Investigations Cleaning
[2025-12-08T22:23:47.873+0000] {logging_mixin.py:154} INFO - 🔧 Running in LOCAL mode
[2025-12-08T22:23:47.874+0000] {logging_mixin.py:154} INFO - 📦 Loading AWS S3 connectors...
[2025-12-08T22:24:35.394+0000] {logging_mixin.py:154} INFO - ❌ NHTSA Investigations Failed: [JAVA_GATEWAY_EXITED] Java gateway process exited before sending its port number.
[2025-12-08T22:24:35.398+0000] {logging_mixin.py:154} WARNING - Traceback (most recent call last):
[2025-12-08T22:24:35.399+0000] {logging_mixin.py:154} WARNING -   File "/opt/***/dags/autoinsight_cleaning_pipeline.py", line 88, in run_cleaning_task
    main()
[2025-12-08T22:24:35.400+0000] {logging_mixin.py:154} WARNING -   File "/opt/***/src/clean_nhtsa_investigation.py", line 364, in main
    spark = builder.getOrCreate()
            ^^^^^^^^^^^^^^^^^^^^^
[2025-12-08T22:24:35.400+0000] {logging_mixin.py:154} WARNING -   File "/home/***/.local/lib/python3.11/site-packages/pyspark/sql/session.py", line 497, in getOrCreate
    sc = SparkContext.getOrCreate(sparkConf)
         ^^^^^^^^^^^^^^^^^^^^^^^^^^^^^^^^^^^
[2025-12-08T22:24:35.401+0000] {logging_mixin.py:154} WARNING -   File "/home/***/.local/lib/python3.11/site-packages/pyspark/context.py", line 515, in getOrCreate
    SparkContext(conf=conf or SparkConf())
[2025-12-08T22:24:35.401+0000] {logging_mixin.py:154} WARNING -   File "/home/***/.local/lib/python3.11/site-packages/pyspark/context.py", line 201, in __init__
    SparkContext._ensure_initialized(self, gateway=gateway, conf=conf)
[2025-12-08T22:24:35.401+0000] {logging_mixin.py:154} WARNING -   File "/home/***/.local/lib/python3.11/site-packages/pyspark/context.py", line 436, in _ensure_initialized
    SparkContext._gateway = gateway or launch_gateway(conf)
                                       ^^^^^^^^^^^^^^^^^^^^
[2025-12-08T22:24:35.402+0000] {logging_mixin.py:154} WARNING -   File "/home/***/.local/lib/python3.11/site-packages/pyspark/java_gateway.py", line 107, in launch_gateway
    raise PySparkRuntimeError(
[2025-12-08T22:24:35.403+0000] {logging_mixin.py:154} WARNING - pyspark.errors.exceptions.base.PySparkRuntimeError: [JAVA_GATEWAY_EXITED] Java gateway process exited before sending its port number.
[2025-12-08T22:24:35.404+0000] {taskinstance.py:1937} ERROR - Task failed with exception
Traceback (most recent call last):
  File "/home/airflow/.local/lib/python3.11/site-packages/airflow/operators/python.py", line 192, in execute
    return_value = self.execute_callable()
                   ^^^^^^^^^^^^^^^^^^^^^^^
  File "/home/airflow/.local/lib/python3.11/site-packages/airflow/operators/python.py", line 209, in execute_callable
    return self.python_callable(*self.op_args, **self.op_kwargs)
           ^^^^^^^^^^^^^^^^^^^^^^^^^^^^^^^^^^^^^^^^^^^^^^^^^^^^^
  File "/opt/airflow/dags/autoinsight_cleaning_pipeline.py", line 128, in clean_nhtsa_investigations
    return run_cleaning_task('clean_nhtsa_investigation', 'NHTSA Investigations', **context)
           ^^^^^^^^^^^^^^^^^^^^^^^^^^^^^^^^^^^^^^^^^^^^^^^^^^^^^^^^^^^^^^^^^^^^^^^^^^^^^^^^^
  File "/opt/airflow/dags/autoinsight_cleaning_pipeline.py", line 88, in run_cleaning_task
    main()
  File "/opt/airflow/src/clean_nhtsa_investigation.py", line 364, in main
    spark = builder.getOrCreate()
            ^^^^^^^^^^^^^^^^^^^^^
  File "/home/airflow/.local/lib/python3.11/site-packages/pyspark/sql/session.py", line 497, in getOrCreate
    sc = SparkContext.getOrCreate(sparkConf)
         ^^^^^^^^^^^^^^^^^^^^^^^^^^^^^^^^^^^
  File "/home/airflow/.local/lib/python3.11/site-packages/pyspark/context.py", line 515, in getOrCreate
    SparkContext(conf=conf or SparkConf())
  File "/home/airflow/.local/lib/python3.11/site-packages/pyspark/context.py", line 201, in __init__
    SparkContext._ensure_initialized(self, gateway=gateway, conf=conf)
  File "/home/airflow/.local/lib/python3.11/site-packages/pyspark/context.py", line 436, in _ensure_initialized
    SparkContext._gateway = gateway or launch_gateway(conf)
                                       ^^^^^^^^^^^^^^^^^^^^
  File "/home/airflow/.local/lib/python3.11/site-packages/pyspark/java_gateway.py", line 107, in launch_gateway
    raise PySparkRuntimeError(
pyspark.errors.exceptions.base.PySparkRuntimeError: [JAVA_GATEWAY_EXITED] Java gateway process exited before sending its port number.
[2025-12-08T22:24:35.417+0000] {taskinstance.py:1400} INFO - Marking task as UP_FOR_RETRY. dag_id=autoinsight_cleaning_pipeline_v2, task_id=clean_nhtsa_investigations, execution_date=20251208T222346, start_date=20251208T222347, end_date=20251208T222435
[2025-12-08T22:24:35.432+0000] {standard_task_runner.py:104} ERROR - Failed to execute job 257 for task clean_nhtsa_investigations ([JAVA_GATEWAY_EXITED] Java gateway process exited before sending its port number.; 412)
[2025-12-08T22:24:35.455+0000] {local_task_job_runner.py:228} INFO - Task exited with return code 1
[2025-12-08T22:24:35.482+0000] {taskinstance.py:2778} INFO - 0 downstream tasks scheduled from follow-on schedule check
