[2025-12-10T07:39:02.496+0000] {taskinstance.py:1159} INFO - Dependencies all met for dep_context=non-requeueable deps ti=<TaskInstance: autoinsight_cleaning_pipeline_v2.clean_nhtsa_recalls manual__2025-12-10T07:39:00.715114+00:00 [queued]>
[2025-12-10T07:39:02.510+0000] {taskinstance.py:1159} INFO - Dependencies all met for dep_context=requeueable deps ti=<TaskInstance: autoinsight_cleaning_pipeline_v2.clean_nhtsa_recalls manual__2025-12-10T07:39:00.715114+00:00 [queued]>
[2025-12-10T07:39:02.511+0000] {taskinstance.py:1361} INFO - Starting attempt 1 of 3
[2025-12-10T07:39:02.530+0000] {taskinstance.py:1382} INFO - Executing <Task(PythonOperator): clean_nhtsa_recalls> on 2025-12-10 07:39:00.715114+00:00
[2025-12-10T07:39:02.540+0000] {standard_task_runner.py:57} INFO - Started process 269 to run task
[2025-12-10T07:39:02.545+0000] {standard_task_runner.py:84} INFO - Running: ['***', 'tasks', 'run', 'autoinsight_cleaning_pipeline_v2', 'clean_nhtsa_recalls', 'manual__2025-12-10T07:39:00.715114+00:00', '--job-id', '77', '--raw', '--subdir', 'DAGS_FOLDER/autoinsight_cleaning_pipeline.py', '--cfg-path', '/tmp/tmpz5z2yie5']
[2025-12-10T07:39:02.551+0000] {standard_task_runner.py:85} INFO - Job 77: Subtask clean_nhtsa_recalls
[2025-12-10T07:39:02.694+0000] {task_command.py:416} INFO - Running <TaskInstance: autoinsight_cleaning_pipeline_v2.clean_nhtsa_recalls manual__2025-12-10T07:39:00.715114+00:00 [running]> on host a0456ba1e352
[2025-12-10T07:39:02.801+0000] {taskinstance.py:1662} INFO - Exporting env vars: AIRFLOW_CTX_DAG_EMAIL='autoinsight@example.com' AIRFLOW_CTX_DAG_OWNER='autoinsight-team' AIRFLOW_CTX_DAG_ID='autoinsight_cleaning_pipeline_v2' AIRFLOW_CTX_TASK_ID='clean_nhtsa_recalls' AIRFLOW_CTX_EXECUTION_DATE='2025-12-10T07:39:00.715114+00:00' AIRFLOW_CTX_TRY_NUMBER='1' AIRFLOW_CTX_DAG_RUN_ID='manual__2025-12-10T07:39:00.715114+00:00'
[2025-12-10T07:39:02.803+0000] {logging_mixin.py:154} INFO - ======================================================================
[2025-12-10T07:39:02.804+0000] {logging_mixin.py:154} INFO - CLEANING TASK: NHTSA Recalls
[2025-12-10T07:39:02.805+0000] {logging_mixin.py:154} INFO - ======================================================================
[2025-12-10T07:39:03.075+0000] {logging_mixin.py:154} INFO - 
Starting NHTSA Recalls Cleaning
[2025-12-10T07:39:03.077+0000] {logging_mixin.py:154} INFO - Running in LOCAL mode
[2025-12-10T07:39:03.078+0000] {logging_mixin.py:154} INFO - Loading AWS S3 connectors...
[2025-12-10T07:39:13.211+0000] {logging_mixin.py:154} INFO - ❌ NHTSA Recalls Failed: [JAVA_GATEWAY_EXITED] Java gateway process exited before sending its port number.
[2025-12-10T07:39:13.220+0000] {logging_mixin.py:154} WARNING - Traceback (most recent call last):
[2025-12-10T07:39:13.221+0000] {logging_mixin.py:154} WARNING -   File "/opt/***/dags/autoinsight_cleaning_pipeline.py", line 88, in run_cleaning_task
    main()
[2025-12-10T07:39:13.222+0000] {logging_mixin.py:154} WARNING -   File "/opt/***/src/data_cleaning/clean_nhtsa_recalls.py", line 331, in main
    spark = builder.getOrCreate()
            ^^^^^^^^^^^^^^^^^^^^^
[2025-12-10T07:39:13.223+0000] {logging_mixin.py:154} WARNING -   File "/home/***/.local/lib/python3.11/site-packages/pyspark/sql/session.py", line 497, in getOrCreate
    sc = SparkContext.getOrCreate(sparkConf)
         ^^^^^^^^^^^^^^^^^^^^^^^^^^^^^^^^^^^
[2025-12-10T07:39:13.224+0000] {logging_mixin.py:154} WARNING -   File "/home/***/.local/lib/python3.11/site-packages/pyspark/context.py", line 515, in getOrCreate
    SparkContext(conf=conf or SparkConf())
[2025-12-10T07:39:13.225+0000] {logging_mixin.py:154} WARNING -   File "/home/***/.local/lib/python3.11/site-packages/pyspark/context.py", line 201, in __init__
    SparkContext._ensure_initialized(self, gateway=gateway, conf=conf)
[2025-12-10T07:39:13.226+0000] {logging_mixin.py:154} WARNING -   File "/home/***/.local/lib/python3.11/site-packages/pyspark/context.py", line 436, in _ensure_initialized
    SparkContext._gateway = gateway or launch_gateway(conf)
                                       ^^^^^^^^^^^^^^^^^^^^
[2025-12-10T07:39:13.227+0000] {logging_mixin.py:154} WARNING -   File "/home/***/.local/lib/python3.11/site-packages/pyspark/java_gateway.py", line 107, in launch_gateway
    raise PySparkRuntimeError(
[2025-12-10T07:39:13.228+0000] {logging_mixin.py:154} WARNING - pyspark.errors.exceptions.base.PySparkRuntimeError: [JAVA_GATEWAY_EXITED] Java gateway process exited before sending its port number.
[2025-12-10T07:39:13.232+0000] {taskinstance.py:1937} ERROR - Task failed with exception
Traceback (most recent call last):
  File "/home/airflow/.local/lib/python3.11/site-packages/airflow/operators/python.py", line 192, in execute
    return_value = self.execute_callable()
                   ^^^^^^^^^^^^^^^^^^^^^^^
  File "/home/airflow/.local/lib/python3.11/site-packages/airflow/operators/python.py", line 209, in execute_callable
    return self.python_callable(*self.op_args, **self.op_kwargs)
           ^^^^^^^^^^^^^^^^^^^^^^^^^^^^^^^^^^^^^^^^^^^^^^^^^^^^^
  File "/opt/airflow/dags/autoinsight_cleaning_pipeline.py", line 113, in clean_nhtsa_recalls
    return run_cleaning_task('clean_nhtsa_recalls', 'NHTSA Recalls', **context)
           ^^^^^^^^^^^^^^^^^^^^^^^^^^^^^^^^^^^^^^^^^^^^^^^^^^^^^^^^^^^^^^^^^^^^
  File "/opt/airflow/dags/autoinsight_cleaning_pipeline.py", line 88, in run_cleaning_task
    main()
  File "/opt/airflow/src/data_cleaning/clean_nhtsa_recalls.py", line 331, in main
    spark = builder.getOrCreate()
            ^^^^^^^^^^^^^^^^^^^^^
  File "/home/airflow/.local/lib/python3.11/site-packages/pyspark/sql/session.py", line 497, in getOrCreate
    sc = SparkContext.getOrCreate(sparkConf)
         ^^^^^^^^^^^^^^^^^^^^^^^^^^^^^^^^^^^
  File "/home/airflow/.local/lib/python3.11/site-packages/pyspark/context.py", line 515, in getOrCreate
    SparkContext(conf=conf or SparkConf())
  File "/home/airflow/.local/lib/python3.11/site-packages/pyspark/context.py", line 201, in __init__
    SparkContext._ensure_initialized(self, gateway=gateway, conf=conf)
  File "/home/airflow/.local/lib/python3.11/site-packages/pyspark/context.py", line 436, in _ensure_initialized
    SparkContext._gateway = gateway or launch_gateway(conf)
                                       ^^^^^^^^^^^^^^^^^^^^
  File "/home/airflow/.local/lib/python3.11/site-packages/pyspark/java_gateway.py", line 107, in launch_gateway
    raise PySparkRuntimeError(
pyspark.errors.exceptions.base.PySparkRuntimeError: [JAVA_GATEWAY_EXITED] Java gateway process exited before sending its port number.
[2025-12-10T07:39:13.258+0000] {taskinstance.py:1400} INFO - Marking task as UP_FOR_RETRY. dag_id=autoinsight_cleaning_pipeline_v2, task_id=clean_nhtsa_recalls, execution_date=20251210T073900, start_date=20251210T073902, end_date=20251210T073913
[2025-12-10T07:39:13.288+0000] {standard_task_runner.py:104} ERROR - Failed to execute job 77 for task clean_nhtsa_recalls ([JAVA_GATEWAY_EXITED] Java gateway process exited before sending its port number.; 269)
[2025-12-10T07:39:13.317+0000] {local_task_job_runner.py:228} INFO - Task exited with return code 1
[2025-12-10T07:39:13.366+0000] {taskinstance.py:2778} INFO - 0 downstream tasks scheduled from follow-on schedule check
