[2025-12-10T09:02:54.116+0000] {taskinstance.py:1159} INFO - Dependencies all met for dep_context=non-requeueable deps ti=<TaskInstance: autoinsight_cleaning_pipeline_v2.clean_fred_data manual__2025-12-10T08:31:58.521713+00:00 [queued]>
[2025-12-10T09:02:54.133+0000] {taskinstance.py:1159} INFO - Dependencies all met for dep_context=requeueable deps ti=<TaskInstance: autoinsight_cleaning_pipeline_v2.clean_fred_data manual__2025-12-10T08:31:58.521713+00:00 [queued]>
[2025-12-10T09:02:54.134+0000] {taskinstance.py:1361} INFO - Starting attempt 1 of 3
[2025-12-10T09:02:54.158+0000] {taskinstance.py:1382} INFO - Executing <Task(PythonOperator): clean_fred_data> on 2025-12-10 08:31:58.521713+00:00
[2025-12-10T09:02:54.167+0000] {standard_task_runner.py:57} INFO - Started process 7632 to run task
[2025-12-10T09:02:54.174+0000] {standard_task_runner.py:84} INFO - Running: ['***', 'tasks', 'run', 'autoinsight_cleaning_pipeline_v2', 'clean_fred_data', 'manual__2025-12-10T08:31:58.521713+00:00', '--job-id', '138', '--raw', '--subdir', 'DAGS_FOLDER/autoinsight_cleaning_pipeline.py', '--cfg-path', '/tmp/tmpxikary85']
[2025-12-10T09:02:54.180+0000] {standard_task_runner.py:85} INFO - Job 138: Subtask clean_fred_data
[2025-12-10T09:02:54.286+0000] {task_command.py:416} INFO - Running <TaskInstance: autoinsight_cleaning_pipeline_v2.clean_fred_data manual__2025-12-10T08:31:58.521713+00:00 [running]> on host 846744d01d56
[2025-12-10T09:02:54.401+0000] {taskinstance.py:1662} INFO - Exporting env vars: AIRFLOW_CTX_DAG_EMAIL='autoinsight@example.com' AIRFLOW_CTX_DAG_OWNER='autoinsight-team' AIRFLOW_CTX_DAG_ID='autoinsight_cleaning_pipeline_v2' AIRFLOW_CTX_TASK_ID='clean_fred_data' AIRFLOW_CTX_EXECUTION_DATE='2025-12-10T08:31:58.521713+00:00' AIRFLOW_CTX_TRY_NUMBER='1' AIRFLOW_CTX_DAG_RUN_ID='manual__2025-12-10T08:31:58.521713+00:00'
[2025-12-10T09:02:54.405+0000] {logging_mixin.py:154} INFO - ======================================================================
[2025-12-10T09:02:54.406+0000] {logging_mixin.py:154} INFO - CLEANING TASK: FRED Economic Indicators
[2025-12-10T09:02:54.406+0000] {logging_mixin.py:154} INFO - ======================================================================
[2025-12-10T09:02:54.536+0000] {logging_mixin.py:154} INFO - 
Starting FRED Economic Indicators Cleaning
[2025-12-10T09:02:54.537+0000] {logging_mixin.py:154} INFO - Running in LOCAL mode
[2025-12-10T09:02:54.538+0000] {logging_mixin.py:154} INFO - Loading AWS S3 connectors...
[2025-12-10T09:03:07.508+0000] {logging_mixin.py:154} INFO - Input: s3a://autoinsightfinal/fred/raw/fred_economic_indicators.csv
[2025-12-10T09:03:07.510+0000] {logging_mixin.py:154} INFO - Output: s3a://autoinsightfinal/fred/cleaned_new/economic_indicators/parquet/
[2025-12-10T09:03:07.513+0000] {logging_mixin.py:154} INFO - ============================================================
[2025-12-10T09:03:07.514+0000] {logging_mixin.py:154} INFO - FRED ECONOMIC INDICATORS - CLEANING
[2025-12-10T09:03:07.515+0000] {logging_mixin.py:154} INFO - ============================================================
[2025-12-10T09:03:07.515+0000] {logging_mixin.py:154} INFO - 
Reading raw data from: s3a://autoinsightfinal/fred/raw/fred_economic_indicators.csv
[2025-12-10T09:03:26.591+0000] {logging_mixin.py:154} INFO -   Loaded 393 records (long format)
[2025-12-10T09:03:26.593+0000] {logging_mixin.py:154} INFO - 
Pivoting from long to wide format...
[2025-12-10T09:03:39.383+0000] {logging_mixin.py:154} INFO -   Pivoted to 131 rows (wide format)
[2025-12-10T09:03:39.385+0000] {logging_mixin.py:154} INFO - 
Cleaning Summary:
[2025-12-10T09:03:39.389+0000] {logging_mixin.py:154} INFO -   Initial records: 393 (long format)
[2025-12-10T09:03:39.393+0000] {logging_mixin.py:154} INFO -   Final records: 131 (wide format)
[2025-12-10T09:03:44.470+0000] {logging_mixin.py:154} INFO -   Date range: 2015-01-01 to 2025-11-01
[2025-12-10T09:03:44.472+0000] {logging_mixin.py:154} INFO - 
Writing cleaned data to: s3a://autoinsightfinal/fred/cleaned_new/economic_indicators/parquet/
[2025-12-10T09:04:17.072+0000] {logging_mixin.py:154} INFO - Writing CSV to: s3a://autoinsightfinal/fred/cleaned_new/economic_indicators/csv/
[2025-12-10T09:04:45.193+0000] {logging_mixin.py:154} INFO - 
FRED cleaning complete!
[2025-12-10T09:04:45.203+0000] {logging_mixin.py:154} INFO - ============================================================
[2025-12-10T09:04:45.204+0000] {logging_mixin.py:154} INFO - 
Sample of cleaned data (Snowflake-ready):
[2025-12-10T09:04:47.021+0000] {logging_mixin.py:154} INFO - +----------+-------------------+-----------------+-------------------+-----------+--------------------------+
|date      |total_vehicle_sales|light_truck_sales|domestic_auto_sales|data_source|loaded_at                 |
+----------+-------------------+-----------------+-------------------+-----------+--------------------------+
|2015-01-01|16.91              |16.474           |5.462              |FRED       |2025-12-10 09:04:45.269267|
|2015-02-01|16.891             |16.461           |5.278              |FRED       |2025-12-10 09:04:45.269267|
|2015-03-01|17.896             |17.459           |5.65               |FRED       |2025-12-10 09:04:45.269267|
|2015-04-01|17.693             |17.249           |5.546              |FRED       |2025-12-10 09:04:45.269267|
|2015-05-01|17.929             |17.488           |5.782              |FRED       |2025-12-10 09:04:45.269267|
|2015-06-01|17.889             |17.401           |5.697              |FRED       |2025-12-10 09:04:45.269267|
|2015-07-01|18.318             |17.827           |5.812              |FRED       |2025-12-10 09:04:45.269267|
|2015-08-01|18.391             |17.94            |5.771              |FRED       |2025-12-10 09:04:45.269267|
|2015-09-01|18.281             |17.833           |5.61               |FRED       |2025-12-10 09:04:45.269267|
|2015-10-01|18.27              |17.818           |5.682              |FRED       |2025-12-10 09:04:45.269267|
+----------+-------------------+-----------------+-------------------+-----------+--------------------------+
only showing top 10 rows
[2025-12-10T09:04:47.447+0000] {logging_mixin.py:154} INFO - ✅ FRED Economic Indicators Complete
[2025-12-10T09:04:47.525+0000] {python.py:194} INFO - Done. Returned value was: True
[2025-12-10T09:04:47.586+0000] {taskinstance.py:1400} INFO - Marking task as SUCCESS. dag_id=autoinsight_cleaning_pipeline_v2, task_id=clean_fred_data, execution_date=20251210T083158, start_date=20251210T090254, end_date=20251210T090447
[2025-12-10T09:04:47.664+0000] {local_task_job_runner.py:228} INFO - Task exited with return code 0
[2025-12-10T09:04:47.745+0000] {taskinstance.py:2778} INFO - 0 downstream tasks scheduled from follow-on schedule check
