[2025-12-10T07:58:49.578+0000] {taskinstance.py:1159} INFO - Dependencies all met for dep_context=non-requeueable deps ti=<TaskInstance: autoinsight_cleaning_pipeline_v2.clean_epa_data manual__2025-12-10T07:39:00.715114+00:00 [queued]>
[2025-12-10T07:58:49.592+0000] {taskinstance.py:1159} INFO - Dependencies all met for dep_context=requeueable deps ti=<TaskInstance: autoinsight_cleaning_pipeline_v2.clean_epa_data manual__2025-12-10T07:39:00.715114+00:00 [queued]>
[2025-12-10T07:58:49.593+0000] {taskinstance.py:1361} INFO - Starting attempt 2 of 3
[2025-12-10T07:58:49.655+0000] {taskinstance.py:1382} INFO - Executing <Task(PythonOperator): clean_epa_data> on 2025-12-10 07:39:00.715114+00:00
[2025-12-10T07:58:49.671+0000] {standard_task_runner.py:57} INFO - Started process 234 to run task
[2025-12-10T07:58:49.676+0000] {standard_task_runner.py:84} INFO - Running: ['***', 'tasks', 'run', 'autoinsight_cleaning_pipeline_v2', 'clean_epa_data', 'manual__2025-12-10T07:39:00.715114+00:00', '--job-id', '89', '--raw', '--subdir', 'DAGS_FOLDER/autoinsight_cleaning_pipeline.py', '--cfg-path', '/tmp/tmpoasqla2o']
[2025-12-10T07:58:49.682+0000] {standard_task_runner.py:85} INFO - Job 89: Subtask clean_epa_data
[2025-12-10T07:58:49.809+0000] {task_command.py:416} INFO - Running <TaskInstance: autoinsight_cleaning_pipeline_v2.clean_epa_data manual__2025-12-10T07:39:00.715114+00:00 [running]> on host 9a98728cc167
[2025-12-10T07:58:49.930+0000] {taskinstance.py:1662} INFO - Exporting env vars: AIRFLOW_CTX_DAG_EMAIL='autoinsight@example.com' AIRFLOW_CTX_DAG_OWNER='autoinsight-team' AIRFLOW_CTX_DAG_ID='autoinsight_cleaning_pipeline_v2' AIRFLOW_CTX_TASK_ID='clean_epa_data' AIRFLOW_CTX_EXECUTION_DATE='2025-12-10T07:39:00.715114+00:00' AIRFLOW_CTX_TRY_NUMBER='2' AIRFLOW_CTX_DAG_RUN_ID='manual__2025-12-10T07:39:00.715114+00:00'
[2025-12-10T07:58:49.933+0000] {logging_mixin.py:154} INFO - ======================================================================
[2025-12-10T07:58:49.934+0000] {logging_mixin.py:154} INFO - CLEANING TASK: EPA Fuel Economy
[2025-12-10T07:58:49.936+0000] {logging_mixin.py:154} INFO - ======================================================================
[2025-12-10T07:58:50.139+0000] {logging_mixin.py:154} INFO - 
Starting EPA Fuel Economy Cleaning
[2025-12-10T07:58:50.140+0000] {logging_mixin.py:154} INFO - Running in LOCAL mode
[2025-12-10T07:58:50.140+0000] {logging_mixin.py:154} INFO - Loading AWS S3 connectors...
[2025-12-10T07:58:50.187+0000] {logging_mixin.py:154} INFO - ❌ EPA Fuel Economy Failed: [Errno 2] No such file or directory: '/opt/spark/./bin/spark-submit'
[2025-12-10T07:58:50.195+0000] {logging_mixin.py:154} WARNING - Traceback (most recent call last):
[2025-12-10T07:58:50.197+0000] {logging_mixin.py:154} WARNING -   File "/opt/***/dags/autoinsight_cleaning_pipeline.py", line 88, in run_cleaning_task
    main()
[2025-12-10T07:58:50.197+0000] {logging_mixin.py:154} WARNING -   File "/opt/***/src/data_cleaning/clean_epa_fuel_economy.py", line 314, in main
    spark = builder.getOrCreate()
            ^^^^^^^^^^^^^^^^^^^^^
[2025-12-10T07:58:50.198+0000] {logging_mixin.py:154} WARNING -   File "/home/***/.local/lib/python3.11/site-packages/pyspark/sql/session.py", line 497, in getOrCreate
    sc = SparkContext.getOrCreate(sparkConf)
         ^^^^^^^^^^^^^^^^^^^^^^^^^^^^^^^^^^^
[2025-12-10T07:58:50.199+0000] {logging_mixin.py:154} WARNING -   File "/home/***/.local/lib/python3.11/site-packages/pyspark/context.py", line 515, in getOrCreate
    SparkContext(conf=conf or SparkConf())
[2025-12-10T07:58:50.199+0000] {logging_mixin.py:154} WARNING -   File "/home/***/.local/lib/python3.11/site-packages/pyspark/context.py", line 201, in __init__
    SparkContext._ensure_initialized(self, gateway=gateway, conf=conf)
[2025-12-10T07:58:50.200+0000] {logging_mixin.py:154} WARNING -   File "/home/***/.local/lib/python3.11/site-packages/pyspark/context.py", line 436, in _ensure_initialized
    SparkContext._gateway = gateway or launch_gateway(conf)
                                       ^^^^^^^^^^^^^^^^^^^^
[2025-12-10T07:58:50.200+0000] {logging_mixin.py:154} WARNING -   File "/home/***/.local/lib/python3.11/site-packages/pyspark/java_gateway.py", line 97, in launch_gateway
    proc = Popen(command, **popen_kwargs)
           ^^^^^^^^^^^^^^^^^^^^^^^^^^^^^^
[2025-12-10T07:58:50.201+0000] {logging_mixin.py:154} WARNING -   File "/usr/local/lib/python3.11/subprocess.py", line 1026, in __init__
    self._execute_child(args, executable, preexec_fn, close_fds,
[2025-12-10T07:58:50.202+0000] {logging_mixin.py:154} WARNING -   File "/usr/local/lib/python3.11/subprocess.py", line 1950, in _execute_child
    raise child_exception_type(errno_num, err_msg, err_filename)
[2025-12-10T07:58:50.202+0000] {logging_mixin.py:154} WARNING - FileNotFoundError: [Errno 2] No such file or directory: '/opt/spark/./bin/spark-submit'
[2025-12-10T07:58:50.204+0000] {taskinstance.py:1937} ERROR - Task failed with exception
Traceback (most recent call last):
  File "/home/airflow/.local/lib/python3.11/site-packages/airflow/operators/python.py", line 192, in execute
    return_value = self.execute_callable()
                   ^^^^^^^^^^^^^^^^^^^^^^^
  File "/home/airflow/.local/lib/python3.11/site-packages/airflow/operators/python.py", line 209, in execute_callable
    return self.python_callable(*self.op_args, **self.op_kwargs)
           ^^^^^^^^^^^^^^^^^^^^^^^^^^^^^^^^^^^^^^^^^^^^^^^^^^^^^
  File "/opt/airflow/dags/autoinsight_cleaning_pipeline.py", line 103, in clean_epa_data
    return run_cleaning_task('clean_epa_fuel_economy', 'EPA Fuel Economy', **context)
           ^^^^^^^^^^^^^^^^^^^^^^^^^^^^^^^^^^^^^^^^^^^^^^^^^^^^^^^^^^^^^^^^^^^^^^^^^^
  File "/opt/airflow/dags/autoinsight_cleaning_pipeline.py", line 88, in run_cleaning_task
    main()
  File "/opt/airflow/src/data_cleaning/clean_epa_fuel_economy.py", line 314, in main
    spark = builder.getOrCreate()
            ^^^^^^^^^^^^^^^^^^^^^
  File "/home/airflow/.local/lib/python3.11/site-packages/pyspark/sql/session.py", line 497, in getOrCreate
    sc = SparkContext.getOrCreate(sparkConf)
         ^^^^^^^^^^^^^^^^^^^^^^^^^^^^^^^^^^^
  File "/home/airflow/.local/lib/python3.11/site-packages/pyspark/context.py", line 515, in getOrCreate
    SparkContext(conf=conf or SparkConf())
  File "/home/airflow/.local/lib/python3.11/site-packages/pyspark/context.py", line 201, in __init__
    SparkContext._ensure_initialized(self, gateway=gateway, conf=conf)
  File "/home/airflow/.local/lib/python3.11/site-packages/pyspark/context.py", line 436, in _ensure_initialized
    SparkContext._gateway = gateway or launch_gateway(conf)
                                       ^^^^^^^^^^^^^^^^^^^^
  File "/home/airflow/.local/lib/python3.11/site-packages/pyspark/java_gateway.py", line 97, in launch_gateway
    proc = Popen(command, **popen_kwargs)
           ^^^^^^^^^^^^^^^^^^^^^^^^^^^^^^
  File "/usr/local/lib/python3.11/subprocess.py", line 1026, in __init__
    self._execute_child(args, executable, preexec_fn, close_fds,
  File "/usr/local/lib/python3.11/subprocess.py", line 1950, in _execute_child
    raise child_exception_type(errno_num, err_msg, err_filename)
FileNotFoundError: [Errno 2] No such file or directory: '/opt/spark/./bin/spark-submit'
[2025-12-10T07:58:50.227+0000] {taskinstance.py:1400} INFO - Marking task as UP_FOR_RETRY. dag_id=autoinsight_cleaning_pipeline_v2, task_id=clean_epa_data, execution_date=20251210T073900, start_date=20251210T075849, end_date=20251210T075850
[2025-12-10T07:58:50.245+0000] {standard_task_runner.py:104} ERROR - Failed to execute job 89 for task clean_epa_data ([Errno 2] No such file or directory: '/opt/spark/./bin/spark-submit'; 234)
[2025-12-10T07:58:50.293+0000] {local_task_job_runner.py:228} INFO - Task exited with return code 1
[2025-12-10T07:58:50.452+0000] {taskinstance.py:2778} INFO - 0 downstream tasks scheduled from follow-on schedule check
