[2025-12-10T06:57:59.610+0000] {taskinstance.py:1159} INFO - Dependencies all met for dep_context=non-requeueable deps ti=<TaskInstance: autoinsight_data_pipeline.fetch_fred_data scheduled__2025-12-09T02:00:00+00:00 [queued]>
[2025-12-10T06:57:59.622+0000] {taskinstance.py:1159} INFO - Dependencies all met for dep_context=requeueable deps ti=<TaskInstance: autoinsight_data_pipeline.fetch_fred_data scheduled__2025-12-09T02:00:00+00:00 [queued]>
[2025-12-10T06:57:59.623+0000] {taskinstance.py:1361} INFO - Starting attempt 1 of 4
[2025-12-10T06:57:59.643+0000] {taskinstance.py:1382} INFO - Executing <Task(PythonOperator): fetch_fred_data> on 2025-12-09 02:00:00+00:00
[2025-12-10T06:57:59.655+0000] {standard_task_runner.py:57} INFO - Started process 13776 to run task
[2025-12-10T06:57:59.660+0000] {standard_task_runner.py:84} INFO - Running: ['***', 'tasks', 'run', 'autoinsight_data_pipeline', 'fetch_fred_data', 'scheduled__2025-12-09T02:00:00+00:00', '--job-id', '69', '--raw', '--subdir', 'DAGS_FOLDER/autoinsight_data_pipeline.py', '--cfg-path', '/tmp/tmpkrp30c9f']
[2025-12-10T06:57:59.669+0000] {standard_task_runner.py:85} INFO - Job 69: Subtask fetch_fred_data
[2025-12-10T06:57:59.804+0000] {task_command.py:416} INFO - Running <TaskInstance: autoinsight_data_pipeline.fetch_fred_data scheduled__2025-12-09T02:00:00+00:00 [running]> on host 09126cf425ed
[2025-12-10T06:58:00.552+0000] {taskinstance.py:1662} INFO - Exporting env vars: AIRFLOW_CTX_DAG_EMAIL='autoinsight@example.com' AIRFLOW_CTX_DAG_OWNER='autoinsight-team' AIRFLOW_CTX_DAG_ID='autoinsight_data_pipeline' AIRFLOW_CTX_TASK_ID='fetch_fred_data' AIRFLOW_CTX_EXECUTION_DATE='2025-12-09T02:00:00+00:00' AIRFLOW_CTX_TRY_NUMBER='1' AIRFLOW_CTX_DAG_RUN_ID='scheduled__2025-12-09T02:00:00+00:00'
[2025-12-10T06:58:00.554+0000] {logging_mixin.py:154} INFO - ======================================================================
[2025-12-10T06:58:00.555+0000] {logging_mixin.py:154} INFO - TASK 2: FRED Economic Data Collection
[2025-12-10T06:58:00.556+0000] {logging_mixin.py:154} INFO - ======================================================================
[2025-12-10T06:58:00.726+0000] {logging_mixin.py:154} INFO - ============================================================
[2025-12-10T06:58:00.727+0000] {logging_mixin.py:154} INFO - FRED DATA FETCH AND S3 UPLOAD
[2025-12-10T06:58:00.728+0000] {logging_mixin.py:154} INFO - ============================================================
[2025-12-10T06:58:05.645+0000] {logging_mixin.py:154} INFO - Fetching TOTALSA...
[2025-12-10T06:58:05.649+0000] {logging_mixin.py:154} INFO -   Status: 200
[2025-12-10T06:58:05.665+0000] {logging_mixin.py:154} INFO -   Got 131 records (2015-01-01 to 2025-11-01)
[2025-12-10T06:58:09.860+0000] {logging_mixin.py:154} INFO - Fetching ALTSALES...
[2025-12-10T06:58:09.861+0000] {logging_mixin.py:154} INFO -   Status: 200
[2025-12-10T06:58:09.866+0000] {logging_mixin.py:154} INFO -   Got 131 records (2015-01-01 to 2025-11-01)
[2025-12-10T06:58:10.245+0000] {logging_mixin.py:154} INFO - Fetching DAUTOSAAR...
[2025-12-10T06:58:10.246+0000] {logging_mixin.py:154} INFO -   Status: 200
[2025-12-10T06:58:10.251+0000] {logging_mixin.py:154} INFO -   Got 131 records (2015-01-01 to 2025-11-01)
[2025-12-10T06:58:10.320+0000] {logging_mixin.py:154} INFO - 
============================================================
[2025-12-10T06:58:10.324+0000] {logging_mixin.py:154} INFO - LOCAL FILE CREATED
[2025-12-10T06:58:10.325+0000] {logging_mixin.py:154} INFO - ============================================================
[2025-12-10T06:58:10.326+0000] {logging_mixin.py:154} INFO -   Filename: /opt/***/data/fred_economic_indicators.csv
[2025-12-10T06:58:10.329+0000] {logging_mixin.py:154} INFO -   Records: 393
[2025-12-10T06:58:10.330+0000] {logging_mixin.py:154} INFO -   Date range: 2015-01-01 to 2025-11-01
[2025-12-10T06:58:10.331+0000] {logging_mixin.py:154} INFO -   Series: 3 (TOTALSA, ALTSALES, DAUTOSAAR)
[2025-12-10T06:58:10.332+0000] {logging_mixin.py:154} INFO - 
  Sample data:
[2025-12-10T06:58:10.342+0000] {logging_mixin.py:154} INFO -       date  value series_id         series_name
2015-01-01 16.474  ALTSALES   Light Truck Sales
2015-01-01  5.462 DAUTOSAAR Domestic Auto Sales
2015-01-01 16.910   TOTALSA Total Vehicle Sales
2015-02-01 16.461  ALTSALES   Light Truck Sales
2015-02-01  5.278 DAUTOSAAR Domestic Auto Sales
2015-02-01 16.891   TOTALSA Total Vehicle Sales
2015-03-01 17.459  ALTSALES   Light Truck Sales
2015-03-01  5.650 DAUTOSAAR Domestic Auto Sales
2015-03-01 17.896   TOTALSA Total Vehicle Sales
2015-04-01 17.249  ALTSALES   Light Truck Sales
[2025-12-10T06:58:10.470+0000] {logging_mixin.py:154} INFO - 
Uploading to S3...
[2025-12-10T06:58:10.471+0000] {logging_mixin.py:154} INFO -   File: /opt/***/data/fred_economic_indicators.csv
[2025-12-10T06:58:10.471+0000] {logging_mixin.py:154} INFO -   Destination: s3://autoinsightfinal/fred/raw/fred_economic_indicators.csv
[2025-12-10T06:58:11.273+0000] {logging_mixin.py:154} INFO -   Success!
[2025-12-10T06:58:11.276+0000] {logging_mixin.py:154} INFO - 
============================================================
[2025-12-10T06:58:11.277+0000] {logging_mixin.py:154} INFO - COMPLETE!
[2025-12-10T06:58:11.278+0000] {logging_mixin.py:154} INFO - ============================================================
[2025-12-10T06:58:11.279+0000] {logging_mixin.py:154} INFO -   FRED data successfully uploaded to:
[2025-12-10T06:58:11.279+0000] {logging_mixin.py:154} INFO -   s3://autoinsightfinal/fred/raw/fred_economic_indicators.csv
[2025-12-10T06:58:11.314+0000] {logging_mixin.py:154} INFO - ✅ FRED Data Collection Complete: 393 records
[2025-12-10T06:58:11.315+0000] {python.py:194} INFO - Done. Returned value was: True
[2025-12-10T06:58:11.352+0000] {taskinstance.py:1400} INFO - Marking task as SUCCESS. dag_id=autoinsight_data_pipeline, task_id=fetch_fred_data, execution_date=20251209T020000, start_date=20251210T065759, end_date=20251210T065811
[2025-12-10T06:58:11.429+0000] {local_task_job_runner.py:228} INFO - Task exited with return code 0
[2025-12-10T06:58:11.458+0000] {taskinstance.py:2778} INFO - 1 downstream tasks scheduled from follow-on schedule check
