[2025-12-09T06:25:37.511+0000] {taskinstance.py:1159} INFO - Dependencies all met for dep_context=non-requeueable deps ti=<TaskInstance: autoinsight_daily_scraper.completion_summary scheduled__2025-12-08T06:00:00+00:00 [queued]>
[2025-12-09T06:25:37.526+0000] {taskinstance.py:1159} INFO - Dependencies all met for dep_context=requeueable deps ti=<TaskInstance: autoinsight_daily_scraper.completion_summary scheduled__2025-12-08T06:00:00+00:00 [queued]>
[2025-12-09T06:25:37.527+0000] {taskinstance.py:1361} INFO - Starting attempt 1 of 2
[2025-12-09T06:25:37.547+0000] {taskinstance.py:1382} INFO - Executing <Task(PythonOperator): completion_summary> on 2025-12-08 06:00:00+00:00
[2025-12-09T06:25:37.558+0000] {standard_task_runner.py:57} INFO - Started process 499 to run task
[2025-12-09T06:25:37.564+0000] {standard_task_runner.py:84} INFO - Running: ['***', 'tasks', 'run', 'autoinsight_daily_scraper', 'completion_summary', 'scheduled__2025-12-08T06:00:00+00:00', '--job-id', '7', '--raw', '--subdir', 'DAGS_FOLDER/news_scrapper.py', '--cfg-path', '/tmp/tmp0h66zkf1']
[2025-12-09T06:25:37.570+0000] {standard_task_runner.py:85} INFO - Job 7: Subtask completion_summary
[2025-12-09T06:25:37.683+0000] {task_command.py:416} INFO - Running <TaskInstance: autoinsight_daily_scraper.completion_summary scheduled__2025-12-08T06:00:00+00:00 [running]> on host 74c4cbde2083
[2025-12-09T06:25:37.794+0000] {taskinstance.py:1662} INFO - Exporting env vars: AIRFLOW_CTX_DAG_OWNER='autoinsight' AIRFLOW_CTX_DAG_ID='autoinsight_daily_scraper' AIRFLOW_CTX_TASK_ID='completion_summary' AIRFLOW_CTX_EXECUTION_DATE='2025-12-08T06:00:00+00:00' AIRFLOW_CTX_TRY_NUMBER='1' AIRFLOW_CTX_DAG_RUN_ID='scheduled__2025-12-08T06:00:00+00:00'
[2025-12-09T06:25:37.853+0000] {news_scrapper.py:204} INFO - 
    ============================================
    ✅ AutoInsight Job Completed
    ============================================
    📰 News:   100 scraped | 100 new/updated | 110 total in DB
    📅 Events: 19 scraped | 19 new/updated | 19 total in DB
    ============================================
    
[2025-12-09T06:25:37.854+0000] {logging_mixin.py:154} INFO - 
    ============================================
    ✅ AutoInsight Job Completed
    ============================================
    📰 News:   100 scraped | 100 new/updated | 110 total in DB
    📅 Events: 19 scraped | 19 new/updated | 19 total in DB
    ============================================
    
[2025-12-09T06:25:37.855+0000] {python.py:194} INFO - Done. Returned value was: None
[2025-12-09T06:25:37.867+0000] {taskinstance.py:1400} INFO - Marking task as SUCCESS. dag_id=autoinsight_daily_scraper, task_id=completion_summary, execution_date=20251208T060000, start_date=20251209T062537, end_date=20251209T062537
[2025-12-09T06:25:37.898+0000] {local_task_job_runner.py:228} INFO - Task exited with return code 0
[2025-12-09T06:25:37.921+0000] {taskinstance.py:2778} INFO - 0 downstream tasks scheduled from follow-on schedule check
