[2025-12-10T07:39:02.499+0000] {taskinstance.py:1159} INFO - Dependencies all met for dep_context=non-requeueable deps ti=<TaskInstance: autoinsight_cleaning_pipeline_v2.clean_nhtsa_investigations manual__2025-12-10T07:39:00.715114+00:00 [queued]>
[2025-12-10T07:39:02.514+0000] {taskinstance.py:1159} INFO - Dependencies all met for dep_context=requeueable deps ti=<TaskInstance: autoinsight_cleaning_pipeline_v2.clean_nhtsa_investigations manual__2025-12-10T07:39:00.715114+00:00 [queued]>
[2025-12-10T07:39:02.516+0000] {taskinstance.py:1361} INFO - Starting attempt 1 of 3
[2025-12-10T07:39:02.537+0000] {taskinstance.py:1382} INFO - Executing <Task(PythonOperator): clean_nhtsa_investigations> on 2025-12-10 07:39:00.715114+00:00
[2025-12-10T07:39:02.547+0000] {standard_task_runner.py:57} INFO - Started process 272 to run task
[2025-12-10T07:39:02.551+0000] {standard_task_runner.py:84} INFO - Running: ['***', 'tasks', 'run', 'autoinsight_cleaning_pipeline_v2', 'clean_nhtsa_investigations', 'manual__2025-12-10T07:39:00.715114+00:00', '--job-id', '78', '--raw', '--subdir', 'DAGS_FOLDER/autoinsight_cleaning_pipeline.py', '--cfg-path', '/tmp/tmpqfcykxom']
[2025-12-10T07:39:02.560+0000] {standard_task_runner.py:85} INFO - Job 78: Subtask clean_nhtsa_investigations
[2025-12-10T07:39:02.699+0000] {task_command.py:416} INFO - Running <TaskInstance: autoinsight_cleaning_pipeline_v2.clean_nhtsa_investigations manual__2025-12-10T07:39:00.715114+00:00 [running]> on host a0456ba1e352
[2025-12-10T07:39:02.811+0000] {taskinstance.py:1662} INFO - Exporting env vars: AIRFLOW_CTX_DAG_EMAIL='autoinsight@example.com' AIRFLOW_CTX_DAG_OWNER='autoinsight-team' AIRFLOW_CTX_DAG_ID='autoinsight_cleaning_pipeline_v2' AIRFLOW_CTX_TASK_ID='clean_nhtsa_investigations' AIRFLOW_CTX_EXECUTION_DATE='2025-12-10T07:39:00.715114+00:00' AIRFLOW_CTX_TRY_NUMBER='1' AIRFLOW_CTX_DAG_RUN_ID='manual__2025-12-10T07:39:00.715114+00:00'
[2025-12-10T07:39:02.813+0000] {logging_mixin.py:154} INFO - ======================================================================
[2025-12-10T07:39:02.813+0000] {logging_mixin.py:154} INFO - CLEANING TASK: NHTSA Investigations
[2025-12-10T07:39:02.814+0000] {logging_mixin.py:154} INFO - ======================================================================
[2025-12-10T07:39:03.076+0000] {logging_mixin.py:154} INFO - 
🚀 Starting NHTSA Investigations Cleaning
[2025-12-10T07:39:03.077+0000] {logging_mixin.py:154} INFO - 🔧 Running in LOCAL mode
[2025-12-10T07:39:03.079+0000] {logging_mixin.py:154} INFO - 📦 Loading AWS S3 connectors...
[2025-12-10T07:39:28.054+0000] {logging_mixin.py:154} INFO - ❌ NHTSA Investigations Failed: [JAVA_GATEWAY_EXITED] Java gateway process exited before sending its port number.
[2025-12-10T07:39:28.059+0000] {logging_mixin.py:154} WARNING - Traceback (most recent call last):
[2025-12-10T07:39:28.061+0000] {logging_mixin.py:154} WARNING -   File "/opt/***/dags/autoinsight_cleaning_pipeline.py", line 88, in run_cleaning_task
    main()
[2025-12-10T07:39:28.061+0000] {logging_mixin.py:154} WARNING -   File "/opt/***/src/data_cleaning/clean_nhtsa_investigation.py", line 364, in main
    spark = builder.getOrCreate()
            ^^^^^^^^^^^^^^^^^^^^^
[2025-12-10T07:39:28.062+0000] {logging_mixin.py:154} WARNING -   File "/home/***/.local/lib/python3.11/site-packages/pyspark/sql/session.py", line 497, in getOrCreate
    sc = SparkContext.getOrCreate(sparkConf)
         ^^^^^^^^^^^^^^^^^^^^^^^^^^^^^^^^^^^
[2025-12-10T07:39:28.063+0000] {logging_mixin.py:154} WARNING -   File "/home/***/.local/lib/python3.11/site-packages/pyspark/context.py", line 515, in getOrCreate
    SparkContext(conf=conf or SparkConf())
[2025-12-10T07:39:28.063+0000] {logging_mixin.py:154} WARNING -   File "/home/***/.local/lib/python3.11/site-packages/pyspark/context.py", line 201, in __init__
    SparkContext._ensure_initialized(self, gateway=gateway, conf=conf)
[2025-12-10T07:39:28.064+0000] {logging_mixin.py:154} WARNING -   File "/home/***/.local/lib/python3.11/site-packages/pyspark/context.py", line 436, in _ensure_initialized
    SparkContext._gateway = gateway or launch_gateway(conf)
                                       ^^^^^^^^^^^^^^^^^^^^
[2025-12-10T07:39:28.064+0000] {logging_mixin.py:154} WARNING -   File "/home/***/.local/lib/python3.11/site-packages/pyspark/java_gateway.py", line 107, in launch_gateway
    raise PySparkRuntimeError(
[2025-12-10T07:39:28.065+0000] {logging_mixin.py:154} WARNING - pyspark.errors.exceptions.base.PySparkRuntimeError: [JAVA_GATEWAY_EXITED] Java gateway process exited before sending its port number.
[2025-12-10T07:39:28.067+0000] {taskinstance.py:1937} ERROR - Task failed with exception
Traceback (most recent call last):
  File "/home/airflow/.local/lib/python3.11/site-packages/airflow/operators/python.py", line 192, in execute
    return_value = self.execute_callable()
                   ^^^^^^^^^^^^^^^^^^^^^^^
  File "/home/airflow/.local/lib/python3.11/site-packages/airflow/operators/python.py", line 209, in execute_callable
    return self.python_callable(*self.op_args, **self.op_kwargs)
           ^^^^^^^^^^^^^^^^^^^^^^^^^^^^^^^^^^^^^^^^^^^^^^^^^^^^^
  File "/opt/airflow/dags/autoinsight_cleaning_pipeline.py", line 128, in clean_nhtsa_investigations
    return run_cleaning_task('clean_nhtsa_investigation', 'NHTSA Investigations', **context)
           ^^^^^^^^^^^^^^^^^^^^^^^^^^^^^^^^^^^^^^^^^^^^^^^^^^^^^^^^^^^^^^^^^^^^^^^^^^^^^^^^^
  File "/opt/airflow/dags/autoinsight_cleaning_pipeline.py", line 88, in run_cleaning_task
    main()
  File "/opt/airflow/src/data_cleaning/clean_nhtsa_investigation.py", line 364, in main
    spark = builder.getOrCreate()
            ^^^^^^^^^^^^^^^^^^^^^
  File "/home/airflow/.local/lib/python3.11/site-packages/pyspark/sql/session.py", line 497, in getOrCreate
    sc = SparkContext.getOrCreate(sparkConf)
         ^^^^^^^^^^^^^^^^^^^^^^^^^^^^^^^^^^^
  File "/home/airflow/.local/lib/python3.11/site-packages/pyspark/context.py", line 515, in getOrCreate
    SparkContext(conf=conf or SparkConf())
  File "/home/airflow/.local/lib/python3.11/site-packages/pyspark/context.py", line 201, in __init__
    SparkContext._ensure_initialized(self, gateway=gateway, conf=conf)
  File "/home/airflow/.local/lib/python3.11/site-packages/pyspark/context.py", line 436, in _ensure_initialized
    SparkContext._gateway = gateway or launch_gateway(conf)
                                       ^^^^^^^^^^^^^^^^^^^^
  File "/home/airflow/.local/lib/python3.11/site-packages/pyspark/java_gateway.py", line 107, in launch_gateway
    raise PySparkRuntimeError(
pyspark.errors.exceptions.base.PySparkRuntimeError: [JAVA_GATEWAY_EXITED] Java gateway process exited before sending its port number.
[2025-12-10T07:39:28.084+0000] {taskinstance.py:1400} INFO - Marking task as UP_FOR_RETRY. dag_id=autoinsight_cleaning_pipeline_v2, task_id=clean_nhtsa_investigations, execution_date=20251210T073900, start_date=20251210T073902, end_date=20251210T073928
[2025-12-10T07:39:28.101+0000] {standard_task_runner.py:104} ERROR - Failed to execute job 78 for task clean_nhtsa_investigations ([JAVA_GATEWAY_EXITED] Java gateway process exited before sending its port number.; 272)
[2025-12-10T07:39:28.139+0000] {local_task_job_runner.py:228} INFO - Task exited with return code 1
[2025-12-10T07:39:28.170+0000] {taskinstance.py:2778} INFO - 0 downstream tasks scheduled from follow-on schedule check
