[2025-12-07T08:15:05.430+0000] {taskinstance.py:1159} INFO - Dependencies all met for dep_context=non-requeueable deps ti=<TaskInstance: autoinsight_data_pipeline.generate_summary scheduled__2025-12-06T02:00:00+00:00 [queued]>
[2025-12-07T08:15:05.440+0000] {taskinstance.py:1159} INFO - Dependencies all met for dep_context=requeueable deps ti=<TaskInstance: autoinsight_data_pipeline.generate_summary scheduled__2025-12-06T02:00:00+00:00 [queued]>
[2025-12-07T08:15:05.441+0000] {taskinstance.py:1361} INFO - Starting attempt 1 of 4
[2025-12-07T08:15:05.456+0000] {taskinstance.py:1382} INFO - Executing <Task(PythonOperator): generate_summary> on 2025-12-06 02:00:00+00:00
[2025-12-07T08:15:05.462+0000] {standard_task_runner.py:57} INFO - Started process 1770 to run task
[2025-12-07T08:15:05.466+0000] {standard_task_runner.py:84} INFO - Running: ['***', 'tasks', 'run', 'autoinsight_data_pipeline', 'generate_summary', 'scheduled__2025-12-06T02:00:00+00:00', '--job-id', '202', '--raw', '--subdir', 'DAGS_FOLDER/autoinsight_data_pipeline.py', '--cfg-path', '/tmp/tmp0glhl8nf']
[2025-12-07T08:15:05.470+0000] {standard_task_runner.py:85} INFO - Job 202: Subtask generate_summary
[2025-12-07T08:15:05.540+0000] {task_command.py:416} INFO - Running <TaskInstance: autoinsight_data_pipeline.generate_summary scheduled__2025-12-06T02:00:00+00:00 [running]> on host fb35e4f278df
[2025-12-07T08:15:05.618+0000] {taskinstance.py:1662} INFO - Exporting env vars: AIRFLOW_CTX_DAG_EMAIL='autoinsight@example.com' AIRFLOW_CTX_DAG_OWNER='autoinsight-team' AIRFLOW_CTX_DAG_ID='autoinsight_data_pipeline' AIRFLOW_CTX_TASK_ID='generate_summary' AIRFLOW_CTX_EXECUTION_DATE='2025-12-06T02:00:00+00:00' AIRFLOW_CTX_TRY_NUMBER='1' AIRFLOW_CTX_DAG_RUN_ID='scheduled__2025-12-06T02:00:00+00:00'
[2025-12-07T08:15:05.620+0000] {logging_mixin.py:154} INFO - ======================================================================
[2025-12-07T08:15:05.621+0000] {logging_mixin.py:154} INFO - TASK 4: Pipeline Summary Generation
[2025-12-07T08:15:05.621+0000] {logging_mixin.py:154} INFO - ======================================================================
[2025-12-07T08:15:05.655+0000] {logging_mixin.py:154} WARNING - /home/***/.local/lib/python3.11/site-packages/***/utils/context.py:314 AirflowContextDeprecationWarning: Accessing 'execution_date' from the template is deprecated and will be removed in a future version. Please use 'data_interval_start' or 'logical_date' instead.
[2025-12-07T08:15:05.656+0000] {logging_mixin.py:154} INFO - 
======================================================================
[2025-12-07T08:15:05.656+0000] {logging_mixin.py:154} INFO - 📊 PIPELINE EXECUTION SUMMARY
[2025-12-07T08:15:05.657+0000] {logging_mixin.py:154} INFO - ======================================================================
[2025-12-07T08:15:05.657+0000] {logging_mixin.py:154} INFO - Run Date: 2025-12-07T08:15:05.651858
[2025-12-07T08:15:05.657+0000] {logging_mixin.py:154} INFO - EPA Records: 3,858
[2025-12-07T08:15:05.658+0000] {logging_mixin.py:154} INFO - EPA Manufacturers: 15
[2025-12-07T08:15:05.658+0000] {logging_mixin.py:154} INFO - FRED Records: 213
[2025-12-07T08:15:05.658+0000] {logging_mixin.py:154} INFO - NHTSA Status: completed
[2025-12-07T08:15:05.659+0000] {logging_mixin.py:154} INFO - Overall Status: success
[2025-12-07T08:15:05.659+0000] {logging_mixin.py:154} INFO - ======================================================================
[2025-12-07T08:15:05.740+0000] {credentials.py:1147} INFO - Found credentials in environment variables.
[2025-12-07T08:15:06.413+0000] {logging_mixin.py:154} INFO - ✅ Summary uploaded to s3://autoinsightfinal/pipeline_summaries/summary_2025-12-06.json
[2025-12-07T08:15:06.416+0000] {python.py:194} INFO - Done. Returned value was: {'pipeline_run_date': '2025-12-07T08:15:05.651858', 'execution_date': '2025-12-06T02:00:00+00:00', 'epa_records': 3858, 'epa_manufacturers': 15, 'fred_records': 213, 'nhtsa_status': 'completed', 'overall_status': 'success'}
[2025-12-07T08:15:06.439+0000] {taskinstance.py:1400} INFO - Marking task as SUCCESS. dag_id=autoinsight_data_pipeline, task_id=generate_summary, execution_date=20251206T020000, start_date=20251207T081505, end_date=20251207T081506
[2025-12-07T08:15:06.481+0000] {local_task_job_runner.py:228} INFO - Task exited with return code 0
[2025-12-07T08:15:06.508+0000] {taskinstance.py:2778} INFO - 0 downstream tasks scheduled from follow-on schedule check
