[2025-12-07T08:14:18.762+0000] {taskinstance.py:1159} INFO - Dependencies all met for dep_context=non-requeueable deps ti=<TaskInstance: autoinsight_data_pipeline.fetch_fred_data scheduled__2025-12-06T02:00:00+00:00 [queued]>
[2025-12-07T08:14:18.771+0000] {taskinstance.py:1159} INFO - Dependencies all met for dep_context=requeueable deps ti=<TaskInstance: autoinsight_data_pipeline.fetch_fred_data scheduled__2025-12-06T02:00:00+00:00 [queued]>
[2025-12-07T08:14:18.771+0000] {taskinstance.py:1361} INFO - Starting attempt 1 of 4
[2025-12-07T08:14:18.786+0000] {taskinstance.py:1382} INFO - Executing <Task(PythonOperator): fetch_fred_data> on 2025-12-06 02:00:00+00:00
[2025-12-07T08:14:18.792+0000] {standard_task_runner.py:57} INFO - Started process 1720 to run task
[2025-12-07T08:14:18.797+0000] {standard_task_runner.py:84} INFO - Running: ['***', 'tasks', 'run', 'autoinsight_data_pipeline', 'fetch_fred_data', 'scheduled__2025-12-06T02:00:00+00:00', '--job-id', '200', '--raw', '--subdir', 'DAGS_FOLDER/autoinsight_data_pipeline.py', '--cfg-path', '/tmp/tmpug14tglz']
[2025-12-07T08:14:18.800+0000] {standard_task_runner.py:85} INFO - Job 200: Subtask fetch_fred_data
[2025-12-07T08:14:18.858+0000] {task_command.py:416} INFO - Running <TaskInstance: autoinsight_data_pipeline.fetch_fred_data scheduled__2025-12-06T02:00:00+00:00 [running]> on host fb35e4f278df
[2025-12-07T08:14:18.935+0000] {taskinstance.py:1662} INFO - Exporting env vars: AIRFLOW_CTX_DAG_EMAIL='autoinsight@example.com' AIRFLOW_CTX_DAG_OWNER='autoinsight-team' AIRFLOW_CTX_DAG_ID='autoinsight_data_pipeline' AIRFLOW_CTX_TASK_ID='fetch_fred_data' AIRFLOW_CTX_EXECUTION_DATE='2025-12-06T02:00:00+00:00' AIRFLOW_CTX_TRY_NUMBER='1' AIRFLOW_CTX_DAG_RUN_ID='scheduled__2025-12-06T02:00:00+00:00'
[2025-12-07T08:14:18.937+0000] {logging_mixin.py:154} INFO - ======================================================================
[2025-12-07T08:14:18.937+0000] {logging_mixin.py:154} INFO - TASK 2: FRED Economic Data Collection
[2025-12-07T08:14:18.937+0000] {logging_mixin.py:154} INFO - ======================================================================
[2025-12-07T08:14:19.293+0000] {logging_mixin.py:154} INFO - ============================================================
[2025-12-07T08:14:19.293+0000] {logging_mixin.py:154} INFO - FRED DATA FETCH AND S3 UPLOAD
[2025-12-07T08:14:19.294+0000] {logging_mixin.py:154} INFO - ============================================================
[2025-12-07T08:14:19.680+0000] {logging_mixin.py:154} INFO - Fetching TOTALSA...
[2025-12-07T08:14:19.680+0000] {logging_mixin.py:154} INFO -   Status: 200
[2025-12-07T08:14:19.686+0000] {logging_mixin.py:154} INFO -   Got 71 records (2020-01-01 to 2025-11-01)
[2025-12-07T08:14:19.954+0000] {logging_mixin.py:154} INFO - Fetching ALTSALES...
[2025-12-07T08:14:19.955+0000] {logging_mixin.py:154} INFO -   Status: 200
[2025-12-07T08:14:19.957+0000] {logging_mixin.py:154} INFO -   Got 71 records (2020-01-01 to 2025-11-01)
[2025-12-07T08:14:20.131+0000] {logging_mixin.py:154} INFO - Fetching DAUTOSAAR...
[2025-12-07T08:14:20.133+0000] {logging_mixin.py:154} INFO -   Status: 200
[2025-12-07T08:14:20.135+0000] {logging_mixin.py:154} INFO -   Got 71 records (2020-01-01 to 2025-11-01)
[2025-12-07T08:14:20.159+0000] {logging_mixin.py:154} INFO - 
============================================================
[2025-12-07T08:14:20.160+0000] {logging_mixin.py:154} INFO - LOCAL FILE CREATED
[2025-12-07T08:14:20.160+0000] {logging_mixin.py:154} INFO - ============================================================
[2025-12-07T08:14:20.160+0000] {logging_mixin.py:154} INFO -   Filename: /opt/***/data/fred_economic_indicators.csv
[2025-12-07T08:14:20.161+0000] {logging_mixin.py:154} INFO -   Records: 213
[2025-12-07T08:14:20.161+0000] {logging_mixin.py:154} INFO -   Date range: 2020-01-01 to 2025-11-01
[2025-12-07T08:14:20.162+0000] {logging_mixin.py:154} INFO -   Series: 3 (TOTALSA, ALTSALES, DAUTOSAAR)
[2025-12-07T08:14:20.163+0000] {logging_mixin.py:154} INFO - 
  Sample data:
[2025-12-07T08:14:20.167+0000] {logging_mixin.py:154} INFO -       date  value series_id         series_name
2020-01-01 16.420  ALTSALES   Light Truck Sales
2020-01-01  3.224 DAUTOSAAR Domestic Auto Sales
2020-01-01 16.850   TOTALSA Total Vehicle Sales
2020-02-01 16.669  ALTSALES   Light Truck Sales
2020-02-01  3.202 DAUTOSAAR Domestic Auto Sales
2020-02-01 17.130   TOTALSA Total Vehicle Sales
2020-03-01 11.444  ALTSALES   Light Truck Sales
2020-03-01  2.270 DAUTOSAAR Domestic Auto Sales
2020-03-01 11.825   TOTALSA Total Vehicle Sales
2020-04-01  8.571  ALTSALES   Light Truck Sales
[2025-12-07T08:14:20.408+0000] {logging_mixin.py:154} INFO - 
Uploading to S3...
[2025-12-07T08:14:20.409+0000] {logging_mixin.py:154} INFO -   File: /opt/***/data/fred_economic_indicators.csv
[2025-12-07T08:14:20.409+0000] {logging_mixin.py:154} INFO -   Destination: s3://autoinsightfinal/fred/raw/fred_economic_indicators.csv
[2025-12-07T08:14:20.917+0000] {logging_mixin.py:154} INFO -   Success!
[2025-12-07T08:14:20.918+0000] {logging_mixin.py:154} INFO - 
============================================================
[2025-12-07T08:14:20.919+0000] {logging_mixin.py:154} INFO - COMPLETE!
[2025-12-07T08:14:20.919+0000] {logging_mixin.py:154} INFO - ============================================================
[2025-12-07T08:14:20.920+0000] {logging_mixin.py:154} INFO -   FRED data successfully uploaded to:
[2025-12-07T08:14:20.920+0000] {logging_mixin.py:154} INFO -   s3://autoinsightfinal/fred/raw/fred_economic_indicators.csv
[2025-12-07T08:14:20.933+0000] {logging_mixin.py:154} INFO - ✅ FRED Data Collection Complete: 213 records
[2025-12-07T08:14:20.934+0000] {python.py:194} INFO - Done. Returned value was: True
[2025-12-07T08:14:20.954+0000] {taskinstance.py:1400} INFO - Marking task as SUCCESS. dag_id=autoinsight_data_pipeline, task_id=fetch_fred_data, execution_date=20251206T020000, start_date=20251207T081418, end_date=20251207T081420
[2025-12-07T08:14:21.015+0000] {local_task_job_runner.py:228} INFO - Task exited with return code 0
[2025-12-07T08:14:21.040+0000] {taskinstance.py:2778} INFO - 1 downstream tasks scheduled from follow-on schedule check
