[2025-12-10T06:59:17.524+0000] {taskinstance.py:1159} INFO - Dependencies all met for dep_context=non-requeueable deps ti=<TaskInstance: autoinsight_data_pipeline.generate_summary scheduled__2025-12-09T02:00:00+00:00 [queued]>
[2025-12-10T06:59:17.537+0000] {taskinstance.py:1159} INFO - Dependencies all met for dep_context=requeueable deps ti=<TaskInstance: autoinsight_data_pipeline.generate_summary scheduled__2025-12-09T02:00:00+00:00 [queued]>
[2025-12-10T06:59:17.538+0000] {taskinstance.py:1361} INFO - Starting attempt 1 of 4
[2025-12-10T06:59:17.555+0000] {taskinstance.py:1382} INFO - Executing <Task(PythonOperator): generate_summary> on 2025-12-09 02:00:00+00:00
[2025-12-10T06:59:17.564+0000] {standard_task_runner.py:57} INFO - Started process 13886 to run task
[2025-12-10T06:59:17.569+0000] {standard_task_runner.py:84} INFO - Running: ['***', 'tasks', 'run', 'autoinsight_data_pipeline', 'generate_summary', 'scheduled__2025-12-09T02:00:00+00:00', '--job-id', '71', '--raw', '--subdir', 'DAGS_FOLDER/autoinsight_data_pipeline.py', '--cfg-path', '/tmp/tmp6lqxmly5']
[2025-12-10T06:59:17.575+0000] {standard_task_runner.py:85} INFO - Job 71: Subtask generate_summary
[2025-12-10T06:59:17.696+0000] {task_command.py:416} INFO - Running <TaskInstance: autoinsight_data_pipeline.generate_summary scheduled__2025-12-09T02:00:00+00:00 [running]> on host 09126cf425ed
[2025-12-10T06:59:18.160+0000] {taskinstance.py:1662} INFO - Exporting env vars: AIRFLOW_CTX_DAG_EMAIL='autoinsight@example.com' AIRFLOW_CTX_DAG_OWNER='autoinsight-team' AIRFLOW_CTX_DAG_ID='autoinsight_data_pipeline' AIRFLOW_CTX_TASK_ID='generate_summary' AIRFLOW_CTX_EXECUTION_DATE='2025-12-09T02:00:00+00:00' AIRFLOW_CTX_TRY_NUMBER='1' AIRFLOW_CTX_DAG_RUN_ID='scheduled__2025-12-09T02:00:00+00:00'
[2025-12-10T06:59:18.162+0000] {logging_mixin.py:154} INFO - ======================================================================
[2025-12-10T06:59:18.162+0000] {logging_mixin.py:154} INFO - TASK 4: Pipeline Summary Generation
[2025-12-10T06:59:18.163+0000] {logging_mixin.py:154} INFO - ======================================================================
[2025-12-10T06:59:18.214+0000] {logging_mixin.py:154} WARNING - /home/***/.local/lib/python3.11/site-packages/***/utils/context.py:314 AirflowContextDeprecationWarning: Accessing 'execution_date' from the template is deprecated and will be removed in a future version. Please use 'data_interval_start' or 'logical_date' instead.
[2025-12-10T06:59:18.215+0000] {logging_mixin.py:154} INFO - 
======================================================================
[2025-12-10T06:59:18.216+0000] {logging_mixin.py:154} INFO - 📊 PIPELINE EXECUTION SUMMARY
[2025-12-10T06:59:18.217+0000] {logging_mixin.py:154} INFO - ======================================================================
[2025-12-10T06:59:18.219+0000] {logging_mixin.py:154} INFO - Run Date: 2025-12-10T06:59:18.210098
[2025-12-10T06:59:18.219+0000] {logging_mixin.py:154} INFO - EPA Records: 3,693
[2025-12-10T06:59:18.220+0000] {logging_mixin.py:154} INFO - EPA Manufacturers: 6
[2025-12-10T06:59:18.220+0000] {logging_mixin.py:154} INFO - FRED Records: 393
[2025-12-10T06:59:18.221+0000] {logging_mixin.py:154} INFO - NHTSA Status: completed
[2025-12-10T06:59:18.221+0000] {logging_mixin.py:154} INFO - Overall Status: success
[2025-12-10T06:59:18.221+0000] {logging_mixin.py:154} INFO - ======================================================================
[2025-12-10T06:59:18.338+0000] {credentials.py:1147} INFO - Found credentials in environment variables.
[2025-12-10T06:59:18.968+0000] {logging_mixin.py:154} INFO - ✅ Summary uploaded to s3://autoinsightfinal/pipeline_summaries/summary_2025-12-09.json
[2025-12-10T06:59:18.971+0000] {python.py:194} INFO - Done. Returned value was: {'pipeline_run_date': '2025-12-10T06:59:18.210098', 'execution_date': '2025-12-09T02:00:00+00:00', 'epa_records': 3693, 'epa_manufacturers': 6, 'fred_records': 393, 'nhtsa_status': 'completed', 'overall_status': 'success'}
[2025-12-10T06:59:19.017+0000] {taskinstance.py:1400} INFO - Marking task as SUCCESS. dag_id=autoinsight_data_pipeline, task_id=generate_summary, execution_date=20251209T020000, start_date=20251210T065917, end_date=20251210T065919
[2025-12-10T06:59:19.071+0000] {local_task_job_runner.py:228} INFO - Task exited with return code 0
[2025-12-10T06:59:19.105+0000] {taskinstance.py:2778} INFO - 1 downstream tasks scheduled from follow-on schedule check
