[2025-12-06T23:38:19.037+0000] {taskinstance.py:1159} INFO - Dependencies all met for dep_context=non-requeueable deps ti=<TaskInstance: autoinsight_cleaning_pipeline.clean_nhtsa_recalls manual__2025-12-06T23:20:46.538164+00:00 [queued]>
[2025-12-06T23:38:19.065+0000] {taskinstance.py:1159} INFO - Dependencies all met for dep_context=requeueable deps ti=<TaskInstance: autoinsight_cleaning_pipeline.clean_nhtsa_recalls manual__2025-12-06T23:20:46.538164+00:00 [queued]>
[2025-12-06T23:38:19.074+0000] {taskinstance.py:1361} INFO - Starting attempt 2 of 3
[2025-12-06T23:38:19.106+0000] {taskinstance.py:1382} INFO - Executing <Task(PythonOperator): clean_nhtsa_recalls> on 2025-12-06 23:20:46.538164+00:00
[2025-12-06T23:38:19.118+0000] {standard_task_runner.py:57} INFO - Started process 214 to run task
[2025-12-06T23:38:19.125+0000] {standard_task_runner.py:84} INFO - Running: ['***', 'tasks', 'run', 'autoinsight_cleaning_pipeline', 'clean_nhtsa_recalls', 'manual__2025-12-06T23:20:46.538164+00:00', '--job-id', '132', '--raw', '--subdir', 'DAGS_FOLDER/autoinsight_cleaning_pipeline.py', '--cfg-path', '/tmp/tmpszihmmes']
[2025-12-06T23:38:19.133+0000] {standard_task_runner.py:85} INFO - Job 132: Subtask clean_nhtsa_recalls
[2025-12-06T23:38:19.303+0000] {task_command.py:416} INFO - Running <TaskInstance: autoinsight_cleaning_pipeline.clean_nhtsa_recalls manual__2025-12-06T23:20:46.538164+00:00 [running]> on host 3bdfb183f13f
[2025-12-06T23:38:19.552+0000] {taskinstance.py:1662} INFO - Exporting env vars: AIRFLOW_CTX_DAG_EMAIL='autoinsight@example.com' AIRFLOW_CTX_DAG_OWNER='autoinsight-team' AIRFLOW_CTX_DAG_ID='autoinsight_cleaning_pipeline' AIRFLOW_CTX_TASK_ID='clean_nhtsa_recalls' AIRFLOW_CTX_EXECUTION_DATE='2025-12-06T23:20:46.538164+00:00' AIRFLOW_CTX_TRY_NUMBER='2' AIRFLOW_CTX_DAG_RUN_ID='manual__2025-12-06T23:20:46.538164+00:00'
[2025-12-06T23:38:19.556+0000] {logging_mixin.py:154} INFO - ======================================================================
[2025-12-06T23:38:19.557+0000] {logging_mixin.py:154} INFO - CLEANING TASK 3A: NHTSA Recalls
[2025-12-06T23:38:19.558+0000] {logging_mixin.py:154} INFO - ======================================================================
[2025-12-06T23:38:19.823+0000] {logging_mixin.py:154} INFO - 
Starting NHTSA Recalls Cleaning
[2025-12-06T23:38:19.825+0000] {logging_mixin.py:154} INFO - Running in LOCAL mode
[2025-12-06T23:38:19.826+0000] {logging_mixin.py:154} INFO - Loading AWS S3 connectors...
[2025-12-06T23:39:05.897+0000] {logging_mixin.py:154} INFO - ❌ NHTSA Recalls Cleaning Failed: [JAVA_GATEWAY_EXITED] Java gateway process exited before sending its port number.
[2025-12-06T23:39:05.901+0000] {logging_mixin.py:154} WARNING - Traceback (most recent call last):
[2025-12-06T23:39:05.902+0000] {logging_mixin.py:154} WARNING -   File "/opt/***/dags/autoinsight_cleaning_pipeline.py", line 107, in clean_nhtsa_recalls
    result = recalls_clean_main()
             ^^^^^^^^^^^^^^^^^^^^
[2025-12-06T23:39:05.902+0000] {logging_mixin.py:154} WARNING -   File "/opt/***/src/clean_nhtsa_recalls.py", line 331, in main
    spark = builder.getOrCreate()
            ^^^^^^^^^^^^^^^^^^^^^
[2025-12-06T23:39:05.903+0000] {logging_mixin.py:154} WARNING -   File "/home/***/.local/lib/python3.11/site-packages/pyspark/sql/session.py", line 497, in getOrCreate
    sc = SparkContext.getOrCreate(sparkConf)
         ^^^^^^^^^^^^^^^^^^^^^^^^^^^^^^^^^^^
[2025-12-06T23:39:05.903+0000] {logging_mixin.py:154} WARNING -   File "/home/***/.local/lib/python3.11/site-packages/pyspark/context.py", line 515, in getOrCreate
    SparkContext(conf=conf or SparkConf())
[2025-12-06T23:39:05.904+0000] {logging_mixin.py:154} WARNING -   File "/home/***/.local/lib/python3.11/site-packages/pyspark/context.py", line 201, in __init__
    SparkContext._ensure_initialized(self, gateway=gateway, conf=conf)
[2025-12-06T23:39:05.904+0000] {logging_mixin.py:154} WARNING -   File "/home/***/.local/lib/python3.11/site-packages/pyspark/context.py", line 436, in _ensure_initialized
    SparkContext._gateway = gateway or launch_gateway(conf)
                                       ^^^^^^^^^^^^^^^^^^^^
[2025-12-06T23:39:05.905+0000] {logging_mixin.py:154} WARNING -   File "/home/***/.local/lib/python3.11/site-packages/pyspark/java_gateway.py", line 107, in launch_gateway
    raise PySparkRuntimeError(
[2025-12-06T23:39:05.905+0000] {logging_mixin.py:154} WARNING - pyspark.errors.exceptions.base.PySparkRuntimeError: [JAVA_GATEWAY_EXITED] Java gateway process exited before sending its port number.
[2025-12-06T23:39:05.906+0000] {taskinstance.py:1937} ERROR - Task failed with exception
Traceback (most recent call last):
  File "/home/airflow/.local/lib/python3.11/site-packages/airflow/operators/python.py", line 192, in execute
    return_value = self.execute_callable()
                   ^^^^^^^^^^^^^^^^^^^^^^^
  File "/home/airflow/.local/lib/python3.11/site-packages/airflow/operators/python.py", line 209, in execute_callable
    return self.python_callable(*self.op_args, **self.op_kwargs)
           ^^^^^^^^^^^^^^^^^^^^^^^^^^^^^^^^^^^^^^^^^^^^^^^^^^^^^
  File "/opt/airflow/dags/autoinsight_cleaning_pipeline.py", line 107, in clean_nhtsa_recalls
    result = recalls_clean_main()
             ^^^^^^^^^^^^^^^^^^^^
  File "/opt/airflow/src/clean_nhtsa_recalls.py", line 331, in main
    spark = builder.getOrCreate()
            ^^^^^^^^^^^^^^^^^^^^^
  File "/home/airflow/.local/lib/python3.11/site-packages/pyspark/sql/session.py", line 497, in getOrCreate
    sc = SparkContext.getOrCreate(sparkConf)
         ^^^^^^^^^^^^^^^^^^^^^^^^^^^^^^^^^^^
  File "/home/airflow/.local/lib/python3.11/site-packages/pyspark/context.py", line 515, in getOrCreate
    SparkContext(conf=conf or SparkConf())
  File "/home/airflow/.local/lib/python3.11/site-packages/pyspark/context.py", line 201, in __init__
    SparkContext._ensure_initialized(self, gateway=gateway, conf=conf)
  File "/home/airflow/.local/lib/python3.11/site-packages/pyspark/context.py", line 436, in _ensure_initialized
    SparkContext._gateway = gateway or launch_gateway(conf)
                                       ^^^^^^^^^^^^^^^^^^^^
  File "/home/airflow/.local/lib/python3.11/site-packages/pyspark/java_gateway.py", line 107, in launch_gateway
    raise PySparkRuntimeError(
pyspark.errors.exceptions.base.PySparkRuntimeError: [JAVA_GATEWAY_EXITED] Java gateway process exited before sending its port number.
[2025-12-06T23:39:05.920+0000] {taskinstance.py:1400} INFO - Marking task as UP_FOR_RETRY. dag_id=autoinsight_cleaning_pipeline, task_id=clean_nhtsa_recalls, execution_date=20251206T232046, start_date=20251206T233819, end_date=20251206T233905
[2025-12-06T23:39:05.939+0000] {standard_task_runner.py:104} ERROR - Failed to execute job 132 for task clean_nhtsa_recalls ([JAVA_GATEWAY_EXITED] Java gateway process exited before sending its port number.; 214)
[2025-12-06T23:39:05.972+0000] {local_task_job_runner.py:228} INFO - Task exited with return code 1
[2025-12-06T23:39:05.998+0000] {taskinstance.py:2778} INFO - 0 downstream tasks scheduled from follow-on schedule check
