[2025-12-10T08:48:15.900+0000] {taskinstance.py:1159} INFO - Dependencies all met for dep_context=non-requeueable deps ti=<TaskInstance: autoinsight_daily_scraper.scrape_news_articles manual__2025-12-10T08:48:14.122781+00:00 [queued]>
[2025-12-10T08:48:15.915+0000] {taskinstance.py:1159} INFO - Dependencies all met for dep_context=requeueable deps ti=<TaskInstance: autoinsight_daily_scraper.scrape_news_articles manual__2025-12-10T08:48:14.122781+00:00 [queued]>
[2025-12-10T08:48:15.916+0000] {taskinstance.py:1361} INFO - Starting attempt 1 of 2
[2025-12-10T08:48:15.939+0000] {taskinstance.py:1382} INFO - Executing <Task(PythonOperator): scrape_news_articles> on 2025-12-10 08:48:14.122781+00:00
[2025-12-10T08:48:15.951+0000] {standard_task_runner.py:57} INFO - Started process 573 to run task
[2025-12-10T08:48:15.955+0000] {standard_task_runner.py:84} INFO - Running: ['***', 'tasks', 'run', 'autoinsight_daily_scraper', 'scrape_news_articles', 'manual__2025-12-10T08:48:14.122781+00:00', '--job-id', '119', '--raw', '--subdir', 'DAGS_FOLDER/news_scrapper.py', '--cfg-path', '/tmp/tmpetpxtup5']
[2025-12-10T08:48:15.964+0000] {standard_task_runner.py:85} INFO - Job 119: Subtask scrape_news_articles
[2025-12-10T08:48:16.073+0000] {task_command.py:416} INFO - Running <TaskInstance: autoinsight_daily_scraper.scrape_news_articles manual__2025-12-10T08:48:14.122781+00:00 [running]> on host 846744d01d56
[2025-12-10T08:48:16.248+0000] {taskinstance.py:1662} INFO - Exporting env vars: AIRFLOW_CTX_DAG_OWNER='autoinsight' AIRFLOW_CTX_DAG_ID='autoinsight_daily_scraper' AIRFLOW_CTX_TASK_ID='scrape_news_articles' AIRFLOW_CTX_EXECUTION_DATE='2025-12-10T08:48:14.122781+00:00' AIRFLOW_CTX_TRY_NUMBER='1' AIRFLOW_CTX_DAG_RUN_ID='manual__2025-12-10T08:48:14.122781+00:00'
[2025-12-10T08:48:16.255+0000] {news_scrapper.py:95} INFO - ============================================================
[2025-12-10T08:48:16.255+0000] {news_scrapper.py:96} INFO - TASK: Scraping News Articles
[2025-12-10T08:48:16.256+0000] {news_scrapper.py:103} INFO - Fetching articles from AutoNews RSS feed...
[2025-12-10T08:48:16.257+0000] {scrapper.py:246} INFO - Fetching news from RSS feed...
[2025-12-10T08:48:19.576+0000] {scrapper.py:333} INFO - ✓ Scraped 100 articles from RSS
[2025-12-10T08:48:19.598+0000] {credentials.py:1147} INFO - Found credentials in environment variables.
[2025-12-10T08:48:19.755+0000] {news_scrapper.py:55} INFO - Uploading to s3://autoinsightfinal/news/raw/articles_20251210_084819.json
[2025-12-10T08:48:20.685+0000] {news_scrapper.py:63} INFO - ✅ Successfully uploaded to S3
[2025-12-10T08:48:20.759+0000] {news_scrapper.py:123} INFO - ✅ Scraped 100 articles → s3://autoinsightfinal/news/raw/articles_20251210_084819.json
[2025-12-10T08:48:20.760+0000] {python.py:194} INFO - Done. Returned value was: Successfully scraped 100 articles
[2025-12-10T08:48:20.796+0000] {taskinstance.py:1400} INFO - Marking task as SUCCESS. dag_id=autoinsight_daily_scraper, task_id=scrape_news_articles, execution_date=20251210T084814, start_date=20251210T084815, end_date=20251210T084820
[2025-12-10T08:48:20.847+0000] {local_task_job_runner.py:228} INFO - Task exited with return code 0
[2025-12-10T08:48:20.898+0000] {taskinstance.py:2778} INFO - 1 downstream tasks scheduled from follow-on schedule check
