[2025-12-09T06:25:41.493+0000] {taskinstance.py:1159} INFO - Dependencies all met for dep_context=non-requeueable deps ti=<TaskInstance: autoinsight_daily_scraper.scrape_events manual__2025-12-09T06:24:12.320628+00:00 [queued]>
[2025-12-09T06:25:41.504+0000] {taskinstance.py:1159} INFO - Dependencies all met for dep_context=requeueable deps ti=<TaskInstance: autoinsight_daily_scraper.scrape_events manual__2025-12-09T06:24:12.320628+00:00 [queued]>
[2025-12-09T06:25:41.505+0000] {taskinstance.py:1361} INFO - Starting attempt 1 of 2
[2025-12-09T06:25:41.521+0000] {taskinstance.py:1382} INFO - Executing <Task(PythonOperator): scrape_events> on 2025-12-09 06:24:12.320628+00:00
[2025-12-09T06:25:41.531+0000] {standard_task_runner.py:57} INFO - Started process 506 to run task
[2025-12-09T06:25:41.535+0000] {standard_task_runner.py:84} INFO - Running: ['***', 'tasks', 'run', 'autoinsight_daily_scraper', 'scrape_events', 'manual__2025-12-09T06:24:12.320628+00:00', '--job-id', '9', '--raw', '--subdir', 'DAGS_FOLDER/news_scrapper.py', '--cfg-path', '/tmp/tmphk_rqfgi']
[2025-12-09T06:25:41.543+0000] {standard_task_runner.py:85} INFO - Job 9: Subtask scrape_events
[2025-12-09T06:25:41.639+0000] {task_command.py:416} INFO - Running <TaskInstance: autoinsight_daily_scraper.scrape_events manual__2025-12-09T06:24:12.320628+00:00 [running]> on host 74c4cbde2083
[2025-12-09T06:25:41.743+0000] {taskinstance.py:1662} INFO - Exporting env vars: AIRFLOW_CTX_DAG_OWNER='autoinsight' AIRFLOW_CTX_DAG_ID='autoinsight_daily_scraper' AIRFLOW_CTX_TASK_ID='scrape_events' AIRFLOW_CTX_EXECUTION_DATE='2025-12-09T06:24:12.320628+00:00' AIRFLOW_CTX_TRY_NUMBER='1' AIRFLOW_CTX_DAG_RUN_ID='manual__2025-12-09T06:24:12.320628+00:00'
[2025-12-09T06:25:41.745+0000] {news_scrapper.py:81} INFO - ============================================================
[2025-12-09T06:25:41.746+0000] {news_scrapper.py:82} INFO - TASK: Scraping Events
[2025-12-09T06:25:41.747+0000] {news_scrapper.py:89} INFO - Fetching events from AutoNews events page...
[2025-12-09T06:25:41.747+0000] {scrapper.py:453} INFO - Scraping events from AutoNews.com/events...
[2025-12-09T06:25:42.458+0000] {logging_mixin.py:154} INFO -     🌐 Opening AutoNews events page...
[2025-12-09T06:25:44.170+0000] {logging_mixin.py:154} INFO -     ⏳ Waiting for page to load...
[2025-12-09T06:25:49.045+0000] {scrapper.py:552} INFO -   ✓ Canada Congress (2026-02-12)
[2025-12-09T06:25:49.220+0000] {scrapper.py:552} INFO -   ✓ Congress (2025-01-01)
[2025-12-09T06:25:49.912+0000] {scrapper.py:552} INFO -   ✓ Europe Congress (2026-01-01)
[2025-12-09T06:25:50.251+0000] {scrapper.py:552} INFO -   ✓ Leading Women Conference (2025-05-20)
[2025-12-09T06:25:50.409+0000] {scrapper.py:552} INFO -   ✓ Canada Retail Forum (2025-10-14)
[2025-12-09T06:25:50.550+0000] {scrapper.py:552} INFO -   ✓ Canada Leading Women Roundtable (2024-11-15)
[2025-12-09T06:25:50.719+0000] {scrapper.py:552} INFO -   ✓ Japan Mobility Show (2025-01-01)
[2025-12-09T06:25:50.885+0000] {scrapper.py:552} INFO -   ✓ Los Angeles auto show (2025-11-20)
[2025-12-09T06:25:51.003+0000] {scrapper.py:552} INFO -   ✓ Munich auto show (2027-01-01)
[2025-12-09T06:25:51.181+0000] {scrapper.py:552} INFO -   ✓ Shanghai auto show (2025-04-23)
[2025-12-09T06:25:51.307+0000] {scrapper.py:552} INFO -   ✓ New York auto show (2025-04-16)
[2025-12-09T06:25:51.432+0000] {scrapper.py:552} INFO -   ✓ Chicago auto show (2025-02-06)
[2025-12-09T06:25:51.543+0000] {scrapper.py:552} INFO -   ✓ Toronto auto show (2025-02-14)
[2025-12-09T06:25:51.659+0000] {scrapper.py:552} INFO -   ✓ NADA Show (2025-01-23)
[2025-12-09T06:25:51.772+0000] {scrapper.py:552} INFO -   ✓ CES (2025-01-07)
[2025-12-09T06:25:51.880+0000] {scrapper.py:552} INFO -   ✓ Detroit auto show (2025-01-10)
[2025-12-09T06:25:51.990+0000] {scrapper.py:552} INFO -   ✓ Beijing auto show (2026-01-01)
[2025-12-09T06:25:52.093+0000] {scrapper.py:552} INFO -   ✓ Paris auto show (2026-10-12)
[2025-12-09T06:25:52.197+0000] {scrapper.py:552} INFO -   ✓ Geneva auto show (date TBD)
[2025-12-09T06:25:52.198+0000] {scrapper.py:558} INFO - ✓ Scraped 19 events from AutoNews
[2025-12-09T06:25:52.333+0000] {scrapper.py:575} INFO - ✓ Saved 19 items to /opt/***/data/autonews_events_latest.json
[2025-12-09T06:25:52.370+0000] {python.py:194} INFO - Done. Returned value was: Successfully scraped 19 events
[2025-12-09T06:25:52.396+0000] {taskinstance.py:1400} INFO - Marking task as SUCCESS. dag_id=autoinsight_daily_scraper, task_id=scrape_events, execution_date=20251209T062412, start_date=20251209T062541, end_date=20251209T062552
[2025-12-09T06:25:52.428+0000] {local_task_job_runner.py:228} INFO - Task exited with return code 0
[2025-12-09T06:25:52.467+0000] {taskinstance.py:2778} INFO - 1 downstream tasks scheduled from follow-on schedule check
