[2025-12-06T21:14:37.252+0000] {taskinstance.py:1159} INFO - Dependencies all met for dep_context=non-requeueable deps ti=<TaskInstance: autoinsight_data_pipeline.fetch_fred_data manual__2025-12-06T20:08:51.337611+00:00 [queued]>
[2025-12-06T21:14:37.277+0000] {taskinstance.py:1159} INFO - Dependencies all met for dep_context=requeueable deps ti=<TaskInstance: autoinsight_data_pipeline.fetch_fred_data manual__2025-12-06T20:08:51.337611+00:00 [queued]>
[2025-12-06T21:14:37.279+0000] {taskinstance.py:1361} INFO - Starting attempt 3 of 4
[2025-12-06T21:14:37.310+0000] {taskinstance.py:1382} INFO - Executing <Task(PythonOperator): fetch_fred_data> on 2025-12-06 20:08:51.337611+00:00
[2025-12-06T21:14:37.325+0000] {standard_task_runner.py:57} INFO - Started process 2043 to run task
[2025-12-06T21:14:37.335+0000] {standard_task_runner.py:84} INFO - Running: ['***', 'tasks', 'run', 'autoinsight_data_pipeline', 'fetch_fred_data', 'manual__2025-12-06T20:08:51.337611+00:00', '--job-id', '72', '--raw', '--subdir', 'DAGS_FOLDER/autoinsight_data_pipeline.py', '--cfg-path', '/tmp/tmp4bermqk1']
[2025-12-06T21:14:37.341+0000] {standard_task_runner.py:85} INFO - Job 72: Subtask fetch_fred_data
[2025-12-06T21:14:37.499+0000] {task_command.py:416} INFO - Running <TaskInstance: autoinsight_data_pipeline.fetch_fred_data manual__2025-12-06T20:08:51.337611+00:00 [running]> on host de224815f25b
[2025-12-06T21:14:37.663+0000] {taskinstance.py:1662} INFO - Exporting env vars: AIRFLOW_CTX_DAG_EMAIL='autoinsight@example.com' AIRFLOW_CTX_DAG_OWNER='autoinsight-team' AIRFLOW_CTX_DAG_ID='autoinsight_data_pipeline' AIRFLOW_CTX_TASK_ID='fetch_fred_data' AIRFLOW_CTX_EXECUTION_DATE='2025-12-06T20:08:51.337611+00:00' AIRFLOW_CTX_TRY_NUMBER='3' AIRFLOW_CTX_DAG_RUN_ID='manual__2025-12-06T20:08:51.337611+00:00'
[2025-12-06T21:14:37.667+0000] {logging_mixin.py:154} INFO - ======================================================================
[2025-12-06T21:14:37.668+0000] {logging_mixin.py:154} INFO - TASK 2: FRED Economic Data Collection
[2025-12-06T21:14:37.669+0000] {logging_mixin.py:154} INFO - ======================================================================
[2025-12-06T21:14:38.580+0000] {logging_mixin.py:154} INFO - ❌ FRED Data Collection Failed: cannot import name 'main' from 'get_fred_data' (/opt/***/src/get_fred_data.py)
[2025-12-06T21:14:38.594+0000] {logging_mixin.py:154} WARNING - Traceback (most recent call last):
[2025-12-06T21:14:38.595+0000] {logging_mixin.py:154} WARNING -   File "/opt/***/dags/autoinsight_data_pipeline.py", line 94, in fetch_fred_data
    from get_fred_data import main as fred_main
[2025-12-06T21:14:38.596+0000] {logging_mixin.py:154} WARNING - ImportError: cannot import name 'main' from 'get_fred_data' (/opt/***/src/get_fred_data.py)
[2025-12-06T21:14:38.597+0000] {taskinstance.py:1937} ERROR - Task failed with exception
Traceback (most recent call last):
  File "/home/airflow/.local/lib/python3.11/site-packages/airflow/operators/python.py", line 192, in execute
    return_value = self.execute_callable()
                   ^^^^^^^^^^^^^^^^^^^^^^^
  File "/home/airflow/.local/lib/python3.11/site-packages/airflow/operators/python.py", line 209, in execute_callable
    return self.python_callable(*self.op_args, **self.op_kwargs)
           ^^^^^^^^^^^^^^^^^^^^^^^^^^^^^^^^^^^^^^^^^^^^^^^^^^^^^
  File "/opt/airflow/dags/autoinsight_data_pipeline.py", line 94, in fetch_fred_data
    from get_fred_data import main as fred_main
ImportError: cannot import name 'main' from 'get_fred_data' (/opt/airflow/src/get_fred_data.py)
[2025-12-06T21:14:38.616+0000] {taskinstance.py:1400} INFO - Marking task as UP_FOR_RETRY. dag_id=autoinsight_data_pipeline, task_id=fetch_fred_data, execution_date=20251206T200851, start_date=20251206T211437, end_date=20251206T211438
[2025-12-06T21:14:38.634+0000] {standard_task_runner.py:104} ERROR - Failed to execute job 72 for task fetch_fred_data (cannot import name 'main' from 'get_fred_data' (/opt/airflow/src/get_fred_data.py); 2043)
[2025-12-06T21:14:38.670+0000] {local_task_job_runner.py:228} INFO - Task exited with return code 1
[2025-12-06T21:14:38.704+0000] {taskinstance.py:2778} INFO - 0 downstream tasks scheduled from follow-on schedule check
