[2025-12-06T05:52:56.322+0000] {processor.py:157} INFO - Started process (PID=186) to work on /opt/airflow/dags/dag1.py
[2025-12-06T05:52:56.323+0000] {processor.py:829} INFO - Processing file /opt/airflow/dags/dag1.py for tasks to queue
[2025-12-06T05:52:56.325+0000] {logging_mixin.py:154} INFO - [2025-12-06T05:52:56.325+0000] {dagbag.py:536} INFO - Filling up the DagBag from /opt/airflow/dags/dag1.py
[2025-12-06T05:52:56.383+0000] {processor.py:839} INFO - DAG(s) dict_keys(['autoinsight_data_pipeline']) retrieved from /opt/airflow/dags/dag1.py
[2025-12-06T05:52:56.686+0000] {logging_mixin.py:154} INFO - [2025-12-06T05:52:56.686+0000] {manager.py:499} INFO - Created Permission View: %s
[2025-12-06T05:52:56.698+0000] {logging_mixin.py:154} INFO - [2025-12-06T05:52:56.698+0000] {manager.py:499} INFO - Created Permission View: %s
[2025-12-06T05:52:56.707+0000] {logging_mixin.py:154} INFO - [2025-12-06T05:52:56.707+0000] {manager.py:499} INFO - Created Permission View: %s
[2025-12-06T05:52:56.707+0000] {logging_mixin.py:154} INFO - [2025-12-06T05:52:56.707+0000] {dag.py:2941} INFO - Sync 1 DAGs
[2025-12-06T05:52:56.721+0000] {logging_mixin.py:154} INFO - [2025-12-06T05:52:56.721+0000] {dag.py:2963} INFO - Creating ORM DAG for autoinsight_data_pipeline
[2025-12-06T05:52:56.735+0000] {logging_mixin.py:154} INFO - [2025-12-06T05:52:56.735+0000] {dag.py:3722} INFO - Setting next_dagrun for autoinsight_data_pipeline to 2025-12-05T02:00:00+00:00, run_after=2025-12-06T02:00:00+00:00
[2025-12-06T05:52:56.765+0000] {processor.py:179} INFO - Processing /opt/airflow/dags/dag1.py took 0.447 seconds
[2025-12-06T05:53:26.974+0000] {processor.py:157} INFO - Started process (PID=199) to work on /opt/airflow/dags/dag1.py
[2025-12-06T05:53:26.975+0000] {processor.py:829} INFO - Processing file /opt/airflow/dags/dag1.py for tasks to queue
[2025-12-06T05:53:26.976+0000] {logging_mixin.py:154} INFO - [2025-12-06T05:53:26.976+0000] {dagbag.py:536} INFO - Filling up the DagBag from /opt/airflow/dags/dag1.py
[2025-12-06T05:53:27.005+0000] {processor.py:839} INFO - DAG(s) dict_keys(['autoinsight_data_pipeline']) retrieved from /opt/airflow/dags/dag1.py
[2025-12-06T05:53:27.114+0000] {logging_mixin.py:154} INFO - [2025-12-06T05:53:27.114+0000] {dag.py:2941} INFO - Sync 1 DAGs
[2025-12-06T05:53:27.135+0000] {logging_mixin.py:154} INFO - [2025-12-06T05:53:27.134+0000] {dag.py:3722} INFO - Setting next_dagrun for autoinsight_data_pipeline to 2025-12-05T02:00:00+00:00, run_after=2025-12-06T02:00:00+00:00
[2025-12-06T05:53:27.158+0000] {processor.py:179} INFO - Processing /opt/airflow/dags/dag1.py took 0.188 seconds
[2025-12-06T05:53:57.360+0000] {processor.py:157} INFO - Started process (PID=211) to work on /opt/airflow/dags/dag1.py
[2025-12-06T05:53:57.362+0000] {processor.py:829} INFO - Processing file /opt/airflow/dags/dag1.py for tasks to queue
[2025-12-06T05:53:57.363+0000] {logging_mixin.py:154} INFO - [2025-12-06T05:53:57.363+0000] {dagbag.py:536} INFO - Filling up the DagBag from /opt/airflow/dags/dag1.py
[2025-12-06T05:53:57.394+0000] {processor.py:839} INFO - DAG(s) dict_keys(['autoinsight_data_pipeline']) retrieved from /opt/airflow/dags/dag1.py
[2025-12-06T05:53:57.431+0000] {logging_mixin.py:154} INFO - [2025-12-06T05:53:57.431+0000] {dag.py:2941} INFO - Sync 1 DAGs
[2025-12-06T05:53:57.455+0000] {logging_mixin.py:154} INFO - [2025-12-06T05:53:57.455+0000] {dag.py:3722} INFO - Setting next_dagrun for autoinsight_data_pipeline to 2025-12-05T02:00:00+00:00, run_after=2025-12-06T02:00:00+00:00
[2025-12-06T05:53:57.481+0000] {processor.py:179} INFO - Processing /opt/airflow/dags/dag1.py took 0.125 seconds
[2025-12-06T05:54:12.492+0000] {processor.py:157} INFO - Started process (PID=224) to work on /opt/airflow/dags/dag1.py
[2025-12-06T05:54:12.493+0000] {processor.py:829} INFO - Processing file /opt/airflow/dags/dag1.py for tasks to queue
[2025-12-06T05:54:12.494+0000] {logging_mixin.py:154} INFO - [2025-12-06T05:54:12.494+0000] {dagbag.py:536} INFO - Filling up the DagBag from /opt/airflow/dags/dag1.py
[2025-12-06T05:54:12.540+0000] {processor.py:839} INFO - DAG(s) dict_keys(['autoinsight_data_pipeline']) retrieved from /opt/airflow/dags/dag1.py
[2025-12-06T05:54:12.564+0000] {logging_mixin.py:154} INFO - [2025-12-06T05:54:12.564+0000] {dag.py:2941} INFO - Sync 1 DAGs
[2025-12-06T05:54:12.581+0000] {logging_mixin.py:154} INFO - [2025-12-06T05:54:12.581+0000] {dag.py:3722} INFO - Setting next_dagrun for autoinsight_data_pipeline to 2025-12-05T02:00:00+00:00, run_after=2025-12-06T02:00:00+00:00
[2025-12-06T05:54:12.602+0000] {processor.py:179} INFO - Processing /opt/airflow/dags/dag1.py took 0.113 seconds
