[2025-12-06T23:40:44.162+0000] {taskinstance.py:1159} INFO - Dependencies all met for dep_context=non-requeueable deps ti=<TaskInstance: autoinsight_cleaning_pipeline.load_epa_to_snowflake manual__2025-12-06T23:20:46.538164+00:00 [queued]>
[2025-12-06T23:40:44.190+0000] {taskinstance.py:1159} INFO - Dependencies all met for dep_context=requeueable deps ti=<TaskInstance: autoinsight_cleaning_pipeline.load_epa_to_snowflake manual__2025-12-06T23:20:46.538164+00:00 [queued]>
[2025-12-06T23:40:44.192+0000] {taskinstance.py:1361} INFO - Starting attempt 1 of 3
[2025-12-06T23:40:44.226+0000] {taskinstance.py:1382} INFO - Executing <Task(PythonOperator): load_epa_to_snowflake> on 2025-12-06 23:20:46.538164+00:00
[2025-12-06T23:40:44.242+0000] {standard_task_runner.py:57} INFO - Started process 2181 to run task
[2025-12-06T23:40:44.251+0000] {standard_task_runner.py:84} INFO - Running: ['***', 'tasks', 'run', 'autoinsight_cleaning_pipeline', 'load_epa_to_snowflake', 'manual__2025-12-06T23:20:46.538164+00:00', '--job-id', '140', '--raw', '--subdir', 'DAGS_FOLDER/autoinsight_cleaning_pipeline.py', '--cfg-path', '/tmp/tmpmeugmhog']
[2025-12-06T23:40:44.261+0000] {standard_task_runner.py:85} INFO - Job 140: Subtask load_epa_to_snowflake
[2025-12-06T23:40:44.447+0000] {task_command.py:416} INFO - Running <TaskInstance: autoinsight_cleaning_pipeline.load_epa_to_snowflake manual__2025-12-06T23:20:46.538164+00:00 [running]> on host 3bdfb183f13f
[2025-12-06T23:40:44.715+0000] {taskinstance.py:1662} INFO - Exporting env vars: AIRFLOW_CTX_DAG_EMAIL='autoinsight@example.com' AIRFLOW_CTX_DAG_OWNER='autoinsight-team' AIRFLOW_CTX_DAG_ID='autoinsight_cleaning_pipeline' AIRFLOW_CTX_TASK_ID='load_epa_to_snowflake' AIRFLOW_CTX_EXECUTION_DATE='2025-12-06T23:20:46.538164+00:00' AIRFLOW_CTX_TRY_NUMBER='1' AIRFLOW_CTX_DAG_RUN_ID='manual__2025-12-06T23:20:46.538164+00:00'
[2025-12-06T23:40:44.718+0000] {logging_mixin.py:154} INFO - ======================================================================
[2025-12-06T23:40:44.719+0000] {logging_mixin.py:154} INFO - SNOWFLAKE LOAD: EPA Fuel Economy
[2025-12-06T23:40:44.721+0000] {logging_mixin.py:154} INFO - ======================================================================
[2025-12-06T23:40:49.180+0000] {connection.py:386} INFO - Snowflake Connector for Python Version: 3.7.0, Python Version: 3.11.6, Platform: Linux-6.6.87.2-microsoft-standard-WSL2-x86_64-with-glibc2.31
[2025-12-06T23:40:49.182+0000] {connection.py:1211} INFO - This connection is in OCSP Fail Open Mode. TLS Certificates would be checked for validity and revocation status. Any other Certificate Revocation related exceptions or OCSP Responder failures would be disregarded in favor of connectivity.
[2025-12-06T23:40:52.639+0000] {credentials.py:1147} INFO - Found credentials in environment variables.
[2025-12-06T23:40:53.190+0000] {logging_mixin.py:154} INFO - Looking for CSV files in: s3://autoinsightfinal/epa/cleaned_new/fuel_economy/csv/
[2025-12-06T23:40:53.793+0000] {logging_mixin.py:154} INFO - Reading CSV: s3://autoinsightfinal/epa/cleaned_new/fuel_economy/csv/part-00000-1778f2be-4121-4a43-abe8-177c8e139ad0-c000.csv
[2025-12-06T23:40:54.247+0000] {logging_mixin.py:154} INFO - Loaded 3858 records from S3
[2025-12-06T23:40:54.255+0000] {cursor.py:1032} INFO - query: [CREATE TEMP STAGE /* Python:snowflake.connector.pandas_tools.write_pandas() */ "...]
[2025-12-06T23:40:54.405+0000] {cursor.py:1045} INFO - query execution done
[2025-12-06T23:40:54.407+0000] {cursor.py:1205} INFO - Number of results in first chunk: 1
[2025-12-06T23:40:54.659+0000] {cursor.py:1032} INFO - query: [PUT /* Python:snowflake.connector.pandas_tools.write_pandas() */ 'file:///tmp/tm...]
[2025-12-06T23:40:54.823+0000] {cursor.py:1045} INFO - query execution done
[2025-12-06T23:40:57.990+0000] {cursor.py:1032} INFO - query: [CREATE TEMP FILE FORMAT "zekkjnbdyi" /* Python:snowflake.connector.pandas_tools....]
[2025-12-06T23:40:58.215+0000] {cursor.py:1045} INFO - query execution done
[2025-12-06T23:40:58.216+0000] {cursor.py:1205} INFO - Number of results in first chunk: 1
[2025-12-06T23:40:58.217+0000] {cursor.py:1032} INFO - query: [SELECT COLUMN_NAME, TYPE FROM table(infer_schema(location=>'@"cwxbyhpqie"', file...]
[2025-12-06T23:40:59.058+0000] {cursor.py:1045} INFO - query execution done
[2025-12-06T23:40:59.059+0000] {cursor.py:1205} INFO - Number of results in first chunk: 28
[2025-12-06T23:40:59.061+0000] {cursor.py:1032} INFO - query: [CREATE  TABLE IF NOT EXISTS "xvabxvktzj" ("fuel_economy_id" TEXT, "epa_id" NUMBE...]
[2025-12-06T23:40:59.329+0000] {cursor.py:1045} INFO - query execution done
[2025-12-06T23:40:59.330+0000] {cursor.py:1205} INFO - Number of results in first chunk: 1
[2025-12-06T23:40:59.332+0000] {cursor.py:1032} INFO - query: [COPY INTO "xvabxvktzj" /* Python:snowflake.connector.pandas_tools.write_pandas()...]
[2025-12-06T23:41:00.622+0000] {cursor.py:1045} INFO - query execution done
[2025-12-06T23:41:00.623+0000] {cursor.py:1205} INFO - Number of results in first chunk: 1
[2025-12-06T23:41:00.625+0000] {cursor.py:1032} INFO - query: [DROP TABLE IF EXISTS "FACT_FUEL_ECONOMY" /* Python:snowflake.connector.pandas_to...]
[2025-12-06T23:41:00.753+0000] {cursor.py:1045} INFO - query execution done
[2025-12-06T23:41:00.755+0000] {cursor.py:1205} INFO - Number of results in first chunk: 1
[2025-12-06T23:41:00.755+0000] {cursor.py:1032} INFO - query: [ALTER TABLE "xvabxvktzj" RENAME TO "FACT_FUEL_ECONOMY" /* Python:snowflake.conne...]
[2025-12-06T23:41:00.866+0000] {cursor.py:1045} INFO - query execution done
[2025-12-06T23:41:00.868+0000] {cursor.py:1205} INFO - Number of results in first chunk: 1
[2025-12-06T23:41:00.870+0000] {logging_mixin.py:154} INFO - ✅ Loaded 3858 rows into AUTOMOTIVE_AI.EPA.FACT_FUEL_ECONOMY
[2025-12-06T23:41:00.871+0000] {connection.py:734} INFO - closed
[2025-12-06T23:41:00.948+0000] {connection.py:740} INFO - No async queries seem to be running, deleting session
[2025-12-06T23:41:01.015+0000] {python.py:194} INFO - Done. Returned value was: True
[2025-12-06T23:41:01.105+0000] {taskinstance.py:1400} INFO - Marking task as SUCCESS. dag_id=autoinsight_cleaning_pipeline, task_id=load_epa_to_snowflake, execution_date=20251206T232046, start_date=20251206T234044, end_date=20251206T234101
[2025-12-06T23:41:01.223+0000] {local_task_job_runner.py:228} INFO - Task exited with return code 0
[2025-12-06T23:41:01.260+0000] {taskinstance.py:2778} INFO - 0 downstream tasks scheduled from follow-on schedule check
