[2025-12-10T09:10:56.147+0000] {taskinstance.py:1159} INFO - Dependencies all met for dep_context=non-requeueable deps ti=<TaskInstance: autoinsight_cleaning_pipeline_v2.generate_report manual__2025-12-10T08:31:58.521713+00:00 [queued]>
[2025-12-10T09:10:56.160+0000] {taskinstance.py:1159} INFO - Dependencies all met for dep_context=requeueable deps ti=<TaskInstance: autoinsight_cleaning_pipeline_v2.generate_report manual__2025-12-10T08:31:58.521713+00:00 [queued]>
[2025-12-10T09:10:56.161+0000] {taskinstance.py:1361} INFO - Starting attempt 1 of 3
[2025-12-10T09:10:56.178+0000] {taskinstance.py:1382} INFO - Executing <Task(PythonOperator): generate_report> on 2025-12-10 08:31:58.521713+00:00
[2025-12-10T09:10:56.191+0000] {standard_task_runner.py:57} INFO - Started process 13176 to run task
[2025-12-10T09:10:56.196+0000] {standard_task_runner.py:84} INFO - Running: ['***', 'tasks', 'run', 'autoinsight_cleaning_pipeline_v2', 'generate_report', 'manual__2025-12-10T08:31:58.521713+00:00', '--job-id', '150', '--raw', '--subdir', 'DAGS_FOLDER/autoinsight_cleaning_pipeline.py', '--cfg-path', '/tmp/tmpxvg9e8ot']
[2025-12-10T09:10:56.202+0000] {standard_task_runner.py:85} INFO - Job 150: Subtask generate_report
[2025-12-10T09:10:56.323+0000] {task_command.py:416} INFO - Running <TaskInstance: autoinsight_cleaning_pipeline_v2.generate_report manual__2025-12-10T08:31:58.521713+00:00 [running]> on host 846744d01d56
[2025-12-10T09:10:56.425+0000] {taskinstance.py:1662} INFO - Exporting env vars: AIRFLOW_CTX_DAG_EMAIL='autoinsight@example.com' AIRFLOW_CTX_DAG_OWNER='autoinsight-team' AIRFLOW_CTX_DAG_ID='autoinsight_cleaning_pipeline_v2' AIRFLOW_CTX_TASK_ID='generate_report' AIRFLOW_CTX_EXECUTION_DATE='2025-12-10T08:31:58.521713+00:00' AIRFLOW_CTX_TRY_NUMBER='1' AIRFLOW_CTX_DAG_RUN_ID='manual__2025-12-10T08:31:58.521713+00:00'
[2025-12-10T09:10:56.428+0000] {logging_mixin.py:154} INFO - ======================================================================
[2025-12-10T09:10:56.428+0000] {logging_mixin.py:154} INFO - PIPELINE EXECUTION REPORT
[2025-12-10T09:10:56.429+0000] {logging_mixin.py:154} INFO - ======================================================================
[2025-12-10T09:10:56.429+0000] {logging_mixin.py:154} INFO - 
Rows Loaded to Snowflake:
[2025-12-10T09:10:56.449+0000] {logging_mixin.py:154} INFO -   EPA: 4,609
[2025-12-10T09:10:56.461+0000] {logging_mixin.py:154} INFO -   FRED: 131
[2025-12-10T09:10:56.473+0000] {logging_mixin.py:154} INFO -   RECALLS: 1,271
[2025-12-10T09:10:56.483+0000] {logging_mixin.py:154} INFO -   COMPLAINTS: 210,517
[2025-12-10T09:10:56.494+0000] {logging_mixin.py:154} INFO -   RATINGS: 3,091
[2025-12-10T09:10:56.505+0000] {logging_mixin.py:154} INFO -   INVESTIGATIONS: 178
[2025-12-10T09:10:56.506+0000] {logging_mixin.py:154} INFO - 
  TOTAL: 219,797 rows
[2025-12-10T09:10:56.507+0000] {logging_mixin.py:154} INFO - 
✅ Pipeline Complete!
[2025-12-10T09:10:56.508+0000] {logging_mixin.py:154} INFO - ======================================================================
[2025-12-10T09:10:56.508+0000] {python.py:194} INFO - Done. Returned value was: None
[2025-12-10T09:10:56.520+0000] {taskinstance.py:1400} INFO - Marking task as SUCCESS. dag_id=autoinsight_cleaning_pipeline_v2, task_id=generate_report, execution_date=20251210T083158, start_date=20251210T091056, end_date=20251210T091056
[2025-12-10T09:10:56.573+0000] {local_task_job_runner.py:228} INFO - Task exited with return code 0
[2025-12-10T09:10:56.602+0000] {taskinstance.py:2778} INFO - 0 downstream tasks scheduled from follow-on schedule check
