[2025-12-10T07:03:12.206+0000] {taskinstance.py:1159} INFO - Dependencies all met for dep_context=non-requeueable deps ti=<TaskInstance: autoinsight_daily_scraper.completion_summary scheduled__2025-12-09T06:00:00+00:00 [queued]>
[2025-12-10T07:03:12.220+0000] {taskinstance.py:1159} INFO - Dependencies all met for dep_context=requeueable deps ti=<TaskInstance: autoinsight_daily_scraper.completion_summary scheduled__2025-12-09T06:00:00+00:00 [queued]>
[2025-12-10T07:03:12.221+0000] {taskinstance.py:1361} INFO - Starting attempt 1 of 2
[2025-12-10T07:03:12.241+0000] {taskinstance.py:1382} INFO - Executing <Task(PythonOperator): completion_summary> on 2025-12-09 06:00:00+00:00
[2025-12-10T07:03:12.250+0000] {standard_task_runner.py:57} INFO - Started process 14226 to run task
[2025-12-10T07:03:12.255+0000] {standard_task_runner.py:84} INFO - Running: ['***', 'tasks', 'run', 'autoinsight_daily_scraper', 'completion_summary', 'scheduled__2025-12-09T06:00:00+00:00', '--job-id', '75', '--raw', '--subdir', 'DAGS_FOLDER/news_scrapper.py', '--cfg-path', '/tmp/tmpmlb4f53_']
[2025-12-10T07:03:12.260+0000] {standard_task_runner.py:85} INFO - Job 75: Subtask completion_summary
[2025-12-10T07:03:12.360+0000] {task_command.py:416} INFO - Running <TaskInstance: autoinsight_daily_scraper.completion_summary scheduled__2025-12-09T06:00:00+00:00 [running]> on host 09126cf425ed
[2025-12-10T07:03:12.743+0000] {taskinstance.py:1662} INFO - Exporting env vars: AIRFLOW_CTX_DAG_OWNER='autoinsight' AIRFLOW_CTX_DAG_ID='autoinsight_daily_scraper' AIRFLOW_CTX_TASK_ID='completion_summary' AIRFLOW_CTX_EXECUTION_DATE='2025-12-09T06:00:00+00:00' AIRFLOW_CTX_TRY_NUMBER='1' AIRFLOW_CTX_DAG_RUN_ID='scheduled__2025-12-09T06:00:00+00:00'
[2025-12-10T07:03:12.817+0000] {news_scrapper.py:204} INFO - 
    ============================================
    ✅ AutoInsight Job Completed
    ============================================
    📰 News:   0 scraped | 0 new/updated | 0 total in DB
    📅 Events: 19 scraped | 19 new/updated | 19 total in DB
    ============================================
    
[2025-12-10T07:03:12.819+0000] {logging_mixin.py:154} INFO - 
    ============================================
    ✅ AutoInsight Job Completed
    ============================================
    📰 News:   0 scraped | 0 new/updated | 0 total in DB
    📅 Events: 19 scraped | 19 new/updated | 19 total in DB
    ============================================
    
[2025-12-10T07:03:12.820+0000] {python.py:194} INFO - Done. Returned value was: None
[2025-12-10T07:03:12.837+0000] {taskinstance.py:1400} INFO - Marking task as SUCCESS. dag_id=autoinsight_daily_scraper, task_id=completion_summary, execution_date=20251209T060000, start_date=20251210T070312, end_date=20251210T070312
[2025-12-10T07:03:12.912+0000] {local_task_job_runner.py:228} INFO - Task exited with return code 0
[2025-12-10T07:03:12.961+0000] {taskinstance.py:2778} INFO - 0 downstream tasks scheduled from follow-on schedule check
