[2025-12-06T23:01:35.244+0000] {taskinstance.py:1159} INFO - Dependencies all met for dep_context=non-requeueable deps ti=<TaskInstance: autoinsight_cleaning_pipeline.load_fred_to_snowflake manual__2025-12-06T22:48:05.015739+00:00 [queued]>
[2025-12-06T23:01:35.261+0000] {taskinstance.py:1159} INFO - Dependencies all met for dep_context=requeueable deps ti=<TaskInstance: autoinsight_cleaning_pipeline.load_fred_to_snowflake manual__2025-12-06T22:48:05.015739+00:00 [queued]>
[2025-12-06T23:01:35.263+0000] {taskinstance.py:1361} INFO - Starting attempt 1 of 3
[2025-12-06T23:01:35.285+0000] {taskinstance.py:1382} INFO - Executing <Task(PythonOperator): load_fred_to_snowflake> on 2025-12-06 22:48:05.015739+00:00
[2025-12-06T23:01:35.295+0000] {standard_task_runner.py:57} INFO - Started process 3152 to run task
[2025-12-06T23:01:35.300+0000] {standard_task_runner.py:84} INFO - Running: ['***', 'tasks', 'run', 'autoinsight_cleaning_pipeline', 'load_fred_to_snowflake', 'manual__2025-12-06T22:48:05.015739+00:00', '--job-id', '117', '--raw', '--subdir', 'DAGS_FOLDER/autoinsight_cleaning_pipeline.py', '--cfg-path', '/tmp/tmpq_zke5h2']
[2025-12-06T23:01:35.306+0000] {standard_task_runner.py:85} INFO - Job 117: Subtask load_fred_to_snowflake
[2025-12-06T23:01:35.402+0000] {task_command.py:416} INFO - Running <TaskInstance: autoinsight_cleaning_pipeline.load_fred_to_snowflake manual__2025-12-06T22:48:05.015739+00:00 [running]> on host a568c43bff1e
[2025-12-06T23:01:35.521+0000] {taskinstance.py:1662} INFO - Exporting env vars: AIRFLOW_CTX_DAG_EMAIL='autoinsight@example.com' AIRFLOW_CTX_DAG_OWNER='autoinsight-team' AIRFLOW_CTX_DAG_ID='autoinsight_cleaning_pipeline' AIRFLOW_CTX_TASK_ID='load_fred_to_snowflake' AIRFLOW_CTX_EXECUTION_DATE='2025-12-06T22:48:05.015739+00:00' AIRFLOW_CTX_TRY_NUMBER='1' AIRFLOW_CTX_DAG_RUN_ID='manual__2025-12-06T22:48:05.015739+00:00'
[2025-12-06T23:01:35.523+0000] {logging_mixin.py:154} INFO - ======================================================================
[2025-12-06T23:01:35.524+0000] {logging_mixin.py:154} INFO - SNOWFLAKE LOAD: FRED Economic Indicators
[2025-12-06T23:01:35.525+0000] {logging_mixin.py:154} INFO - ======================================================================
[2025-12-06T23:01:37.972+0000] {connection.py:386} INFO - Snowflake Connector for Python Version: 3.7.0, Python Version: 3.11.6, Platform: Linux-6.6.87.2-microsoft-standard-WSL2-x86_64-with-glibc2.31
[2025-12-06T23:01:37.974+0000] {connection.py:1211} INFO - This connection is in OCSP Fail Open Mode. TLS Certificates would be checked for validity and revocation status. Any other Certificate Revocation related exceptions or OCSP Responder failures would be disregarded in favor of connectivity.
[2025-12-06T23:01:40.858+0000] {credentials.py:1147} INFO - Found credentials in environment variables.
[2025-12-06T23:01:40.998+0000] {logging_mixin.py:154} INFO - Looking for CSV files in: s3://autoinsightfinal/fred/cleaned_new/economic_indicators/csv/
[2025-12-06T23:01:41.511+0000] {logging_mixin.py:154} INFO - Reading CSV: s3://autoinsightfinal/fred/cleaned_new/economic_indicators/csv/part-00000-7779bc32-7cdb-48b8-adba-6c6214ba1a66-c000.csv
[2025-12-06T23:01:41.637+0000] {logging_mixin.py:154} INFO - Loaded 71 records from S3
[2025-12-06T23:01:41.647+0000] {cursor.py:1032} INFO - query: [CREATE TEMP STAGE /* Python:snowflake.connector.pandas_tools.write_pandas() */ "...]
[2025-12-06T23:01:41.812+0000] {cursor.py:1045} INFO - query execution done
[2025-12-06T23:01:41.818+0000] {cursor.py:1205} INFO - Number of results in first chunk: 1
[2025-12-06T23:01:41.920+0000] {cursor.py:1032} INFO - query: [PUT /* Python:snowflake.connector.pandas_tools.write_pandas() */ 'file:///tmp/tm...]
[2025-12-06T23:01:42.122+0000] {cursor.py:1045} INFO - query execution done
[2025-12-06T23:01:42.861+0000] {cursor.py:1032} INFO - query: [CREATE TEMP FILE FORMAT "ydmineezqg" /* Python:snowflake.connector.pandas_tools....]
[2025-12-06T23:01:43.047+0000] {cursor.py:1045} INFO - query execution done
[2025-12-06T23:01:43.048+0000] {cursor.py:1205} INFO - Number of results in first chunk: 1
[2025-12-06T23:01:43.051+0000] {cursor.py:1032} INFO - query: [SELECT COLUMN_NAME, TYPE FROM table(infer_schema(location=>'@"tjsjixguhf"', file...]
[2025-12-06T23:01:43.849+0000] {cursor.py:1045} INFO - query execution done
[2025-12-06T23:01:43.851+0000] {cursor.py:1205} INFO - Number of results in first chunk: 6
[2025-12-06T23:01:43.852+0000] {cursor.py:1032} INFO - query: [CREATE  TABLE IF NOT EXISTS "mtgwgvaavr" ("date" TEXT, "total_vehicle_sales" REA...]
[2025-12-06T23:01:44.577+0000] {cursor.py:1045} INFO - query execution done
[2025-12-06T23:01:44.578+0000] {cursor.py:1205} INFO - Number of results in first chunk: 1
[2025-12-06T23:01:44.580+0000] {cursor.py:1032} INFO - query: [COPY INTO "mtgwgvaavr" /* Python:snowflake.connector.pandas_tools.write_pandas()...]
[2025-12-06T23:01:45.598+0000] {cursor.py:1045} INFO - query execution done
[2025-12-06T23:01:45.600+0000] {cursor.py:1205} INFO - Number of results in first chunk: 1
[2025-12-06T23:01:45.604+0000] {cursor.py:1032} INFO - query: [DROP TABLE IF EXISTS "FACT_ECONOMIC_INDICATORS" /* Python:snowflake.connector.pa...]
[2025-12-06T23:01:45.938+0000] {cursor.py:1045} INFO - query execution done
[2025-12-06T23:01:45.939+0000] {cursor.py:1205} INFO - Number of results in first chunk: 1
[2025-12-06T23:01:45.940+0000] {cursor.py:1032} INFO - query: [ALTER TABLE "mtgwgvaavr" RENAME TO "FACT_ECONOMIC_INDICATORS" /* Python:snowflak...]
[2025-12-06T23:01:46.326+0000] {cursor.py:1045} INFO - query execution done
[2025-12-06T23:01:46.327+0000] {cursor.py:1205} INFO - Number of results in first chunk: 1
[2025-12-06T23:01:46.328+0000] {logging_mixin.py:154} INFO - ✅ Loaded 71 rows into AUTOMOTIVE_AI.FRED.FACT_ECONOMIC_INDICATORS
[2025-12-06T23:01:46.329+0000] {connection.py:734} INFO - closed
[2025-12-06T23:01:46.669+0000] {connection.py:740} INFO - No async queries seem to be running, deleting session
[2025-12-06T23:01:47.136+0000] {python.py:194} INFO - Done. Returned value was: True
[2025-12-06T23:01:47.187+0000] {taskinstance.py:1400} INFO - Marking task as SUCCESS. dag_id=autoinsight_cleaning_pipeline, task_id=load_fred_to_snowflake, execution_date=20251206T224805, start_date=20251206T230135, end_date=20251206T230147
[2025-12-06T23:01:47.277+0000] {local_task_job_runner.py:228} INFO - Task exited with return code 0
[2025-12-06T23:01:47.326+0000] {taskinstance.py:2778} INFO - 0 downstream tasks scheduled from follow-on schedule check
