[2025-12-10T08:38:17.267+0000] {taskinstance.py:1159} INFO - Dependencies all met for dep_context=non-requeueable deps ti=<TaskInstance: autoinsight_cleaning_pipeline_v2.load_investigations_to_snowflake manual__2025-12-10T07:39:00.715114+00:00 [queued]>
[2025-12-10T08:38:17.292+0000] {taskinstance.py:1159} INFO - Dependencies all met for dep_context=requeueable deps ti=<TaskInstance: autoinsight_cleaning_pipeline_v2.load_investigations_to_snowflake manual__2025-12-10T07:39:00.715114+00:00 [queued]>
[2025-12-10T08:38:17.296+0000] {taskinstance.py:1361} INFO - Starting attempt 1 of 3
[2025-12-10T08:38:17.321+0000] {taskinstance.py:1382} INFO - Executing <Task(PythonOperator): load_investigations_to_snowflake> on 2025-12-10 07:39:00.715114+00:00
[2025-12-10T08:38:17.334+0000] {standard_task_runner.py:57} INFO - Started process 4796 to run task
[2025-12-10T08:38:17.341+0000] {standard_task_runner.py:84} INFO - Running: ['***', 'tasks', 'run', 'autoinsight_cleaning_pipeline_v2', 'load_investigations_to_snowflake', 'manual__2025-12-10T07:39:00.715114+00:00', '--job-id', '114', '--raw', '--subdir', 'DAGS_FOLDER/autoinsight_cleaning_pipeline.py', '--cfg-path', '/tmp/tmpoii9n5_u']
[2025-12-10T08:38:17.349+0000] {standard_task_runner.py:85} INFO - Job 114: Subtask load_investigations_to_snowflake
[2025-12-10T08:38:17.496+0000] {task_command.py:416} INFO - Running <TaskInstance: autoinsight_cleaning_pipeline_v2.load_investigations_to_snowflake manual__2025-12-10T07:39:00.715114+00:00 [running]> on host 846744d01d56
[2025-12-10T08:38:17.639+0000] {taskinstance.py:1662} INFO - Exporting env vars: AIRFLOW_CTX_DAG_EMAIL='autoinsight@example.com' AIRFLOW_CTX_DAG_OWNER='autoinsight-team' AIRFLOW_CTX_DAG_ID='autoinsight_cleaning_pipeline_v2' AIRFLOW_CTX_TASK_ID='load_investigations_to_snowflake' AIRFLOW_CTX_EXECUTION_DATE='2025-12-10T07:39:00.715114+00:00' AIRFLOW_CTX_TRY_NUMBER='1' AIRFLOW_CTX_DAG_RUN_ID='manual__2025-12-10T07:39:00.715114+00:00'
[2025-12-10T08:38:17.799+0000] {logging_mixin.py:154} INFO - ======================================================================
[2025-12-10T08:38:17.803+0000] {logging_mixin.py:154} INFO - SNOWFLAKE LOAD: INVESTIGATIONS
[2025-12-10T08:38:17.803+0000] {logging_mixin.py:154} INFO - S3 Path: s3://autoinsightfinal/nhtsa/cleaned_new/investigations/csv/
[2025-12-10T08:38:17.804+0000] {logging_mixin.py:154} INFO - Target: AUTOMOTIVE_AI.NHTSA.FACT_INVESTIGATIONS
[2025-12-10T08:38:17.805+0000] {logging_mixin.py:154} INFO - ======================================================================
[2025-12-10T08:38:17.829+0000] {credentials.py:1147} INFO - Found credentials in environment variables.
[2025-12-10T08:38:19.428+0000] {logging_mixin.py:154} INFO - Reading: s3://autoinsightfinal/nhtsa/cleaned_new/investigations/csv/part-00000-90015a28-d86a-4991-9907-ce242dbec830-c000.csv
[2025-12-10T08:38:19.730+0000] {logging_mixin.py:154} INFO - Loaded 178 records from S3
[2025-12-10T08:38:19.732+0000] {logging_mixin.py:154} INFO - Columns: ['investigation_id', 'nhtsa_action_number', 'vehicle_id', 'make', 'manufacturer_name', 'model', 'year', 'component_name', 'component_category', 'open_date', 'close_date', 'open_year', 'campaign_number', 'has_recall', 'subject', 'summary', 'investigation_status', 'investigation_duration_days', 'long_investigation_flag', 'missing_critical_data', 'date_inconsistency', 'processed_at', 'data_source', 'processing_version']
[2025-12-10T08:38:19.733+0000] {connection.py:386} INFO - Snowflake Connector for Python Version: 3.7.0, Python Version: 3.11.6, Platform: Linux-6.6.87.2-microsoft-standard-WSL2-x86_64-with-glibc2.31
[2025-12-10T08:38:19.735+0000] {connection.py:1211} INFO - This connection is in OCSP Fail Open Mode. TLS Certificates would be checked for validity and revocation status. Any other Certificate Revocation related exceptions or OCSP Responder failures would be disregarded in favor of connectivity.
[2025-12-10T08:38:20.782+0000] {cursor.py:1032} INFO - query: [USE SCHEMA NHTSA]
[2025-12-10T08:38:20.867+0000] {cursor.py:1045} INFO - query execution done
[2025-12-10T08:38:20.870+0000] {cursor.py:1205} INFO - Number of results in first chunk: 1
[2025-12-10T08:38:20.874+0000] {cursor.py:1032} INFO - query: [CREATE TEMP STAGE /* Python:snowflake.connector.pandas_tools.write_pandas() */ r...]
[2025-12-10T08:38:21.004+0000] {cursor.py:1045} INFO - query execution done
[2025-12-10T08:38:21.006+0000] {cursor.py:1205} INFO - Number of results in first chunk: 1
[2025-12-10T08:38:21.129+0000] {cursor.py:1032} INFO - query: [PUT /* Python:snowflake.connector.pandas_tools.write_pandas() */ 'file:///tmp/tm...]
[2025-12-10T08:38:21.262+0000] {cursor.py:1045} INFO - query execution done
[2025-12-10T08:38:21.852+0000] {cursor.py:1032} INFO - query: [CREATE TEMP FILE FORMAT bottnjrcfh /* Python:snowflake.connector.pandas_tools.wr...]
[2025-12-10T08:38:21.973+0000] {cursor.py:1045} INFO - query execution done
[2025-12-10T08:38:21.975+0000] {cursor.py:1205} INFO - Number of results in first chunk: 1
[2025-12-10T08:38:21.976+0000] {cursor.py:1032} INFO - query: [SELECT COLUMN_NAME, TYPE FROM table(infer_schema(location=>'@rsggvurqwr', file_f...]
[2025-12-10T08:38:22.348+0000] {cursor.py:1045} INFO - query execution done
[2025-12-10T08:38:22.350+0000] {cursor.py:1205} INFO - Number of results in first chunk: 24
[2025-12-10T08:38:22.352+0000] {cursor.py:1032} INFO - query: [CREATE  TABLE IF NOT EXISTS chbflhyvud (investigation_id TEXT, nhtsa_action_numb...]
[2025-12-10T08:38:22.578+0000] {cursor.py:1045} INFO - query execution done
[2025-12-10T08:38:22.580+0000] {cursor.py:1205} INFO - Number of results in first chunk: 1
[2025-12-10T08:38:22.582+0000] {cursor.py:1032} INFO - query: [COPY INTO chbflhyvud /* Python:snowflake.connector.pandas_tools.write_pandas() *...]
[2025-12-10T08:38:23.676+0000] {cursor.py:1045} INFO - query execution done
[2025-12-10T08:38:23.678+0000] {cursor.py:1205} INFO - Number of results in first chunk: 1
[2025-12-10T08:38:23.679+0000] {cursor.py:1032} INFO - query: [DROP TABLE IF EXISTS FACT_INVESTIGATIONS /* Python:snowflake.connector.pandas_to...]
[2025-12-10T08:38:23.914+0000] {cursor.py:1045} INFO - query execution done
[2025-12-10T08:38:23.916+0000] {cursor.py:1205} INFO - Number of results in first chunk: 1
[2025-12-10T08:38:23.917+0000] {cursor.py:1032} INFO - query: [ALTER TABLE chbflhyvud RENAME TO FACT_INVESTIGATIONS /* Python:snowflake.connect...]
[2025-12-10T08:38:24.075+0000] {cursor.py:1045} INFO - query execution done
[2025-12-10T08:38:24.076+0000] {cursor.py:1205} INFO - Number of results in first chunk: 1
[2025-12-10T08:38:24.079+0000] {logging_mixin.py:154} INFO - ✅ Loaded 178 rows into AUTOMOTIVE_AI.NHTSA.FACT_INVESTIGATIONS
[2025-12-10T08:38:24.081+0000] {cursor.py:1032} INFO - query: [SELECT COUNT(*) FROM FACT_INVESTIGATIONS]
[2025-12-10T08:38:24.274+0000] {cursor.py:1045} INFO - query execution done
[2025-12-10T08:38:24.275+0000] {cursor.py:1205} INFO - Number of results in first chunk: 1
[2025-12-10T08:38:24.282+0000] {logging_mixin.py:154} INFO - Verification: 178 rows in table
[2025-12-10T08:38:24.283+0000] {connection.py:734} INFO - closed
[2025-12-10T08:38:24.491+0000] {connection.py:740} INFO - No async queries seem to be running, deleting session
[2025-12-10T08:38:24.818+0000] {python.py:194} INFO - Done. Returned value was: True
[2025-12-10T08:38:24.871+0000] {taskinstance.py:1400} INFO - Marking task as SUCCESS. dag_id=autoinsight_cleaning_pipeline_v2, task_id=load_investigations_to_snowflake, execution_date=20251210T073900, start_date=20251210T083817, end_date=20251210T083824
[2025-12-10T08:38:24.979+0000] {local_task_job_runner.py:228} INFO - Task exited with return code 0
[2025-12-10T08:38:25.044+0000] {taskinstance.py:2778} INFO - 0 downstream tasks scheduled from follow-on schedule check
