[2025-12-08T22:40:49.455+0000] {taskinstance.py:1159} INFO - Dependencies all met for dep_context=non-requeueable deps ti=<TaskInstance: autoinsight_cleaning_pipeline_v2.load_investigations_to_snowflake manual__2025-12-08T22:39:05.084554+00:00 [queued]>
[2025-12-08T22:40:49.471+0000] {taskinstance.py:1159} INFO - Dependencies all met for dep_context=requeueable deps ti=<TaskInstance: autoinsight_cleaning_pipeline_v2.load_investigations_to_snowflake manual__2025-12-08T22:39:05.084554+00:00 [queued]>
[2025-12-08T22:40:49.475+0000] {taskinstance.py:1361} INFO - Starting attempt 1 of 3
[2025-12-08T22:40:49.494+0000] {taskinstance.py:1382} INFO - Executing <Task(PythonOperator): load_investigations_to_snowflake> on 2025-12-08 22:39:05.084554+00:00
[2025-12-08T22:40:49.502+0000] {standard_task_runner.py:57} INFO - Started process 8374 to run task
[2025-12-08T22:40:49.508+0000] {standard_task_runner.py:84} INFO - Running: ['***', 'tasks', 'run', 'autoinsight_cleaning_pipeline_v2', 'load_investigations_to_snowflake', 'manual__2025-12-08T22:39:05.084554+00:00', '--job-id', '282', '--raw', '--subdir', 'DAGS_FOLDER/autoinsight_cleaning_pipeline.py', '--cfg-path', '/tmp/tmpxifptftp']
[2025-12-08T22:40:49.514+0000] {standard_task_runner.py:85} INFO - Job 282: Subtask load_investigations_to_snowflake
[2025-12-08T22:40:49.614+0000] {task_command.py:416} INFO - Running <TaskInstance: autoinsight_cleaning_pipeline_v2.load_investigations_to_snowflake manual__2025-12-08T22:39:05.084554+00:00 [running]> on host 71216401ab91
[2025-12-08T22:40:49.726+0000] {taskinstance.py:1662} INFO - Exporting env vars: AIRFLOW_CTX_DAG_EMAIL='autoinsight@example.com' AIRFLOW_CTX_DAG_OWNER='autoinsight-team' AIRFLOW_CTX_DAG_ID='autoinsight_cleaning_pipeline_v2' AIRFLOW_CTX_TASK_ID='load_investigations_to_snowflake' AIRFLOW_CTX_EXECUTION_DATE='2025-12-08T22:39:05.084554+00:00' AIRFLOW_CTX_TRY_NUMBER='1' AIRFLOW_CTX_DAG_RUN_ID='manual__2025-12-08T22:39:05.084554+00:00'
[2025-12-08T22:40:50.825+0000] {logging_mixin.py:154} INFO - ======================================================================
[2025-12-08T22:40:50.825+0000] {logging_mixin.py:154} INFO - SNOWFLAKE LOAD: INVESTIGATIONS
[2025-12-08T22:40:50.826+0000] {logging_mixin.py:154} INFO - S3 Path: s3://autoinsightfinal/nhtsa/cleaned_new/investigations/csv/
[2025-12-08T22:40:50.826+0000] {logging_mixin.py:154} INFO - Target: AUTOMOTIVE_AI.NHTSA.FACT_INVESTIGATIONS
[2025-12-08T22:40:50.827+0000] {logging_mixin.py:154} INFO - ======================================================================
[2025-12-08T22:40:50.839+0000] {credentials.py:1147} INFO - Found credentials in environment variables.
[2025-12-08T22:40:52.618+0000] {logging_mixin.py:154} INFO - Reading: s3://autoinsightfinal/nhtsa/cleaned_new/investigations/csv/part-00000-e2a9ebfb-b11b-4ed0-a901-70a563f24cf4-c000.csv
[2025-12-08T22:40:53.762+0000] {logging_mixin.py:154} INFO - Loaded 89 records from S3
[2025-12-08T22:40:53.763+0000] {logging_mixin.py:154} INFO - Columns: ['investigation_id', 'nhtsa_action_number', 'vehicle_id', 'make', 'manufacturer_name', 'model', 'year', 'component_name', 'component_category', 'open_date', 'close_date', 'open_year', 'campaign_number', 'has_recall', 'subject', 'summary', 'investigation_status', 'investigation_duration_days', 'long_investigation_flag', 'missing_critical_data', 'date_inconsistency', 'processed_at', 'data_source', 'processing_version']
[2025-12-08T22:40:53.765+0000] {connection.py:386} INFO - Snowflake Connector for Python Version: 3.7.0, Python Version: 3.11.6, Platform: Linux-6.6.87.2-microsoft-standard-WSL2-x86_64-with-glibc2.31
[2025-12-08T22:40:53.766+0000] {connection.py:1211} INFO - This connection is in OCSP Fail Open Mode. TLS Certificates would be checked for validity and revocation status. Any other Certificate Revocation related exceptions or OCSP Responder failures would be disregarded in favor of connectivity.
[2025-12-08T22:40:55.143+0000] {cursor.py:1032} INFO - query: [USE SCHEMA NHTSA]
[2025-12-08T22:40:55.245+0000] {cursor.py:1045} INFO - query execution done
[2025-12-08T22:40:55.246+0000] {cursor.py:1205} INFO - Number of results in first chunk: 1
[2025-12-08T22:40:55.249+0000] {cursor.py:1032} INFO - query: [CREATE TEMP STAGE /* Python:snowflake.connector.pandas_tools.write_pandas() */ m...]
[2025-12-08T22:40:55.392+0000] {cursor.py:1045} INFO - query execution done
[2025-12-08T22:40:55.393+0000] {cursor.py:1205} INFO - Number of results in first chunk: 1
[2025-12-08T22:40:55.456+0000] {cursor.py:1032} INFO - query: [PUT /* Python:snowflake.connector.pandas_tools.write_pandas() */ 'file:///tmp/tm...]
[2025-12-08T22:40:55.625+0000] {cursor.py:1045} INFO - query execution done
[2025-12-08T22:40:56.149+0000] {cursor.py:1032} INFO - query: [CREATE TEMP FILE FORMAT tcryzlebqc /* Python:snowflake.connector.pandas_tools.wr...]
[2025-12-08T22:40:56.280+0000] {cursor.py:1045} INFO - query execution done
[2025-12-08T22:40:56.281+0000] {cursor.py:1205} INFO - Number of results in first chunk: 1
[2025-12-08T22:40:56.282+0000] {cursor.py:1032} INFO - query: [SELECT COLUMN_NAME, TYPE FROM table(infer_schema(location=>'@mzljaycxte', file_f...]
[2025-12-08T22:40:56.651+0000] {cursor.py:1045} INFO - query execution done
[2025-12-08T22:40:56.652+0000] {cursor.py:1205} INFO - Number of results in first chunk: 24
[2025-12-08T22:40:56.654+0000] {cursor.py:1032} INFO - query: [CREATE  TABLE IF NOT EXISTS josfuwzavb (investigation_id TEXT, nhtsa_action_numb...]
[2025-12-08T22:40:56.844+0000] {cursor.py:1045} INFO - query execution done
[2025-12-08T22:40:56.845+0000] {cursor.py:1205} INFO - Number of results in first chunk: 1
[2025-12-08T22:40:56.846+0000] {cursor.py:1032} INFO - query: [COPY INTO josfuwzavb /* Python:snowflake.connector.pandas_tools.write_pandas() *...]
[2025-12-08T22:40:58.004+0000] {cursor.py:1045} INFO - query execution done
[2025-12-08T22:40:58.007+0000] {cursor.py:1205} INFO - Number of results in first chunk: 1
[2025-12-08T22:40:58.008+0000] {cursor.py:1032} INFO - query: [DROP TABLE IF EXISTS FACT_INVESTIGATIONS /* Python:snowflake.connector.pandas_to...]
[2025-12-08T22:40:58.476+0000] {cursor.py:1045} INFO - query execution done
[2025-12-08T22:40:58.478+0000] {cursor.py:1205} INFO - Number of results in first chunk: 1
[2025-12-08T22:40:58.479+0000] {cursor.py:1032} INFO - query: [ALTER TABLE josfuwzavb RENAME TO FACT_INVESTIGATIONS /* Python:snowflake.connect...]
[2025-12-08T22:40:59.004+0000] {cursor.py:1045} INFO - query execution done
[2025-12-08T22:40:59.005+0000] {cursor.py:1205} INFO - Number of results in first chunk: 1
[2025-12-08T22:40:59.007+0000] {logging_mixin.py:154} INFO - ✅ Loaded 89 rows into AUTOMOTIVE_AI.NHTSA.FACT_INVESTIGATIONS
[2025-12-08T22:40:59.008+0000] {cursor.py:1032} INFO - query: [SELECT COUNT(*) FROM FACT_INVESTIGATIONS]
[2025-12-08T22:40:59.463+0000] {cursor.py:1045} INFO - query execution done
[2025-12-08T22:40:59.465+0000] {cursor.py:1205} INFO - Number of results in first chunk: 1
[2025-12-08T22:40:59.467+0000] {logging_mixin.py:154} INFO - Verification: 89 rows in table
[2025-12-08T22:40:59.467+0000] {connection.py:734} INFO - closed
[2025-12-08T22:40:59.782+0000] {connection.py:740} INFO - No async queries seem to be running, deleting session
[2025-12-08T22:41:00.206+0000] {python.py:194} INFO - Done. Returned value was: True
[2025-12-08T22:41:00.244+0000] {taskinstance.py:1400} INFO - Marking task as SUCCESS. dag_id=autoinsight_cleaning_pipeline_v2, task_id=load_investigations_to_snowflake, execution_date=20251208T223905, start_date=20251208T224049, end_date=20251208T224100
[2025-12-08T22:41:00.340+0000] {local_task_job_runner.py:228} INFO - Task exited with return code 0
[2025-12-08T22:41:00.380+0000] {taskinstance.py:2778} INFO - 0 downstream tasks scheduled from follow-on schedule check
