[2025-12-09T06:24:16.243+0000] {taskinstance.py:1159} INFO - Dependencies all met for dep_context=non-requeueable deps ti=<TaskInstance: autoinsight_daily_scraper.scrape_events scheduled__2025-12-08T06:00:00+00:00 [queued]>
[2025-12-09T06:24:16.256+0000] {taskinstance.py:1159} INFO - Dependencies all met for dep_context=requeueable deps ti=<TaskInstance: autoinsight_daily_scraper.scrape_events scheduled__2025-12-08T06:00:00+00:00 [queued]>
[2025-12-09T06:24:16.258+0000] {taskinstance.py:1361} INFO - Starting attempt 1 of 2
[2025-12-09T06:24:16.276+0000] {taskinstance.py:1382} INFO - Executing <Task(PythonOperator): scrape_events> on 2025-12-08 06:00:00+00:00
[2025-12-09T06:24:16.286+0000] {standard_task_runner.py:57} INFO - Started process 251 to run task
[2025-12-09T06:24:16.296+0000] {standard_task_runner.py:84} INFO - Running: ['***', 'tasks', 'run', 'autoinsight_daily_scraper', 'scrape_events', 'scheduled__2025-12-08T06:00:00+00:00', '--job-id', '4', '--raw', '--subdir', 'DAGS_FOLDER/news_scrapper.py', '--cfg-path', '/tmp/tmp1bv5gr2r']
[2025-12-09T06:24:16.303+0000] {standard_task_runner.py:85} INFO - Job 4: Subtask scrape_events
[2025-12-09T06:24:16.412+0000] {task_command.py:416} INFO - Running <TaskInstance: autoinsight_daily_scraper.scrape_events scheduled__2025-12-08T06:00:00+00:00 [running]> on host 74c4cbde2083
[2025-12-09T06:24:16.524+0000] {taskinstance.py:1662} INFO - Exporting env vars: AIRFLOW_CTX_DAG_OWNER='autoinsight' AIRFLOW_CTX_DAG_ID='autoinsight_daily_scraper' AIRFLOW_CTX_TASK_ID='scrape_events' AIRFLOW_CTX_EXECUTION_DATE='2025-12-08T06:00:00+00:00' AIRFLOW_CTX_TRY_NUMBER='1' AIRFLOW_CTX_DAG_RUN_ID='scheduled__2025-12-08T06:00:00+00:00'
[2025-12-09T06:24:16.528+0000] {news_scrapper.py:81} INFO - ============================================================
[2025-12-09T06:24:16.529+0000] {news_scrapper.py:82} INFO - TASK: Scraping Events
[2025-12-09T06:24:16.530+0000] {news_scrapper.py:89} INFO - Fetching events from AutoNews events page...
[2025-12-09T06:24:16.531+0000] {scrapper.py:453} INFO - Scraping events from AutoNews.com/events...
[2025-12-09T06:24:18.219+0000] {logging_mixin.py:154} INFO -     🌐 Opening AutoNews events page...
[2025-12-09T06:24:20.841+0000] {logging_mixin.py:154} INFO -     ⏳ Waiting for page to load...
[2025-12-09T06:24:24.930+0000] {scrapper.py:552} INFO -   ✓ Canada Congress (2026-02-12)
[2025-12-09T06:24:25.049+0000] {scrapper.py:552} INFO -   ✓ Congress (2025-01-01)
[2025-12-09T06:24:25.447+0000] {scrapper.py:552} INFO -   ✓ Europe Congress (2026-01-01)
[2025-12-09T06:24:25.595+0000] {scrapper.py:552} INFO -   ✓ Leading Women Conference (2025-05-20)
[2025-12-09T06:24:26.297+0000] {scrapper.py:552} INFO -   ✓ Canada Retail Forum (2025-10-14)
[2025-12-09T06:24:26.540+0000] {scrapper.py:552} INFO -   ✓ Canada Leading Women Roundtable (2024-11-15)
[2025-12-09T06:24:26.733+0000] {scrapper.py:552} INFO -   ✓ Japan Mobility Show (2025-01-01)
[2025-12-09T06:24:26.855+0000] {scrapper.py:552} INFO -   ✓ Los Angeles auto show (2025-11-20)
[2025-12-09T06:24:26.978+0000] {scrapper.py:552} INFO -   ✓ Munich auto show (2027-01-01)
[2025-12-09T06:24:27.110+0000] {scrapper.py:552} INFO -   ✓ Shanghai auto show (2025-04-23)
[2025-12-09T06:24:27.523+0000] {scrapper.py:552} INFO -   ✓ New York auto show (2025-04-16)
[2025-12-09T06:24:27.663+0000] {scrapper.py:552} INFO -   ✓ Chicago auto show (2025-02-06)
[2025-12-09T06:24:27.782+0000] {scrapper.py:552} INFO -   ✓ Toronto auto show (2025-02-14)
[2025-12-09T06:24:27.913+0000] {scrapper.py:552} INFO -   ✓ NADA Show (2025-01-23)
[2025-12-09T06:24:28.074+0000] {scrapper.py:552} INFO -   ✓ CES (2025-01-07)
[2025-12-09T06:24:28.202+0000] {scrapper.py:552} INFO -   ✓ Detroit auto show (2025-01-10)
[2025-12-09T06:24:28.336+0000] {scrapper.py:552} INFO -   ✓ Beijing auto show (2026-01-01)
[2025-12-09T06:24:28.478+0000] {scrapper.py:552} INFO -   ✓ Paris auto show (2026-10-12)
[2025-12-09T06:24:28.622+0000] {scrapper.py:552} INFO -   ✓ Geneva auto show (date TBD)
[2025-12-09T06:24:28.623+0000] {scrapper.py:558} INFO - ✓ Scraped 19 events from AutoNews
[2025-12-09T06:24:28.782+0000] {scrapper.py:575} INFO - ✓ Saved 19 items to /opt/***/data/autonews_events_latest.json
[2025-12-09T06:24:28.821+0000] {python.py:194} INFO - Done. Returned value was: Successfully scraped 19 events
[2025-12-09T06:24:28.852+0000] {taskinstance.py:1400} INFO - Marking task as SUCCESS. dag_id=autoinsight_daily_scraper, task_id=scrape_events, execution_date=20251208T060000, start_date=20251209T062416, end_date=20251209T062428
[2025-12-09T06:24:28.890+0000] {local_task_job_runner.py:228} INFO - Task exited with return code 0
[2025-12-09T06:24:28.930+0000] {taskinstance.py:2778} INFO - 1 downstream tasks scheduled from follow-on schedule check
