[2025-12-08T21:28:55.378+0000] {taskinstance.py:1159} INFO - Dependencies all met for dep_context=non-requeueable deps ti=<TaskInstance: autoinsight_cleaning_pipeline_v2.clean_fred_data manual__2025-12-08T21:28:54.281742+00:00 [queued]>
[2025-12-08T21:28:55.390+0000] {taskinstance.py:1159} INFO - Dependencies all met for dep_context=requeueable deps ti=<TaskInstance: autoinsight_cleaning_pipeline_v2.clean_fred_data manual__2025-12-08T21:28:54.281742+00:00 [queued]>
[2025-12-08T21:28:55.391+0000] {taskinstance.py:1361} INFO - Starting attempt 1 of 3
[2025-12-08T21:28:55.445+0000] {taskinstance.py:1382} INFO - Executing <Task(PythonOperator): clean_fred_data> on 2025-12-08 21:28:54.281742+00:00
[2025-12-08T21:28:55.455+0000] {standard_task_runner.py:57} INFO - Started process 477 to run task
[2025-12-08T21:28:55.462+0000] {standard_task_runner.py:84} INFO - Running: ['***', 'tasks', 'run', 'autoinsight_cleaning_pipeline_v2', 'clean_fred_data', 'manual__2025-12-08T21:28:54.281742+00:00', '--job-id', '237', '--raw', '--subdir', 'DAGS_FOLDER/autoinsight_cleaning_pipeline.py', '--cfg-path', '/tmp/tmpukyv8pd9']
[2025-12-08T21:28:55.468+0000] {standard_task_runner.py:85} INFO - Job 237: Subtask clean_fred_data
[2025-12-08T21:28:55.568+0000] {task_command.py:416} INFO - Running <TaskInstance: autoinsight_cleaning_pipeline_v2.clean_fred_data manual__2025-12-08T21:28:54.281742+00:00 [running]> on host 5a866e73d073
[2025-12-08T21:28:55.676+0000] {taskinstance.py:1662} INFO - Exporting env vars: AIRFLOW_CTX_DAG_EMAIL='autoinsight@example.com' AIRFLOW_CTX_DAG_OWNER='autoinsight-team' AIRFLOW_CTX_DAG_ID='autoinsight_cleaning_pipeline_v2' AIRFLOW_CTX_TASK_ID='clean_fred_data' AIRFLOW_CTX_EXECUTION_DATE='2025-12-08T21:28:54.281742+00:00' AIRFLOW_CTX_TRY_NUMBER='1' AIRFLOW_CTX_DAG_RUN_ID='manual__2025-12-08T21:28:54.281742+00:00'
[2025-12-08T21:28:55.680+0000] {logging_mixin.py:154} INFO - ======================================================================
[2025-12-08T21:28:55.681+0000] {logging_mixin.py:154} INFO - CLEANING TASK: FRED Economic Indicators
[2025-12-08T21:28:55.682+0000] {logging_mixin.py:154} INFO - ======================================================================
[2025-12-08T21:28:55.835+0000] {logging_mixin.py:154} INFO - 
Starting FRED Economic Indicators Cleaning
[2025-12-08T21:28:55.836+0000] {logging_mixin.py:154} INFO - Running in LOCAL mode
[2025-12-08T21:28:55.837+0000] {logging_mixin.py:154} INFO - Loading AWS S3 connectors...
[2025-12-08T21:29:48.562+0000] {logging_mixin.py:154} INFO - ❌ FRED Economic Indicators Failed: [JAVA_GATEWAY_EXITED] Java gateway process exited before sending its port number.
[2025-12-08T21:29:48.570+0000] {logging_mixin.py:154} WARNING - Traceback (most recent call last):
[2025-12-08T21:29:48.571+0000] {logging_mixin.py:154} WARNING -   File "/opt/***/dags/autoinsight_cleaning_pipeline.py", line 88, in run_cleaning_task
    main()
[2025-12-08T21:29:48.572+0000] {logging_mixin.py:154} WARNING -   File "/opt/***/src/clean_fred_economic.py", line 111, in main
    spark = builder.getOrCreate()
            ^^^^^^^^^^^^^^^^^^^^^
[2025-12-08T21:29:48.573+0000] {logging_mixin.py:154} WARNING -   File "/home/***/.local/lib/python3.11/site-packages/pyspark/sql/session.py", line 497, in getOrCreate
    sc = SparkContext.getOrCreate(sparkConf)
         ^^^^^^^^^^^^^^^^^^^^^^^^^^^^^^^^^^^
[2025-12-08T21:29:48.574+0000] {logging_mixin.py:154} WARNING -   File "/home/***/.local/lib/python3.11/site-packages/pyspark/context.py", line 515, in getOrCreate
    SparkContext(conf=conf or SparkConf())
[2025-12-08T21:29:48.575+0000] {logging_mixin.py:154} WARNING -   File "/home/***/.local/lib/python3.11/site-packages/pyspark/context.py", line 201, in __init__
    SparkContext._ensure_initialized(self, gateway=gateway, conf=conf)
[2025-12-08T21:29:48.575+0000] {logging_mixin.py:154} WARNING -   File "/home/***/.local/lib/python3.11/site-packages/pyspark/context.py", line 436, in _ensure_initialized
    SparkContext._gateway = gateway or launch_gateway(conf)
                                       ^^^^^^^^^^^^^^^^^^^^
[2025-12-08T21:29:48.576+0000] {logging_mixin.py:154} WARNING -   File "/home/***/.local/lib/python3.11/site-packages/pyspark/java_gateway.py", line 107, in launch_gateway
    raise PySparkRuntimeError(
[2025-12-08T21:29:48.576+0000] {logging_mixin.py:154} WARNING - pyspark.errors.exceptions.base.PySparkRuntimeError: [JAVA_GATEWAY_EXITED] Java gateway process exited before sending its port number.
[2025-12-08T21:29:48.579+0000] {taskinstance.py:1937} ERROR - Task failed with exception
Traceback (most recent call last):
  File "/home/airflow/.local/lib/python3.11/site-packages/airflow/operators/python.py", line 192, in execute
    return_value = self.execute_callable()
                   ^^^^^^^^^^^^^^^^^^^^^^^
  File "/home/airflow/.local/lib/python3.11/site-packages/airflow/operators/python.py", line 209, in execute_callable
    return self.python_callable(*self.op_args, **self.op_kwargs)
           ^^^^^^^^^^^^^^^^^^^^^^^^^^^^^^^^^^^^^^^^^^^^^^^^^^^^^
  File "/opt/airflow/dags/autoinsight_cleaning_pipeline.py", line 108, in clean_fred_data
    return run_cleaning_task('clean_fred_economic', 'FRED Economic Indicators', **context)
           ^^^^^^^^^^^^^^^^^^^^^^^^^^^^^^^^^^^^^^^^^^^^^^^^^^^^^^^^^^^^^^^^^^^^^^^^^^^^^^^
  File "/opt/airflow/dags/autoinsight_cleaning_pipeline.py", line 88, in run_cleaning_task
    main()
  File "/opt/airflow/src/clean_fred_economic.py", line 111, in main
    spark = builder.getOrCreate()
            ^^^^^^^^^^^^^^^^^^^^^
  File "/home/airflow/.local/lib/python3.11/site-packages/pyspark/sql/session.py", line 497, in getOrCreate
    sc = SparkContext.getOrCreate(sparkConf)
         ^^^^^^^^^^^^^^^^^^^^^^^^^^^^^^^^^^^
  File "/home/airflow/.local/lib/python3.11/site-packages/pyspark/context.py", line 515, in getOrCreate
    SparkContext(conf=conf or SparkConf())
  File "/home/airflow/.local/lib/python3.11/site-packages/pyspark/context.py", line 201, in __init__
    SparkContext._ensure_initialized(self, gateway=gateway, conf=conf)
  File "/home/airflow/.local/lib/python3.11/site-packages/pyspark/context.py", line 436, in _ensure_initialized
    SparkContext._gateway = gateway or launch_gateway(conf)
                                       ^^^^^^^^^^^^^^^^^^^^
  File "/home/airflow/.local/lib/python3.11/site-packages/pyspark/java_gateway.py", line 107, in launch_gateway
    raise PySparkRuntimeError(
pyspark.errors.exceptions.base.PySparkRuntimeError: [JAVA_GATEWAY_EXITED] Java gateway process exited before sending its port number.
[2025-12-08T21:29:48.604+0000] {taskinstance.py:1400} INFO - Marking task as UP_FOR_RETRY. dag_id=autoinsight_cleaning_pipeline_v2, task_id=clean_fred_data, execution_date=20251208T212854, start_date=20251208T212855, end_date=20251208T212948
[2025-12-08T21:29:48.641+0000] {standard_task_runner.py:104} ERROR - Failed to execute job 237 for task clean_fred_data ([JAVA_GATEWAY_EXITED] Java gateway process exited before sending its port number.; 477)
[2025-12-08T21:29:48.656+0000] {local_task_job_runner.py:228} INFO - Task exited with return code 1
[2025-12-08T21:29:48.698+0000] {taskinstance.py:2778} INFO - 0 downstream tasks scheduled from follow-on schedule check
