[2025-12-08T22:35:37.795+0000] {taskinstance.py:1159} INFO - Dependencies all met for dep_context=non-requeueable deps ti=<TaskInstance: autoinsight_cleaning_pipeline_v2.generate_report manual__2025-12-08T22:23:46.693862+00:00 [queued]>
[2025-12-08T22:35:37.803+0000] {taskinstance.py:1159} INFO - Dependencies all met for dep_context=requeueable deps ti=<TaskInstance: autoinsight_cleaning_pipeline_v2.generate_report manual__2025-12-08T22:23:46.693862+00:00 [queued]>
[2025-12-08T22:35:37.804+0000] {taskinstance.py:1361} INFO - Starting attempt 1 of 3
[2025-12-08T22:35:37.814+0000] {taskinstance.py:1382} INFO - Executing <Task(PythonOperator): generate_report> on 2025-12-08 22:23:46.693862+00:00
[2025-12-08T22:35:37.821+0000] {standard_task_runner.py:57} INFO - Started process 4779 to run task
[2025-12-08T22:35:37.823+0000] {standard_task_runner.py:84} INFO - Running: ['***', 'tasks', 'run', 'autoinsight_cleaning_pipeline_v2', 'generate_report', 'manual__2025-12-08T22:23:46.693862+00:00', '--job-id', '273', '--raw', '--subdir', 'DAGS_FOLDER/autoinsight_cleaning_pipeline.py', '--cfg-path', '/tmp/tmpjig1_nyr']
[2025-12-08T22:35:37.826+0000] {standard_task_runner.py:85} INFO - Job 273: Subtask generate_report
[2025-12-08T22:35:37.893+0000] {task_command.py:416} INFO - Running <TaskInstance: autoinsight_cleaning_pipeline_v2.generate_report manual__2025-12-08T22:23:46.693862+00:00 [running]> on host 71216401ab91
[2025-12-08T22:35:37.957+0000] {taskinstance.py:1662} INFO - Exporting env vars: AIRFLOW_CTX_DAG_EMAIL='autoinsight@example.com' AIRFLOW_CTX_DAG_OWNER='autoinsight-team' AIRFLOW_CTX_DAG_ID='autoinsight_cleaning_pipeline_v2' AIRFLOW_CTX_TASK_ID='generate_report' AIRFLOW_CTX_EXECUTION_DATE='2025-12-08T22:23:46.693862+00:00' AIRFLOW_CTX_TRY_NUMBER='1' AIRFLOW_CTX_DAG_RUN_ID='manual__2025-12-08T22:23:46.693862+00:00'
[2025-12-08T22:35:37.959+0000] {logging_mixin.py:154} INFO - ======================================================================
[2025-12-08T22:35:37.960+0000] {logging_mixin.py:154} INFO - PIPELINE EXECUTION REPORT
[2025-12-08T22:35:37.961+0000] {logging_mixin.py:154} INFO - ======================================================================
[2025-12-08T22:35:37.961+0000] {logging_mixin.py:154} INFO - 
Rows Loaded to Snowflake:
[2025-12-08T22:35:37.971+0000] {logging_mixin.py:154} INFO -   EPA: 3,858
[2025-12-08T22:35:37.979+0000] {logging_mixin.py:154} INFO -   FRED: 71
[2025-12-08T22:35:37.987+0000] {logging_mixin.py:154} INFO -   RECALLS: 1,210
[2025-12-08T22:35:37.995+0000] {logging_mixin.py:154} INFO -   COMPLAINTS: 210,517
[2025-12-08T22:35:38.004+0000] {logging_mixin.py:154} INFO -   RATINGS: 1,727
[2025-12-08T22:35:38.011+0000] {logging_mixin.py:154} INFO -   INVESTIGATIONS: 89
[2025-12-08T22:35:38.012+0000] {logging_mixin.py:154} INFO - 
  TOTAL: 217,472 rows
[2025-12-08T22:35:38.012+0000] {logging_mixin.py:154} INFO - 
✅ Pipeline Complete!
[2025-12-08T22:35:38.013+0000] {logging_mixin.py:154} INFO - ======================================================================
[2025-12-08T22:35:38.013+0000] {python.py:194} INFO - Done. Returned value was: None
[2025-12-08T22:35:38.021+0000] {taskinstance.py:1400} INFO - Marking task as SUCCESS. dag_id=autoinsight_cleaning_pipeline_v2, task_id=generate_report, execution_date=20251208T222346, start_date=20251208T223537, end_date=20251208T223538
[2025-12-08T22:35:38.078+0000] {local_task_job_runner.py:228} INFO - Task exited with return code 0
[2025-12-08T22:35:38.098+0000] {taskinstance.py:2778} INFO - 0 downstream tasks scheduled from follow-on schedule check
