[2025-12-08T22:32:27.035+0000] {taskinstance.py:1159} INFO - Dependencies all met for dep_context=non-requeueable deps ti=<TaskInstance: autoinsight_cleaning_pipeline_v2.load_recalls_to_snowflake manual__2025-12-08T22:23:46.693862+00:00 [queued]>
[2025-12-08T22:32:27.052+0000] {taskinstance.py:1159} INFO - Dependencies all met for dep_context=requeueable deps ti=<TaskInstance: autoinsight_cleaning_pipeline_v2.load_recalls_to_snowflake manual__2025-12-08T22:23:46.693862+00:00 [queued]>
[2025-12-08T22:32:27.055+0000] {taskinstance.py:1361} INFO - Starting attempt 1 of 3
[2025-12-08T22:32:27.072+0000] {taskinstance.py:1382} INFO - Executing <Task(PythonOperator): load_recalls_to_snowflake> on 2025-12-08 22:23:46.693862+00:00
[2025-12-08T22:32:27.077+0000] {standard_task_runner.py:57} INFO - Started process 4072 to run task
[2025-12-08T22:32:27.082+0000] {standard_task_runner.py:84} INFO - Running: ['***', 'tasks', 'run', 'autoinsight_cleaning_pipeline_v2', 'load_recalls_to_snowflake', 'manual__2025-12-08T22:23:46.693862+00:00', '--job-id', '271', '--raw', '--subdir', 'DAGS_FOLDER/autoinsight_cleaning_pipeline.py', '--cfg-path', '/tmp/tmpqa4tc7yh']
[2025-12-08T22:32:27.086+0000] {standard_task_runner.py:85} INFO - Job 271: Subtask load_recalls_to_snowflake
[2025-12-08T22:32:27.174+0000] {task_command.py:416} INFO - Running <TaskInstance: autoinsight_cleaning_pipeline_v2.load_recalls_to_snowflake manual__2025-12-08T22:23:46.693862+00:00 [running]> on host 71216401ab91
[2025-12-08T22:32:27.289+0000] {taskinstance.py:1662} INFO - Exporting env vars: AIRFLOW_CTX_DAG_EMAIL='autoinsight@example.com' AIRFLOW_CTX_DAG_OWNER='autoinsight-team' AIRFLOW_CTX_DAG_ID='autoinsight_cleaning_pipeline_v2' AIRFLOW_CTX_TASK_ID='load_recalls_to_snowflake' AIRFLOW_CTX_EXECUTION_DATE='2025-12-08T22:23:46.693862+00:00' AIRFLOW_CTX_TRY_NUMBER='1' AIRFLOW_CTX_DAG_RUN_ID='manual__2025-12-08T22:23:46.693862+00:00'
[2025-12-08T22:32:28.740+0000] {logging_mixin.py:154} INFO - ======================================================================
[2025-12-08T22:32:28.741+0000] {logging_mixin.py:154} INFO - SNOWFLAKE LOAD: RECALLS
[2025-12-08T22:32:28.745+0000] {logging_mixin.py:154} INFO - S3 Path: s3://autoinsightfinal/nhtsa/cleaned_new/recalls/csv/
[2025-12-08T22:32:28.749+0000] {logging_mixin.py:154} INFO - Target: AUTOMOTIVE_AI.NHTSA.FACT_RECALLS
[2025-12-08T22:32:28.750+0000] {logging_mixin.py:154} INFO - ======================================================================
[2025-12-08T22:32:28.774+0000] {credentials.py:1147} INFO - Found credentials in environment variables.
[2025-12-08T22:32:31.770+0000] {logging_mixin.py:154} INFO - Reading: s3://autoinsightfinal/nhtsa/cleaned_new/recalls/csv/part-00000-41ba41b3-e632-415d-947b-9681a7d012cc-c000.csv
[2025-12-08T22:32:32.753+0000] {logging_mixin.py:154} INFO - Loaded 1,210 records from S3
[2025-12-08T22:32:32.754+0000] {logging_mixin.py:154} INFO - Columns: ['recall_id', 'nhtsa_recall_id', 'vehicle_id', 'make', 'model', 'year', 'recall_summary', 'document_type', 'primary_document', 'missing_critical_data', 'has_year_data', 'processed_at', 'data_source', 'processing_version']
[2025-12-08T22:32:32.757+0000] {connection.py:386} INFO - Snowflake Connector for Python Version: 3.7.0, Python Version: 3.11.6, Platform: Linux-6.6.87.2-microsoft-standard-WSL2-x86_64-with-glibc2.31
[2025-12-08T22:32:32.759+0000] {connection.py:1211} INFO - This connection is in OCSP Fail Open Mode. TLS Certificates would be checked for validity and revocation status. Any other Certificate Revocation related exceptions or OCSP Responder failures would be disregarded in favor of connectivity.
[2025-12-08T22:32:34.049+0000] {cursor.py:1032} INFO - query: [USE SCHEMA NHTSA]
[2025-12-08T22:32:34.138+0000] {cursor.py:1045} INFO - query execution done
[2025-12-08T22:32:34.139+0000] {cursor.py:1205} INFO - Number of results in first chunk: 1
[2025-12-08T22:32:34.140+0000] {cursor.py:1032} INFO - query: [CREATE TEMP STAGE /* Python:snowflake.connector.pandas_tools.write_pandas() */ n...]
[2025-12-08T22:32:34.266+0000] {cursor.py:1045} INFO - query execution done
[2025-12-08T22:32:34.268+0000] {cursor.py:1205} INFO - Number of results in first chunk: 1
[2025-12-08T22:32:34.304+0000] {cursor.py:1032} INFO - query: [PUT /* Python:snowflake.connector.pandas_tools.write_pandas() */ 'file:///tmp/tm...]
[2025-12-08T22:32:34.433+0000] {cursor.py:1045} INFO - query execution done
[2025-12-08T22:32:34.936+0000] {cursor.py:1032} INFO - query: [CREATE TEMP FILE FORMAT chkexmurcq /* Python:snowflake.connector.pandas_tools.wr...]
[2025-12-08T22:32:35.038+0000] {cursor.py:1045} INFO - query execution done
[2025-12-08T22:32:35.039+0000] {cursor.py:1205} INFO - Number of results in first chunk: 1
[2025-12-08T22:32:35.040+0000] {cursor.py:1032} INFO - query: [SELECT COLUMN_NAME, TYPE FROM table(infer_schema(location=>'@nxsjyrycun', file_f...]
[2025-12-08T22:32:35.638+0000] {cursor.py:1045} INFO - query execution done
[2025-12-08T22:32:35.639+0000] {cursor.py:1205} INFO - Number of results in first chunk: 14
[2025-12-08T22:32:35.640+0000] {cursor.py:1032} INFO - query: [CREATE  TABLE IF NOT EXISTS aywxfcjjaa (recall_id TEXT, nhtsa_recall_id TEXT, ve...]
[2025-12-08T22:32:35.853+0000] {cursor.py:1045} INFO - query execution done
[2025-12-08T22:32:35.857+0000] {cursor.py:1205} INFO - Number of results in first chunk: 1
[2025-12-08T22:32:35.858+0000] {cursor.py:1032} INFO - query: [COPY INTO aywxfcjjaa /* Python:snowflake.connector.pandas_tools.write_pandas() *...]
[2025-12-08T22:32:36.875+0000] {cursor.py:1045} INFO - query execution done
[2025-12-08T22:32:36.877+0000] {cursor.py:1205} INFO - Number of results in first chunk: 1
[2025-12-08T22:32:36.878+0000] {cursor.py:1032} INFO - query: [DROP TABLE IF EXISTS FACT_RECALLS /* Python:snowflake.connector.pandas_tools.wri...]
[2025-12-08T22:32:37.059+0000] {cursor.py:1045} INFO - query execution done
[2025-12-08T22:32:37.065+0000] {cursor.py:1205} INFO - Number of results in first chunk: 1
[2025-12-08T22:32:37.066+0000] {cursor.py:1032} INFO - query: [ALTER TABLE aywxfcjjaa RENAME TO FACT_RECALLS /* Python:snowflake.connector.pand...]
[2025-12-08T22:32:37.175+0000] {cursor.py:1045} INFO - query execution done
[2025-12-08T22:32:37.181+0000] {cursor.py:1205} INFO - Number of results in first chunk: 1
[2025-12-08T22:32:37.182+0000] {logging_mixin.py:154} INFO - ✅ Loaded 1,210 rows into AUTOMOTIVE_AI.NHTSA.FACT_RECALLS
[2025-12-08T22:32:37.182+0000] {cursor.py:1032} INFO - query: [SELECT COUNT(*) FROM FACT_RECALLS]
[2025-12-08T22:32:37.370+0000] {cursor.py:1045} INFO - query execution done
[2025-12-08T22:32:37.377+0000] {cursor.py:1205} INFO - Number of results in first chunk: 1
[2025-12-08T22:32:37.378+0000] {logging_mixin.py:154} INFO - Verification: 1,210 rows in table
[2025-12-08T22:32:37.389+0000] {connection.py:734} INFO - closed
[2025-12-08T22:32:37.454+0000] {connection.py:740} INFO - No async queries seem to be running, deleting session
[2025-12-08T22:32:37.668+0000] {python.py:194} INFO - Done. Returned value was: True
[2025-12-08T22:32:37.754+0000] {taskinstance.py:1400} INFO - Marking task as SUCCESS. dag_id=autoinsight_cleaning_pipeline_v2, task_id=load_recalls_to_snowflake, execution_date=20251208T222346, start_date=20251208T223227, end_date=20251208T223237
[2025-12-08T22:32:37.924+0000] {local_task_job_runner.py:228} INFO - Task exited with return code 0
[2025-12-08T22:32:38.003+0000] {taskinstance.py:2778} INFO - 0 downstream tasks scheduled from follow-on schedule check
