[2025-12-08T22:30:12.309+0000] {taskinstance.py:1159} INFO - Dependencies all met for dep_context=non-requeueable deps ti=<TaskInstance: autoinsight_cleaning_pipeline_v2.clean_fred_data manual__2025-12-08T22:23:46.693862+00:00 [queued]>
[2025-12-08T22:30:12.318+0000] {taskinstance.py:1159} INFO - Dependencies all met for dep_context=requeueable deps ti=<TaskInstance: autoinsight_cleaning_pipeline_v2.clean_fred_data manual__2025-12-08T22:23:46.693862+00:00 [queued]>
[2025-12-08T22:30:12.319+0000] {taskinstance.py:1361} INFO - Starting attempt 2 of 3
[2025-12-08T22:30:12.331+0000] {taskinstance.py:1382} INFO - Executing <Task(PythonOperator): clean_fred_data> on 2025-12-08 22:23:46.693862+00:00
[2025-12-08T22:30:12.336+0000] {standard_task_runner.py:57} INFO - Started process 202 to run task
[2025-12-08T22:30:12.340+0000] {standard_task_runner.py:84} INFO - Running: ['***', 'tasks', 'run', 'autoinsight_cleaning_pipeline_v2', 'clean_fred_data', 'manual__2025-12-08T22:23:46.693862+00:00', '--job-id', '264', '--raw', '--subdir', 'DAGS_FOLDER/autoinsight_cleaning_pipeline.py', '--cfg-path', '/tmp/tmpr2wun2me']
[2025-12-08T22:30:12.344+0000] {standard_task_runner.py:85} INFO - Job 264: Subtask clean_fred_data
[2025-12-08T22:30:12.428+0000] {task_command.py:416} INFO - Running <TaskInstance: autoinsight_cleaning_pipeline_v2.clean_fred_data manual__2025-12-08T22:23:46.693862+00:00 [running]> on host 71216401ab91
[2025-12-08T22:30:12.507+0000] {taskinstance.py:1662} INFO - Exporting env vars: AIRFLOW_CTX_DAG_EMAIL='autoinsight@example.com' AIRFLOW_CTX_DAG_OWNER='autoinsight-team' AIRFLOW_CTX_DAG_ID='autoinsight_cleaning_pipeline_v2' AIRFLOW_CTX_TASK_ID='clean_fred_data' AIRFLOW_CTX_EXECUTION_DATE='2025-12-08T22:23:46.693862+00:00' AIRFLOW_CTX_TRY_NUMBER='2' AIRFLOW_CTX_DAG_RUN_ID='manual__2025-12-08T22:23:46.693862+00:00'
[2025-12-08T22:30:12.509+0000] {logging_mixin.py:154} INFO - ======================================================================
[2025-12-08T22:30:12.510+0000] {logging_mixin.py:154} INFO - CLEANING TASK: FRED Economic Indicators
[2025-12-08T22:30:12.510+0000] {logging_mixin.py:154} INFO - ======================================================================
[2025-12-08T22:30:12.606+0000] {logging_mixin.py:154} INFO - 
Starting FRED Economic Indicators Cleaning
[2025-12-08T22:30:12.607+0000] {logging_mixin.py:154} INFO - Running in LOCAL mode
[2025-12-08T22:30:12.608+0000] {logging_mixin.py:154} INFO - Loading AWS S3 connectors...
[2025-12-08T22:30:24.469+0000] {logging_mixin.py:154} INFO - Input: s3a://autoinsightfinal/fred/raw/fred_economic_indicators.csv
[2025-12-08T22:30:24.471+0000] {logging_mixin.py:154} INFO - Output: s3a://autoinsightfinal/fred/cleaned_new/economic_indicators/parquet/
[2025-12-08T22:30:24.471+0000] {logging_mixin.py:154} INFO - ============================================================
[2025-12-08T22:30:24.472+0000] {logging_mixin.py:154} INFO - FRED ECONOMIC INDICATORS - CLEANING
[2025-12-08T22:30:24.472+0000] {logging_mixin.py:154} INFO - ============================================================
[2025-12-08T22:30:24.473+0000] {logging_mixin.py:154} INFO - 
Reading raw data from: s3a://autoinsightfinal/fred/raw/fred_economic_indicators.csv
[2025-12-08T22:30:37.688+0000] {logging_mixin.py:154} INFO -   Loaded 213 records (long format)
[2025-12-08T22:30:37.689+0000] {logging_mixin.py:154} INFO - 
Pivoting from long to wide format...
[2025-12-08T22:30:41.112+0000] {logging_mixin.py:154} INFO -   Pivoted to 71 rows (wide format)
[2025-12-08T22:30:41.113+0000] {logging_mixin.py:154} INFO - 
Cleaning Summary:
[2025-12-08T22:30:41.114+0000] {logging_mixin.py:154} INFO -   Initial records: 213 (long format)
[2025-12-08T22:30:41.115+0000] {logging_mixin.py:154} INFO -   Final records: 71 (wide format)
[2025-12-08T22:30:42.971+0000] {logging_mixin.py:154} INFO -   Date range: 2020-01-01 to 2025-11-01
[2025-12-08T22:30:42.975+0000] {logging_mixin.py:154} INFO - 
Writing cleaned data to: s3a://autoinsightfinal/fred/cleaned_new/economic_indicators/parquet/
[2025-12-08T22:31:12.131+0000] {logging_mixin.py:154} INFO - Writing CSV to: s3a://autoinsightfinal/fred/cleaned_new/economic_indicators/csv/
[2025-12-08T22:31:32.602+0000] {logging_mixin.py:154} INFO - 
FRED cleaning complete!
[2025-12-08T22:31:32.603+0000] {logging_mixin.py:154} INFO - ============================================================
[2025-12-08T22:31:32.603+0000] {logging_mixin.py:154} INFO - 
Sample of cleaned data (Snowflake-ready):
[2025-12-08T22:31:34.423+0000] {logging_mixin.py:154} INFO - +----------+-------------------+-----------------+-------------------+-----------+--------------------------+
|date      |total_vehicle_sales|light_truck_sales|domestic_auto_sales|data_source|loaded_at                 |
+----------+-------------------+-----------------+-------------------+-----------+--------------------------+
|2020-01-01|16.85              |16.42            |3.224              |FRED       |2025-12-08 22:31:32.643501|
|2020-02-01|17.13              |16.669           |3.202              |FRED       |2025-12-08 22:31:32.643501|
|2020-03-01|11.825             |11.444           |2.27               |FRED       |2025-12-08 22:31:32.643501|
|2020-04-01|8.919              |8.571            |1.433              |FRED       |2025-12-08 22:31:32.643501|
|2020-05-01|12.543             |12.244           |1.883              |FRED       |2025-12-08 22:31:32.643501|
|2020-06-01|13.532             |13.182           |2.061              |FRED       |2025-12-08 22:31:32.643501|
|2020-07-01|15.182             |14.802           |2.617              |FRED       |2025-12-08 22:31:32.643501|
|2020-08-01|16.09              |15.656           |2.722              |FRED       |2025-12-08 22:31:32.643501|
|2020-09-01|16.713             |16.275           |2.83               |FRED       |2025-12-08 22:31:32.643501|
|2020-10-01|16.564             |16.112           |2.817              |FRED       |2025-12-08 22:31:32.643501|
+----------+-------------------+-----------------+-------------------+-----------+--------------------------+
only showing top 10 rows
[2025-12-08T22:31:34.777+0000] {logging_mixin.py:154} INFO - ✅ FRED Economic Indicators Complete
[2025-12-08T22:31:34.811+0000] {python.py:194} INFO - Done. Returned value was: True
[2025-12-08T22:31:34.852+0000] {taskinstance.py:1400} INFO - Marking task as SUCCESS. dag_id=autoinsight_cleaning_pipeline_v2, task_id=clean_fred_data, execution_date=20251208T222346, start_date=20251208T223012, end_date=20251208T223134
[2025-12-08T22:31:34.906+0000] {local_task_job_runner.py:228} INFO - Task exited with return code 0
[2025-12-08T22:31:34.983+0000] {taskinstance.py:2778} INFO - 1 downstream tasks scheduled from follow-on schedule check
