[2025-12-09T23:04:49.999+0000] {taskinstance.py:1159} INFO - Dependencies all met for dep_context=non-requeueable deps ti=<TaskInstance: autoinsight_cleaning_pipeline_v2.clean_nhtsa_complaints manual__2025-12-09T22:59:47.472900+00:00 [queued]>
[2025-12-09T23:04:50.009+0000] {taskinstance.py:1159} INFO - Dependencies all met for dep_context=requeueable deps ti=<TaskInstance: autoinsight_cleaning_pipeline_v2.clean_nhtsa_complaints manual__2025-12-09T22:59:47.472900+00:00 [queued]>
[2025-12-09T23:04:50.010+0000] {taskinstance.py:1361} INFO - Starting attempt 2 of 3
[2025-12-09T23:04:50.024+0000] {taskinstance.py:1382} INFO - Executing <Task(PythonOperator): clean_nhtsa_complaints> on 2025-12-09 22:59:47.472900+00:00
[2025-12-09T23:04:50.032+0000] {standard_task_runner.py:57} INFO - Started process 1276 to run task
[2025-12-09T23:04:50.038+0000] {standard_task_runner.py:84} INFO - Running: ['***', 'tasks', 'run', 'autoinsight_cleaning_pipeline_v2', 'clean_nhtsa_complaints', 'manual__2025-12-09T22:59:47.472900+00:00', '--job-id', '54', '--raw', '--subdir', 'DAGS_FOLDER/autoinsight_cleaning_pipeline.py', '--cfg-path', '/tmp/tmp_qztin9u']
[2025-12-09T23:04:50.042+0000] {standard_task_runner.py:85} INFO - Job 54: Subtask clean_nhtsa_complaints
[2025-12-09T23:04:50.105+0000] {task_command.py:416} INFO - Running <TaskInstance: autoinsight_cleaning_pipeline_v2.clean_nhtsa_complaints manual__2025-12-09T22:59:47.472900+00:00 [running]> on host 09126cf425ed
[2025-12-09T23:04:50.160+0000] {taskinstance.py:1662} INFO - Exporting env vars: AIRFLOW_CTX_DAG_EMAIL='autoinsight@example.com' AIRFLOW_CTX_DAG_OWNER='autoinsight-team' AIRFLOW_CTX_DAG_ID='autoinsight_cleaning_pipeline_v2' AIRFLOW_CTX_TASK_ID='clean_nhtsa_complaints' AIRFLOW_CTX_EXECUTION_DATE='2025-12-09T22:59:47.472900+00:00' AIRFLOW_CTX_TRY_NUMBER='2' AIRFLOW_CTX_DAG_RUN_ID='manual__2025-12-09T22:59:47.472900+00:00'
[2025-12-09T23:04:50.162+0000] {logging_mixin.py:154} INFO - ======================================================================
[2025-12-09T23:04:50.162+0000] {logging_mixin.py:154} INFO - CLEANING TASK: NHTSA Complaints (with Sentiment)
[2025-12-09T23:04:50.162+0000] {logging_mixin.py:154} INFO - ======================================================================
[2025-12-09T23:04:50.486+0000] {logging_mixin.py:154} INFO - ❌ NHTSA Complaints (with Sentiment) Failed: No module named 'sentiment_standalone'
[2025-12-09T23:04:50.494+0000] {logging_mixin.py:154} WARNING - Traceback (most recent call last):
[2025-12-09T23:04:50.494+0000] {logging_mixin.py:154} WARNING -   File "/opt/***/dags/autoinsight_cleaning_pipeline.py", line 80, in run_cleaning_task
    from data_cleaning.clean_nhtsa_complaints import main
[2025-12-09T23:04:50.495+0000] {logging_mixin.py:154} WARNING -   File "/opt/***/src/data_cleaning/clean_nhtsa_complaints.py", line 31, in <module>
    from sentiment_standalone import (
[2025-12-09T23:04:50.495+0000] {logging_mixin.py:154} WARNING - ModuleNotFoundError: No module named 'sentiment_standalone'
[2025-12-09T23:04:50.496+0000] {taskinstance.py:1937} ERROR - Task failed with exception
Traceback (most recent call last):
  File "/home/airflow/.local/lib/python3.11/site-packages/airflow/operators/python.py", line 192, in execute
    return_value = self.execute_callable()
                   ^^^^^^^^^^^^^^^^^^^^^^^
  File "/home/airflow/.local/lib/python3.11/site-packages/airflow/operators/python.py", line 209, in execute_callable
    return self.python_callable(*self.op_args, **self.op_kwargs)
           ^^^^^^^^^^^^^^^^^^^^^^^^^^^^^^^^^^^^^^^^^^^^^^^^^^^^^
  File "/opt/airflow/dags/autoinsight_cleaning_pipeline.py", line 118, in clean_nhtsa_complaints
    return run_cleaning_task('clean_nhtsa_complaints', 'NHTSA Complaints (with Sentiment)', **context)
           ^^^^^^^^^^^^^^^^^^^^^^^^^^^^^^^^^^^^^^^^^^^^^^^^^^^^^^^^^^^^^^^^^^^^^^^^^^^^^^^^^^^^^^^^^^^
  File "/opt/airflow/dags/autoinsight_cleaning_pipeline.py", line 80, in run_cleaning_task
    from data_cleaning.clean_nhtsa_complaints import main
  File "/opt/airflow/src/data_cleaning/clean_nhtsa_complaints.py", line 31, in <module>
    from sentiment_standalone import (
ModuleNotFoundError: No module named 'sentiment_standalone'
[2025-12-09T23:04:50.507+0000] {taskinstance.py:1400} INFO - Marking task as UP_FOR_RETRY. dag_id=autoinsight_cleaning_pipeline_v2, task_id=clean_nhtsa_complaints, execution_date=20251209T225947, start_date=20251209T230450, end_date=20251209T230450
[2025-12-09T23:04:50.519+0000] {standard_task_runner.py:104} ERROR - Failed to execute job 54 for task clean_nhtsa_complaints (No module named 'sentiment_standalone'; 1276)
[2025-12-09T23:04:50.570+0000] {local_task_job_runner.py:228} INFO - Task exited with return code 1
[2025-12-09T23:04:50.588+0000] {taskinstance.py:2778} INFO - 0 downstream tasks scheduled from follow-on schedule check
