[2025-12-06T23:20:47.532+0000] {taskinstance.py:1159} INFO - Dependencies all met for dep_context=non-requeueable deps ti=<TaskInstance: autoinsight_cleaning_pipeline.clean_nhtsa_ratings manual__2025-12-06T23:20:46.538164+00:00 [queued]>
[2025-12-06T23:20:47.541+0000] {taskinstance.py:1159} INFO - Dependencies all met for dep_context=requeueable deps ti=<TaskInstance: autoinsight_cleaning_pipeline.clean_nhtsa_ratings manual__2025-12-06T23:20:46.538164+00:00 [queued]>
[2025-12-06T23:20:47.541+0000] {taskinstance.py:1361} INFO - Starting attempt 1 of 3
[2025-12-06T23:20:47.550+0000] {taskinstance.py:1382} INFO - Executing <Task(PythonOperator): clean_nhtsa_ratings> on 2025-12-06 23:20:46.538164+00:00
[2025-12-06T23:20:47.556+0000] {standard_task_runner.py:57} INFO - Started process 267 to run task
[2025-12-06T23:20:47.560+0000] {standard_task_runner.py:84} INFO - Running: ['***', 'tasks', 'run', 'autoinsight_cleaning_pipeline', 'clean_nhtsa_ratings', 'manual__2025-12-06T23:20:46.538164+00:00', '--job-id', '122', '--raw', '--subdir', 'DAGS_FOLDER/autoinsight_cleaning_pipeline.py', '--cfg-path', '/tmp/tmpj88pyoe8']
[2025-12-06T23:20:47.565+0000] {standard_task_runner.py:85} INFO - Job 122: Subtask clean_nhtsa_ratings
[2025-12-06T23:20:47.647+0000] {task_command.py:416} INFO - Running <TaskInstance: autoinsight_cleaning_pipeline.clean_nhtsa_ratings manual__2025-12-06T23:20:46.538164+00:00 [running]> on host 332f35943d46
[2025-12-06T23:20:47.756+0000] {taskinstance.py:1662} INFO - Exporting env vars: AIRFLOW_CTX_DAG_EMAIL='autoinsight@example.com' AIRFLOW_CTX_DAG_OWNER='autoinsight-team' AIRFLOW_CTX_DAG_ID='autoinsight_cleaning_pipeline' AIRFLOW_CTX_TASK_ID='clean_nhtsa_ratings' AIRFLOW_CTX_EXECUTION_DATE='2025-12-06T23:20:46.538164+00:00' AIRFLOW_CTX_TRY_NUMBER='1' AIRFLOW_CTX_DAG_RUN_ID='manual__2025-12-06T23:20:46.538164+00:00'
[2025-12-06T23:20:47.758+0000] {logging_mixin.py:154} INFO - ======================================================================
[2025-12-06T23:20:47.759+0000] {logging_mixin.py:154} INFO - CLEANING TASK 3C: NHTSA Safety Ratings
[2025-12-06T23:20:47.760+0000] {logging_mixin.py:154} INFO - ======================================================================
[2025-12-06T23:20:47.925+0000] {logging_mixin.py:154} INFO - 
🚀 Starting NHTSA Ratings Cleaning
[2025-12-06T23:20:47.925+0000] {logging_mixin.py:154} INFO - 🔧 Running in LOCAL mode
[2025-12-06T23:20:47.926+0000] {logging_mixin.py:154} INFO - 📦 Loading AWS S3 connectors...
[2025-12-06T23:21:17.211+0000] {logging_mixin.py:154} INFO - ❌ NHTSA Ratings Cleaning Failed: [JAVA_GATEWAY_EXITED] Java gateway process exited before sending its port number.
[2025-12-06T23:21:17.215+0000] {logging_mixin.py:154} WARNING - Traceback (most recent call last):
[2025-12-06T23:21:17.216+0000] {logging_mixin.py:154} WARNING -   File "/opt/***/dags/autoinsight_cleaning_pipeline.py", line 165, in clean_nhtsa_ratings
    result = ratings_clean_main()
             ^^^^^^^^^^^^^^^^^^^^
[2025-12-06T23:21:17.217+0000] {logging_mixin.py:154} WARNING -   File "/opt/***/src/clean_nhtsa_ratings.py", line 447, in main
    spark = builder.getOrCreate()
            ^^^^^^^^^^^^^^^^^^^^^
[2025-12-06T23:21:17.217+0000] {logging_mixin.py:154} WARNING -   File "/home/***/.local/lib/python3.11/site-packages/pyspark/sql/session.py", line 497, in getOrCreate
    sc = SparkContext.getOrCreate(sparkConf)
         ^^^^^^^^^^^^^^^^^^^^^^^^^^^^^^^^^^^
[2025-12-06T23:21:17.217+0000] {logging_mixin.py:154} WARNING -   File "/home/***/.local/lib/python3.11/site-packages/pyspark/context.py", line 515, in getOrCreate
    SparkContext(conf=conf or SparkConf())
[2025-12-06T23:21:17.218+0000] {logging_mixin.py:154} WARNING -   File "/home/***/.local/lib/python3.11/site-packages/pyspark/context.py", line 201, in __init__
    SparkContext._ensure_initialized(self, gateway=gateway, conf=conf)
[2025-12-06T23:21:17.218+0000] {logging_mixin.py:154} WARNING -   File "/home/***/.local/lib/python3.11/site-packages/pyspark/context.py", line 436, in _ensure_initialized
    SparkContext._gateway = gateway or launch_gateway(conf)
                                       ^^^^^^^^^^^^^^^^^^^^
[2025-12-06T23:21:17.219+0000] {logging_mixin.py:154} WARNING -   File "/home/***/.local/lib/python3.11/site-packages/pyspark/java_gateway.py", line 107, in launch_gateway
    raise PySparkRuntimeError(
[2025-12-06T23:21:17.219+0000] {logging_mixin.py:154} WARNING - pyspark.errors.exceptions.base.PySparkRuntimeError: [JAVA_GATEWAY_EXITED] Java gateway process exited before sending its port number.
[2025-12-06T23:21:17.220+0000] {taskinstance.py:1937} ERROR - Task failed with exception
Traceback (most recent call last):
  File "/home/airflow/.local/lib/python3.11/site-packages/airflow/operators/python.py", line 192, in execute
    return_value = self.execute_callable()
                   ^^^^^^^^^^^^^^^^^^^^^^^
  File "/home/airflow/.local/lib/python3.11/site-packages/airflow/operators/python.py", line 209, in execute_callable
    return self.python_callable(*self.op_args, **self.op_kwargs)
           ^^^^^^^^^^^^^^^^^^^^^^^^^^^^^^^^^^^^^^^^^^^^^^^^^^^^^
  File "/opt/airflow/dags/autoinsight_cleaning_pipeline.py", line 165, in clean_nhtsa_ratings
    result = ratings_clean_main()
             ^^^^^^^^^^^^^^^^^^^^
  File "/opt/airflow/src/clean_nhtsa_ratings.py", line 447, in main
    spark = builder.getOrCreate()
            ^^^^^^^^^^^^^^^^^^^^^
  File "/home/airflow/.local/lib/python3.11/site-packages/pyspark/sql/session.py", line 497, in getOrCreate
    sc = SparkContext.getOrCreate(sparkConf)
         ^^^^^^^^^^^^^^^^^^^^^^^^^^^^^^^^^^^
  File "/home/airflow/.local/lib/python3.11/site-packages/pyspark/context.py", line 515, in getOrCreate
    SparkContext(conf=conf or SparkConf())
  File "/home/airflow/.local/lib/python3.11/site-packages/pyspark/context.py", line 201, in __init__
    SparkContext._ensure_initialized(self, gateway=gateway, conf=conf)
  File "/home/airflow/.local/lib/python3.11/site-packages/pyspark/context.py", line 436, in _ensure_initialized
    SparkContext._gateway = gateway or launch_gateway(conf)
                                       ^^^^^^^^^^^^^^^^^^^^
  File "/home/airflow/.local/lib/python3.11/site-packages/pyspark/java_gateway.py", line 107, in launch_gateway
    raise PySparkRuntimeError(
pyspark.errors.exceptions.base.PySparkRuntimeError: [JAVA_GATEWAY_EXITED] Java gateway process exited before sending its port number.
[2025-12-06T23:21:17.233+0000] {taskinstance.py:1400} INFO - Marking task as UP_FOR_RETRY. dag_id=autoinsight_cleaning_pipeline, task_id=clean_nhtsa_ratings, execution_date=20251206T232046, start_date=20251206T232047, end_date=20251206T232117
[2025-12-06T23:21:17.251+0000] {standard_task_runner.py:104} ERROR - Failed to execute job 122 for task clean_nhtsa_ratings ([JAVA_GATEWAY_EXITED] Java gateway process exited before sending its port number.; 267)
[2025-12-06T23:21:17.289+0000] {local_task_job_runner.py:228} INFO - Task exited with return code 1
[2025-12-06T23:21:17.309+0000] {taskinstance.py:2778} INFO - 0 downstream tasks scheduled from follow-on schedule check
