[2025-12-06T23:40:24.770+0000] {taskinstance.py:1159} INFO - Dependencies all met for dep_context=non-requeueable deps ti=<TaskInstance: autoinsight_cleaning_pipeline.clean_nhtsa_ratings manual__2025-12-06T23:20:46.538164+00:00 [queued]>
[2025-12-06T23:40:24.789+0000] {taskinstance.py:1159} INFO - Dependencies all met for dep_context=requeueable deps ti=<TaskInstance: autoinsight_cleaning_pipeline.clean_nhtsa_ratings manual__2025-12-06T23:20:46.538164+00:00 [queued]>
[2025-12-06T23:40:24.790+0000] {taskinstance.py:1361} INFO - Starting attempt 3 of 5
[2025-12-06T23:40:24.818+0000] {taskinstance.py:1382} INFO - Executing <Task(PythonOperator): clean_nhtsa_ratings> on 2025-12-06 23:20:46.538164+00:00
[2025-12-06T23:40:24.826+0000] {standard_task_runner.py:57} INFO - Started process 1528 to run task
[2025-12-06T23:40:24.831+0000] {standard_task_runner.py:84} INFO - Running: ['***', 'tasks', 'run', 'autoinsight_cleaning_pipeline', 'clean_nhtsa_ratings', 'manual__2025-12-06T23:20:46.538164+00:00', '--job-id', '138', '--raw', '--subdir', 'DAGS_FOLDER/autoinsight_cleaning_pipeline.py', '--cfg-path', '/tmp/tmpb3aodeta']
[2025-12-06T23:40:24.845+0000] {standard_task_runner.py:85} INFO - Job 138: Subtask clean_nhtsa_ratings
[2025-12-06T23:40:24.950+0000] {task_command.py:416} INFO - Running <TaskInstance: autoinsight_cleaning_pipeline.clean_nhtsa_ratings manual__2025-12-06T23:20:46.538164+00:00 [running]> on host 3bdfb183f13f
[2025-12-06T23:40:25.094+0000] {taskinstance.py:1662} INFO - Exporting env vars: AIRFLOW_CTX_DAG_EMAIL='autoinsight@example.com' AIRFLOW_CTX_DAG_OWNER='autoinsight-team' AIRFLOW_CTX_DAG_ID='autoinsight_cleaning_pipeline' AIRFLOW_CTX_TASK_ID='clean_nhtsa_ratings' AIRFLOW_CTX_EXECUTION_DATE='2025-12-06T23:20:46.538164+00:00' AIRFLOW_CTX_TRY_NUMBER='3' AIRFLOW_CTX_DAG_RUN_ID='manual__2025-12-06T23:20:46.538164+00:00'
[2025-12-06T23:40:25.096+0000] {logging_mixin.py:154} INFO - ======================================================================
[2025-12-06T23:40:25.097+0000] {logging_mixin.py:154} INFO - CLEANING TASK 3C: NHTSA Safety Ratings
[2025-12-06T23:40:25.098+0000] {logging_mixin.py:154} INFO - ======================================================================
[2025-12-06T23:40:25.303+0000] {logging_mixin.py:154} INFO - 
🚀 Starting NHTSA Ratings Cleaning
[2025-12-06T23:40:25.304+0000] {logging_mixin.py:154} INFO - 🔧 Running in LOCAL mode
[2025-12-06T23:40:25.305+0000] {logging_mixin.py:154} INFO - 📦 Loading AWS S3 connectors...
[2025-12-06T23:40:43.348+0000] {logging_mixin.py:154} INFO - 📥 Input: s3a://autoinsightfinal/nhtsa/raw/ratings/*.csv
[2025-12-06T23:40:43.352+0000] {logging_mixin.py:154} INFO - 📤 Output: s3a://autoinsightfinal/nhtsa/cleaned_new/ratings/parquet/
[2025-12-06T23:40:43.354+0000] {logging_mixin.py:154} INFO - ============================================================
[2025-12-06T23:40:43.355+0000] {logging_mixin.py:154} INFO - NHTSA SAFETY RATINGS - SPARK CLEANING PIPELINE
[2025-12-06T23:40:43.356+0000] {logging_mixin.py:154} INFO - Input: 2020-2025 data (pre-filtered)
[2025-12-06T23:40:43.357+0000] {logging_mixin.py:154} INFO - Target: Top 15 manufacturers
[2025-12-06T23:40:43.359+0000] {logging_mixin.py:154} INFO - Output: Snowflake-ready with standardized columns
[2025-12-06T23:40:43.360+0000] {logging_mixin.py:154} INFO - ============================================================
[2025-12-06T23:40:43.361+0000] {logging_mixin.py:154} INFO - 
📥 Reading raw data from: s3a://autoinsightfinal/nhtsa/raw/ratings/*.csv
[2025-12-06T23:41:09.156+0000] {logging_mixin.py:154} INFO -   ✓ Loaded 2,979 records
[2025-12-06T23:41:09.157+0000] {logging_mixin.py:154} INFO -   ✓ Initial columns: 129
[2025-12-06T23:41:09.159+0000] {logging_mixin.py:154} INFO - 
🔧 Step 1: Selecting relevant columns...
[2025-12-06T23:41:09.341+0000] {logging_mixin.py:154} INFO -   ✓ Selected 38 columns
[2025-12-06T23:41:09.342+0000] {logging_mixin.py:154} INFO - 
🔧 Step 2: Standardizing manufacturer names...
[2025-12-06T23:41:09.746+0000] {logging_mixin.py:154} INFO - 
🔧 Step 3: Filtering to top 15 manufacturers...
[2025-12-06T23:41:09.768+0000] {logging_mixin.py:154} INFO -   📊 Filtering to top 15 manufacturers...
[2025-12-06T23:41:13.504+0000] {logging_mixin.py:154} INFO -   ✓ Kept 2,850 records from top 15 manufacturers
[2025-12-06T23:41:13.512+0000] {logging_mixin.py:154} INFO -   ✓ Filtered out 129 records from other manufacturers
[2025-12-06T23:41:13.517+0000] {logging_mixin.py:154} INFO - 
🔧 Step 4: Cleaning MODEL_YR...
[2025-12-06T23:41:13.674+0000] {logging_mixin.py:154} INFO - 
🔧 Step 5: Cleaning MODEL field...
[2025-12-06T23:41:13.950+0000] {logging_mixin.py:154} INFO - 
🔧 Step 6: Cleaning star rating columns...
[2025-12-06T23:41:15.841+0000] {logging_mixin.py:154} INFO - 
🔧 Step 7: Calculating average star rating...
[2025-12-06T23:41:16.161+0000] {logging_mixin.py:154} INFO - 
🔧 Step 8: Converting safety features to booleans...
[2025-12-06T23:41:16.890+0000] {logging_mixin.py:154} INFO - 
🔧 Step 9: Counting advanced safety features...
[2025-12-06T23:41:17.020+0000] {logging_mixin.py:154} INFO - 
🔧 Step 10: Cleaning weight fields...
[2025-12-06T23:41:17.277+0000] {logging_mixin.py:154} INFO - 
🔧 Step 11: Standardizing body style and vehicle class...
[2025-12-06T23:41:17.403+0000] {logging_mixin.py:154} INFO - 
🔧 Step 12: Creating safety tier categories...
[2025-12-06T23:41:17.470+0000] {logging_mixin.py:154} INFO - 
🔧 Step 13: Adding data quality flags...
[2025-12-06T23:41:17.580+0000] {logging_mixin.py:154} INFO - 
🔧 Step 14: Removing duplicates...
[2025-12-06T23:41:23.591+0000] {logging_mixin.py:154} INFO -   ✓ Removed 1,123 duplicate records
[2025-12-06T23:41:23.596+0000] {logging_mixin.py:154} INFO - 
🔧 Step 15: Standardizing column names for Snowflake...
[2025-12-06T23:41:23.770+0000] {logging_mixin.py:154} INFO - 
🔧 Step 16: Creating standardized vehicle_id...
[2025-12-06T23:41:24.056+0000] {logging_mixin.py:154} INFO - 
🔧 Step 17: Adding metadata...
[2025-12-06T23:41:24.257+0000] {logging_mixin.py:154} INFO - 
🔧 Step 18: Selecting final columns (Snowflake-ready)...
[2025-12-06T23:41:27.325+0000] {logging_mixin.py:154} INFO - 
📊 Cleaning Summary:
[2025-12-06T23:41:27.326+0000] {logging_mixin.py:154} INFO -   Initial records: 2,979
[2025-12-06T23:41:27.327+0000] {logging_mixin.py:154} INFO -   Final records: 1,727
[2025-12-06T23:41:27.328+0000] {logging_mixin.py:154} INFO -   Retention rate: 58.0%
[2025-12-06T23:41:27.332+0000] {logging_mixin.py:154} INFO -   Initial columns: 129
[2025-12-06T23:41:27.333+0000] {logging_mixin.py:154} INFO -   Final columns: 38
[2025-12-06T23:41:27.335+0000] {logging_mixin.py:154} INFO - 
  Safety Tier Distribution:
[2025-12-06T23:41:34.640+0000] {logging_mixin.py:154} INFO -     EXCELLENT: 841
[2025-12-06T23:41:34.642+0000] {logging_mixin.py:154} INFO -     NOT_RATED: 637
[2025-12-06T23:41:34.644+0000] {logging_mixin.py:154} INFO -     GOOD: 147
[2025-12-06T23:41:34.646+0000] {logging_mixin.py:154} INFO -     ACCEPTABLE: 88
[2025-12-06T23:41:34.647+0000] {logging_mixin.py:154} INFO -     POOR: 12
[2025-12-06T23:41:34.647+0000] {logging_mixin.py:154} INFO -     MARGINAL: 2
[2025-12-06T23:41:34.648+0000] {logging_mixin.py:154} INFO - 
  Top Manufacturers:
[2025-12-06T23:41:37.412+0000] {logging_mixin.py:154} INFO -     Ford: 232
[2025-12-06T23:41:37.414+0000] {logging_mixin.py:154} INFO -     Mercedes-Benz: 196
[2025-12-06T23:41:37.416+0000] {logging_mixin.py:154} INFO -     BMW: 187
[2025-12-06T23:41:37.419+0000] {logging_mixin.py:154} INFO -     Toyota: 164
[2025-12-06T23:41:37.420+0000] {logging_mixin.py:154} INFO -     Chevrolet: 150
[2025-12-06T23:41:37.420+0000] {logging_mixin.py:154} INFO -     Hyundai: 117
[2025-12-06T23:41:37.422+0000] {logging_mixin.py:154} INFO -     Nissan: 109
[2025-12-06T23:41:37.422+0000] {logging_mixin.py:154} INFO -     Kia: 101
[2025-12-06T23:41:37.423+0000] {logging_mixin.py:154} INFO -     Jeep: 90
[2025-12-06T23:41:37.430+0000] {logging_mixin.py:154} INFO -     Honda: 89
[2025-12-06T23:41:37.431+0000] {logging_mixin.py:154} INFO -     GMC: 78
[2025-12-06T23:41:37.431+0000] {logging_mixin.py:154} INFO -     Volkswagen: 66
[2025-12-06T23:41:37.432+0000] {logging_mixin.py:154} INFO -     Subaru: 63
[2025-12-06T23:41:37.432+0000] {logging_mixin.py:154} INFO -     Mazda: 47
[2025-12-06T23:41:37.433+0000] {logging_mixin.py:154} INFO -     Tesla: 38
[2025-12-06T23:41:37.433+0000] {logging_mixin.py:154} INFO - 
💾 Preparing to write cleaned data...
[2025-12-06T23:41:37.629+0000] {logging_mixin.py:154} INFO -    Safety check: Will not delete from non-cleaned path: s3a://autoinsightfinal/nhtsa/cleaned_new/ratings/parquet/
[2025-12-06T23:41:37.630+0000] {logging_mixin.py:154} INFO - 💾 Writing cleaned data to: s3a://autoinsightfinal/nhtsa/cleaned_new/ratings/parquet/
[2025-12-06T23:42:01.765+0000] {logging_mixin.py:154} INFO -    Safety check: Will not delete from non-cleaned path: s3a://autoinsightfinal/nhtsa/cleaned_new/ratings/csv/
[2025-12-06T23:42:01.766+0000] {logging_mixin.py:154} INFO - 💾 Writing CSV to: s3a://autoinsightfinal/nhtsa/cleaned_new/ratings/csv/
[2025-12-06T23:42:19.982+0000] {logging_mixin.py:154} INFO - 
✅ Ratings cleaning complete!
[2025-12-06T23:42:19.983+0000] {logging_mixin.py:154} INFO - ============================================================
[2025-12-06T23:42:19.983+0000] {logging_mixin.py:154} INFO - 
📋 Sample of cleaned data (Snowflake-ready):
[2025-12-06T23:42:21.401+0000] {logging_mixin.py:154} INFO - +----------------------------------------------------------------+----+-------------------+----+-----------+-------------------+
|rating_id                                                       |make|model              |year|safety_tier|average_star_rating|
+----------------------------------------------------------------+----+-------------------+----+-----------+-------------------+
|08dde665b589edf8e8c5de20e8ff4111425ecf9edcdfb5555e40d0c1724a7b65|BMW |2 SERIES           |2020|NOT_RATED  |NULL               |
|0fcc872bc0bca6acfdc36c9e949a94def387f0799280b1792b51cee153cbbf1b|BMW |2 SERIES           |2021|NOT_RATED  |NULL               |
|47e5166748a383bafed96d4979ffaf30c80287c8aebcbf3420448f4dee403d96|BMW |2 SERIES COUPE     |2022|NOT_RATED  |NULL               |
|a3f055a8c48b6c8d4373a7340e370249c9fb95e2216ae2b9ac5a42a402f1c0f6|BMW |2 SERIES COUPE     |2023|NOT_RATED  |NULL               |
|231a0d769fc8adb58d7f8238f4e9fdcbfd8324af47da72ee7bdd99c4f5b6e136|BMW |2 SERIES COUPE     |2024|NOT_RATED  |NULL               |
|d0b7ba42cad55b32d11ad6b40a850f8e3fa3a6a656ae702a3ab162e94bf29a09|BMW |2 SERIES GRAN      |2020|NOT_RATED  |NULL               |
|a8af939f83b7b0512dcf4962dc967f7b107845dc4064e4573880f0a806663da9|BMW |2 SERIES GRAN      |2021|NOT_RATED  |NULL               |
|09c41141cb71e66f862d619106a0a1cf1df32bfcbd0521b374c7f6a0aaa70052|BMW |2 SERIES GRAN COUPE|2022|NOT_RATED  |NULL               |
|b6b12758a11e9f9c3d7ae1d5dc63ad5f5e65392e7a4ff2fa22309ec9b7b8b739|BMW |2 SERIES GRAN COUPE|2023|NOT_RATED  |NULL               |
|5945030b67f359cc23576208e59600b94e03cc1fee48833f7747d086e4477ace|BMW |2 SERIES GRAN COUPE|2024|NOT_RATED  |NULL               |
+----------------------------------------------------------------+----+-------------------+----+-----------+-------------------+
only showing top 10 rows
[2025-12-06T23:42:21.402+0000] {logging_mixin.py:154} INFO - 
🔍 Vehicle ID verification (first 5):
[2025-12-06T23:42:22.474+0000] {logging_mixin.py:154} INFO - +----------------------------------------------------------------+-------------+-----------------------+----+
|vehicle_id                                                      |make         |model                  |year|
+----------------------------------------------------------------+-------------+-----------------------+----+
|fcc4a2b38f1f7ee5322505f82bc3d64d043d9d056e3e35a38b47d36f196f5512|GMC          |CANYON                 |2024|
|8ec24f2808e66a9feacf56b3e1603429f2212d9b76218dcd72c3de99acc9831f|Mercedes-Benz|EQS                    |2024|
|3eda365e0a8df785b19b8e317e3cf3e55a42fb77d328f863b8c6c1ba77aef667|BMW          |8 SERIES COUPE         |2023|
|55b0639b322a1724d47f8c4ee0d0ce651895364bbd4cee24ecfd39d60701d163|Ford         |F-250 TREMOR (CREW CAB)|2023|
|d359dd8f25ab97ecc4f6294a3dda397c1f7a0dc703bfbbab7ae4bbc7f5336594|Chevrolet    |TAHOE                  |2022|
+----------------------------------------------------------------+-------------+-----------------------+----+
only showing top 5 rows
[2025-12-06T23:42:23.322+0000] {logging_mixin.py:154} INFO - ✅ NHTSA Ratings Cleaning Complete
[2025-12-06T23:42:23.442+0000] {python.py:194} INFO - Done. Returned value was: True
[2025-12-06T23:42:23.617+0000] {taskinstance.py:1400} INFO - Marking task as SUCCESS. dag_id=autoinsight_cleaning_pipeline, task_id=clean_nhtsa_ratings, execution_date=20251206T232046, start_date=20251206T234024, end_date=20251206T234223
[2025-12-06T23:42:23.833+0000] {local_task_job_runner.py:228} INFO - Task exited with return code 0
[2025-12-06T23:42:23.936+0000] {taskinstance.py:2778} INFO - 0 downstream tasks scheduled from follow-on schedule check
