[2025-12-08T17:45:40.543+0000] {taskinstance.py:1159} INFO - Dependencies all met for dep_context=non-requeueable deps ti=<TaskInstance: autoinsight_data_pipeline.check_environment scheduled__2025-12-07T02:00:00+00:00 [queued]>
[2025-12-08T17:45:40.583+0000] {taskinstance.py:1159} INFO - Dependencies all met for dep_context=requeueable deps ti=<TaskInstance: autoinsight_data_pipeline.check_environment scheduled__2025-12-07T02:00:00+00:00 [queued]>
[2025-12-08T17:45:40.592+0000] {taskinstance.py:1361} INFO - Starting attempt 1 of 4
[2025-12-08T17:45:40.666+0000] {taskinstance.py:1382} INFO - Executing <Task(BashOperator): check_environment> on 2025-12-07 02:00:00+00:00
[2025-12-08T17:45:40.694+0000] {standard_task_runner.py:57} INFO - Started process 2013 to run task
[2025-12-08T17:45:40.701+0000] {standard_task_runner.py:84} INFO - Running: ['***', 'tasks', 'run', 'autoinsight_data_pipeline', 'check_environment', 'scheduled__2025-12-07T02:00:00+00:00', '--job-id', '223', '--raw', '--subdir', 'DAGS_FOLDER/autoinsight_data_pipeline.py', '--cfg-path', '/tmp/tmprg4h5m_8']
[2025-12-08T17:45:40.767+0000] {standard_task_runner.py:85} INFO - Job 223: Subtask check_environment
[2025-12-08T17:45:41.154+0000] {task_command.py:416} INFO - Running <TaskInstance: autoinsight_data_pipeline.check_environment scheduled__2025-12-07T02:00:00+00:00 [running]> on host fb35e4f278df
[2025-12-08T17:45:41.357+0000] {taskinstance.py:1662} INFO - Exporting env vars: AIRFLOW_CTX_DAG_EMAIL='autoinsight@example.com' AIRFLOW_CTX_DAG_OWNER='autoinsight-team' AIRFLOW_CTX_DAG_ID='autoinsight_data_pipeline' AIRFLOW_CTX_TASK_ID='check_environment' AIRFLOW_CTX_EXECUTION_DATE='2025-12-07T02:00:00+00:00' AIRFLOW_CTX_TRY_NUMBER='1' AIRFLOW_CTX_DAG_RUN_ID='scheduled__2025-12-07T02:00:00+00:00'
[2025-12-08T17:45:41.367+0000] {subprocess.py:63} INFO - Tmp dir root location: /tmp
[2025-12-08T17:45:41.377+0000] {subprocess.py:75} INFO - Running command: ['/bin/bash', '-c', '\n            echo "Checking environment variables..."\n            echo "S3_BUCKET_NAME: ${S3_BUCKET_NAME:-NOT SET}"\n            echo "FRED_API_KEY: ${FRED_API_KEY:+SET}"\n            echo "AWS_ACCESS_KEY_ID: ${AWS_ACCESS_KEY_ID:+SET}"\n            \n            if [ -z "$S3_BUCKET_NAME" ]; then\n                echo "ERROR: S3_BUCKET_NAME not set"\n                exit 1\n            fi\n            \n            if [ -z "$FRED_API_KEY" ]; then\n                echo "ERROR: FRED_API_KEY not set"\n                exit 1\n            fi\n            \n            echo "✅ Environment check passed"\n        ']
[2025-12-08T17:45:41.403+0000] {subprocess.py:86} INFO - Output:
[2025-12-08T17:45:41.412+0000] {subprocess.py:93} INFO - Checking environment variables...
[2025-12-08T17:45:41.426+0000] {subprocess.py:93} INFO - S3_BUCKET_NAME: autoinsightfinal
[2025-12-08T17:45:41.434+0000] {subprocess.py:93} INFO - FRED_API_KEY: SET
[2025-12-08T17:45:41.445+0000] {subprocess.py:93} INFO - AWS_ACCESS_KEY_ID: SET
[2025-12-08T17:45:41.455+0000] {subprocess.py:93} INFO - ✅ Environment check passed
[2025-12-08T17:45:41.463+0000] {subprocess.py:97} INFO - Command exited with return code 0
[2025-12-08T17:45:41.523+0000] {taskinstance.py:1400} INFO - Marking task as SUCCESS. dag_id=autoinsight_data_pipeline, task_id=check_environment, execution_date=20251207T020000, start_date=20251208T174540, end_date=20251208T174541
[2025-12-08T17:45:41.600+0000] {local_task_job_runner.py:228} INFO - Task exited with return code 0
[2025-12-08T17:45:41.653+0000] {taskinstance.py:2778} INFO - 1 downstream tasks scheduled from follow-on schedule check
