[2025-12-10T09:05:44.541+0000] {taskinstance.py:1159} INFO - Dependencies all met for dep_context=non-requeueable deps ti=<TaskInstance: autoinsight_cleaning_pipeline_v2.load_epa_to_snowflake manual__2025-12-10T08:31:58.521713+00:00 [queued]>
[2025-12-10T09:05:44.565+0000] {taskinstance.py:1159} INFO - Dependencies all met for dep_context=requeueable deps ti=<TaskInstance: autoinsight_cleaning_pipeline_v2.load_epa_to_snowflake manual__2025-12-10T08:31:58.521713+00:00 [queued]>
[2025-12-10T09:05:44.569+0000] {taskinstance.py:1361} INFO - Starting attempt 1 of 3
[2025-12-10T09:05:44.608+0000] {taskinstance.py:1382} INFO - Executing <Task(PythonOperator): load_epa_to_snowflake> on 2025-12-10 08:31:58.521713+00:00
[2025-12-10T09:05:44.625+0000] {standard_task_runner.py:57} INFO - Started process 11492 to run task
[2025-12-10T09:05:44.632+0000] {standard_task_runner.py:84} INFO - Running: ['***', 'tasks', 'run', 'autoinsight_cleaning_pipeline_v2', 'load_epa_to_snowflake', 'manual__2025-12-10T08:31:58.521713+00:00', '--job-id', '145', '--raw', '--subdir', 'DAGS_FOLDER/autoinsight_cleaning_pipeline.py', '--cfg-path', '/tmp/tmpl6qtnea1']
[2025-12-10T09:05:44.641+0000] {standard_task_runner.py:85} INFO - Job 145: Subtask load_epa_to_snowflake
[2025-12-10T09:05:44.798+0000] {task_command.py:416} INFO - Running <TaskInstance: autoinsight_cleaning_pipeline_v2.load_epa_to_snowflake manual__2025-12-10T08:31:58.521713+00:00 [running]> on host 846744d01d56
[2025-12-10T09:05:45.029+0000] {taskinstance.py:1662} INFO - Exporting env vars: AIRFLOW_CTX_DAG_EMAIL='autoinsight@example.com' AIRFLOW_CTX_DAG_OWNER='autoinsight-team' AIRFLOW_CTX_DAG_ID='autoinsight_cleaning_pipeline_v2' AIRFLOW_CTX_TASK_ID='load_epa_to_snowflake' AIRFLOW_CTX_EXECUTION_DATE='2025-12-10T08:31:58.521713+00:00' AIRFLOW_CTX_TRY_NUMBER='1' AIRFLOW_CTX_DAG_RUN_ID='manual__2025-12-10T08:31:58.521713+00:00'
[2025-12-10T09:05:45.224+0000] {logging_mixin.py:154} INFO - ======================================================================
[2025-12-10T09:05:45.226+0000] {logging_mixin.py:154} INFO - SNOWFLAKE LOAD: EPA
[2025-12-10T09:05:45.227+0000] {logging_mixin.py:154} INFO - S3 Path: s3://autoinsightfinal/epa/cleaned_new/fuel_economy/csv/
[2025-12-10T09:05:45.228+0000] {logging_mixin.py:154} INFO - Target: AUTOMOTIVE_AI.EPA.FACT_FUEL_ECONOMY
[2025-12-10T09:05:45.229+0000] {logging_mixin.py:154} INFO - ======================================================================
[2025-12-10T09:05:45.273+0000] {credentials.py:1147} INFO - Found credentials in environment variables.
[2025-12-10T09:05:46.743+0000] {logging_mixin.py:154} INFO - Reading: s3://autoinsightfinal/epa/cleaned_new/fuel_economy/csv/part-00000-dc2e229f-1543-4bb5-80ea-10fa9e3b2b47-c000.csv
[2025-12-10T09:05:47.356+0000] {logging_mixin.py:154} INFO - Loaded 4,609 records from S3
[2025-12-10T09:05:47.357+0000] {logging_mixin.py:154} INFO - Columns: ['fuel_economy_id', 'epa_id', 'vehicle_id', 'make', 'model', 'year', 'vehicle_class', 'fuel_type', 'primary_fuel_type', 'secondary_fuel_type', 'fuel_category', 'mpg_city', 'mpg_highway', 'mpg_combined', 'mpge_combined', 'electric_range', 'efficiency_score', 'cylinders', 'drive_train', 'transmission', 'greenhouse_gas_score', 'co2_tailpipe', 'is_electric', 'is_hybrid', 'is_flex_fuel', 'processed_at', 'data_source', 'processing_version']
[2025-12-10T09:05:47.360+0000] {connection.py:386} INFO - Snowflake Connector for Python Version: 3.7.0, Python Version: 3.11.6, Platform: Linux-6.6.87.2-microsoft-standard-WSL2-x86_64-with-glibc2.31
[2025-12-10T09:05:47.365+0000] {connection.py:1211} INFO - This connection is in OCSP Fail Open Mode. TLS Certificates would be checked for validity and revocation status. Any other Certificate Revocation related exceptions or OCSP Responder failures would be disregarded in favor of connectivity.
[2025-12-10T09:05:49.030+0000] {cursor.py:1032} INFO - query: [USE SCHEMA EPA]
[2025-12-10T09:05:49.106+0000] {cursor.py:1045} INFO - query execution done
[2025-12-10T09:05:49.108+0000] {cursor.py:1205} INFO - Number of results in first chunk: 1
[2025-12-10T09:05:49.120+0000] {cursor.py:1032} INFO - query: [CREATE TEMP STAGE /* Python:snowflake.connector.pandas_tools.write_pandas() */ z...]
[2025-12-10T09:05:49.256+0000] {cursor.py:1045} INFO - query execution done
[2025-12-10T09:05:49.258+0000] {cursor.py:1205} INFO - Number of results in first chunk: 1
[2025-12-10T09:05:49.463+0000] {cursor.py:1032} INFO - query: [PUT /* Python:snowflake.connector.pandas_tools.write_pandas() */ 'file:///tmp/tm...]
[2025-12-10T09:05:49.699+0000] {cursor.py:1045} INFO - query execution done
[2025-12-10T09:05:53.154+0000] {cursor.py:1032} INFO - query: [CREATE TEMP FILE FORMAT rxfrzusjnu /* Python:snowflake.connector.pandas_tools.wr...]
[2025-12-10T09:05:53.917+0000] {cursor.py:1045} INFO - query execution done
[2025-12-10T09:05:53.918+0000] {cursor.py:1205} INFO - Number of results in first chunk: 1
[2025-12-10T09:05:53.922+0000] {cursor.py:1032} INFO - query: [SELECT COLUMN_NAME, TYPE FROM table(infer_schema(location=>'@zxfdiksbzc', file_f...]
[2025-12-10T09:05:54.728+0000] {cursor.py:1045} INFO - query execution done
[2025-12-10T09:05:54.734+0000] {cursor.py:1205} INFO - Number of results in first chunk: 28
[2025-12-10T09:05:54.737+0000] {cursor.py:1032} INFO - query: [CREATE  TABLE IF NOT EXISTS pvjraligbt (fuel_economy_id TEXT, epa_id NUMBER(38, ...]
[2025-12-10T09:05:55.412+0000] {cursor.py:1045} INFO - query execution done
[2025-12-10T09:05:55.415+0000] {cursor.py:1205} INFO - Number of results in first chunk: 1
[2025-12-10T09:05:55.417+0000] {cursor.py:1032} INFO - query: [COPY INTO pvjraligbt /* Python:snowflake.connector.pandas_tools.write_pandas() *...]
[2025-12-10T09:05:57.063+0000] {cursor.py:1045} INFO - query execution done
[2025-12-10T09:05:57.066+0000] {cursor.py:1205} INFO - Number of results in first chunk: 1
[2025-12-10T09:05:57.067+0000] {cursor.py:1032} INFO - query: [DROP TABLE IF EXISTS FACT_FUEL_ECONOMY /* Python:snowflake.connector.pandas_tool...]
[2025-12-10T09:05:57.470+0000] {cursor.py:1045} INFO - query execution done
[2025-12-10T09:05:57.472+0000] {cursor.py:1205} INFO - Number of results in first chunk: 1
[2025-12-10T09:05:57.473+0000] {cursor.py:1032} INFO - query: [ALTER TABLE pvjraligbt RENAME TO FACT_FUEL_ECONOMY /* Python:snowflake.connector...]
[2025-12-10T09:05:57.805+0000] {cursor.py:1045} INFO - query execution done
[2025-12-10T09:05:57.806+0000] {cursor.py:1205} INFO - Number of results in first chunk: 1
[2025-12-10T09:05:57.808+0000] {logging_mixin.py:154} INFO - ✅ Loaded 4,609 rows into AUTOMOTIVE_AI.EPA.FACT_FUEL_ECONOMY
[2025-12-10T09:05:57.809+0000] {cursor.py:1032} INFO - query: [SELECT COUNT(*) FROM FACT_FUEL_ECONOMY]
[2025-12-10T09:05:58.326+0000] {cursor.py:1045} INFO - query execution done
[2025-12-10T09:05:58.327+0000] {cursor.py:1205} INFO - Number of results in first chunk: 1
[2025-12-10T09:05:58.328+0000] {logging_mixin.py:154} INFO - Verification: 4,609 rows in table
[2025-12-10T09:05:58.330+0000] {connection.py:734} INFO - closed
[2025-12-10T09:05:58.617+0000] {connection.py:740} INFO - No async queries seem to be running, deleting session
[2025-12-10T09:05:58.979+0000] {python.py:194} INFO - Done. Returned value was: True
[2025-12-10T09:05:59.023+0000] {taskinstance.py:1400} INFO - Marking task as SUCCESS. dag_id=autoinsight_cleaning_pipeline_v2, task_id=load_epa_to_snowflake, execution_date=20251210T083158, start_date=20251210T090544, end_date=20251210T090559
[2025-12-10T09:05:59.107+0000] {local_task_job_runner.py:228} INFO - Task exited with return code 0
[2025-12-10T09:05:59.181+0000] {taskinstance.py:2778} INFO - 0 downstream tasks scheduled from follow-on schedule check
