[2025-12-10T08:48:22.660+0000] {taskinstance.py:1159} INFO - Dependencies all met for dep_context=non-requeueable deps ti=<TaskInstance: autoinsight_daily_scraper.load_articles_to_snowflake manual__2025-12-10T08:48:14.122781+00:00 [queued]>
[2025-12-10T08:48:22.688+0000] {taskinstance.py:1159} INFO - Dependencies all met for dep_context=requeueable deps ti=<TaskInstance: autoinsight_daily_scraper.load_articles_to_snowflake manual__2025-12-10T08:48:14.122781+00:00 [queued]>
[2025-12-10T08:48:22.690+0000] {taskinstance.py:1361} INFO - Starting attempt 1 of 2
[2025-12-10T08:48:22.724+0000] {taskinstance.py:1382} INFO - Executing <Task(PythonOperator): load_articles_to_snowflake> on 2025-12-10 08:48:14.122781+00:00
[2025-12-10T08:48:22.740+0000] {standard_task_runner.py:57} INFO - Started process 782 to run task
[2025-12-10T08:48:22.744+0000] {standard_task_runner.py:84} INFO - Running: ['***', 'tasks', 'run', 'autoinsight_daily_scraper', 'load_articles_to_snowflake', 'manual__2025-12-10T08:48:14.122781+00:00', '--job-id', '120', '--raw', '--subdir', 'DAGS_FOLDER/news_scrapper.py', '--cfg-path', '/tmp/tmp0eu3z4gj']
[2025-12-10T08:48:22.755+0000] {standard_task_runner.py:85} INFO - Job 120: Subtask load_articles_to_snowflake
[2025-12-10T08:48:22.895+0000] {task_command.py:416} INFO - Running <TaskInstance: autoinsight_daily_scraper.load_articles_to_snowflake manual__2025-12-10T08:48:14.122781+00:00 [running]> on host 846744d01d56
[2025-12-10T08:48:23.062+0000] {taskinstance.py:1662} INFO - Exporting env vars: AIRFLOW_CTX_DAG_OWNER='autoinsight' AIRFLOW_CTX_DAG_ID='autoinsight_daily_scraper' AIRFLOW_CTX_TASK_ID='load_articles_to_snowflake' AIRFLOW_CTX_EXECUTION_DATE='2025-12-10T08:48:14.122781+00:00' AIRFLOW_CTX_TRY_NUMBER='1' AIRFLOW_CTX_DAG_RUN_ID='manual__2025-12-10T08:48:14.122781+00:00'
[2025-12-10T08:48:23.065+0000] {news_scrapper.py:171} INFO - ============================================================
[2025-12-10T08:48:23.068+0000] {news_scrapper.py:172} INFO - TASK: Loading Articles from S3 to Snowflake
[2025-12-10T08:48:23.126+0000] {credentials.py:1147} INFO - Found credentials in environment variables.
[2025-12-10T08:48:23.281+0000] {news_scrapper.py:76} INFO - Downloading from s3://autoinsightfinal/news/raw/articles_20251210_084819.json
[2025-12-10T08:48:25.741+0000] {news_scrapper.py:80} INFO - ✅ Successfully downloaded 100 items from S3
[2025-12-10T08:48:25.746+0000] {snowflake_loader.py:43} INFO - Connecting to Snowflake...
[2025-12-10T08:48:25.749+0000] {connection.py:386} INFO - Snowflake Connector for Python Version: 3.7.0, Python Version: 3.11.6, Platform: Linux-6.6.87.2-microsoft-standard-WSL2-x86_64-with-glibc2.31
[2025-12-10T08:48:25.752+0000] {connection.py:1211} INFO - This connection is in OCSP Fail Open Mode. TLS Certificates would be checked for validity and revocation status. Any other Certificate Revocation related exceptions or OCSP Responder failures would be disregarded in favor of connectivity.
[2025-12-10T08:48:29.315+0000] {snowflake_loader.py:45} INFO - ✓ Connected to AUTOMOTIVE_AI.PUBLIC
[2025-12-10T08:48:29.317+0000] {cursor.py:1032} INFO - query: [MERGE INTO NEWS_ARTICLES AS target USING ( SELECT '2027 Kia Seltos grows in size...]
[2025-12-10T08:48:31.268+0000] {cursor.py:1045} INFO - query execution done
[2025-12-10T08:48:31.269+0000] {cursor.py:1032} INFO - query: [MERGE INTO NEWS_ARTICLES AS target USING ( SELECT 'How Xpeng went from mirroring...]
[2025-12-10T08:48:32.274+0000] {cursor.py:1045} INFO - query execution done
[2025-12-10T08:48:32.275+0000] {cursor.py:1032} INFO - query: [MERGE INTO NEWS_ARTICLES AS target USING ( SELECT 'EU tariffs on Chinese EVs to ...]
[2025-12-10T08:48:34.139+0000] {cursor.py:1045} INFO - query execution done
[2025-12-10T08:48:34.144+0000] {cursor.py:1032} INFO - query: [MERGE INTO NEWS_ARTICLES AS target USING ( SELECT 'Automotive News Video: Dealer...]
[2025-12-10T08:48:35.417+0000] {cursor.py:1045} INFO - query execution done
[2025-12-10T08:48:35.419+0000] {cursor.py:1032} INFO - query: [MERGE INTO NEWS_ARTICLES AS target USING ( SELECT 'Automakers should have starte...]
[2025-12-10T08:48:36.595+0000] {cursor.py:1045} INFO - query execution done
[2025-12-10T08:48:36.596+0000] {cursor.py:1032} INFO - query: [MERGE INTO NEWS_ARTICLES AS target USING ( SELECT 'First Brands hires former GM,...]
[2025-12-10T08:48:37.288+0000] {cursor.py:1045} INFO - query execution done
[2025-12-10T08:48:37.290+0000] {cursor.py:1032} INFO - query: [MERGE INTO NEWS_ARTICLES AS target USING ( SELECT 'Ride-hailing companies such a...]
[2025-12-10T08:48:38.187+0000] {cursor.py:1045} INFO - query execution done
[2025-12-10T08:48:38.189+0000] {cursor.py:1032} INFO - query: [MERGE INTO NEWS_ARTICLES AS target USING ( SELECT 'Daily 5 report for Dec. 9: Al...]
[2025-12-10T08:48:38.980+0000] {cursor.py:1045} INFO - query execution done
[2025-12-10T08:48:38.982+0000] {cursor.py:1032} INFO - query: [MERGE INTO NEWS_ARTICLES AS target USING ( SELECT 'VinFast dealerships close as ...]
[2025-12-10T08:48:39.599+0000] {cursor.py:1045} INFO - query execution done
[2025-12-10T08:48:39.600+0000] {cursor.py:1032} INFO - query: [MERGE INTO NEWS_ARTICLES AS target USING ( SELECT 'Volvo CEO Hakan Samuelsson in...]
[2025-12-10T08:48:40.723+0000] {cursor.py:1045} INFO - query execution done
[2025-12-10T08:48:40.724+0000] {cursor.py:1032} INFO - query: [MERGE INTO NEWS_ARTICLES AS target USING ( SELECT 'First Shift: EU leaders push ...]
[2025-12-10T08:48:41.474+0000] {cursor.py:1045} INFO - query execution done
[2025-12-10T08:48:41.477+0000] {cursor.py:1032} INFO - query: [MERGE INTO NEWS_ARTICLES AS target USING ( SELECT 'Interest rates, trade-in valu...]
[2025-12-10T08:48:42.208+0000] {cursor.py:1045} INFO - query execution done
[2025-12-10T08:48:42.209+0000] {cursor.py:1032} INFO - query: [MERGE INTO NEWS_ARTICLES AS target USING ( SELECT 'Mercedes, China’s Momenta par...]
[2025-12-10T08:48:43.076+0000] {cursor.py:1045} INFO - query execution done
[2025-12-10T08:48:43.077+0000] {cursor.py:1032} INFO - query: [MERGE INTO NEWS_ARTICLES AS target USING ( SELECT 'New ASE Connects to grow tech...]
[2025-12-10T08:48:43.901+0000] {cursor.py:1045} INFO - query execution done
[2025-12-10T08:48:43.902+0000] {cursor.py:1032} INFO - query: [MERGE INTO NEWS_ARTICLES AS target USING ( SELECT 'F&I tips: Capital One’s Annie...]
[2025-12-10T08:48:44.658+0000] {cursor.py:1045} INFO - query execution done
[2025-12-10T08:48:44.660+0000] {cursor.py:1032} INFO - query: [MERGE INTO NEWS_ARTICLES AS target USING ( SELECT 'Beijing presses Berlin and Ge...]
[2025-12-10T08:48:45.674+0000] {cursor.py:1045} INFO - query execution done
[2025-12-10T08:48:45.675+0000] {cursor.py:1032} INFO - query: [MERGE INTO NEWS_ARTICLES AS target USING ( SELECT '2026 Nissan Rogue plug-in hyb...]
[2025-12-10T08:48:46.970+0000] {cursor.py:1045} INFO - query execution done
[2025-12-10T08:48:46.972+0000] {cursor.py:1032} INFO - query: [MERGE INTO NEWS_ARTICLES AS target USING ( SELECT 'Strategic solutions drive sus...]
[2025-12-10T08:48:48.171+0000] {cursor.py:1045} INFO - query execution done
[2025-12-10T08:48:48.173+0000] {cursor.py:1032} INFO - query: [MERGE INTO NEWS_ARTICLES AS target USING ( SELECT 'GM preps payouts for CAMI wor...]
[2025-12-10T08:48:49.046+0000] {cursor.py:1045} INFO - query execution done
[2025-12-10T08:48:49.048+0000] {cursor.py:1032} INFO - query: [MERGE INTO NEWS_ARTICLES AS target USING ( SELECT 'StoneEagle says dealership fr...]
[2025-12-10T08:48:49.766+0000] {cursor.py:1045} INFO - query execution done
[2025-12-10T08:48:49.768+0000] {cursor.py:1032} INFO - query: [MERGE INTO NEWS_ARTICLES AS target USING ( SELECT 'Automakers roll out mixed bag...]
[2025-12-10T08:48:50.600+0000] {cursor.py:1045} INFO - query execution done
[2025-12-10T08:48:50.602+0000] {cursor.py:1032} INFO - query: [MERGE INTO NEWS_ARTICLES AS target USING ( SELECT 'Renault backs local parts pus...]
[2025-12-10T08:48:51.230+0000] {cursor.py:1045} INFO - query execution done
[2025-12-10T08:48:51.232+0000] {cursor.py:1032} INFO - query: [MERGE INTO NEWS_ARTICLES AS target USING ( SELECT 'Tariff-proofing the Rogue: Ni...]
[2025-12-10T08:48:52.015+0000] {cursor.py:1045} INFO - query execution done
[2025-12-10T08:48:52.017+0000] {cursor.py:1032} INFO - query: [MERGE INTO NEWS_ARTICLES AS target USING ( SELECT 'Redwood Materials pivots from...]
[2025-12-10T08:48:52.948+0000] {cursor.py:1045} INFO - query execution done
[2025-12-10T08:48:52.949+0000] {cursor.py:1032} INFO - query: [MERGE INTO NEWS_ARTICLES AS target USING ( SELECT 'GM retiree can quit grocery-s...]
[2025-12-10T08:48:53.644+0000] {cursor.py:1045} INFO - query execution done
[2025-12-10T08:48:53.653+0000] {cursor.py:1032} INFO - query: [MERGE INTO NEWS_ARTICLES AS target USING ( SELECT 'BMW names production chief Mi...]
[2025-12-10T08:48:54.345+0000] {cursor.py:1045} INFO - query execution done
[2025-12-10T08:48:54.346+0000] {cursor.py:1032} INFO - query: [MERGE INTO NEWS_ARTICLES AS target USING ( SELECT 'Volvo offers software to riva...]
[2025-12-10T08:48:54.979+0000] {cursor.py:1045} INFO - query execution done
[2025-12-10T08:48:54.980+0000] {cursor.py:1032} INFO - query: [MERGE INTO NEWS_ARTICLES AS target USING ( SELECT 'Stellantis partners with Bolt...]
[2025-12-10T08:48:55.695+0000] {cursor.py:1045} INFO - query execution done
[2025-12-10T08:48:55.696+0000] {cursor.py:1032} INFO - query: [MERGE INTO NEWS_ARTICLES AS target USING ( SELECT 'Billionaire Porsche clan’s th...]
[2025-12-10T08:48:56.550+0000] {cursor.py:1045} INFO - query execution done
[2025-12-10T08:48:56.551+0000] {cursor.py:1032} INFO - query: [MERGE INTO NEWS_ARTICLES AS target USING ( SELECT 'Ford will launch Renault-base...]
[2025-12-10T08:48:57.653+0000] {cursor.py:1045} INFO - query execution done
[2025-12-10T08:48:57.655+0000] {cursor.py:1032} INFO - query: [MERGE INTO NEWS_ARTICLES AS target USING ( SELECT 'Suppliers to the new Skoda Ko...]
[2025-12-10T08:48:58.677+0000] {cursor.py:1045} INFO - query execution done
[2025-12-10T08:48:58.678+0000] {cursor.py:1032} INFO - query: [MERGE INTO NEWS_ARTICLES AS target USING ( SELECT 'Asbury CEO David Hult to step...]
[2025-12-10T08:48:59.577+0000] {cursor.py:1045} INFO - query execution done
[2025-12-10T08:48:59.578+0000] {cursor.py:1032} INFO - query: [MERGE INTO NEWS_ARTICLES AS target USING ( SELECT 'BMW, Toyota oppose EU’s propo...]
[2025-12-10T08:49:00.488+0000] {cursor.py:1045} INFO - query execution done
[2025-12-10T08:49:00.489+0000] {cursor.py:1032} INFO - query: [MERGE INTO NEWS_ARTICLES AS target USING ( SELECT 'Rivian CEO RJ Scaringe interv...]
[2025-12-10T08:49:01.367+0000] {cursor.py:1045} INFO - query execution done
[2025-12-10T08:49:01.368+0000] {cursor.py:1032} INFO - query: [MERGE INTO NEWS_ARTICLES AS target USING ( SELECT 'Daily 5 report for Dec. 8: Th...]
[2025-12-10T08:49:02.462+0000] {cursor.py:1045} INFO - query execution done
[2025-12-10T08:49:02.464+0000] {cursor.py:1032} INFO - query: [MERGE INTO NEWS_ARTICLES AS target USING ( SELECT 'How smarter aftersales strate...]
[2025-12-10T08:49:03.377+0000] {cursor.py:1045} INFO - query execution done
[2025-12-10T08:49:03.379+0000] {cursor.py:1032} INFO - query: [MERGE INTO NEWS_ARTICLES AS target USING ( SELECT 'Aftersales in the EV Future: ...]
[2025-12-10T08:49:04.438+0000] {cursor.py:1045} INFO - query execution done
[2025-12-10T08:49:04.440+0000] {cursor.py:1032} INFO - query: [MERGE INTO NEWS_ARTICLES AS target USING ( SELECT 'Editorial: Stellantis hiring ...]
[2025-12-10T08:49:05.611+0000] {cursor.py:1045} INFO - query execution done
[2025-12-10T08:49:05.613+0000] {cursor.py:1032} INFO - query: [MERGE INTO NEWS_ARTICLES AS target USING ( SELECT 'First Shift: GM envisions car...]
[2025-12-10T08:49:06.791+0000] {cursor.py:1045} INFO - query execution done
[2025-12-10T08:49:06.792+0000] {cursor.py:1032} INFO - query: [MERGE INTO NEWS_ARTICLES AS target USING ( SELECT 'Auto Supply Chain Performance...]
[2025-12-10T08:49:07.632+0000] {cursor.py:1045} INFO - query execution done
[2025-12-10T08:49:07.633+0000] {cursor.py:1032} INFO - query: [MERGE INTO NEWS_ARTICLES AS target USING ( SELECT 'Aisin spending $11M on Ontari...]
[2025-12-10T08:49:08.610+0000] {cursor.py:1045} INFO - query execution done
[2025-12-10T08:49:08.611+0000] {cursor.py:1032} INFO - query: [MERGE INTO NEWS_ARTICLES AS target USING ( SELECT '5 Revenue Secrets Every Deale...]
[2025-12-10T08:49:09.372+0000] {cursor.py:1045} INFO - query execution done
[2025-12-10T08:49:09.373+0000] {cursor.py:1032} INFO - query: [MERGE INTO NEWS_ARTICLES AS target USING ( SELECT 'Mercedes GLB: Electric debut ...]
[2025-12-10T08:49:10.146+0000] {cursor.py:1045} INFO - query execution done
[2025-12-10T08:49:10.148+0000] {cursor.py:1032} INFO - query: [MERGE INTO NEWS_ARTICLES AS target USING ( SELECT 'Automakers fall short of end-...]
[2025-12-10T08:49:10.753+0000] {cursor.py:1045} INFO - query execution done
[2025-12-10T08:49:10.754+0000] {cursor.py:1032} INFO - query: [MERGE INTO NEWS_ARTICLES AS target USING ( SELECT 'Automotive News Video: Volvo ...]
[2025-12-10T08:49:11.403+0000] {cursor.py:1045} INFO - query execution done
[2025-12-10T08:49:11.404+0000] {cursor.py:1032} INFO - query: [MERGE INTO NEWS_ARTICLES AS target USING ( SELECT 'Best practices for leveraging...]
[2025-12-10T08:49:12.230+0000] {cursor.py:1045} INFO - query execution done
[2025-12-10T08:49:12.233+0000] {cursor.py:1032} INFO - query: [MERGE INTO NEWS_ARTICLES AS target USING ( SELECT 'LexisNexis Risk Solutions VP ...]
[2025-12-10T08:49:13.213+0000] {cursor.py:1045} INFO - query execution done
[2025-12-10T08:49:13.214+0000] {cursor.py:1032} INFO - query: [MERGE INTO NEWS_ARTICLES AS target USING ( SELECT 'Lexis Nexis VP on the changin...]
[2025-12-10T08:49:14.430+0000] {cursor.py:1045} INFO - query execution done
[2025-12-10T08:49:14.432+0000] {cursor.py:1032} INFO - query: [MERGE INTO NEWS_ARTICLES AS target USING ( SELECT 'Read the Automotive News digi...]
[2025-12-10T08:49:15.693+0000] {cursor.py:1045} INFO - query execution done
[2025-12-10T08:49:15.694+0000] {cursor.py:1032} INFO - query: [MERGE INTO NEWS_ARTICLES AS target USING ( SELECT 'Former Volkswagen exec launch...]
[2025-12-10T08:49:16.552+0000] {cursor.py:1045} INFO - query execution done
[2025-12-10T08:49:16.553+0000] {cursor.py:1032} INFO - query: [MERGE INTO NEWS_ARTICLES AS target USING ( SELECT 'Mercedes hires former VW stra...]
[2025-12-10T08:49:17.548+0000] {cursor.py:1045} INFO - query execution done
[2025-12-10T08:49:17.550+0000] {cursor.py:1032} INFO - query: [MERGE INTO NEWS_ARTICLES AS target USING ( SELECT 'What Stellantis CEO Antonio F...]
[2025-12-10T08:49:19.119+0000] {cursor.py:1045} INFO - query execution done
[2025-12-10T08:49:19.120+0000] {cursor.py:1032} INFO - query: [MERGE INTO NEWS_ARTICLES AS target USING ( SELECT 'Volvo CEO predicts 2026 sales...]
[2025-12-10T08:49:20.159+0000] {cursor.py:1045} INFO - query execution done
[2025-12-10T08:49:20.160+0000] {cursor.py:1032} INFO - query: [MERGE INTO NEWS_ARTICLES AS target USING ( SELECT 'Canadian dealers spent millio...]
[2025-12-10T08:49:20.812+0000] {cursor.py:1045} INFO - query execution done
[2025-12-10T08:49:20.814+0000] {cursor.py:1032} INFO - query: [MERGE INTO NEWS_ARTICLES AS target USING ( SELECT 'BMW iX3 Neue Klasse: What the...]
[2025-12-10T08:49:21.409+0000] {cursor.py:1045} INFO - query execution done
[2025-12-10T08:49:21.411+0000] {cursor.py:1032} INFO - query: [MERGE INTO NEWS_ARTICLES AS target USING ( SELECT 'EU confirms auto package that...]
[2025-12-10T08:49:22.160+0000] {cursor.py:1045} INFO - query execution done
[2025-12-10T08:49:22.162+0000] {cursor.py:1032} INFO - query: [MERGE INTO NEWS_ARTICLES AS target USING ( SELECT 'As AI fuels new cyber threats...]
[2025-12-10T08:49:23.497+0000] {cursor.py:1045} INFO - query execution done
[2025-12-10T08:49:23.499+0000] {cursor.py:1032} INFO - query: [MERGE INTO NEWS_ARTICLES AS target USING ( SELECT 'Six EU countries call for aba...]
[2025-12-10T08:49:24.570+0000] {cursor.py:1045} INFO - query execution done
[2025-12-10T08:49:24.571+0000] {cursor.py:1032} INFO - query: [MERGE INTO NEWS_ARTICLES AS target USING ( SELECT 'Bonus Episode: Steps dealers ...]
[2025-12-10T08:49:25.367+0000] {cursor.py:1045} INFO - query execution done
[2025-12-10T08:49:25.371+0000] {cursor.py:1032} INFO - query: [MERGE INTO NEWS_ARTICLES AS target USING ( SELECT 'RJ Scaringe: How Rivian is na...]
[2025-12-10T08:49:26.686+0000] {cursor.py:1045} INFO - query execution done
[2025-12-10T08:49:26.687+0000] {cursor.py:1032} INFO - query: [MERGE INTO NEWS_ARTICLES AS target USING ( SELECT 'VW CEO Oliver Blume signals i...]
[2025-12-10T08:49:27.937+0000] {cursor.py:1045} INFO - query execution done
[2025-12-10T08:49:27.939+0000] {cursor.py:1032} INFO - query: [MERGE INTO NEWS_ARTICLES AS target USING ( SELECT 'Weekend Drive: Is Trump’s CAF...]
[2025-12-10T08:49:28.792+0000] {cursor.py:1045} INFO - query execution done
[2025-12-10T08:49:28.793+0000] {cursor.py:1032} INFO - query: [MERGE INTO NEWS_ARTICLES AS target USING ( SELECT 'Former Bollinger executive su...]
[2025-12-10T08:49:29.391+0000] {cursor.py:1045} INFO - query execution done
[2025-12-10T08:49:29.392+0000] {cursor.py:1032} INFO - query: [MERGE INTO NEWS_ARTICLES AS target USING ( SELECT 'Daily 5 report for Dec. 5: Tr...]
[2025-12-10T08:49:30.001+0000] {cursor.py:1045} INFO - query execution done
[2025-12-10T08:49:30.003+0000] {cursor.py:1032} INFO - query: [MERGE INTO NEWS_ARTICLES AS target USING ( SELECT 'Top 5 Canadian auto stories t...]
[2025-12-10T08:49:30.721+0000] {cursor.py:1045} INFO - query execution done
[2025-12-10T08:49:30.722+0000] {cursor.py:1032} INFO - query: [MERGE INTO NEWS_ARTICLES AS target USING ( SELECT 'Trump wants kei cars in U.S.;...]
[2025-12-10T08:49:31.433+0000] {cursor.py:1045} INFO - query execution done
[2025-12-10T08:49:31.437+0000] {cursor.py:1032} INFO - query: [MERGE INTO NEWS_ARTICLES AS target USING ( SELECT 'First Shift: Nissan seeks par...]
[2025-12-10T08:49:31.996+0000] {cursor.py:1045} INFO - query execution done
[2025-12-10T08:49:31.999+0000] {cursor.py:1032} INFO - query: [MERGE INTO NEWS_ARTICLES AS target USING ( SELECT 'Scout remains all in on facto...]
[2025-12-10T08:49:32.720+0000] {cursor.py:1045} INFO - query execution done
[2025-12-10T08:49:32.721+0000] {cursor.py:1032} INFO - query: [MERGE INTO NEWS_ARTICLES AS target USING ( SELECT 'North America production down...]
[2025-12-10T08:49:33.711+0000] {cursor.py:1045} INFO - query execution done
[2025-12-10T08:49:33.712+0000] {cursor.py:1032} INFO - query: [MERGE INTO NEWS_ARTICLES AS target USING ( SELECT 'GM envisions vehicles becomin...]
[2025-12-10T08:49:34.703+0000] {cursor.py:1045} INFO - query execution done
[2025-12-10T08:49:34.704+0000] {cursor.py:1032} INFO - query: [MERGE INTO NEWS_ARTICLES AS target USING ( SELECT 'Hyundai Canada appoints Ken M...]
[2025-12-10T08:49:35.759+0000] {cursor.py:1045} INFO - query execution done
[2025-12-10T08:49:35.761+0000] {cursor.py:1032} INFO - query: [MERGE INTO NEWS_ARTICLES AS target USING ( SELECT 'Carney, Trump, Sheinbaum to m...]
[2025-12-10T08:49:37.170+0000] {cursor.py:1045} INFO - query execution done
[2025-12-10T08:49:37.171+0000] {cursor.py:1032} INFO - query: [MERGE INTO NEWS_ARTICLES AS target USING ( SELECT 'High Country Chevrolet-Buick-...]
[2025-12-10T08:49:38.235+0000] {cursor.py:1045} INFO - query execution done
[2025-12-10T08:49:38.240+0000] {cursor.py:1032} INFO - query: [MERGE INTO NEWS_ARTICLES AS target USING ( SELECT 'Leo Michael cartoon: Safety v...]
[2025-12-10T08:49:39.547+0000] {cursor.py:1045} INFO - query execution done
[2025-12-10T08:49:39.549+0000] {cursor.py:1032} INFO - query: [MERGE INTO NEWS_ARTICLES AS target USING ( SELECT 'Centennial guest essay by Bil...]
[2025-12-10T08:49:40.545+0000] {cursor.py:1045} INFO - query execution done
[2025-12-10T08:49:40.548+0000] {cursor.py:1032} INFO - query: [MERGE INTO NEWS_ARTICLES AS target USING ( SELECT 'Tesla seeks Europe sales rebo...]
[2025-12-10T08:49:41.912+0000] {cursor.py:1045} INFO - query execution done
[2025-12-10T08:49:41.917+0000] {cursor.py:1032} INFO - query: [MERGE INTO NEWS_ARTICLES AS target USING ( SELECT 'Volvo, Tesla supplier Luminar...]
[2025-12-10T08:49:42.804+0000] {cursor.py:1045} INFO - query execution done
[2025-12-10T08:49:42.807+0000] {cursor.py:1032} INFO - query: [MERGE INTO NEWS_ARTICLES AS target USING ( SELECT 'Cupra’s €26,000 Raval takes a...]
[2025-12-10T08:49:43.820+0000] {cursor.py:1045} INFO - query execution done
[2025-12-10T08:49:43.821+0000] {cursor.py:1032} INFO - query: [MERGE INTO NEWS_ARTICLES AS target USING ( SELECT 'VW to convert Dresden EV fact...]
[2025-12-10T08:49:44.980+0000] {cursor.py:1045} INFO - query execution done
[2025-12-10T08:49:44.981+0000] {cursor.py:1032} INFO - query: [MERGE INTO NEWS_ARTICLES AS target USING ( SELECT 'ANC Podcast: Dec. 5, 2025 | T...]
[2025-12-10T08:49:45.635+0000] {cursor.py:1045} INFO - query execution done
[2025-12-10T08:49:45.636+0000] {cursor.py:1032} INFO - query: [MERGE INTO NEWS_ARTICLES AS target USING ( SELECT 'Toyota leaps back into superc...]
[2025-12-10T08:49:46.407+0000] {cursor.py:1045} INFO - query execution done
[2025-12-10T08:49:46.408+0000] {cursor.py:1032} INFO - query: [MERGE INTO NEWS_ARTICLES AS target USING ( SELECT 'Stellantis getting notice of ...]
[2025-12-10T08:49:47.059+0000] {cursor.py:1045} INFO - query execution done
[2025-12-10T08:49:47.061+0000] {cursor.py:1032} INFO - query: [MERGE INTO NEWS_ARTICLES AS target USING ( SELECT 'Unlock dealer success: Harnes...]
[2025-12-10T08:49:47.777+0000] {cursor.py:1045} INFO - query execution done
[2025-12-10T08:49:47.778+0000] {cursor.py:1032} INFO - query: [MERGE INTO NEWS_ARTICLES AS target USING ( SELECT 'Simple steps to achieve faste...]
[2025-12-10T08:49:48.541+0000] {cursor.py:1045} INFO - query execution done
[2025-12-10T08:49:48.543+0000] {cursor.py:1032} INFO - query: [MERGE INTO NEWS_ARTICLES AS target USING ( SELECT 'Unlock shopper satisfaction w...]
[2025-12-10T08:49:49.185+0000] {cursor.py:1045} INFO - query execution done
[2025-12-10T08:49:49.187+0000] {cursor.py:1032} INFO - query: [MERGE INTO NEWS_ARTICLES AS target USING ( SELECT 'Customer Incentives – 12/08/2...]
[2025-12-10T08:49:49.920+0000] {cursor.py:1045} INFO - query execution done
[2025-12-10T08:49:49.921+0000] {cursor.py:1032} INFO - query: [MERGE INTO NEWS_ARTICLES AS target USING ( SELECT 'The AI Moment: Why standing s...]
[2025-12-10T08:49:50.834+0000] {cursor.py:1045} INFO - query execution done
[2025-12-10T08:49:50.835+0000] {cursor.py:1032} INFO - query: [MERGE INTO NEWS_ARTICLES AS target USING ( SELECT 'Automotive News Video: Trump ...]
[2025-12-10T08:49:51.633+0000] {cursor.py:1045} INFO - query execution done
[2025-12-10T08:49:51.636+0000] {cursor.py:1032} INFO - query: [MERGE INTO NEWS_ARTICLES AS target USING ( SELECT 'Daily 5 report for Dec. 4: Do...]
[2025-12-10T08:49:52.456+0000] {cursor.py:1045} INFO - query execution done
[2025-12-10T08:49:52.458+0000] {cursor.py:1032} INFO - query: [MERGE INTO NEWS_ARTICLES AS target USING ( SELECT 'U.S. sales stumbles continue ...]
[2025-12-10T08:49:53.242+0000] {cursor.py:1045} INFO - query execution done
[2025-12-10T08:49:53.244+0000] {cursor.py:1032} INFO - query: [MERGE INTO NEWS_ARTICLES AS target USING ( SELECT 'Car Pros Automotive sells 3 s...]
[2025-12-10T08:49:54.174+0000] {cursor.py:1045} INFO - query execution done
[2025-12-10T08:49:54.176+0000] {cursor.py:1032} INFO - query: [MERGE INTO NEWS_ARTICLES AS target USING ( SELECT 'How dealers should shop for A...]
[2025-12-10T08:49:55.152+0000] {cursor.py:1045} INFO - query execution done
[2025-12-10T08:49:55.153+0000] {cursor.py:1032} INFO - query: [MERGE INTO NEWS_ARTICLES AS target USING ( SELECT 'Identifying & Training the Ne...]
[2025-12-10T08:49:56.211+0000] {cursor.py:1045} INFO - query execution done
[2025-12-10T08:49:56.213+0000] {cursor.py:1032} INFO - query: [MERGE INTO NEWS_ARTICLES AS target USING ( SELECT 'U.S. loyalty rates by make, a...]
[2025-12-10T08:49:57.402+0000] {cursor.py:1045} INFO - query execution done
[2025-12-10T08:49:57.404+0000] {cursor.py:1032} INFO - query: [MERGE INTO NEWS_ARTICLES AS target USING ( SELECT 'CDK’s Service Shopper Study: ...]
[2025-12-10T08:49:58.575+0000] {cursor.py:1045} INFO - query execution done
[2025-12-10T08:49:58.577+0000] {cursor.py:1032} INFO - query: [MERGE INTO NEWS_ARTICLES AS target USING ( SELECT 'First Shift: Trump loosens fu...]
[2025-12-10T08:49:59.540+0000] {cursor.py:1045} INFO - query execution done
[2025-12-10T08:49:59.541+0000] {cursor.py:1032} INFO - query: [MERGE INTO NEWS_ARTICLES AS target USING ( SELECT 'Why midsize premium sedans ar...]
[2025-12-10T08:50:00.739+0000] {cursor.py:1045} INFO - query execution done
[2025-12-10T08:50:00.740+0000] {cursor.py:1032} INFO - query: [MERGE INTO NEWS_ARTICLES AS target USING ( SELECT 'EU to review, possibly exempt...]
[2025-12-10T08:50:01.931+0000] {cursor.py:1045} INFO - query execution done
[2025-12-10T08:50:01.936+0000] {cursor.py:1032} INFO - query: [MERGE INTO NEWS_ARTICLES AS target USING ( SELECT 'U.S. car and light-truck inve...]
[2025-12-10T08:50:02.864+0000] {cursor.py:1045} INFO - query execution done
[2025-12-10T08:50:03.191+0000] {cursor.py:1032} INFO - query: [MERGE INTO NEWS_ARTICLES AS target USING ( SELECT 'Dealer enthusiasm for service...]
[2025-12-10T08:50:04.108+0000] {cursor.py:1045} INFO - query execution done
[2025-12-10T08:50:04.110+0000] {cursor.py:1032} INFO - query: [COMMIT]
[2025-12-10T08:50:04.203+0000] {cursor.py:1045} INFO - query execution done
[2025-12-10T08:50:04.205+0000] {cursor.py:1205} INFO - Number of results in first chunk: 1
[2025-12-10T08:50:04.206+0000] {snowflake_loader.py:156} INFO - ✓ Inserted/Updated 100 articles in Snowflake
[2025-12-10T08:50:04.207+0000] {cursor.py:1032} INFO - query: [SELECT COUNT(*) FROM NEWS_ARTICLES]
[2025-12-10T08:50:04.415+0000] {cursor.py:1045} INFO - query execution done
[2025-12-10T08:50:04.416+0000] {cursor.py:1205} INFO - Number of results in first chunk: 1
[2025-12-10T08:50:04.422+0000] {connection.py:734} INFO - closed
[2025-12-10T08:50:04.480+0000] {connection.py:740} INFO - No async queries seem to be running, deleting session
[2025-12-10T08:50:04.537+0000] {snowflake_loader.py:55} INFO - ✓ Disconnected from Snowflake
[2025-12-10T08:50:04.573+0000] {news_scrapper.py:207} INFO - ✅ Loaded 100 articles to Snowflake
[2025-12-10T08:50:04.574+0000] {python.py:194} INFO - Done. Returned value was: Loaded 100 articles
[2025-12-10T08:50:04.596+0000] {taskinstance.py:1400} INFO - Marking task as SUCCESS. dag_id=autoinsight_daily_scraper, task_id=load_articles_to_snowflake, execution_date=20251210T084814, start_date=20251210T084822, end_date=20251210T085004
[2025-12-10T08:50:04.650+0000] {local_task_job_runner.py:228} INFO - Task exited with return code 0
[2025-12-10T08:50:04.679+0000] {taskinstance.py:2778} INFO - 1 downstream tasks scheduled from follow-on schedule check
