[2025-12-07T08:14:21.237+0000] {taskinstance.py:1159} INFO - Dependencies all met for dep_context=non-requeueable deps ti=<TaskInstance: autoinsight_data_pipeline.fetch_nhtsa_data scheduled__2025-12-06T02:00:00+00:00 [queued]>
[2025-12-07T08:14:21.244+0000] {taskinstance.py:1159} INFO - Dependencies all met for dep_context=requeueable deps ti=<TaskInstance: autoinsight_data_pipeline.fetch_nhtsa_data scheduled__2025-12-06T02:00:00+00:00 [queued]>
[2025-12-07T08:14:21.244+0000] {taskinstance.py:1361} INFO - Starting attempt 1 of 4
[2025-12-07T08:14:21.254+0000] {taskinstance.py:1382} INFO - Executing <Task(PythonOperator): fetch_nhtsa_data> on 2025-12-06 02:00:00+00:00
[2025-12-07T08:14:21.259+0000] {standard_task_runner.py:57} INFO - Started process 1725 to run task
[2025-12-07T08:14:21.262+0000] {standard_task_runner.py:84} INFO - Running: ['***', 'tasks', 'run', 'autoinsight_data_pipeline', 'fetch_nhtsa_data', 'scheduled__2025-12-06T02:00:00+00:00', '--job-id', '201', '--raw', '--subdir', 'DAGS_FOLDER/autoinsight_data_pipeline.py', '--cfg-path', '/tmp/tmpa3zchu98']
[2025-12-07T08:14:21.264+0000] {standard_task_runner.py:85} INFO - Job 201: Subtask fetch_nhtsa_data
[2025-12-07T08:14:21.336+0000] {task_command.py:416} INFO - Running <TaskInstance: autoinsight_data_pipeline.fetch_nhtsa_data scheduled__2025-12-06T02:00:00+00:00 [running]> on host fb35e4f278df
[2025-12-07T08:14:21.407+0000] {taskinstance.py:1662} INFO - Exporting env vars: AIRFLOW_CTX_DAG_EMAIL='autoinsight@example.com' AIRFLOW_CTX_DAG_OWNER='autoinsight-team' AIRFLOW_CTX_DAG_ID='autoinsight_data_pipeline' AIRFLOW_CTX_TASK_ID='fetch_nhtsa_data' AIRFLOW_CTX_EXECUTION_DATE='2025-12-06T02:00:00+00:00' AIRFLOW_CTX_TRY_NUMBER='1' AIRFLOW_CTX_DAG_RUN_ID='scheduled__2025-12-06T02:00:00+00:00'
[2025-12-07T08:14:21.409+0000] {logging_mixin.py:154} INFO - ======================================================================
[2025-12-07T08:14:21.409+0000] {logging_mixin.py:154} INFO - TASK 3: NHTSA Safety Data Collection
[2025-12-07T08:14:21.410+0000] {logging_mixin.py:154} INFO - ======================================================================
[2025-12-07T08:14:21.764+0000] {logging_mixin.py:154} INFO - 
============================================================
[2025-12-07T08:14:21.765+0000] {logging_mixin.py:154} INFO - NHTSA Complete Bulk Data Downloader with S3 Upload
[2025-12-07T08:14:21.767+0000] {logging_mixin.py:154} INFO - ============================================================
[2025-12-07T08:14:21.767+0000] {logging_mixin.py:154} INFO - Target Period: 2020-2025
[2025-12-07T08:14:21.768+0000] {logging_mixin.py:154} INFO - Target Manufacturers: 15
[2025-12-07T08:14:21.768+0000] {logging_mixin.py:154} INFO - Data Sources: Recalls, Complaints, Ratings, Investigations
[2025-12-07T08:14:21.768+0000] {logging_mixin.py:154} INFO - ============================================================
[2025-12-07T08:14:21.769+0000] {logging_mixin.py:154} INFO - ✓ Created directories in: nhtsa_data/nhtsa_bulk
[2025-12-07T08:14:21.779+0000] {credentials.py:1147} INFO - Found credentials in environment variables.
[2025-12-07T08:14:22.006+0000] {logging_mixin.py:154} INFO - ✓ Connected to S3 bucket: autoinsightfinal
[2025-12-07T08:14:22.007+0000] {logging_mixin.py:154} INFO - 
============================================================
[2025-12-07T08:14:22.007+0000] {logging_mixin.py:154} INFO - PHASE 1: DOWNLOADING ALL DATA
[2025-12-07T08:14:22.008+0000] {logging_mixin.py:154} INFO - ============================================================
[2025-12-07T08:14:22.008+0000] {logging_mixin.py:154} INFO - 
📦 STEP 1.1: Download Recall Data
[2025-12-07T08:14:22.009+0000] {logging_mixin.py:154} INFO - 
============================================================
[2025-12-07T08:14:22.009+0000] {logging_mixin.py:154} INFO - Downloading NHTSA Recall Data
[2025-12-07T08:14:22.010+0000] {logging_mixin.py:154} INFO - ============================================================
[2025-12-07T08:14:22.010+0000] {logging_mixin.py:154} INFO - 
📥 Downloading recalls for 2020-2024...
[2025-12-07T08:14:22.010+0000] {logging_mixin.py:154} INFO -   Downloading from: https://static.nhtsa.gov/odi/ffdd/rcl/RCL_FROM_2020_2024.zip
[2025-12-07T08:14:22.453+0000] {logging_mixin.py:154} INFO -   Download complete: 3.8 MB
[2025-12-07T08:14:22.453+0000] {logging_mixin.py:154} INFO -   Extracting...
[2025-12-07T08:14:22.670+0000] {logging_mixin.py:154} INFO -   ✓ Extracted 1 file(s): ['RCL_FROM_2020_2024.csv']
[2025-12-07T08:14:22.672+0000] {logging_mixin.py:154} INFO - 
📥 Downloading recalls for 2025-2025...
[2025-12-07T08:14:22.673+0000] {logging_mixin.py:154} INFO -   Downloading from: https://static.nhtsa.gov/odi/ffdd/rcl/RCL_FROM_2025_2025.zip
[2025-12-07T08:14:23.040+0000] {logging_mixin.py:154} INFO -   Download complete: 0.1 MB
[2025-12-07T08:14:23.041+0000] {logging_mixin.py:154} INFO -   Extracting...
[2025-12-07T08:14:23.046+0000] {logging_mixin.py:154} INFO -   ✓ Extracted 1 file(s): ['RCL_FROM_2025_2025.csv']
[2025-12-07T08:14:23.047+0000] {logging_mixin.py:154} INFO - 
📦 STEP 1.2: Download Complaint Data
[2025-12-07T08:14:23.048+0000] {logging_mixin.py:154} INFO - 
============================================================
[2025-12-07T08:14:23.048+0000] {logging_mixin.py:154} INFO - Downloading NHTSA Complaints Data
[2025-12-07T08:14:23.049+0000] {logging_mixin.py:154} INFO - ============================================================
[2025-12-07T08:14:23.049+0000] {logging_mixin.py:154} INFO - 
📥 Downloading complaints received 2020-2024...
[2025-12-07T08:14:23.049+0000] {logging_mixin.py:154} INFO -   This file contains complaints RECEIVED between 2020-2024
[2025-12-07T08:14:23.050+0000] {logging_mixin.py:154} INFO -   Downloading from: https://static.nhtsa.gov/odi/ffdd/cmpl/COMPLAINTS_RECEIVED_2020-2024.zip
[2025-12-07T08:14:26.259+0000] {logging_mixin.py:154} INFO -   Download complete: 72.3 MB
[2025-12-07T08:14:26.259+0000] {logging_mixin.py:154} INFO -   Extracting...
[2025-12-07T08:14:28.149+0000] {logging_mixin.py:154} INFO -   ✓ Extracted 1 file(s): ['COMPLAINTS_RECEIVED_2020-2024.txt']
[2025-12-07T08:14:28.154+0000] {logging_mixin.py:154} INFO - 
📦 STEP 1.3: Download Safety Ratings Data
[2025-12-07T08:14:28.155+0000] {logging_mixin.py:154} INFO - 
============================================================
[2025-12-07T08:14:28.156+0000] {logging_mixin.py:154} INFO - Downloading NHTSA Safety Ratings Data
[2025-12-07T08:14:28.157+0000] {logging_mixin.py:154} INFO - ============================================================
[2025-12-07T08:14:28.157+0000] {logging_mixin.py:154} INFO - 
📥 Downloading safety ratings data...
[2025-12-07T08:14:28.158+0000] {logging_mixin.py:154} INFO -   Note: This is a direct CSV file, not a ZIP
[2025-12-07T08:14:28.158+0000] {logging_mixin.py:154} INFO -   Downloading from: https://static.nhtsa.gov/nhtsa/downloads/Safercar/Safercar_data.csv
[2025-12-07T08:14:28.345+0000] {logging_mixin.py:154} INFO -   ✓ Downloaded: 9.1 MB
[2025-12-07T08:14:28.347+0000] {logging_mixin.py:154} INFO - 
📦 STEP 1.4: Download Investigations Data
[2025-12-07T08:14:28.347+0000] {logging_mixin.py:154} INFO - 
============================================================
[2025-12-07T08:14:28.348+0000] {logging_mixin.py:154} INFO - Downloading NHTSA Investigations Data
[2025-12-07T08:14:28.349+0000] {logging_mixin.py:154} INFO - ============================================================
[2025-12-07T08:14:28.349+0000] {logging_mixin.py:154} INFO - 
📥 Downloading investigations data...
[2025-12-07T08:14:28.350+0000] {logging_mixin.py:154} INFO -   This contains the full investigations database
[2025-12-07T08:14:28.350+0000] {logging_mixin.py:154} INFO -   Downloading from: https://static.nhtsa.gov/odi/ffdd/inv/FLAT_INV.zip
[2025-12-07T08:14:30.175+0000] {logging_mixin.py:154} INFO -   Download complete: 43.2 MB
[2025-12-07T08:14:30.176+0000] {logging_mixin.py:154} INFO -   Extracting...
[2025-12-07T08:14:31.612+0000] {logging_mixin.py:154} INFO -   ✓ Extracted 1 file(s): ['FLAT_INV.txt']
[2025-12-07T08:14:31.617+0000] {logging_mixin.py:154} INFO - 
============================================================
[2025-12-07T08:14:31.618+0000] {logging_mixin.py:154} INFO - PHASE 2: PROCESSING ALL DATA
[2025-12-07T08:14:31.618+0000] {logging_mixin.py:154} INFO - ============================================================
[2025-12-07T08:14:31.618+0000] {logging_mixin.py:154} INFO - 
📊 STEP 2.1: Process Recall Data (2020-2024)
[2025-12-07T08:14:31.619+0000] {logging_mixin.py:154} INFO - 
📊 Loading recall data for 2020-2024...
[2025-12-07T08:14:31.619+0000] {logging_mixin.py:154} INFO -   Loading: RCL_FROM_2020_2024.csv
[2025-12-07T08:14:32.089+0000] {logging_mixin.py:154} INFO -   ✓ Loaded 216,149 recall records
[2025-12-07T08:14:32.090+0000] {logging_mixin.py:154} INFO -   Columns (6): ['NHTSA ID', 'DOCUMENT NAME', 'MAKE', 'MODEL', 'MODEL YEAR', 'SUMMARY']...
[2025-12-07T08:14:32.090+0000] {logging_mixin.py:154} INFO - 
🔍 Filtering for 15 manufacturers...
[2025-12-07T08:14:32.091+0000] {logging_mixin.py:154} INFO -   Using column: MAKE
[2025-12-07T08:14:32.172+0000] {logging_mixin.py:154} INFO -   ✓ Filtered: 115,911 records (from 216,149 total)
[2025-12-07T08:14:32.172+0000] {logging_mixin.py:154} INFO - 
  Breakdown by manufacturer:
[2025-12-07T08:14:32.202+0000] {logging_mixin.py:154} INFO -     Tesla               : 71 records
[2025-12-07T08:14:32.236+0000] {logging_mixin.py:154} INFO -     Ford                : 6,873 records
[2025-12-07T08:14:32.269+0000] {logging_mixin.py:154} INFO -     Toyota              : 8,078 records
[2025-12-07T08:14:32.334+0000] {logging_mixin.py:154} INFO -     Honda               : 20,858 records
[2025-12-07T08:14:32.371+0000] {logging_mixin.py:154} INFO -     Chevrolet           : 10,693 records
[2025-12-07T08:14:32.404+0000] {logging_mixin.py:154} INFO -     Nissan              : 2,247 records
[2025-12-07T08:14:32.444+0000] {logging_mixin.py:154} INFO -     BMW                 : 10,593 records
[2025-12-07T08:14:32.507+0000] {logging_mixin.py:154} INFO -     Mercedes-Benz       : 18,899 records
[2025-12-07T08:14:32.562+0000] {logging_mixin.py:154} INFO -     Volkswagen          : 2,884 records
[2025-12-07T08:14:32.609+0000] {logging_mixin.py:154} INFO -     Hyundai             : 4,246 records
[2025-12-07T08:14:32.660+0000] {logging_mixin.py:154} INFO -     Kia                 : 7,605 records
[2025-12-07T08:14:32.717+0000] {logging_mixin.py:154} INFO -     Subaru              : 8,854 records
[2025-12-07T08:14:32.775+0000] {logging_mixin.py:154} INFO -     Mazda               : 41 records
[2025-12-07T08:14:32.827+0000] {logging_mixin.py:154} INFO -     Jeep                : 2,935 records
[2025-12-07T08:14:33.498+0000] {logging_mixin.py:154} INFO -   ✓ Saved locally: recalls_2020_2024_top15.csv
[2025-12-07T08:14:33.499+0000] {logging_mixin.py:154} INFO -     Size: 37.6 MB, Rows: 115,911
[2025-12-07T08:14:33.500+0000] {logging_mixin.py:154} INFO -     ☁️  Uploading to S3: s3://autoinsightfinal/nhtsa/raw/recalls/recalls_2020_2024_top15.csv
[2025-12-07T08:14:36.034+0000] {logging_mixin.py:154} INFO -     ✓ Uploaded successfully
[2025-12-07T08:14:36.035+0000] {logging_mixin.py:154} INFO - 
📊 STEP 2.2: Process Recall Data (2025)
[2025-12-07T08:14:36.036+0000] {logging_mixin.py:154} INFO - 
📊 Loading recall data for 2025-2025...
[2025-12-07T08:14:36.037+0000] {logging_mixin.py:154} INFO -   Loading: RCL_FROM_2025_2025.csv
[2025-12-07T08:14:36.048+0000] {logging_mixin.py:154} INFO -   ✓ Loaded 4,712 recall records
[2025-12-07T08:14:36.049+0000] {logging_mixin.py:154} INFO -   Columns (6): ['NHTSA ID', 'DOCUMENT NAME', 'MAKE', 'MODEL', 'MODEL YEAR', 'SUMMARY']...
[2025-12-07T08:14:36.049+0000] {logging_mixin.py:154} INFO - 
🔍 Filtering for 15 manufacturers...
[2025-12-07T08:14:36.050+0000] {logging_mixin.py:154} INFO -   Using column: MAKE
[2025-12-07T08:14:36.054+0000] {logging_mixin.py:154} INFO -   ✓ Filtered: 1,785 records (from 4,712 total)
[2025-12-07T08:14:36.055+0000] {logging_mixin.py:154} INFO - 
  Breakdown by manufacturer:
[2025-12-07T08:14:36.057+0000] {logging_mixin.py:154} INFO -     Ford                : 316 records
[2025-12-07T08:14:36.059+0000] {logging_mixin.py:154} INFO -     Toyota              : 96 records
[2025-12-07T08:14:36.062+0000] {logging_mixin.py:154} INFO -     Honda               : 56 records
[2025-12-07T08:14:36.064+0000] {logging_mixin.py:154} INFO -     Chevrolet           : 334 records
[2025-12-07T08:14:36.065+0000] {logging_mixin.py:154} INFO -     Nissan              : 14 records
[2025-12-07T08:14:36.066+0000] {logging_mixin.py:154} INFO -     BMW                 : 47 records
[2025-12-07T08:14:36.068+0000] {logging_mixin.py:154} INFO -     Mercedes-Benz       : 287 records
[2025-12-07T08:14:36.069+0000] {logging_mixin.py:154} INFO -     Volkswagen          : 118 records
[2025-12-07T08:14:36.070+0000] {logging_mixin.py:154} INFO -     Hyundai             : 21 records
[2025-12-07T08:14:36.072+0000] {logging_mixin.py:154} INFO -     Kia                 : 143 records
[2025-12-07T08:14:36.074+0000] {logging_mixin.py:154} INFO -     Subaru              : 5 records
[2025-12-07T08:14:36.076+0000] {logging_mixin.py:154} INFO -     Mazda               : 2 records
[2025-12-07T08:14:36.077+0000] {logging_mixin.py:154} INFO -     Jeep                : 35 records
[2025-12-07T08:14:36.086+0000] {logging_mixin.py:154} INFO -   ✓ Saved locally: recalls_2025_top15.csv
[2025-12-07T08:14:36.087+0000] {logging_mixin.py:154} INFO -     Size: 0.4 MB, Rows: 1,785
[2025-12-07T08:14:36.087+0000] {logging_mixin.py:154} INFO -     ☁️  Uploading to S3: s3://autoinsightfinal/nhtsa/raw/recalls/recalls_2025_top15.csv
[2025-12-07T08:14:36.220+0000] {logging_mixin.py:154} INFO -     ✓ Uploaded successfully
[2025-12-07T08:14:36.221+0000] {logging_mixin.py:154} INFO - 
📊 STEP 2.3: Process Complaint Data
[2025-12-07T08:14:36.221+0000] {logging_mixin.py:154} INFO - 
📊 Loading complaint data...
[2025-12-07T08:14:36.222+0000] {logging_mixin.py:154} INFO -   File: COMPLAINTS_RECEIVED_2020-2024.txt (310.7 MB)
[2025-12-07T08:14:36.223+0000] {logging_mixin.py:154} INFO -   Loading ALL data...
[2025-12-07T08:14:42.568+0000] {logging_mixin.py:154} INFO -   ✓ Loaded 418,788 complaint records
[2025-12-07T08:14:42.580+0000] {logging_mixin.py:154} INFO - 
  Vehicle Year distribution:
[2025-12-07T08:14:42.581+0000] {logging_mixin.py:154} INFO -     Min year: 1960.0
[2025-12-07T08:14:42.582+0000] {logging_mixin.py:154} INFO -     Max year: 9999.0
[2025-12-07T08:14:42.732+0000] {logging_mixin.py:154} INFO -     Records in 2015-2025: 278,410
[2025-12-07T08:14:42.733+0000] {logging_mixin.py:154} INFO - 
🔍 Filtering for 15 manufacturers...
[2025-12-07T08:14:42.734+0000] {logging_mixin.py:154} INFO -   Using column: MAKETXT
[2025-12-07T08:14:44.023+0000] {logging_mixin.py:154} INFO -   ✓ Filtered: 332,792 records (from 418,788 total)
[2025-12-07T08:14:44.024+0000] {logging_mixin.py:154} INFO - 
  Breakdown by manufacturer:
[2025-12-07T08:14:44.295+0000] {logging_mixin.py:154} INFO -     Tesla               : 16,623 records
[2025-12-07T08:14:44.619+0000] {logging_mixin.py:154} INFO -     Ford                : 72,088 records
[2025-12-07T08:14:44.924+0000] {logging_mixin.py:154} INFO -     Toyota              : 22,101 records
[2025-12-07T08:14:45.413+0000] {logging_mixin.py:154} INFO -     General Motors      : 11 records
[2025-12-07T08:14:45.721+0000] {logging_mixin.py:154} INFO -     Honda               : 32,102 records
[2025-12-07T08:14:46.037+0000] {logging_mixin.py:154} INFO -     Chevrolet           : 36,750 records
[2025-12-07T08:14:46.333+0000] {logging_mixin.py:154} INFO -     Nissan              : 18,390 records
[2025-12-07T08:14:46.655+0000] {logging_mixin.py:154} INFO -     BMW                 : 8,518 records
[2025-12-07T08:14:46.997+0000] {logging_mixin.py:154} INFO -     Mercedes-Benz       : 6,218 records
[2025-12-07T08:14:47.232+0000] {logging_mixin.py:154} INFO -     Volkswagen          : 10,501 records
[2025-12-07T08:14:47.623+0000] {logging_mixin.py:154} INFO -     Hyundai             : 26,758 records
[2025-12-07T08:14:47.978+0000] {logging_mixin.py:154} INFO -     Kia                 : 23,562 records
[2025-12-07T08:14:48.280+0000] {logging_mixin.py:154} INFO -     Subaru              : 14,181 records
[2025-12-07T08:14:48.474+0000] {logging_mixin.py:154} INFO -     Mazda               : 4,503 records
[2025-12-07T08:14:48.753+0000] {logging_mixin.py:154} INFO -     Jeep                : 26,189 records
[2025-12-07T08:14:48.754+0000] {logging_mixin.py:154} INFO - 
📅 Filtering for years 2015-2025...
[2025-12-07T08:14:48.755+0000] {logging_mixin.py:154} INFO -   Using column: YEARTXT
[2025-12-07T08:14:48.764+0000] {logging_mixin.py:154} INFO - 
  Year distribution in data:
[2025-12-07T08:14:48.765+0000] {logging_mixin.py:154} INFO -     Min year: 1969.0
[2025-12-07T08:14:48.766+0000] {logging_mixin.py:154} INFO -     Max year: 9999.0
[2025-12-07T08:14:48.952+0000] {logging_mixin.py:154} INFO -     Records in 2015-2025: 226,993
[2025-12-07T08:14:54.948+0000] {logging_mixin.py:154} INFO -   ✓ Saved locally: complaints_2020_2024_top15.csv
[2025-12-07T08:14:54.949+0000] {logging_mixin.py:154} INFO -     Size: 175.3 MB, Rows: 226,993
[2025-12-07T08:14:54.950+0000] {logging_mixin.py:154} INFO -     ☁️  Uploading to S3: s3://autoinsightfinal/nhtsa/raw/complaints/complaints_2020_2024_top15.csv
[2025-12-07T08:15:00.855+0000] {logging_mixin.py:154} INFO -     ✓ Uploaded successfully
[2025-12-07T08:15:00.856+0000] {logging_mixin.py:154} INFO - 
📊 STEP 2.4: Process Safety Ratings Data
[2025-12-07T08:15:00.857+0000] {logging_mixin.py:154} INFO - 
📊 Loading safety ratings data...
[2025-12-07T08:15:00.857+0000] {logging_mixin.py:154} INFO -   Loading: Safercar_data.csv
[2025-12-07T08:15:00.996+0000] {logging_mixin.py:154} INFO -   ✓ Loaded 17,266 ratings records
[2025-12-07T08:15:00.996+0000] {logging_mixin.py:154} INFO -   Columns (128): ['MAKE', 'MODEL', 'MODEL_YR', 'BODY_STYLE', 'VEHICLE_TYPE', 'DRIVE_TRAIN', 'PRODUCTION_RELEASE', 'VEHICLE_CLASS', 'BODY_FRAME', 'NUM_OF_SEATING']...
[2025-12-07T08:15:00.997+0000] {logging_mixin.py:154} INFO - 
🔍 Filtering for 15 manufacturers...
[2025-12-07T08:15:00.997+0000] {logging_mixin.py:154} INFO -   Using column: MAKE
[2025-12-07T08:15:01.023+0000] {logging_mixin.py:154} INFO -   ✓ Filtered: 10,014 records (from 17,266 total)
[2025-12-07T08:15:01.024+0000] {logging_mixin.py:154} INFO - 
  Breakdown by manufacturer:
[2025-12-07T08:15:01.028+0000] {logging_mixin.py:154} INFO -     Tesla               : 133 records
[2025-12-07T08:15:01.033+0000] {logging_mixin.py:154} INFO -     Ford                : 1,376 records
[2025-12-07T08:15:01.037+0000] {logging_mixin.py:154} INFO -     Toyota              : 1,026 records
[2025-12-07T08:15:01.043+0000] {logging_mixin.py:154} INFO -     Honda               : 515 records
[2025-12-07T08:15:01.048+0000] {logging_mixin.py:154} INFO -     Chevrolet           : 1,344 records
[2025-12-07T08:15:01.053+0000] {logging_mixin.py:154} INFO -     Nissan              : 764 records
[2025-12-07T08:15:01.057+0000] {logging_mixin.py:154} INFO -     BMW                 : 991 records
[2025-12-07T08:15:01.061+0000] {logging_mixin.py:154} INFO -     Mercedes-Benz       : 823 records
[2025-12-07T08:15:01.066+0000] {logging_mixin.py:154} INFO -     Volkswagen          : 398 records
[2025-12-07T08:15:01.070+0000] {logging_mixin.py:154} INFO -     Hyundai             : 526 records
[2025-12-07T08:15:01.075+0000] {logging_mixin.py:154} INFO -     Kia                 : 415 records
[2025-12-07T08:15:01.079+0000] {logging_mixin.py:154} INFO -     Subaru              : 236 records
[2025-12-07T08:15:01.084+0000] {logging_mixin.py:154} INFO -     Mazda               : 341 records
[2025-12-07T08:15:01.088+0000] {logging_mixin.py:154} INFO -     Jeep                : 315 records
[2025-12-07T08:15:01.088+0000] {logging_mixin.py:154} INFO - 
📅 Filtering for years 2020-2025...
[2025-12-07T08:15:01.089+0000] {logging_mixin.py:154} INFO -   Using column: MODEL_YR
[2025-12-07T08:15:01.090+0000] {logging_mixin.py:154} INFO - 
  Year distribution in data:
[2025-12-07T08:15:01.091+0000] {logging_mixin.py:154} INFO -     Min year: 1990
[2025-12-07T08:15:01.092+0000] {logging_mixin.py:154} INFO -     Max year: 2026
[2025-12-07T08:15:01.095+0000] {logging_mixin.py:154} INFO -     Records in 2020-2025: 2,850
[2025-12-07T08:15:01.165+0000] {logging_mixin.py:154} INFO -   ✓ Saved locally: ratings_2020_2025_top15.csv
[2025-12-07T08:15:01.165+0000] {logging_mixin.py:154} INFO -     Size: 2.0 MB, Rows: 2,850
[2025-12-07T08:15:01.166+0000] {logging_mixin.py:154} INFO -     ☁️  Uploading to S3: s3://autoinsightfinal/nhtsa/raw/ratings/ratings_2020_2025_top15.csv
[2025-12-07T08:15:01.480+0000] {logging_mixin.py:154} INFO -     ✓ Uploaded successfully
[2025-12-07T08:15:01.481+0000] {logging_mixin.py:154} INFO - 
📊 STEP 2.5: Process Investigations Data
[2025-12-07T08:15:01.482+0000] {logging_mixin.py:154} INFO - 
📊 Loading investigations data...
[2025-12-07T08:15:01.482+0000] {logging_mixin.py:154} INFO -   Files in directory: ['FLAT_INV.txt']
[2025-12-07T08:15:01.483+0000] {logging_mixin.py:154} INFO -   Loading: FLAT_INV.txt (369.5 MB)
[2025-12-07T08:15:03.224+0000] {logging_mixin.py:154} INFO -   ✓ Loaded 153,673 investigation records
[2025-12-07T08:15:03.230+0000] {logging_mixin.py:154} INFO - 
  Top 20 manufacturers in investigations:
[2025-12-07T08:15:03.231+0000] {logging_mixin.py:154} INFO -     HONDA                         : 16576 records
[2025-12-07T08:15:03.231+0000] {logging_mixin.py:154} INFO -     DODGE                         : 13357 records
[2025-12-07T08:15:03.234+0000] {logging_mixin.py:154} INFO -     KIA                           : 12796 records
[2025-12-07T08:15:03.235+0000] {logging_mixin.py:154} INFO -     FORD                          : 10339 records
[2025-12-07T08:15:03.235+0000] {logging_mixin.py:154} INFO -     BMW                           : 9879 records
[2025-12-07T08:15:03.236+0000] {logging_mixin.py:154} INFO -     HYUNDAI                       : 9833 records
[2025-12-07T08:15:03.237+0000] {logging_mixin.py:154} INFO -     MAZDA                         : 7300 records
[2025-12-07T08:15:03.238+0000] {logging_mixin.py:154} INFO -     TOYOTA                        : 6326 records
[2025-12-07T08:15:03.238+0000] {logging_mixin.py:154} INFO -     CHRYSLER                      : 4888 records
[2025-12-07T08:15:03.239+0000] {logging_mixin.py:154} INFO -     SUBARU                        : 4754 records
[2025-12-07T08:15:03.240+0000] {logging_mixin.py:154} INFO -     INFINITI                      : 4333 records
[2025-12-07T08:15:03.240+0000] {logging_mixin.py:154} INFO -     CHEVROLET                     : 3907 records
[2025-12-07T08:15:03.241+0000] {logging_mixin.py:154} INFO -     ACURA                         : 3517 records
[2025-12-07T08:15:03.242+0000] {logging_mixin.py:154} INFO -     NISSAN                        : 3335 records
[2025-12-07T08:15:03.242+0000] {logging_mixin.py:154} INFO -     GMC                           : 2390 records
[2025-12-07T08:15:03.243+0000] {logging_mixin.py:154} INFO -     MITSUBISHI                    : 2361 records
[2025-12-07T08:15:03.244+0000] {logging_mixin.py:154} INFO -     LEXUS                         : 2075 records
[2025-12-07T08:15:03.244+0000] {logging_mixin.py:154} INFO -     RICON                         : 2060 records
[2025-12-07T08:15:03.246+0000] {logging_mixin.py:154} INFO -     PONTIAC                       : 2007 records
[2025-12-07T08:15:03.246+0000] {logging_mixin.py:154} INFO -     JEEP                          : 1562 records
[2025-12-07T08:15:03.267+0000] {logging_mixin.py:154} INFO - 
  Investigation date range:
[2025-12-07T08:15:03.269+0000] {logging_mixin.py:154} INFO -     Earliest opened: 1972
[2025-12-07T08:15:03.270+0000] {logging_mixin.py:154} INFO -     Latest opened: 2025
[2025-12-07T08:15:03.276+0000] {logging_mixin.py:154} INFO - 
🔍 Filtering for 15 manufacturers...
[2025-12-07T08:15:03.277+0000] {logging_mixin.py:154} INFO -   Using column: MAKE
[2025-12-07T08:15:03.346+0000] {logging_mixin.py:154} INFO -   ✓ Filtered: 93,358 records (from 153,673 total)
[2025-12-07T08:15:03.347+0000] {logging_mixin.py:154} INFO - 
  Breakdown by manufacturer:
[2025-12-07T08:15:03.375+0000] {logging_mixin.py:154} INFO -     Tesla               : 1,438 records
[2025-12-07T08:15:03.408+0000] {logging_mixin.py:154} INFO -     Ford                : 10,339 records
[2025-12-07T08:15:03.440+0000] {logging_mixin.py:154} INFO -     Toyota              : 6,326 records
[2025-12-07T08:15:03.503+0000] {logging_mixin.py:154} INFO -     Honda               : 16,576 records
[2025-12-07T08:15:03.533+0000] {logging_mixin.py:154} INFO -     Chevrolet           : 3,907 records
[2025-12-07T08:15:03.564+0000] {logging_mixin.py:154} INFO -     Nissan              : 3,335 records
[2025-12-07T08:15:03.597+0000] {logging_mixin.py:154} INFO -     BMW                 : 9,879 records
[2025-12-07T08:15:03.628+0000] {logging_mixin.py:154} INFO -     Mercedes-Benz       : 526 records
[2025-12-07T08:15:03.658+0000] {logging_mixin.py:154} INFO -     Volkswagen          : 910 records
[2025-12-07T08:15:03.690+0000] {logging_mixin.py:154} INFO -     Hyundai             : 9,833 records
[2025-12-07T08:15:03.723+0000] {logging_mixin.py:154} INFO -     Kia                 : 12,796 records
[2025-12-07T08:15:03.756+0000] {logging_mixin.py:154} INFO -     Subaru              : 4,754 records
[2025-12-07T08:15:03.788+0000] {logging_mixin.py:154} INFO -     Mazda               : 7,300 records
[2025-12-07T08:15:03.822+0000] {logging_mixin.py:154} INFO -     Jeep                : 1,562 records
[2025-12-07T08:15:03.823+0000] {logging_mixin.py:154} INFO - 
📅 Filtering for years 2020-2025...
[2025-12-07T08:15:03.823+0000] {logging_mixin.py:154} INFO -   Using column: YEAR
[2025-12-07T08:15:03.826+0000] {logging_mixin.py:154} INFO - 
  Year distribution in data:
[2025-12-07T08:15:03.827+0000] {logging_mixin.py:154} INFO -     Min year: 1970.0
[2025-12-07T08:15:03.827+0000] {logging_mixin.py:154} INFO -     Max year: 9999.0
[2025-12-07T08:15:03.830+0000] {logging_mixin.py:154} INFO -     Records in 2020-2025: 1,307
[2025-12-07T08:15:03.898+0000] {logging_mixin.py:154} INFO -   ✓ Saved locally: investigations_2020_2025_top15.csv
[2025-12-07T08:15:03.900+0000] {logging_mixin.py:154} INFO -     Size: 3.0 MB, Rows: 1,307
[2025-12-07T08:15:03.901+0000] {logging_mixin.py:154} INFO -     ☁️  Uploading to S3: s3://autoinsightfinal/nhtsa/raw/investigations/investigations_2020_2025_top15.csv
[2025-12-07T08:15:04.334+0000] {logging_mixin.py:154} INFO -     ✓ Uploaded successfully
[2025-12-07T08:15:04.335+0000] {logging_mixin.py:154} INFO - 
============================================================
[2025-12-07T08:15:04.335+0000] {logging_mixin.py:154} INFO - PROCESSING COMPLETE!
[2025-12-07T08:15:04.336+0000] {logging_mixin.py:154} INFO - ============================================================
[2025-12-07T08:15:04.336+0000] {logging_mixin.py:154} INFO - 
✅ Downloaded and processed:
[2025-12-07T08:15:04.337+0000] {logging_mixin.py:154} INFO -    1. Recalls (2020-2024 + 2025)
[2025-12-07T08:15:04.337+0000] {logging_mixin.py:154} INFO -    2. Complaints (2020-2024 received)
[2025-12-07T08:15:04.338+0000] {logging_mixin.py:154} INFO -    3. Safety Ratings (2020-2025)
[2025-12-07T08:15:04.338+0000] {logging_mixin.py:154} INFO -    4. Investigations (2020-2025)
[2025-12-07T08:15:04.338+0000] {logging_mixin.py:154} INFO - 
📁 Local output: nhtsa_data/nhtsa_bulk/processed/
[2025-12-07T08:15:04.339+0000] {logging_mixin.py:154} INFO - ☁️  S3 bucket: s3://autoinsightfinal/nhtsa/raw/
[2025-12-07T08:15:04.339+0000] {logging_mixin.py:154} INFO - 
💡 Data ready for Spark ETL processing!
[2025-12-07T08:15:04.339+0000] {logging_mixin.py:154} INFO - ============================================================
[2025-12-07T08:15:04.523+0000] {logging_mixin.py:154} INFO - ✅ NHTSA Data Collection Complete
[2025-12-07T08:15:04.523+0000] {python.py:194} INFO - Done. Returned value was: True
[2025-12-07T08:15:04.558+0000] {taskinstance.py:1400} INFO - Marking task as SUCCESS. dag_id=autoinsight_data_pipeline, task_id=fetch_nhtsa_data, execution_date=20251206T020000, start_date=20251207T081421, end_date=20251207T081504
[2025-12-07T08:15:04.604+0000] {local_task_job_runner.py:228} INFO - Task exited with return code 0
[2025-12-07T08:15:04.626+0000] {taskinstance.py:2778} INFO - 1 downstream tasks scheduled from follow-on schedule check
