[2025-12-10T09:02:54.127+0000] {taskinstance.py:1159} INFO - Dependencies all met for dep_context=non-requeueable deps ti=<TaskInstance: autoinsight_cleaning_pipeline_v2.clean_nhtsa_recalls manual__2025-12-10T08:31:58.521713+00:00 [queued]>
[2025-12-10T09:02:54.144+0000] {taskinstance.py:1159} INFO - Dependencies all met for dep_context=requeueable deps ti=<TaskInstance: autoinsight_cleaning_pipeline_v2.clean_nhtsa_recalls manual__2025-12-10T08:31:58.521713+00:00 [queued]>
[2025-12-10T09:02:54.145+0000] {taskinstance.py:1361} INFO - Starting attempt 1 of 3
[2025-12-10T09:02:54.173+0000] {taskinstance.py:1382} INFO - Executing <Task(PythonOperator): clean_nhtsa_recalls> on 2025-12-10 08:31:58.521713+00:00
[2025-12-10T09:02:54.183+0000] {standard_task_runner.py:57} INFO - Started process 7634 to run task
[2025-12-10T09:02:54.187+0000] {standard_task_runner.py:84} INFO - Running: ['***', 'tasks', 'run', 'autoinsight_cleaning_pipeline_v2', 'clean_nhtsa_recalls', 'manual__2025-12-10T08:31:58.521713+00:00', '--job-id', '142', '--raw', '--subdir', 'DAGS_FOLDER/autoinsight_cleaning_pipeline.py', '--cfg-path', '/tmp/tmpmmanwo0t']
[2025-12-10T09:02:54.193+0000] {standard_task_runner.py:85} INFO - Job 142: Subtask clean_nhtsa_recalls
[2025-12-10T09:02:54.295+0000] {task_command.py:416} INFO - Running <TaskInstance: autoinsight_cleaning_pipeline_v2.clean_nhtsa_recalls manual__2025-12-10T08:31:58.521713+00:00 [running]> on host 846744d01d56
[2025-12-10T09:02:54.407+0000] {taskinstance.py:1662} INFO - Exporting env vars: AIRFLOW_CTX_DAG_EMAIL='autoinsight@example.com' AIRFLOW_CTX_DAG_OWNER='autoinsight-team' AIRFLOW_CTX_DAG_ID='autoinsight_cleaning_pipeline_v2' AIRFLOW_CTX_TASK_ID='clean_nhtsa_recalls' AIRFLOW_CTX_EXECUTION_DATE='2025-12-10T08:31:58.521713+00:00' AIRFLOW_CTX_TRY_NUMBER='1' AIRFLOW_CTX_DAG_RUN_ID='manual__2025-12-10T08:31:58.521713+00:00'
[2025-12-10T09:02:54.409+0000] {logging_mixin.py:154} INFO - ======================================================================
[2025-12-10T09:02:54.410+0000] {logging_mixin.py:154} INFO - CLEANING TASK: NHTSA Recalls
[2025-12-10T09:02:54.411+0000] {logging_mixin.py:154} INFO - ======================================================================
[2025-12-10T09:02:54.561+0000] {logging_mixin.py:154} INFO - 
Starting NHTSA Recalls Cleaning
[2025-12-10T09:02:54.562+0000] {logging_mixin.py:154} INFO - Running in LOCAL mode
[2025-12-10T09:02:54.563+0000] {logging_mixin.py:154} INFO - Loading AWS S3 connectors...
[2025-12-10T09:03:07.530+0000] {logging_mixin.py:154} INFO - Input: s3a://autoinsightfinal/nhtsa/raw/recalls/*.csv
[2025-12-10T09:03:07.532+0000] {logging_mixin.py:154} INFO - Output: s3a://autoinsightfinal/nhtsa/cleaned_new/recalls/parquet/
[2025-12-10T09:03:07.532+0000] {logging_mixin.py:154} INFO - ============================================================
[2025-12-10T09:03:07.533+0000] {logging_mixin.py:154} INFO - NHTSA RECALLS - SPARK CLEANING PIPELINE
[2025-12-10T09:03:07.534+0000] {logging_mixin.py:154} INFO - Input: 2020-2025 data (pre-filtered)
[2025-12-10T09:03:07.535+0000] {logging_mixin.py:154} INFO - Target: Top 15 manufacturers
[2025-12-10T09:03:07.535+0000] {logging_mixin.py:154} INFO - Output: Snowflake-ready with standardized columns
[2025-12-10T09:03:07.536+0000] {logging_mixin.py:154} INFO - ============================================================
[2025-12-10T09:03:07.537+0000] {logging_mixin.py:154} INFO - 
Reading raw data from: s3a://autoinsightfinal/nhtsa/raw/recalls/*.csv
[2025-12-10T09:03:51.508+0000] {logging_mixin.py:154} INFO -   Loaded 543,620 records (includes duplicate documents)
[2025-12-10T09:03:51.562+0000] {logging_mixin.py:154} INFO -   Columns: 6
[2025-12-10T09:03:51.568+0000] {logging_mixin.py:154} INFO - 
Step 0: Normalizing column names...
[2025-12-10T09:03:51.681+0000] {logging_mixin.py:154} INFO -   Column names normalized (spaces removed)
[2025-12-10T09:03:51.684+0000] {logging_mixin.py:154} INFO - 
Step 1: Cleaning NHTSA_ID...
[2025-12-10T09:03:51.811+0000] {logging_mixin.py:154} INFO - 
Step 2: Extracting document type...
[2025-12-10T09:03:52.004+0000] {logging_mixin.py:154} INFO - 
Step 3: Standardizing manufacturer names...
[2025-12-10T09:03:52.659+0000] {logging_mixin.py:154} INFO - 
Step 4: Filtering to top 15 manufacturers...
[2025-12-10T09:03:52.716+0000] {logging_mixin.py:154} INFO -   📊 Filtering to top 15 manufacturers...
[2025-12-10T09:04:17.089+0000] {logging_mixin.py:154} INFO -   ✓ Kept 245,851 records from top 15 manufacturers
[2025-12-10T09:04:17.090+0000] {logging_mixin.py:154} INFO -   ✓ Filtered out 297,769 records from other manufacturers
[2025-12-10T09:04:17.091+0000] {logging_mixin.py:154} INFO - 
Step 5: Cleaning MODEL_YEAR...
[2025-12-10T09:04:17.366+0000] {logging_mixin.py:154} INFO - 
Step 6: Cleaning MODEL field...
[2025-12-10T09:04:17.745+0000] {logging_mixin.py:154} INFO - 
Step 7: Cleaning SUMMARY field...
[2025-12-10T09:04:18.219+0000] {logging_mixin.py:154} INFO - 
Step 8: Deduplicating recalls (same recall, multiple documents)...
[2025-12-10T09:04:43.244+0000] {logging_mixin.py:154} INFO -   Removed 49,318 duplicate documents
[2025-12-10T09:04:43.326+0000] {logging_mixin.py:154} INFO -   Unique recalls: 1,271
[2025-12-10T09:04:43.327+0000] {logging_mixin.py:154} INFO - 
Step 9: Adding data quality flags...
[2025-12-10T09:04:43.392+0000] {logging_mixin.py:154} INFO - 
Step 10: Standardizing column names for Snowflake...
[2025-12-10T09:04:43.469+0000] {logging_mixin.py:154} INFO - 
Step 11: Creating standardized vehicle_id...
[2025-12-10T09:04:43.612+0000] {logging_mixin.py:154} INFO - 
Step 12: Adding metadata...
[2025-12-10T09:04:43.662+0000] {logging_mixin.py:154} INFO - 
Step 13: Selecting final columns (Snowflake-ready)...
[2025-12-10T09:04:56.273+0000] {logging_mixin.py:154} INFO - 
Cleaning Summary:
[2025-12-10T09:04:56.277+0000] {logging_mixin.py:154} INFO -   Initial records: 543,620
[2025-12-10T09:04:56.278+0000] {logging_mixin.py:154} INFO -   Final records: 1,271
[2025-12-10T09:04:56.279+0000] {logging_mixin.py:154} INFO -   Deduplication rate: 99.8%
[2025-12-10T09:04:56.279+0000] {logging_mixin.py:154} INFO - 
  Top Manufacturers:
[2025-12-10T09:05:07.906+0000] {logging_mixin.py:154} INFO -     Ford: 290
[2025-12-10T09:05:07.908+0000] {logging_mixin.py:154} INFO -     Mercedes-Benz: 168
[2025-12-10T09:05:07.908+0000] {logging_mixin.py:154} INFO -     BMW: 140
[2025-12-10T09:05:07.909+0000] {logging_mixin.py:154} INFO -     Chevrolet: 116
[2025-12-10T09:05:07.910+0000] {logging_mixin.py:154} INFO -     Jeep: 79
[2025-12-10T09:05:07.911+0000] {logging_mixin.py:154} INFO -     Volkswagen: 73
[2025-12-10T09:05:07.912+0000] {logging_mixin.py:154} INFO -     Honda: 73
[2025-12-10T09:05:07.913+0000] {logging_mixin.py:154} INFO -     Kia: 69
[2025-12-10T09:05:07.914+0000] {logging_mixin.py:154} INFO -     Toyota: 69
[2025-12-10T09:05:07.915+0000] {logging_mixin.py:154} INFO -     Nissan: 69
[2025-12-10T09:05:07.916+0000] {logging_mixin.py:154} INFO -     Hyundai: 68
[2025-12-10T09:05:07.917+0000] {logging_mixin.py:154} INFO -     Subaru: 27
[2025-12-10T09:05:07.918+0000] {logging_mixin.py:154} INFO -     GMC: 14
[2025-12-10T09:05:07.919+0000] {logging_mixin.py:154} INFO -     Tesla: 10
[2025-12-10T09:05:07.919+0000] {logging_mixin.py:154} INFO -     Mazda: 6
[2025-12-10T09:05:07.920+0000] {logging_mixin.py:154} INFO - 
  Recalls by Year:
[2025-12-10T09:05:14.218+0000] {logging_mixin.py:154} INFO -     2020: 414
[2025-12-10T09:05:14.222+0000] {logging_mixin.py:154} INFO -     2021: 255
[2025-12-10T09:05:14.223+0000] {logging_mixin.py:154} INFO -     2022: 224
[2025-12-10T09:05:14.224+0000] {logging_mixin.py:154} INFO -     2023: 168
[2025-12-10T09:05:14.225+0000] {logging_mixin.py:154} INFO -     2024: 136
[2025-12-10T09:05:14.226+0000] {logging_mixin.py:154} INFO -     2025: 51
[2025-12-10T09:05:14.226+0000] {logging_mixin.py:154} INFO - 
Preparing to write cleaned data...
[2025-12-10T09:05:14.458+0000] {logging_mixin.py:154} INFO -    Safety check: Will not delete from non-cleaned path: s3a://autoinsightfinal/nhtsa/cleaned_new/recalls/parquet/
[2025-12-10T09:05:14.460+0000] {logging_mixin.py:154} INFO - Writing cleaned data to: s3a://autoinsightfinal/nhtsa/cleaned_new/recalls/parquet/
[2025-12-10T09:05:48.804+0000] {logging_mixin.py:154} INFO -    Safety check: Will not delete from non-cleaned path: s3a://autoinsightfinal/nhtsa/cleaned_new/recalls/csv/
[2025-12-10T09:05:48.806+0000] {logging_mixin.py:154} INFO - Writing CSV to: s3a://autoinsightfinal/nhtsa/cleaned_new/recalls/csv/
[2025-12-10T09:06:22.727+0000] {logging_mixin.py:154} INFO - 
Recalls cleaning complete!
[2025-12-10T09:06:22.728+0000] {logging_mixin.py:154} INFO - ============================================================
[2025-12-10T09:06:22.729+0000] {logging_mixin.py:154} INFO - 
Sample of cleaned data (Snowflake-ready):
[2025-12-10T09:06:34.826+0000] {logging_mixin.py:154} INFO - +----------------------------------------------------------------+---------------+----------+-------------------------+----+
|recall_id                                                       |nhtsa_recall_id|make      |model                    |year|
+----------------------------------------------------------------+---------------+----------+-------------------------+----+
|2942ba6be6cf6fdfa2bcb0f2279d65c37a87000d81db78f3de458649aadda06a|16E023         |Honda     |ACCESSORY REAR TRUNK BASE|NULL|
|10174a3a10d36f1bb9311fdfbee732e74b4eb10528ef162bce452b8da9f49913|16E091         |Tesla     |NEMA 10-30 ADAPTER       |NULL|
|54096e4fa8e2f41e529882fa64a9fcfdacdcf4b5d3ce95cc890cd416f5de59e3|17E052         |BMW       |ACCESSORY TURN SIGNAL    |NULL|
|77bd66d386f54ea101f5ca7b191238efbe1ad48c8376be2ee8d889eb551c39df|18E016         |BMW       |ACCESSORY WINDSCREEN     |NULL|
|e5ab67391e9954d66da48a8a085120becb5d15a3bed96f05a9c252e48fd7dd43|18E092         |BMW       |TURBOCORD PORTABLE CHARGE|NULL|
|2b95f69974489f26dac7c50108f21d93ecc19f428b4f9975b59466d78916a277|19E011         |Ford      |MUSTANG                  |NULL|
|37ff68c9571567688700d9913fe81d32a6ff62310ca2110ccf1d5bd49282db2a|19E071         |Honda     |REAR CARRIER             |NULL|
|c52352db36d64aceca2b55308db53f7a813148080069829d96667401f1200982|19V244         |Toyota    |COROLLA HATCHBACK        |2020|
|6d891ebca556b31b8971369288b0e5da6a3ccb7bc3e11b37cfdb39dbcf2af9b1|19V352         |BMW       |230I                     |2020|
|200815792020190da3b3049c81945c146275d853a5a515d153c88427bee1a686|19V389         |Volkswagen|PASSAT                   |2020|
+----------------------------------------------------------------+---------------+----------+-------------------------+----+
only showing top 10 rows
[2025-12-10T09:06:34.829+0000] {logging_mixin.py:154} INFO - 
Vehicle ID verification (first 5):
[2025-12-10T09:06:42.578+0000] {logging_mixin.py:154} INFO - +----------------------------------------------------------------+-----+-------------------------+----+
|vehicle_id                                                      |make |model                    |year|
+----------------------------------------------------------------+-----+-------------------------+----+
|3f1a5eb1101d3fcff7e29d5e8742dd3d7a371792aa1e1b6faa880b514d129df7|Honda|ACCESSORY REAR TRUNK BASE|NULL|
|37504ee689d3160d8a696201e494dfbbe4c353e898806eb4092c5d9de17dc8fb|Tesla|NEMA 10-30 ADAPTER       |NULL|
|6e42eef8909638d42766ffd5857cf16db83d7d1646ab67595dd371a461c41692|BMW  |ACCESSORY TURN SIGNAL    |NULL|
|566af64c56aecb04f7f011d05681368bf22fd1b37f419da7d5bb94a241dcc080|BMW  |ACCESSORY WINDSCREEN     |NULL|
|a2f4640c5ddd156a7e2abb79aba8d1b86ed5e884e6e1290a00e9ef3527f7607b|BMW  |TURBOCORD PORTABLE CHARGE|NULL|
+----------------------------------------------------------------+-----+-------------------------+----+
only showing top 5 rows
[2025-12-10T09:06:43.068+0000] {logging_mixin.py:154} INFO - ✅ NHTSA Recalls Complete
[2025-12-10T09:06:43.100+0000] {python.py:194} INFO - Done. Returned value was: True
[2025-12-10T09:06:43.132+0000] {taskinstance.py:1400} INFO - Marking task as SUCCESS. dag_id=autoinsight_cleaning_pipeline_v2, task_id=clean_nhtsa_recalls, execution_date=20251210T083158, start_date=20251210T090254, end_date=20251210T090643
[2025-12-10T09:06:43.190+0000] {local_task_job_runner.py:228} INFO - Task exited with return code 0
[2025-12-10T09:06:43.259+0000] {taskinstance.py:2778} INFO - 1 downstream tasks scheduled from follow-on schedule check
