[2025-12-06T20:13:54.290+0000] {taskinstance.py:1159} INFO - Dependencies all met for dep_context=non-requeueable deps ti=<TaskInstance: autoinsight_data_pipeline.fetch_epa_data manual__2025-12-06T20:08:51.337611+00:00 [queued]>
[2025-12-06T20:13:54.305+0000] {taskinstance.py:1159} INFO - Dependencies all met for dep_context=requeueable deps ti=<TaskInstance: autoinsight_data_pipeline.fetch_epa_data manual__2025-12-06T20:08:51.337611+00:00 [queued]>
[2025-12-06T20:13:54.306+0000] {taskinstance.py:1361} INFO - Starting attempt 2 of 4
[2025-12-06T20:13:54.332+0000] {taskinstance.py:1382} INFO - Executing <Task(PythonOperator): fetch_epa_data> on 2025-12-06 20:08:51.337611+00:00
[2025-12-06T20:13:54.346+0000] {standard_task_runner.py:57} INFO - Started process 256 to run task
[2025-12-06T20:13:54.351+0000] {standard_task_runner.py:84} INFO - Running: ['***', 'tasks', 'run', 'autoinsight_data_pipeline', 'fetch_epa_data', 'manual__2025-12-06T20:08:51.337611+00:00', '--job-id', '67', '--raw', '--subdir', 'DAGS_FOLDER/autoinsight_data_pipeline.py', '--cfg-path', '/tmp/tmp7ng_7ddv']
[2025-12-06T20:13:54.356+0000] {standard_task_runner.py:85} INFO - Job 67: Subtask fetch_epa_data
[2025-12-06T20:13:54.478+0000] {task_command.py:416} INFO - Running <TaskInstance: autoinsight_data_pipeline.fetch_epa_data manual__2025-12-06T20:08:51.337611+00:00 [running]> on host 1badb96241cc
[2025-12-06T20:13:54.645+0000] {taskinstance.py:1662} INFO - Exporting env vars: AIRFLOW_CTX_DAG_EMAIL='autoinsight@example.com' AIRFLOW_CTX_DAG_OWNER='autoinsight-team' AIRFLOW_CTX_DAG_ID='autoinsight_data_pipeline' AIRFLOW_CTX_TASK_ID='fetch_epa_data' AIRFLOW_CTX_EXECUTION_DATE='2025-12-06T20:08:51.337611+00:00' AIRFLOW_CTX_TRY_NUMBER='2' AIRFLOW_CTX_DAG_RUN_ID='manual__2025-12-06T20:08:51.337611+00:00'
[2025-12-06T20:13:54.648+0000] {logging_mixin.py:154} INFO - ======================================================================
[2025-12-06T20:13:54.649+0000] {logging_mixin.py:154} INFO - TASK 1: EPA Fuel Economy Data Collection
[2025-12-06T20:13:54.649+0000] {logging_mixin.py:154} INFO - ======================================================================
[2025-12-06T20:13:54.651+0000] {logging_mixin.py:154} INFO - ❌ EPA Data Collection Failed: No module named 'get_epa_data'
[2025-12-06T20:13:54.658+0000] {logging_mixin.py:154} WARNING - Traceback (most recent call last):
[2025-12-06T20:13:54.659+0000] {logging_mixin.py:154} WARNING -   File "/opt/***/dags/autoinsight_data_pipeline.py", line 50, in fetch_epa_data
    from get_epa_data import main as epa_main
[2025-12-06T20:13:54.660+0000] {logging_mixin.py:154} WARNING - ModuleNotFoundError: No module named 'get_epa_data'
[2025-12-06T20:13:54.662+0000] {taskinstance.py:1937} ERROR - Task failed with exception
Traceback (most recent call last):
  File "/home/airflow/.local/lib/python3.11/site-packages/airflow/operators/python.py", line 192, in execute
    return_value = self.execute_callable()
                   ^^^^^^^^^^^^^^^^^^^^^^^
  File "/home/airflow/.local/lib/python3.11/site-packages/airflow/operators/python.py", line 209, in execute_callable
    return self.python_callable(*self.op_args, **self.op_kwargs)
           ^^^^^^^^^^^^^^^^^^^^^^^^^^^^^^^^^^^^^^^^^^^^^^^^^^^^^
  File "/opt/airflow/dags/autoinsight_data_pipeline.py", line 50, in fetch_epa_data
    from get_epa_data import main as epa_main
ModuleNotFoundError: No module named 'get_epa_data'
[2025-12-06T20:13:54.677+0000] {taskinstance.py:1400} INFO - Marking task as UP_FOR_RETRY. dag_id=autoinsight_data_pipeline, task_id=fetch_epa_data, execution_date=20251206T200851, start_date=20251206T201354, end_date=20251206T201354
[2025-12-06T20:13:54.698+0000] {standard_task_runner.py:104} ERROR - Failed to execute job 67 for task fetch_epa_data (No module named 'get_epa_data'; 256)
[2025-12-06T20:13:54.726+0000] {local_task_job_runner.py:228} INFO - Task exited with return code 1
[2025-12-06T20:13:54.769+0000] {taskinstance.py:2778} INFO - 0 downstream tasks scheduled from follow-on schedule check
