[2025-12-09T22:37:42.982+0000] {taskinstance.py:1159} INFO - Dependencies all met for dep_context=non-requeueable deps ti=<TaskInstance: autoinsight_data_pipeline.check_environment manual__2025-12-09T20:24:09.474188+00:00 [queued]>
[2025-12-09T22:37:42.993+0000] {taskinstance.py:1159} INFO - Dependencies all met for dep_context=requeueable deps ti=<TaskInstance: autoinsight_data_pipeline.check_environment manual__2025-12-09T20:24:09.474188+00:00 [queued]>
[2025-12-09T22:37:42.994+0000] {taskinstance.py:1361} INFO - Starting attempt 1 of 4
[2025-12-09T22:37:43.012+0000] {taskinstance.py:1382} INFO - Executing <Task(BashOperator): check_environment> on 2025-12-09 20:24:09.474188+00:00
[2025-12-09T22:37:43.022+0000] {standard_task_runner.py:57} INFO - Started process 5466 to run task
[2025-12-09T22:37:43.028+0000] {standard_task_runner.py:84} INFO - Running: ['***', 'tasks', 'run', 'autoinsight_data_pipeline', 'check_environment', 'manual__2025-12-09T20:24:09.474188+00:00', '--job-id', '34', '--raw', '--subdir', 'DAGS_FOLDER/autoinsight_data_pipeline.py', '--cfg-path', '/tmp/tmpg406v116']
[2025-12-09T22:37:43.033+0000] {standard_task_runner.py:85} INFO - Job 34: Subtask check_environment
[2025-12-09T22:37:43.127+0000] {task_command.py:416} INFO - Running <TaskInstance: autoinsight_data_pipeline.check_environment manual__2025-12-09T20:24:09.474188+00:00 [running]> on host 09126cf425ed
[2025-12-09T22:37:43.515+0000] {taskinstance.py:1662} INFO - Exporting env vars: AIRFLOW_CTX_DAG_EMAIL='autoinsight@example.com' AIRFLOW_CTX_DAG_OWNER='autoinsight-team' AIRFLOW_CTX_DAG_ID='autoinsight_data_pipeline' AIRFLOW_CTX_TASK_ID='check_environment' AIRFLOW_CTX_EXECUTION_DATE='2025-12-09T20:24:09.474188+00:00' AIRFLOW_CTX_TRY_NUMBER='1' AIRFLOW_CTX_DAG_RUN_ID='manual__2025-12-09T20:24:09.474188+00:00'
[2025-12-09T22:37:43.517+0000] {subprocess.py:63} INFO - Tmp dir root location: /tmp
[2025-12-09T22:37:43.519+0000] {subprocess.py:75} INFO - Running command: ['/bin/bash', '-c', '\n            echo "Checking environment variables..."\n            echo "S3_BUCKET_NAME: ${S3_BUCKET_NAME:-NOT SET}"\n            echo "FRED_API_KEY: ${FRED_API_KEY:+SET}"\n            echo "AWS_ACCESS_KEY_ID: ${AWS_ACCESS_KEY_ID:+SET}"\n            \n            if [ -z "$S3_BUCKET_NAME" ]; then\n                echo "ERROR: S3_BUCKET_NAME not set"\n                exit 1\n            fi\n            \n            if [ -z "$FRED_API_KEY" ]; then\n                echo "ERROR: FRED_API_KEY not set"\n                exit 1\n            fi\n            \n            echo "✅ Environment check passed"\n        ']
[2025-12-09T22:37:43.534+0000] {subprocess.py:86} INFO - Output:
[2025-12-09T22:37:43.536+0000] {subprocess.py:93} INFO - Checking environment variables...
[2025-12-09T22:37:43.537+0000] {subprocess.py:93} INFO - S3_BUCKET_NAME: autoinsightfinal
[2025-12-09T22:37:43.538+0000] {subprocess.py:93} INFO - FRED_API_KEY: SET
[2025-12-09T22:37:43.538+0000] {subprocess.py:93} INFO - AWS_ACCESS_KEY_ID: SET
[2025-12-09T22:37:43.539+0000] {subprocess.py:93} INFO - ✅ Environment check passed
[2025-12-09T22:37:43.540+0000] {subprocess.py:97} INFO - Command exited with return code 0
[2025-12-09T22:37:43.575+0000] {taskinstance.py:1400} INFO - Marking task as SUCCESS. dag_id=autoinsight_data_pipeline, task_id=check_environment, execution_date=20251209T202409, start_date=20251209T223742, end_date=20251209T223743
[2025-12-09T22:37:43.643+0000] {local_task_job_runner.py:228} INFO - Task exited with return code 0
[2025-12-09T22:37:43.683+0000] {taskinstance.py:2778} INFO - 1 downstream tasks scheduled from follow-on schedule check
