[2025-12-08T22:44:17.164+0000] {taskinstance.py:1159} INFO - Dependencies all met for dep_context=non-requeueable deps ti=<TaskInstance: autoinsight_cleaning_pipeline_v2.generate_report manual__2025-12-08T22:39:05.084554+00:00 [queued]>
[2025-12-08T22:44:17.174+0000] {taskinstance.py:1159} INFO - Dependencies all met for dep_context=requeueable deps ti=<TaskInstance: autoinsight_cleaning_pipeline_v2.generate_report manual__2025-12-08T22:39:05.084554+00:00 [queued]>
[2025-12-08T22:44:17.175+0000] {taskinstance.py:1361} INFO - Starting attempt 1 of 3
[2025-12-08T22:44:17.188+0000] {taskinstance.py:1382} INFO - Executing <Task(PythonOperator): generate_report> on 2025-12-08 22:39:05.084554+00:00
[2025-12-08T22:44:17.192+0000] {standard_task_runner.py:57} INFO - Started process 9512 to run task
[2025-12-08T22:44:17.195+0000] {standard_task_runner.py:84} INFO - Running: ['***', 'tasks', 'run', 'autoinsight_cleaning_pipeline_v2', 'generate_report', 'manual__2025-12-08T22:39:05.084554+00:00', '--job-id', '286', '--raw', '--subdir', 'DAGS_FOLDER/autoinsight_cleaning_pipeline.py', '--cfg-path', '/tmp/tmplbxl1_ip']
[2025-12-08T22:44:17.198+0000] {standard_task_runner.py:85} INFO - Job 286: Subtask generate_report
[2025-12-08T22:44:17.256+0000] {task_command.py:416} INFO - Running <TaskInstance: autoinsight_cleaning_pipeline_v2.generate_report manual__2025-12-08T22:39:05.084554+00:00 [running]> on host 71216401ab91
[2025-12-08T22:44:17.331+0000] {taskinstance.py:1662} INFO - Exporting env vars: AIRFLOW_CTX_DAG_EMAIL='autoinsight@example.com' AIRFLOW_CTX_DAG_OWNER='autoinsight-team' AIRFLOW_CTX_DAG_ID='autoinsight_cleaning_pipeline_v2' AIRFLOW_CTX_TASK_ID='generate_report' AIRFLOW_CTX_EXECUTION_DATE='2025-12-08T22:39:05.084554+00:00' AIRFLOW_CTX_TRY_NUMBER='1' AIRFLOW_CTX_DAG_RUN_ID='manual__2025-12-08T22:39:05.084554+00:00'
[2025-12-08T22:44:17.333+0000] {logging_mixin.py:154} INFO - ======================================================================
[2025-12-08T22:44:17.333+0000] {logging_mixin.py:154} INFO - PIPELINE EXECUTION REPORT
[2025-12-08T22:44:17.334+0000] {logging_mixin.py:154} INFO - ======================================================================
[2025-12-08T22:44:17.334+0000] {logging_mixin.py:154} INFO - 
Rows Loaded to Snowflake:
[2025-12-08T22:44:17.347+0000] {logging_mixin.py:154} INFO -   EPA: 3,858
[2025-12-08T22:44:17.356+0000] {logging_mixin.py:154} INFO -   FRED: 71
[2025-12-08T22:44:17.363+0000] {logging_mixin.py:154} INFO -   RECALLS: 1,210
[2025-12-08T22:44:17.370+0000] {logging_mixin.py:154} INFO -   COMPLAINTS: 210,517
[2025-12-08T22:44:17.379+0000] {logging_mixin.py:154} INFO -   RATINGS: 1,727
[2025-12-08T22:44:17.387+0000] {logging_mixin.py:154} INFO -   INVESTIGATIONS: 89
[2025-12-08T22:44:17.387+0000] {logging_mixin.py:154} INFO - 
  TOTAL: 217,472 rows
[2025-12-08T22:44:17.388+0000] {logging_mixin.py:154} INFO - 
✅ Pipeline Complete!
[2025-12-08T22:44:17.388+0000] {logging_mixin.py:154} INFO - ======================================================================
[2025-12-08T22:44:17.388+0000] {python.py:194} INFO - Done. Returned value was: None
[2025-12-08T22:44:17.395+0000] {taskinstance.py:1400} INFO - Marking task as SUCCESS. dag_id=autoinsight_cleaning_pipeline_v2, task_id=generate_report, execution_date=20251208T223905, start_date=20251208T224417, end_date=20251208T224417
[2025-12-08T22:44:17.447+0000] {local_task_job_runner.py:228} INFO - Task exited with return code 0
[2025-12-08T22:44:17.465+0000] {taskinstance.py:2778} INFO - 0 downstream tasks scheduled from follow-on schedule check
