[2025-12-08T21:28:55.380+0000] {taskinstance.py:1159} INFO - Dependencies all met for dep_context=non-requeueable deps ti=<TaskInstance: autoinsight_cleaning_pipeline_v2.clean_nhtsa_ratings manual__2025-12-08T21:28:54.281742+00:00 [queued]>
[2025-12-08T21:28:55.392+0000] {taskinstance.py:1159} INFO - Dependencies all met for dep_context=requeueable deps ti=<TaskInstance: autoinsight_cleaning_pipeline_v2.clean_nhtsa_ratings manual__2025-12-08T21:28:54.281742+00:00 [queued]>
[2025-12-08T21:28:55.392+0000] {taskinstance.py:1361} INFO - Starting attempt 1 of 3
[2025-12-08T21:28:55.410+0000] {taskinstance.py:1382} INFO - Executing <Task(PythonOperator): clean_nhtsa_ratings> on 2025-12-08 21:28:54.281742+00:00
[2025-12-08T21:28:55.417+0000] {standard_task_runner.py:57} INFO - Started process 472 to run task
[2025-12-08T21:28:55.422+0000] {standard_task_runner.py:84} INFO - Running: ['***', 'tasks', 'run', 'autoinsight_cleaning_pipeline_v2', 'clean_nhtsa_ratings', 'manual__2025-12-08T21:28:54.281742+00:00', '--job-id', '234', '--raw', '--subdir', 'DAGS_FOLDER/autoinsight_cleaning_pipeline.py', '--cfg-path', '/tmp/tmpth3bhx0i']
[2025-12-08T21:28:55.427+0000] {standard_task_runner.py:85} INFO - Job 234: Subtask clean_nhtsa_ratings
[2025-12-08T21:28:55.527+0000] {task_command.py:416} INFO - Running <TaskInstance: autoinsight_cleaning_pipeline_v2.clean_nhtsa_ratings manual__2025-12-08T21:28:54.281742+00:00 [running]> on host 5a866e73d073
[2025-12-08T21:28:55.634+0000] {taskinstance.py:1662} INFO - Exporting env vars: AIRFLOW_CTX_DAG_EMAIL='autoinsight@example.com' AIRFLOW_CTX_DAG_OWNER='autoinsight-team' AIRFLOW_CTX_DAG_ID='autoinsight_cleaning_pipeline_v2' AIRFLOW_CTX_TASK_ID='clean_nhtsa_ratings' AIRFLOW_CTX_EXECUTION_DATE='2025-12-08T21:28:54.281742+00:00' AIRFLOW_CTX_TRY_NUMBER='1' AIRFLOW_CTX_DAG_RUN_ID='manual__2025-12-08T21:28:54.281742+00:00'
[2025-12-08T21:28:55.636+0000] {logging_mixin.py:154} INFO - ======================================================================
[2025-12-08T21:28:55.637+0000] {logging_mixin.py:154} INFO - CLEANING TASK: NHTSA Safety Ratings
[2025-12-08T21:28:55.638+0000] {logging_mixin.py:154} INFO - ======================================================================
[2025-12-08T21:28:55.856+0000] {logging_mixin.py:154} INFO - 
🚀 Starting NHTSA Ratings Cleaning
[2025-12-08T21:28:55.856+0000] {logging_mixin.py:154} INFO - 🔧 Running in LOCAL mode
[2025-12-08T21:28:55.857+0000] {logging_mixin.py:154} INFO - 📦 Loading AWS S3 connectors...
[2025-12-08T21:29:37.544+0000] {logging_mixin.py:154} INFO - ❌ NHTSA Safety Ratings Failed: [JAVA_GATEWAY_EXITED] Java gateway process exited before sending its port number.
[2025-12-08T21:29:37.555+0000] {logging_mixin.py:154} WARNING - Traceback (most recent call last):
[2025-12-08T21:29:37.557+0000] {logging_mixin.py:154} WARNING -   File "/opt/***/dags/autoinsight_cleaning_pipeline.py", line 88, in run_cleaning_task
    main()
[2025-12-08T21:29:37.558+0000] {logging_mixin.py:154} WARNING -   File "/opt/***/src/clean_nhtsa_ratings.py", line 447, in main
    spark = builder.getOrCreate()
            ^^^^^^^^^^^^^^^^^^^^^
[2025-12-08T21:29:37.559+0000] {logging_mixin.py:154} WARNING -   File "/home/***/.local/lib/python3.11/site-packages/pyspark/sql/session.py", line 497, in getOrCreate
    sc = SparkContext.getOrCreate(sparkConf)
         ^^^^^^^^^^^^^^^^^^^^^^^^^^^^^^^^^^^
[2025-12-08T21:29:37.560+0000] {logging_mixin.py:154} WARNING -   File "/home/***/.local/lib/python3.11/site-packages/pyspark/context.py", line 515, in getOrCreate
    SparkContext(conf=conf or SparkConf())
[2025-12-08T21:29:37.562+0000] {logging_mixin.py:154} WARNING -   File "/home/***/.local/lib/python3.11/site-packages/pyspark/context.py", line 201, in __init__
    SparkContext._ensure_initialized(self, gateway=gateway, conf=conf)
[2025-12-08T21:29:37.565+0000] {logging_mixin.py:154} WARNING -   File "/home/***/.local/lib/python3.11/site-packages/pyspark/context.py", line 436, in _ensure_initialized
    SparkContext._gateway = gateway or launch_gateway(conf)
                                       ^^^^^^^^^^^^^^^^^^^^
[2025-12-08T21:29:37.566+0000] {logging_mixin.py:154} WARNING -   File "/home/***/.local/lib/python3.11/site-packages/pyspark/java_gateway.py", line 107, in launch_gateway
    raise PySparkRuntimeError(
[2025-12-08T21:29:37.567+0000] {logging_mixin.py:154} WARNING - pyspark.errors.exceptions.base.PySparkRuntimeError: [JAVA_GATEWAY_EXITED] Java gateway process exited before sending its port number.
[2025-12-08T21:29:37.570+0000] {taskinstance.py:1937} ERROR - Task failed with exception
Traceback (most recent call last):
  File "/home/airflow/.local/lib/python3.11/site-packages/airflow/operators/python.py", line 192, in execute
    return_value = self.execute_callable()
                   ^^^^^^^^^^^^^^^^^^^^^^^
  File "/home/airflow/.local/lib/python3.11/site-packages/airflow/operators/python.py", line 209, in execute_callable
    return self.python_callable(*self.op_args, **self.op_kwargs)
           ^^^^^^^^^^^^^^^^^^^^^^^^^^^^^^^^^^^^^^^^^^^^^^^^^^^^^
  File "/opt/airflow/dags/autoinsight_cleaning_pipeline.py", line 123, in clean_nhtsa_ratings
    return run_cleaning_task('clean_nhtsa_ratings', 'NHTSA Safety Ratings', **context)
           ^^^^^^^^^^^^^^^^^^^^^^^^^^^^^^^^^^^^^^^^^^^^^^^^^^^^^^^^^^^^^^^^^^^^^^^^^^^
  File "/opt/airflow/dags/autoinsight_cleaning_pipeline.py", line 88, in run_cleaning_task
    main()
  File "/opt/airflow/src/clean_nhtsa_ratings.py", line 447, in main
    spark = builder.getOrCreate()
            ^^^^^^^^^^^^^^^^^^^^^
  File "/home/airflow/.local/lib/python3.11/site-packages/pyspark/sql/session.py", line 497, in getOrCreate
    sc = SparkContext.getOrCreate(sparkConf)
         ^^^^^^^^^^^^^^^^^^^^^^^^^^^^^^^^^^^
  File "/home/airflow/.local/lib/python3.11/site-packages/pyspark/context.py", line 515, in getOrCreate
    SparkContext(conf=conf or SparkConf())
  File "/home/airflow/.local/lib/python3.11/site-packages/pyspark/context.py", line 201, in __init__
    SparkContext._ensure_initialized(self, gateway=gateway, conf=conf)
  File "/home/airflow/.local/lib/python3.11/site-packages/pyspark/context.py", line 436, in _ensure_initialized
    SparkContext._gateway = gateway or launch_gateway(conf)
                                       ^^^^^^^^^^^^^^^^^^^^
  File "/home/airflow/.local/lib/python3.11/site-packages/pyspark/java_gateway.py", line 107, in launch_gateway
    raise PySparkRuntimeError(
pyspark.errors.exceptions.base.PySparkRuntimeError: [JAVA_GATEWAY_EXITED] Java gateway process exited before sending its port number.
[2025-12-08T21:29:37.600+0000] {taskinstance.py:1400} INFO - Marking task as UP_FOR_RETRY. dag_id=autoinsight_cleaning_pipeline_v2, task_id=clean_nhtsa_ratings, execution_date=20251208T212854, start_date=20251208T212855, end_date=20251208T212937
[2025-12-08T21:29:37.639+0000] {standard_task_runner.py:104} ERROR - Failed to execute job 234 for task clean_nhtsa_ratings ([JAVA_GATEWAY_EXITED] Java gateway process exited before sending its port number.; 472)
[2025-12-08T21:29:37.658+0000] {local_task_job_runner.py:228} INFO - Task exited with return code 1
[2025-12-08T21:29:37.707+0000] {taskinstance.py:2778} INFO - 0 downstream tasks scheduled from follow-on schedule check
