[2025-12-10T09:06:10.566+0000] {taskinstance.py:1159} INFO - Dependencies all met for dep_context=non-requeueable deps ti=<TaskInstance: autoinsight_cleaning_pipeline_v2.load_investigations_to_snowflake manual__2025-12-10T08:31:58.521713+00:00 [queued]>
[2025-12-10T09:06:10.585+0000] {taskinstance.py:1159} INFO - Dependencies all met for dep_context=requeueable deps ti=<TaskInstance: autoinsight_cleaning_pipeline_v2.load_investigations_to_snowflake manual__2025-12-10T08:31:58.521713+00:00 [queued]>
[2025-12-10T09:06:10.588+0000] {taskinstance.py:1361} INFO - Starting attempt 1 of 3
[2025-12-10T09:06:10.612+0000] {taskinstance.py:1382} INFO - Executing <Task(PythonOperator): load_investigations_to_snowflake> on 2025-12-10 08:31:58.521713+00:00
[2025-12-10T09:06:10.624+0000] {standard_task_runner.py:57} INFO - Started process 11863 to run task
[2025-12-10T09:06:10.632+0000] {standard_task_runner.py:84} INFO - Running: ['***', 'tasks', 'run', 'autoinsight_cleaning_pipeline_v2', 'load_investigations_to_snowflake', 'manual__2025-12-10T08:31:58.521713+00:00', '--job-id', '147', '--raw', '--subdir', 'DAGS_FOLDER/autoinsight_cleaning_pipeline.py', '--cfg-path', '/tmp/tmpkyfot4tt']
[2025-12-10T09:06:10.710+0000] {standard_task_runner.py:85} INFO - Job 147: Subtask load_investigations_to_snowflake
[2025-12-10T09:06:10.866+0000] {task_command.py:416} INFO - Running <TaskInstance: autoinsight_cleaning_pipeline_v2.load_investigations_to_snowflake manual__2025-12-10T08:31:58.521713+00:00 [running]> on host 846744d01d56
[2025-12-10T09:06:11.038+0000] {taskinstance.py:1662} INFO - Exporting env vars: AIRFLOW_CTX_DAG_EMAIL='autoinsight@example.com' AIRFLOW_CTX_DAG_OWNER='autoinsight-team' AIRFLOW_CTX_DAG_ID='autoinsight_cleaning_pipeline_v2' AIRFLOW_CTX_TASK_ID='load_investigations_to_snowflake' AIRFLOW_CTX_EXECUTION_DATE='2025-12-10T08:31:58.521713+00:00' AIRFLOW_CTX_TRY_NUMBER='1' AIRFLOW_CTX_DAG_RUN_ID='manual__2025-12-10T08:31:58.521713+00:00'
[2025-12-10T09:06:11.210+0000] {logging_mixin.py:154} INFO - ======================================================================
[2025-12-10T09:06:11.211+0000] {logging_mixin.py:154} INFO - SNOWFLAKE LOAD: INVESTIGATIONS
[2025-12-10T09:06:11.212+0000] {logging_mixin.py:154} INFO - S3 Path: s3://autoinsightfinal/nhtsa/cleaned_new/investigations/csv/
[2025-12-10T09:06:11.213+0000] {logging_mixin.py:154} INFO - Target: AUTOMOTIVE_AI.NHTSA.FACT_INVESTIGATIONS
[2025-12-10T09:06:11.213+0000] {logging_mixin.py:154} INFO - ======================================================================
[2025-12-10T09:06:11.251+0000] {credentials.py:1147} INFO - Found credentials in environment variables.
[2025-12-10T09:06:15.067+0000] {logging_mixin.py:154} INFO - Reading: s3://autoinsightfinal/nhtsa/cleaned_new/investigations/csv/part-00000-f7cc1542-32e0-4cb1-96bf-031a4c616333-c000.csv
[2025-12-10T09:06:18.170+0000] {logging_mixin.py:154} INFO - Loaded 178 records from S3
[2025-12-10T09:06:18.172+0000] {logging_mixin.py:154} INFO - Columns: ['investigation_id', 'nhtsa_action_number', 'vehicle_id', 'make', 'manufacturer_name', 'model', 'year', 'component_name', 'component_category', 'open_date', 'close_date', 'open_year', 'campaign_number', 'has_recall', 'subject', 'summary', 'investigation_status', 'investigation_duration_days', 'long_investigation_flag', 'missing_critical_data', 'date_inconsistency', 'processed_at', 'data_source', 'processing_version']
[2025-12-10T09:06:18.173+0000] {connection.py:386} INFO - Snowflake Connector for Python Version: 3.7.0, Python Version: 3.11.6, Platform: Linux-6.6.87.2-microsoft-standard-WSL2-x86_64-with-glibc2.31
[2025-12-10T09:06:18.174+0000] {connection.py:1211} INFO - This connection is in OCSP Fail Open Mode. TLS Certificates would be checked for validity and revocation status. Any other Certificate Revocation related exceptions or OCSP Responder failures would be disregarded in favor of connectivity.
[2025-12-10T09:06:22.270+0000] {cursor.py:1032} INFO - query: [USE SCHEMA NHTSA]
[2025-12-10T09:06:22.451+0000] {cursor.py:1045} INFO - query execution done
[2025-12-10T09:06:22.453+0000] {cursor.py:1205} INFO - Number of results in first chunk: 1
[2025-12-10T09:06:22.458+0000] {cursor.py:1032} INFO - query: [CREATE TEMP STAGE /* Python:snowflake.connector.pandas_tools.write_pandas() */ c...]
[2025-12-10T09:06:22.619+0000] {cursor.py:1045} INFO - query execution done
[2025-12-10T09:06:22.621+0000] {cursor.py:1205} INFO - Number of results in first chunk: 1
[2025-12-10T09:06:22.711+0000] {cursor.py:1032} INFO - query: [PUT /* Python:snowflake.connector.pandas_tools.write_pandas() */ 'file:///tmp/tm...]
[2025-12-10T09:06:22.855+0000] {cursor.py:1045} INFO - query execution done
[2025-12-10T09:06:23.362+0000] {cursor.py:1032} INFO - query: [CREATE TEMP FILE FORMAT wwleayatjr /* Python:snowflake.connector.pandas_tools.wr...]
[2025-12-10T09:06:23.458+0000] {cursor.py:1045} INFO - query execution done
[2025-12-10T09:06:23.462+0000] {cursor.py:1205} INFO - Number of results in first chunk: 1
[2025-12-10T09:06:23.463+0000] {cursor.py:1032} INFO - query: [SELECT COLUMN_NAME, TYPE FROM table(infer_schema(location=>'@ckzrvvrpjj', file_f...]
[2025-12-10T09:06:23.901+0000] {cursor.py:1045} INFO - query execution done
[2025-12-10T09:06:23.905+0000] {cursor.py:1205} INFO - Number of results in first chunk: 24
[2025-12-10T09:06:23.907+0000] {cursor.py:1032} INFO - query: [CREATE  TABLE IF NOT EXISTS kjatrvfdht (investigation_id TEXT, nhtsa_action_numb...]
[2025-12-10T09:06:24.226+0000] {cursor.py:1045} INFO - query execution done
[2025-12-10T09:06:24.228+0000] {cursor.py:1205} INFO - Number of results in first chunk: 1
[2025-12-10T09:06:24.231+0000] {cursor.py:1032} INFO - query: [COPY INTO kjatrvfdht /* Python:snowflake.connector.pandas_tools.write_pandas() *...]
[2025-12-10T09:06:25.333+0000] {cursor.py:1045} INFO - query execution done
[2025-12-10T09:06:25.335+0000] {cursor.py:1205} INFO - Number of results in first chunk: 1
[2025-12-10T09:06:25.336+0000] {cursor.py:1032} INFO - query: [DROP TABLE IF EXISTS FACT_INVESTIGATIONS /* Python:snowflake.connector.pandas_to...]
[2025-12-10T09:06:25.675+0000] {cursor.py:1045} INFO - query execution done
[2025-12-10T09:06:25.677+0000] {cursor.py:1205} INFO - Number of results in first chunk: 1
[2025-12-10T09:06:25.678+0000] {cursor.py:1032} INFO - query: [ALTER TABLE kjatrvfdht RENAME TO FACT_INVESTIGATIONS /* Python:snowflake.connect...]
[2025-12-10T09:06:26.055+0000] {cursor.py:1045} INFO - query execution done
[2025-12-10T09:06:26.056+0000] {cursor.py:1205} INFO - Number of results in first chunk: 1
[2025-12-10T09:06:26.058+0000] {logging_mixin.py:154} INFO - ✅ Loaded 178 rows into AUTOMOTIVE_AI.NHTSA.FACT_INVESTIGATIONS
[2025-12-10T09:06:26.061+0000] {cursor.py:1032} INFO - query: [SELECT COUNT(*) FROM FACT_INVESTIGATIONS]
[2025-12-10T09:06:26.416+0000] {cursor.py:1045} INFO - query execution done
[2025-12-10T09:06:26.418+0000] {cursor.py:1205} INFO - Number of results in first chunk: 1
[2025-12-10T09:06:26.419+0000] {logging_mixin.py:154} INFO - Verification: 178 rows in table
[2025-12-10T09:06:26.423+0000] {connection.py:734} INFO - closed
[2025-12-10T09:06:26.776+0000] {connection.py:740} INFO - No async queries seem to be running, deleting session
[2025-12-10T09:06:27.332+0000] {python.py:194} INFO - Done. Returned value was: True
[2025-12-10T09:06:27.387+0000] {taskinstance.py:1400} INFO - Marking task as SUCCESS. dag_id=autoinsight_cleaning_pipeline_v2, task_id=load_investigations_to_snowflake, execution_date=20251210T083158, start_date=20251210T090610, end_date=20251210T090627
[2025-12-10T09:06:27.499+0000] {local_task_job_runner.py:228} INFO - Task exited with return code 0
[2025-12-10T09:06:27.567+0000] {taskinstance.py:2778} INFO - 0 downstream tasks scheduled from follow-on schedule check
