[2025-12-09T22:27:33.711+0000] {taskinstance.py:1159} INFO - Dependencies all met for dep_context=non-requeueable deps ti=<TaskInstance: autoinsight_data_pipeline.fetch_fred_data scheduled__2025-12-08T02:00:00+00:00 [queued]>
[2025-12-09T22:27:33.724+0000] {taskinstance.py:1159} INFO - Dependencies all met for dep_context=requeueable deps ti=<TaskInstance: autoinsight_data_pipeline.fetch_fred_data scheduled__2025-12-08T02:00:00+00:00 [queued]>
[2025-12-09T22:27:33.725+0000] {taskinstance.py:1361} INFO - Starting attempt 2 of 4
[2025-12-09T22:27:33.746+0000] {taskinstance.py:1382} INFO - Executing <Task(PythonOperator): fetch_fred_data> on 2025-12-08 02:00:00+00:00
[2025-12-09T22:27:33.761+0000] {standard_task_runner.py:57} INFO - Started process 5026 to run task
[2025-12-09T22:27:33.770+0000] {standard_task_runner.py:84} INFO - Running: ['***', 'tasks', 'run', 'autoinsight_data_pipeline', 'fetch_fred_data', 'scheduled__2025-12-08T02:00:00+00:00', '--job-id', '30', '--raw', '--subdir', 'DAGS_FOLDER/autoinsight_data_pipeline.py', '--cfg-path', '/tmp/tmpekh788bn']
[2025-12-09T22:27:33.775+0000] {standard_task_runner.py:85} INFO - Job 30: Subtask fetch_fred_data
[2025-12-09T22:27:33.886+0000] {task_command.py:416} INFO - Running <TaskInstance: autoinsight_data_pipeline.fetch_fred_data scheduled__2025-12-08T02:00:00+00:00 [running]> on host 09126cf425ed
[2025-12-09T22:27:34.302+0000] {taskinstance.py:1662} INFO - Exporting env vars: AIRFLOW_CTX_DAG_EMAIL='autoinsight@example.com' AIRFLOW_CTX_DAG_OWNER='autoinsight-team' AIRFLOW_CTX_DAG_ID='autoinsight_data_pipeline' AIRFLOW_CTX_TASK_ID='fetch_fred_data' AIRFLOW_CTX_EXECUTION_DATE='2025-12-08T02:00:00+00:00' AIRFLOW_CTX_TRY_NUMBER='2' AIRFLOW_CTX_DAG_RUN_ID='scheduled__2025-12-08T02:00:00+00:00'
[2025-12-09T22:27:34.306+0000] {logging_mixin.py:154} INFO - ======================================================================
[2025-12-09T22:27:34.307+0000] {logging_mixin.py:154} INFO - TASK 2: FRED Economic Data Collection
[2025-12-09T22:27:34.308+0000] {logging_mixin.py:154} INFO - ======================================================================
[2025-12-09T22:27:34.436+0000] {logging_mixin.py:154} INFO - ❌ FRED Data Collection Failed: cannot import name 'main' from 'data_cleaning.get_fred_data' (/opt/***/src/data_cleaning/get_fred_data.py)
[2025-12-09T22:27:34.444+0000] {logging_mixin.py:154} WARNING - Traceback (most recent call last):
[2025-12-09T22:27:34.445+0000] {logging_mixin.py:154} WARNING -   File "/opt/***/dags/autoinsight_data_pipeline.py", line 92, in fetch_fred_data
    from data_cleaning.get_fred_data import main as fred_main
[2025-12-09T22:27:34.446+0000] {logging_mixin.py:154} WARNING - ImportError: cannot import name 'main' from 'data_cleaning.get_fred_data' (/opt/***/src/data_cleaning/get_fred_data.py)
[2025-12-09T22:27:34.447+0000] {taskinstance.py:1937} ERROR - Task failed with exception
Traceback (most recent call last):
  File "/home/airflow/.local/lib/python3.11/site-packages/airflow/operators/python.py", line 192, in execute
    return_value = self.execute_callable()
                   ^^^^^^^^^^^^^^^^^^^^^^^
  File "/home/airflow/.local/lib/python3.11/site-packages/airflow/operators/python.py", line 209, in execute_callable
    return self.python_callable(*self.op_args, **self.op_kwargs)
           ^^^^^^^^^^^^^^^^^^^^^^^^^^^^^^^^^^^^^^^^^^^^^^^^^^^^^
  File "/opt/airflow/dags/autoinsight_data_pipeline.py", line 92, in fetch_fred_data
    from data_cleaning.get_fred_data import main as fred_main
ImportError: cannot import name 'main' from 'data_cleaning.get_fred_data' (/opt/airflow/src/data_cleaning/get_fred_data.py)
[2025-12-09T22:27:34.462+0000] {taskinstance.py:1400} INFO - Marking task as UP_FOR_RETRY. dag_id=autoinsight_data_pipeline, task_id=fetch_fred_data, execution_date=20251208T020000, start_date=20251209T222733, end_date=20251209T222734
[2025-12-09T22:27:34.483+0000] {standard_task_runner.py:104} ERROR - Failed to execute job 30 for task fetch_fred_data (cannot import name 'main' from 'data_cleaning.get_fred_data' (/opt/airflow/src/data_cleaning/get_fred_data.py); 5026)
[2025-12-09T22:27:34.507+0000] {local_task_job_runner.py:228} INFO - Task exited with return code 1
[2025-12-09T22:27:34.537+0000] {taskinstance.py:2778} INFO - 0 downstream tasks scheduled from follow-on schedule check
