[2025-12-09T22:44:27.720+0000] {taskinstance.py:1159} INFO - Dependencies all met for dep_context=non-requeueable deps ti=<TaskInstance: autoinsight_data_pipeline.fetch_fred_data scheduled__2025-12-08T02:00:00+00:00 [queued]>
[2025-12-09T22:44:27.731+0000] {taskinstance.py:1159} INFO - Dependencies all met for dep_context=requeueable deps ti=<TaskInstance: autoinsight_data_pipeline.fetch_fred_data scheduled__2025-12-08T02:00:00+00:00 [queued]>
[2025-12-09T22:44:27.731+0000] {taskinstance.py:1361} INFO - Starting attempt 5 of 8
[2025-12-09T22:44:27.741+0000] {taskinstance.py:1382} INFO - Executing <Task(PythonOperator): fetch_fred_data> on 2025-12-08 02:00:00+00:00
[2025-12-09T22:44:27.746+0000] {standard_task_runner.py:57} INFO - Started process 284 to run task
[2025-12-09T22:44:27.749+0000] {standard_task_runner.py:84} INFO - Running: ['***', 'tasks', 'run', 'autoinsight_data_pipeline', 'fetch_fred_data', 'scheduled__2025-12-08T02:00:00+00:00', '--job-id', '39', '--raw', '--subdir', 'DAGS_FOLDER/autoinsight_data_pipeline.py', '--cfg-path', '/tmp/tmp9p3jmvje']
[2025-12-09T22:44:27.751+0000] {standard_task_runner.py:85} INFO - Job 39: Subtask fetch_fred_data
[2025-12-09T22:44:27.807+0000] {task_command.py:416} INFO - Running <TaskInstance: autoinsight_data_pipeline.fetch_fred_data scheduled__2025-12-08T02:00:00+00:00 [running]> on host 09126cf425ed
[2025-12-09T22:44:28.033+0000] {taskinstance.py:1662} INFO - Exporting env vars: AIRFLOW_CTX_DAG_EMAIL='autoinsight@example.com' AIRFLOW_CTX_DAG_OWNER='autoinsight-team' AIRFLOW_CTX_DAG_ID='autoinsight_data_pipeline' AIRFLOW_CTX_TASK_ID='fetch_fred_data' AIRFLOW_CTX_EXECUTION_DATE='2025-12-08T02:00:00+00:00' AIRFLOW_CTX_TRY_NUMBER='5' AIRFLOW_CTX_DAG_RUN_ID='scheduled__2025-12-08T02:00:00+00:00'
[2025-12-09T22:44:28.034+0000] {logging_mixin.py:154} INFO - ======================================================================
[2025-12-09T22:44:28.035+0000] {logging_mixin.py:154} INFO - TASK 2: FRED Economic Data Collection
[2025-12-09T22:44:28.035+0000] {logging_mixin.py:154} INFO - ======================================================================
[2025-12-09T22:44:28.142+0000] {logging_mixin.py:154} INFO - ============================================================
[2025-12-09T22:44:28.142+0000] {logging_mixin.py:154} INFO - FRED DATA FETCH AND S3 UPLOAD
[2025-12-09T22:44:28.143+0000] {logging_mixin.py:154} INFO - ============================================================
[2025-12-09T22:44:28.492+0000] {logging_mixin.py:154} INFO - Fetching TOTALSA...
[2025-12-09T22:44:28.493+0000] {logging_mixin.py:154} INFO -   Status: 200
[2025-12-09T22:44:28.500+0000] {logging_mixin.py:154} INFO -   Got 131 records (2015-01-01 to 2025-11-01)
[2025-12-09T22:44:28.651+0000] {logging_mixin.py:154} INFO - Fetching ALTSALES...
[2025-12-09T22:44:28.652+0000] {logging_mixin.py:154} INFO -   Status: 200
[2025-12-09T22:44:28.654+0000] {logging_mixin.py:154} INFO -   Got 131 records (2015-01-01 to 2025-11-01)
[2025-12-09T22:44:28.925+0000] {logging_mixin.py:154} INFO - Fetching DAUTOSAAR...
[2025-12-09T22:44:28.927+0000] {logging_mixin.py:154} INFO -   Status: 200
[2025-12-09T22:44:28.932+0000] {logging_mixin.py:154} INFO -   Got 131 records (2015-01-01 to 2025-11-01)
[2025-12-09T22:44:28.967+0000] {logging_mixin.py:154} INFO - 
============================================================
[2025-12-09T22:44:28.967+0000] {logging_mixin.py:154} INFO - LOCAL FILE CREATED
[2025-12-09T22:44:28.968+0000] {logging_mixin.py:154} INFO - ============================================================
[2025-12-09T22:44:28.968+0000] {logging_mixin.py:154} INFO -   Filename: /opt/***/data/fred_economic_indicators.csv
[2025-12-09T22:44:28.968+0000] {logging_mixin.py:154} INFO -   Records: 393
[2025-12-09T22:44:28.969+0000] {logging_mixin.py:154} INFO -   Date range: 2015-01-01 to 2025-11-01
[2025-12-09T22:44:28.969+0000] {logging_mixin.py:154} INFO -   Series: 3 (TOTALSA, ALTSALES, DAUTOSAAR)
[2025-12-09T22:44:28.970+0000] {logging_mixin.py:154} INFO - 
  Sample data:
[2025-12-09T22:44:28.974+0000] {logging_mixin.py:154} INFO -       date  value series_id         series_name
2015-01-01 16.474  ALTSALES   Light Truck Sales
2015-01-01  5.462 DAUTOSAAR Domestic Auto Sales
2015-01-01 16.910   TOTALSA Total Vehicle Sales
2015-02-01 16.461  ALTSALES   Light Truck Sales
2015-02-01  5.278 DAUTOSAAR Domestic Auto Sales
2015-02-01 16.891   TOTALSA Total Vehicle Sales
2015-03-01 17.459  ALTSALES   Light Truck Sales
2015-03-01  5.650 DAUTOSAAR Domestic Auto Sales
2015-03-01 17.896   TOTALSA Total Vehicle Sales
2015-04-01 17.249  ALTSALES   Light Truck Sales
[2025-12-09T22:44:29.051+0000] {logging_mixin.py:154} INFO - 
Uploading to S3...
[2025-12-09T22:44:29.051+0000] {logging_mixin.py:154} INFO -   File: /opt/***/data/fred_economic_indicators.csv
[2025-12-09T22:44:29.052+0000] {logging_mixin.py:154} INFO -   Destination: s3://autoinsightfinal/fred/raw/fred_economic_indicators.csv
[2025-12-09T22:44:29.773+0000] {logging_mixin.py:154} INFO -   Success!
[2025-12-09T22:44:29.775+0000] {logging_mixin.py:154} INFO - 
============================================================
[2025-12-09T22:44:29.775+0000] {logging_mixin.py:154} INFO - COMPLETE!
[2025-12-09T22:44:29.776+0000] {logging_mixin.py:154} INFO - ============================================================
[2025-12-09T22:44:29.776+0000] {logging_mixin.py:154} INFO -   FRED data successfully uploaded to:
[2025-12-09T22:44:29.777+0000] {logging_mixin.py:154} INFO -   s3://autoinsightfinal/fred/raw/fred_economic_indicators.csv
[2025-12-09T22:44:29.792+0000] {logging_mixin.py:154} INFO - ✅ FRED Data Collection Complete: 393 records
[2025-12-09T22:44:29.793+0000] {python.py:194} INFO - Done. Returned value was: True
[2025-12-09T22:44:29.809+0000] {taskinstance.py:1400} INFO - Marking task as SUCCESS. dag_id=autoinsight_data_pipeline, task_id=fetch_fred_data, execution_date=20251208T020000, start_date=20251209T224427, end_date=20251209T224429
[2025-12-09T22:44:29.848+0000] {local_task_job_runner.py:228} INFO - Task exited with return code 0
[2025-12-09T22:44:29.865+0000] {taskinstance.py:2778} INFO - 1 downstream tasks scheduled from follow-on schedule check
