[2025-12-09T22:22:32.050+0000] {taskinstance.py:1159} INFO - Dependencies all met for dep_context=non-requeueable deps ti=<TaskInstance: autoinsight_data_pipeline.fetch_fred_data scheduled__2025-12-08T02:00:00+00:00 [queued]>
[2025-12-09T22:22:32.063+0000] {taskinstance.py:1159} INFO - Dependencies all met for dep_context=requeueable deps ti=<TaskInstance: autoinsight_data_pipeline.fetch_fred_data scheduled__2025-12-08T02:00:00+00:00 [queued]>
[2025-12-09T22:22:32.064+0000] {taskinstance.py:1361} INFO - Starting attempt 1 of 4
[2025-12-09T22:22:32.088+0000] {taskinstance.py:1382} INFO - Executing <Task(PythonOperator): fetch_fred_data> on 2025-12-08 02:00:00+00:00
[2025-12-09T22:22:32.099+0000] {standard_task_runner.py:57} INFO - Started process 4808 to run task
[2025-12-09T22:22:32.106+0000] {standard_task_runner.py:84} INFO - Running: ['***', 'tasks', 'run', 'autoinsight_data_pipeline', 'fetch_fred_data', 'scheduled__2025-12-08T02:00:00+00:00', '--job-id', '29', '--raw', '--subdir', 'DAGS_FOLDER/autoinsight_data_pipeline.py', '--cfg-path', '/tmp/tmpbhz_zdm5']
[2025-12-09T22:22:32.112+0000] {standard_task_runner.py:85} INFO - Job 29: Subtask fetch_fred_data
[2025-12-09T22:22:32.213+0000] {task_command.py:416} INFO - Running <TaskInstance: autoinsight_data_pipeline.fetch_fred_data scheduled__2025-12-08T02:00:00+00:00 [running]> on host 09126cf425ed
[2025-12-09T22:22:32.605+0000] {taskinstance.py:1662} INFO - Exporting env vars: AIRFLOW_CTX_DAG_EMAIL='autoinsight@example.com' AIRFLOW_CTX_DAG_OWNER='autoinsight-team' AIRFLOW_CTX_DAG_ID='autoinsight_data_pipeline' AIRFLOW_CTX_TASK_ID='fetch_fred_data' AIRFLOW_CTX_EXECUTION_DATE='2025-12-08T02:00:00+00:00' AIRFLOW_CTX_TRY_NUMBER='1' AIRFLOW_CTX_DAG_RUN_ID='scheduled__2025-12-08T02:00:00+00:00'
[2025-12-09T22:22:32.608+0000] {logging_mixin.py:154} INFO - ======================================================================
[2025-12-09T22:22:32.609+0000] {logging_mixin.py:154} INFO - TASK 2: FRED Economic Data Collection
[2025-12-09T22:22:32.610+0000] {logging_mixin.py:154} INFO - ======================================================================
[2025-12-09T22:22:32.786+0000] {logging_mixin.py:154} INFO - ❌ FRED Data Collection Failed: cannot import name 'main' from 'data_cleaning.get_fred_data' (/opt/***/src/data_cleaning/get_fred_data.py)
[2025-12-09T22:22:32.792+0000] {logging_mixin.py:154} WARNING - Traceback (most recent call last):
[2025-12-09T22:22:32.793+0000] {logging_mixin.py:154} WARNING -   File "/opt/***/dags/autoinsight_data_pipeline.py", line 92, in fetch_fred_data
    from data_cleaning.get_fred_data import main as fred_main
[2025-12-09T22:22:32.793+0000] {logging_mixin.py:154} WARNING - ImportError: cannot import name 'main' from 'data_cleaning.get_fred_data' (/opt/***/src/data_cleaning/get_fred_data.py)
[2025-12-09T22:22:32.794+0000] {taskinstance.py:1937} ERROR - Task failed with exception
Traceback (most recent call last):
  File "/home/airflow/.local/lib/python3.11/site-packages/airflow/operators/python.py", line 192, in execute
    return_value = self.execute_callable()
                   ^^^^^^^^^^^^^^^^^^^^^^^
  File "/home/airflow/.local/lib/python3.11/site-packages/airflow/operators/python.py", line 209, in execute_callable
    return self.python_callable(*self.op_args, **self.op_kwargs)
           ^^^^^^^^^^^^^^^^^^^^^^^^^^^^^^^^^^^^^^^^^^^^^^^^^^^^^
  File "/opt/airflow/dags/autoinsight_data_pipeline.py", line 92, in fetch_fred_data
    from data_cleaning.get_fred_data import main as fred_main
ImportError: cannot import name 'main' from 'data_cleaning.get_fred_data' (/opt/airflow/src/data_cleaning/get_fred_data.py)
[2025-12-09T22:22:32.809+0000] {taskinstance.py:1400} INFO - Marking task as UP_FOR_RETRY. dag_id=autoinsight_data_pipeline, task_id=fetch_fred_data, execution_date=20251208T020000, start_date=20251209T222232, end_date=20251209T222232
[2025-12-09T22:22:32.826+0000] {standard_task_runner.py:104} ERROR - Failed to execute job 29 for task fetch_fred_data (cannot import name 'main' from 'data_cleaning.get_fred_data' (/opt/airflow/src/data_cleaning/get_fred_data.py); 4808)
[2025-12-09T22:22:32.885+0000] {local_task_job_runner.py:228} INFO - Task exited with return code 1
[2025-12-09T22:22:32.933+0000] {taskinstance.py:2778} INFO - 0 downstream tasks scheduled from follow-on schedule check
