[2025-12-10T08:37:55.845+0000] {taskinstance.py:1159} INFO - Dependencies all met for dep_context=non-requeueable deps ti=<TaskInstance: autoinsight_cleaning_pipeline_v2.load_ratings_to_snowflake manual__2025-12-10T07:39:00.715114+00:00 [queued]>
[2025-12-10T08:37:55.870+0000] {taskinstance.py:1159} INFO - Dependencies all met for dep_context=requeueable deps ti=<TaskInstance: autoinsight_cleaning_pipeline_v2.load_ratings_to_snowflake manual__2025-12-10T07:39:00.715114+00:00 [queued]>
[2025-12-10T08:37:55.874+0000] {taskinstance.py:1361} INFO - Starting attempt 1 of 3
[2025-12-10T08:37:55.906+0000] {taskinstance.py:1382} INFO - Executing <Task(PythonOperator): load_ratings_to_snowflake> on 2025-12-10 07:39:00.715114+00:00
[2025-12-10T08:37:55.923+0000] {standard_task_runner.py:57} INFO - Started process 4612 to run task
[2025-12-10T08:37:55.930+0000] {standard_task_runner.py:84} INFO - Running: ['***', 'tasks', 'run', 'autoinsight_cleaning_pipeline_v2', 'load_ratings_to_snowflake', 'manual__2025-12-10T07:39:00.715114+00:00', '--job-id', '113', '--raw', '--subdir', 'DAGS_FOLDER/autoinsight_cleaning_pipeline.py', '--cfg-path', '/tmp/tmptmae29es']
[2025-12-10T08:37:55.939+0000] {standard_task_runner.py:85} INFO - Job 113: Subtask load_ratings_to_snowflake
[2025-12-10T08:37:56.076+0000] {task_command.py:416} INFO - Running <TaskInstance: autoinsight_cleaning_pipeline_v2.load_ratings_to_snowflake manual__2025-12-10T07:39:00.715114+00:00 [running]> on host 846744d01d56
[2025-12-10T08:37:56.267+0000] {taskinstance.py:1662} INFO - Exporting env vars: AIRFLOW_CTX_DAG_EMAIL='autoinsight@example.com' AIRFLOW_CTX_DAG_OWNER='autoinsight-team' AIRFLOW_CTX_DAG_ID='autoinsight_cleaning_pipeline_v2' AIRFLOW_CTX_TASK_ID='load_ratings_to_snowflake' AIRFLOW_CTX_EXECUTION_DATE='2025-12-10T07:39:00.715114+00:00' AIRFLOW_CTX_TRY_NUMBER='1' AIRFLOW_CTX_DAG_RUN_ID='manual__2025-12-10T07:39:00.715114+00:00'
[2025-12-10T08:37:56.435+0000] {logging_mixin.py:154} INFO - ======================================================================
[2025-12-10T08:37:56.436+0000] {logging_mixin.py:154} INFO - SNOWFLAKE LOAD: RATINGS
[2025-12-10T08:37:56.437+0000] {logging_mixin.py:154} INFO - S3 Path: s3://autoinsightfinal/nhtsa/cleaned_new/ratings/csv/
[2025-12-10T08:37:56.438+0000] {logging_mixin.py:154} INFO - Target: AUTOMOTIVE_AI.NHTSA.FACT_RATINGS
[2025-12-10T08:37:56.438+0000] {logging_mixin.py:154} INFO - ======================================================================
[2025-12-10T08:37:56.475+0000] {credentials.py:1147} INFO - Found credentials in environment variables.
[2025-12-10T08:38:00.333+0000] {logging_mixin.py:154} INFO - Reading: s3://autoinsightfinal/nhtsa/cleaned_new/ratings/csv/part-00000-5fe31cd6-2f24-4109-8571-f1ca73b5cfc9-c000.csv
[2025-12-10T08:38:02.072+0000] {logging_mixin.py:154} INFO - Loaded 3,091 records from S3
[2025-12-10T08:38:02.073+0000] {logging_mixin.py:154} INFO - Columns: ['rating_id', 'vehicle_id', 'make', 'model', 'year', 'body_style', 'vehicle_class', 'drive_train', 'num_of_seating', 'curb_weight', 'min_gross_weight', 'max_gross_weight', 'overall_stars', 'overall_front_stars', 'overall_side_stars', 'rollover_stars', 'front_driver_stars', 'front_passenger_stars', 'side_driver_stars', 'side_passenger_stars', 'average_star_rating', 'safety_tier', 'has_abs', 'has_esc', 'has_blind_spot_detection', 'has_backup_camera', 'has_front_collision_warning', 'has_lane_departure_warning', 'has_crash_imminent_brake', 'has_dynamic_brake_support', 'has_adaptive_cruise_control', 'has_advanced_safety', 'advanced_safety_count', 'missing_critical_data', 'has_test_data', 'processed_at', 'data_source', 'processing_version']
[2025-12-10T08:38:02.075+0000] {connection.py:386} INFO - Snowflake Connector for Python Version: 3.7.0, Python Version: 3.11.6, Platform: Linux-6.6.87.2-microsoft-standard-WSL2-x86_64-with-glibc2.31
[2025-12-10T08:38:02.078+0000] {connection.py:1211} INFO - This connection is in OCSP Fail Open Mode. TLS Certificates would be checked for validity and revocation status. Any other Certificate Revocation related exceptions or OCSP Responder failures would be disregarded in favor of connectivity.
[2025-12-10T08:38:03.509+0000] {cursor.py:1032} INFO - query: [USE SCHEMA NHTSA]
[2025-12-10T08:38:03.702+0000] {cursor.py:1045} INFO - query execution done
[2025-12-10T08:38:03.703+0000] {cursor.py:1205} INFO - Number of results in first chunk: 1
[2025-12-10T08:38:03.707+0000] {cursor.py:1032} INFO - query: [CREATE TEMP STAGE /* Python:snowflake.connector.pandas_tools.write_pandas() */ a...]
[2025-12-10T08:38:03.878+0000] {cursor.py:1045} INFO - query execution done
[2025-12-10T08:38:03.883+0000] {cursor.py:1205} INFO - Number of results in first chunk: 1
[2025-12-10T08:38:04.019+0000] {cursor.py:1032} INFO - query: [PUT /* Python:snowflake.connector.pandas_tools.write_pandas() */ 'file:///tmp/tm...]
[2025-12-10T08:38:04.180+0000] {cursor.py:1045} INFO - query execution done
[2025-12-10T08:38:05.345+0000] {cursor.py:1032} INFO - query: [CREATE TEMP FILE FORMAT ujrpistbcv /* Python:snowflake.connector.pandas_tools.wr...]
[2025-12-10T08:38:05.444+0000] {cursor.py:1045} INFO - query execution done
[2025-12-10T08:38:05.445+0000] {cursor.py:1205} INFO - Number of results in first chunk: 1
[2025-12-10T08:38:05.446+0000] {cursor.py:1032} INFO - query: [SELECT COLUMN_NAME, TYPE FROM table(infer_schema(location=>'@afhvemdysm', file_f...]
[2025-12-10T08:38:05.791+0000] {cursor.py:1045} INFO - query execution done
[2025-12-10T08:38:05.792+0000] {cursor.py:1205} INFO - Number of results in first chunk: 38
[2025-12-10T08:38:05.794+0000] {cursor.py:1032} INFO - query: [CREATE  TABLE IF NOT EXISTS segivyljjr (rating_id TEXT, vehicle_id TEXT, make TE...]
[2025-12-10T08:38:05.995+0000] {cursor.py:1045} INFO - query execution done
[2025-12-10T08:38:05.997+0000] {cursor.py:1205} INFO - Number of results in first chunk: 1
[2025-12-10T08:38:05.999+0000] {cursor.py:1032} INFO - query: [COPY INTO segivyljjr /* Python:snowflake.connector.pandas_tools.write_pandas() *...]
[2025-12-10T08:38:07.257+0000] {cursor.py:1045} INFO - query execution done
[2025-12-10T08:38:07.260+0000] {cursor.py:1205} INFO - Number of results in first chunk: 1
[2025-12-10T08:38:07.261+0000] {cursor.py:1032} INFO - query: [DROP TABLE IF EXISTS FACT_RATINGS /* Python:snowflake.connector.pandas_tools.wri...]
[2025-12-10T08:38:07.467+0000] {cursor.py:1045} INFO - query execution done
[2025-12-10T08:38:07.471+0000] {cursor.py:1205} INFO - Number of results in first chunk: 1
[2025-12-10T08:38:07.475+0000] {cursor.py:1032} INFO - query: [ALTER TABLE segivyljjr RENAME TO FACT_RATINGS /* Python:snowflake.connector.pand...]
[2025-12-10T08:38:07.610+0000] {cursor.py:1045} INFO - query execution done
[2025-12-10T08:38:07.611+0000] {cursor.py:1205} INFO - Number of results in first chunk: 1
[2025-12-10T08:38:07.613+0000] {logging_mixin.py:154} INFO - ✅ Loaded 3,091 rows into AUTOMOTIVE_AI.NHTSA.FACT_RATINGS
[2025-12-10T08:38:07.613+0000] {cursor.py:1032} INFO - query: [SELECT COUNT(*) FROM FACT_RATINGS]
[2025-12-10T08:38:07.902+0000] {cursor.py:1045} INFO - query execution done
[2025-12-10T08:38:07.903+0000] {cursor.py:1205} INFO - Number of results in first chunk: 1
[2025-12-10T08:38:07.906+0000] {logging_mixin.py:154} INFO - Verification: 3,091 rows in table
[2025-12-10T08:38:07.907+0000] {connection.py:734} INFO - closed
[2025-12-10T08:38:08.091+0000] {connection.py:740} INFO - No async queries seem to be running, deleting session
[2025-12-10T08:38:08.357+0000] {python.py:194} INFO - Done. Returned value was: True
[2025-12-10T08:38:08.407+0000] {taskinstance.py:1400} INFO - Marking task as SUCCESS. dag_id=autoinsight_cleaning_pipeline_v2, task_id=load_ratings_to_snowflake, execution_date=20251210T073900, start_date=20251210T083755, end_date=20251210T083808
[2025-12-10T08:38:08.498+0000] {local_task_job_runner.py:228} INFO - Task exited with return code 0
[2025-12-10T08:38:08.551+0000] {taskinstance.py:2778} INFO - 0 downstream tasks scheduled from follow-on schedule check
