[2025-12-09T23:09:51.708+0000] {taskinstance.py:1159} INFO - Dependencies all met for dep_context=non-requeueable deps ti=<TaskInstance: autoinsight_cleaning_pipeline_v2.generate_report manual__2025-12-09T22:59:47.472900+00:00 [queued]>
[2025-12-09T23:09:51.720+0000] {taskinstance.py:1159} INFO - Dependencies all met for dep_context=requeueable deps ti=<TaskInstance: autoinsight_cleaning_pipeline_v2.generate_report manual__2025-12-09T22:59:47.472900+00:00 [queued]>
[2025-12-09T23:09:51.721+0000] {taskinstance.py:1361} INFO - Starting attempt 1 of 3
[2025-12-09T23:09:51.735+0000] {taskinstance.py:1382} INFO - Executing <Task(PythonOperator): generate_report> on 2025-12-09 22:59:47.472900+00:00
[2025-12-09T23:09:51.741+0000] {standard_task_runner.py:57} INFO - Started process 1550 to run task
[2025-12-09T23:09:51.744+0000] {standard_task_runner.py:84} INFO - Running: ['***', 'tasks', 'run', 'autoinsight_cleaning_pipeline_v2', 'generate_report', 'manual__2025-12-09T22:59:47.472900+00:00', '--job-id', '61', '--raw', '--subdir', 'DAGS_FOLDER/autoinsight_cleaning_pipeline.py', '--cfg-path', '/tmp/tmpq13mwfq6']
[2025-12-09T23:09:51.747+0000] {standard_task_runner.py:85} INFO - Job 61: Subtask generate_report
[2025-12-09T23:09:51.814+0000] {task_command.py:416} INFO - Running <TaskInstance: autoinsight_cleaning_pipeline_v2.generate_report manual__2025-12-09T22:59:47.472900+00:00 [running]> on host 09126cf425ed
[2025-12-09T23:09:52.121+0000] {taskinstance.py:1662} INFO - Exporting env vars: AIRFLOW_CTX_DAG_EMAIL='autoinsight@example.com' AIRFLOW_CTX_DAG_OWNER='autoinsight-team' AIRFLOW_CTX_DAG_ID='autoinsight_cleaning_pipeline_v2' AIRFLOW_CTX_TASK_ID='generate_report' AIRFLOW_CTX_EXECUTION_DATE='2025-12-09T22:59:47.472900+00:00' AIRFLOW_CTX_TRY_NUMBER='1' AIRFLOW_CTX_DAG_RUN_ID='manual__2025-12-09T22:59:47.472900+00:00'
[2025-12-09T23:09:52.122+0000] {logging_mixin.py:154} INFO - ======================================================================
[2025-12-09T23:09:52.122+0000] {logging_mixin.py:154} INFO - PIPELINE EXECUTION REPORT
[2025-12-09T23:09:52.123+0000] {logging_mixin.py:154} INFO - ======================================================================
[2025-12-09T23:09:52.123+0000] {logging_mixin.py:154} INFO - 
Rows Loaded to Snowflake:
[2025-12-09T23:09:52.161+0000] {logging_mixin.py:154} INFO - 
  TOTAL: 0 rows
[2025-12-09T23:09:52.162+0000] {logging_mixin.py:154} INFO - 
✅ Pipeline Complete!
[2025-12-09T23:09:52.162+0000] {logging_mixin.py:154} INFO - ======================================================================
[2025-12-09T23:09:52.162+0000] {python.py:194} INFO - Done. Returned value was: None
[2025-12-09T23:09:52.171+0000] {taskinstance.py:1400} INFO - Marking task as SUCCESS. dag_id=autoinsight_cleaning_pipeline_v2, task_id=generate_report, execution_date=20251209T225947, start_date=20251209T230951, end_date=20251209T230952
[2025-12-09T23:09:52.198+0000] {local_task_job_runner.py:228} INFO - Task exited with return code 0
[2025-12-09T23:09:52.212+0000] {taskinstance.py:2778} INFO - 0 downstream tasks scheduled from follow-on schedule check
