[2025-12-10T09:02:54.122+0000] {taskinstance.py:1159} INFO - Dependencies all met for dep_context=non-requeueable deps ti=<TaskInstance: autoinsight_cleaning_pipeline_v2.clean_nhtsa_investigations manual__2025-12-10T08:31:58.521713+00:00 [queued]>
[2025-12-10T09:02:54.138+0000] {taskinstance.py:1159} INFO - Dependencies all met for dep_context=requeueable deps ti=<TaskInstance: autoinsight_cleaning_pipeline_v2.clean_nhtsa_investigations manual__2025-12-10T08:31:58.521713+00:00 [queued]>
[2025-12-10T09:02:54.139+0000] {taskinstance.py:1361} INFO - Starting attempt 1 of 3
[2025-12-10T09:02:54.161+0000] {taskinstance.py:1382} INFO - Executing <Task(PythonOperator): clean_nhtsa_investigations> on 2025-12-10 08:31:58.521713+00:00
[2025-12-10T09:02:54.174+0000] {standard_task_runner.py:57} INFO - Started process 7633 to run task
[2025-12-10T09:02:54.178+0000] {standard_task_runner.py:84} INFO - Running: ['***', 'tasks', 'run', 'autoinsight_cleaning_pipeline_v2', 'clean_nhtsa_investigations', 'manual__2025-12-10T08:31:58.521713+00:00', '--job-id', '140', '--raw', '--subdir', 'DAGS_FOLDER/autoinsight_cleaning_pipeline.py', '--cfg-path', '/tmp/tmpwn83j5ss']
[2025-12-10T09:02:54.185+0000] {standard_task_runner.py:85} INFO - Job 140: Subtask clean_nhtsa_investigations
[2025-12-10T09:02:54.292+0000] {task_command.py:416} INFO - Running <TaskInstance: autoinsight_cleaning_pipeline_v2.clean_nhtsa_investigations manual__2025-12-10T08:31:58.521713+00:00 [running]> on host 846744d01d56
[2025-12-10T09:02:54.402+0000] {taskinstance.py:1662} INFO - Exporting env vars: AIRFLOW_CTX_DAG_EMAIL='autoinsight@example.com' AIRFLOW_CTX_DAG_OWNER='autoinsight-team' AIRFLOW_CTX_DAG_ID='autoinsight_cleaning_pipeline_v2' AIRFLOW_CTX_TASK_ID='clean_nhtsa_investigations' AIRFLOW_CTX_EXECUTION_DATE='2025-12-10T08:31:58.521713+00:00' AIRFLOW_CTX_TRY_NUMBER='1' AIRFLOW_CTX_DAG_RUN_ID='manual__2025-12-10T08:31:58.521713+00:00'
[2025-12-10T09:02:54.406+0000] {logging_mixin.py:154} INFO - ======================================================================
[2025-12-10T09:02:54.407+0000] {logging_mixin.py:154} INFO - CLEANING TASK: NHTSA Investigations
[2025-12-10T09:02:54.407+0000] {logging_mixin.py:154} INFO - ======================================================================
[2025-12-10T09:02:54.561+0000] {logging_mixin.py:154} INFO - 
🚀 Starting NHTSA Investigations Cleaning
[2025-12-10T09:02:54.561+0000] {logging_mixin.py:154} INFO - 🔧 Running in LOCAL mode
[2025-12-10T09:02:54.562+0000] {logging_mixin.py:154} INFO - 📦 Loading AWS S3 connectors...
[2025-12-10T09:03:07.587+0000] {logging_mixin.py:154} INFO - 📥 Input: s3a://autoinsightfinal/nhtsa/raw/investigations/*.csv
[2025-12-10T09:03:07.591+0000] {logging_mixin.py:154} INFO - 📤 Output: s3a://autoinsightfinal/nhtsa/cleaned_new/investigations/parquet/
[2025-12-10T09:03:07.595+0000] {logging_mixin.py:154} INFO - ============================================================
[2025-12-10T09:03:07.596+0000] {logging_mixin.py:154} INFO - NHTSA INVESTIGATIONS - SPARK CLEANING PIPELINE
[2025-12-10T09:03:07.597+0000] {logging_mixin.py:154} INFO - Input: 2020-2025 data (pre-filtered)
[2025-12-10T09:03:07.597+0000] {logging_mixin.py:154} INFO - Target: Top 15 manufacturers
[2025-12-10T09:03:07.598+0000] {logging_mixin.py:154} INFO - Output: Snowflake-ready with standardized columns
[2025-12-10T09:03:07.599+0000] {logging_mixin.py:154} INFO - ============================================================
[2025-12-10T09:03:07.600+0000] {logging_mixin.py:154} INFO - 
📥 Reading raw data from: s3a://autoinsightfinal/nhtsa/raw/investigations/*.csv
[2025-12-10T09:03:49.704+0000] {logging_mixin.py:154} INFO -   ✓ Loaded 6,886 records (2020-2025)
[2025-12-10T09:03:49.706+0000] {logging_mixin.py:154} INFO - 
🔧 Step 1: Standardizing manufacturer names...
[2025-12-10T09:03:50.999+0000] {logging_mixin.py:154} INFO - 
🔧 Step 2: Filtering to top 15 manufacturers...
[2025-12-10T09:03:51.069+0000] {logging_mixin.py:154} INFO -   📊 Filtering to top 15 manufacturers...
[2025-12-10T09:03:59.916+0000] {logging_mixin.py:154} INFO -   ✓ Kept 6,886 records from top 15 manufacturers
[2025-12-10T09:03:59.920+0000] {logging_mixin.py:154} INFO -   ✓ Filtered out 0 records from other manufacturers
[2025-12-10T09:03:59.921+0000] {logging_mixin.py:154} INFO - 
🔧 Step 3: Validating YEAR field...
[2025-12-10T09:04:00.169+0000] {logging_mixin.py:154} INFO - 
🔧 Step 4: Cleaning date fields...
[2025-12-10T09:04:00.618+0000] {logging_mixin.py:154} INFO - 
🔧 Step 5: Cleaning text fields...
[2025-12-10T09:04:01.677+0000] {logging_mixin.py:154} INFO - 
🔧 Step 6: Normalizing component names...
[2025-12-10T09:04:02.014+0000] {logging_mixin.py:154} INFO - 
🔧 Step 7: Creating calculated fields...
[2025-12-10T09:04:02.156+0000] {logging_mixin.py:154} INFO - 
🔧 Step 8: Processing campaign numbers...
[2025-12-10T09:04:02.277+0000] {logging_mixin.py:154} INFO - 
🔧 Step 9: Adding data quality flags...
[2025-12-10T09:04:02.387+0000] {logging_mixin.py:154} INFO - 
🔧 Step 10: Removing duplicates...
[2025-12-10T09:04:20.841+0000] {logging_mixin.py:154} INFO -   ✓ Removed 6,708 duplicate records
[2025-12-10T09:04:20.848+0000] {logging_mixin.py:154} INFO - 
🔧 Step 11: Standardizing column names for Snowflake...
[2025-12-10T09:04:21.061+0000] {logging_mixin.py:154} INFO - 
🔧 Step 12: Creating standardized vehicle_id...
[2025-12-10T09:04:21.317+0000] {logging_mixin.py:154} INFO - 
🔧 Step 13: Adding metadata...
[2025-12-10T09:04:21.433+0000] {logging_mixin.py:154} INFO - 
🔧 Step 14: Selecting final columns (Snowflake-ready)...
[2025-12-10T09:04:26.084+0000] {logging_mixin.py:154} INFO - 
📊 Cleaning Summary:
[2025-12-10T09:04:26.085+0000] {logging_mixin.py:154} INFO -   Initial records: 6,886
[2025-12-10T09:04:26.086+0000] {logging_mixin.py:154} INFO -   Final records: 178
[2025-12-10T09:04:26.087+0000] {logging_mixin.py:154} INFO -   Records dropped: 6,708
[2025-12-10T09:04:26.087+0000] {logging_mixin.py:154} INFO -   Retention rate: 2.6%
[2025-12-10T09:04:40.458+0000] {logging_mixin.py:154} INFO - 
  Data Quality:
[2025-12-10T09:04:40.460+0000] {logging_mixin.py:154} INFO -     Missing critical data: 0
[2025-12-10T09:04:40.461+0000] {logging_mixin.py:154} INFO -     Date inconsistencies: 0
[2025-12-10T09:04:40.464+0000] {logging_mixin.py:154} INFO -     Open investigations: 178
[2025-12-10T09:04:40.465+0000] {logging_mixin.py:154} INFO - 
  Top Manufacturers:
[2025-12-10T09:04:44.210+0000] {logging_mixin.py:154} INFO -     Ford: 44
[2025-12-10T09:04:44.211+0000] {logging_mixin.py:154} INFO -     Tesla: 22
[2025-12-10T09:04:44.212+0000] {logging_mixin.py:154} INFO -     Honda: 21
[2025-12-10T09:04:44.213+0000] {logging_mixin.py:154} INFO -     Jeep: 17
[2025-12-10T09:04:44.213+0000] {logging_mixin.py:154} INFO -     Kia: 13
[2025-12-10T09:04:44.214+0000] {logging_mixin.py:154} INFO -     Nissan: 12
[2025-12-10T09:04:44.215+0000] {logging_mixin.py:154} INFO -     Volkswagen: 9
[2025-12-10T09:04:44.216+0000] {logging_mixin.py:154} INFO -     Hyundai: 9
[2025-12-10T09:04:44.217+0000] {logging_mixin.py:154} INFO -     Mercedes-Benz: 8
[2025-12-10T09:04:44.218+0000] {logging_mixin.py:154} INFO -     Chevrolet: 7
[2025-12-10T09:04:44.219+0000] {logging_mixin.py:154} INFO -     GMC: 6
[2025-12-10T09:04:44.219+0000] {logging_mixin.py:154} INFO -     Toyota: 5
[2025-12-10T09:04:44.220+0000] {logging_mixin.py:154} INFO -     BMW: 4
[2025-12-10T09:04:44.222+0000] {logging_mixin.py:154} INFO -     Subaru: 1
[2025-12-10T09:04:44.223+0000] {logging_mixin.py:154} INFO - 
💾 Preparing to write cleaned data...
[2025-12-10T09:04:44.550+0000] {logging_mixin.py:154} INFO -    Safety check: Will not delete from non-cleaned path: s3a://autoinsightfinal/nhtsa/cleaned_new/investigations/parquet/
[2025-12-10T09:04:44.553+0000] {logging_mixin.py:154} INFO - 💾 Writing cleaned data to: s3a://autoinsightfinal/nhtsa/cleaned_new/investigations/parquet/
[2025-12-10T09:05:26.240+0000] {logging_mixin.py:154} INFO -    Safety check: Will not delete from non-cleaned path: s3a://autoinsightfinal/nhtsa/cleaned_new/investigations/csv/
[2025-12-10T09:05:26.242+0000] {logging_mixin.py:154} INFO - 💾 Writing CSV to: s3a://autoinsightfinal/nhtsa/cleaned_new/investigations/csv/
[2025-12-10T09:06:00.854+0000] {logging_mixin.py:154} INFO - 
✅ Investigations cleaning complete!
[2025-12-10T09:06:00.855+0000] {logging_mixin.py:154} INFO - ============================================================
[2025-12-10T09:06:00.856+0000] {logging_mixin.py:154} INFO - 
📋 Sample of cleaned data (Snowflake-ready):
[2025-12-10T09:06:06.775+0000] {logging_mixin.py:154} INFO - +----------------------------------------------------------------+---------+-------------+----+--------------------+---------+
|investigation_id                                                |make     |model        |year|investigation_status|open_date|
+----------------------------------------------------------------+---------+-------------+----+--------------------+---------+
|b6f753029ee79f8ccd6828ab5f219619ec67f04e4ec36c98561d29463d88d68c|Ford     |F-150        |2015|OPEN                |NULL     |
|cf3d8122ba24ba08aed74ab6305a00c861e8bc0e45bf4df1a5ff91f1bb2e0743|Jeep     |COMPASS      |2017|OPEN                |NULL     |
|e2a50dc7833fe61ee708bac1640cf14ff0edf3de869106999612842f26dbba35|Ford     |TRANSIT      |2017|OPEN                |NULL     |
|1bdbeae9948c5fbaeac43eaf60d74806ff2a084d32a337578b75a7c982396e72|Chevrolet|EXPRESS      |2015|OPEN                |NULL     |
|a25f73d1552c05d48d8f2a6b705aad5afa2e58a9c11b16b1e0651726735a642f|Ford     |ESCAPE       |2021|OPEN                |NULL     |
|a1ae882efa46636603d6c82ec53e1d4c35cd349ecc5aeb47da97d9339945baf8|Nissan   |ALTIMA       |2022|OPEN                |NULL     |
|8b4f0ade410619dd53ad85e2b3d46f75046c1031fa9c711d81050544ea1e3108|Hyundai  |GENESIS COUPE|2015|OPEN                |NULL     |
|7b77b9097e637ae47767f87517b2813f800bed0ad5333ffb4939a984ee37b4e6|Kia      |SELTOS       |2023|OPEN                |NULL     |
|55edd3184b9d4a5067f7078ed0e5446d1442f0cb3c9b5ee8cfd8d34864b9a4ee|Tesla    |MODEL 3      |2020|OPEN                |NULL     |
|94dba88c2a2c37d4b154c257cdfc0d927ffd636ff92bfe2432e3092112a17480|Kia      |SOUL         |2015|OPEN                |NULL     |
+----------------------------------------------------------------+---------+-------------+----+--------------------+---------+
only showing top 10 rows
[2025-12-10T09:06:06.776+0000] {logging_mixin.py:154} INFO - 
🔍 Vehicle ID verification (first 5):
[2025-12-10T09:06:08.816+0000] {logging_mixin.py:154} INFO - +----------------------------------------------------------------+---------+-------+----+
|vehicle_id                                                      |make     |model  |year|
+----------------------------------------------------------------+---------+-------+----+
|b71e5b0aaeb50604631469feba003d932588dbaa75383f1fc61e46d412c4caa4|Ford     |F-150  |2015|
|50496dccb573ba6bc92691932e5cc00fffd5d27d8b66ef58236d35901b70de1b|Jeep     |COMPASS|2017|
|273983e72f6ddbf79981c38f18ee04828560356fbe3a22930863da333f1a78f2|Ford     |TRANSIT|2017|
|edc9dc7bb22d1ca7e46a902e256bcb1276fe747d814fcf517f7046481f6aa760|Chevrolet|EXPRESS|2015|
|18c09c7099dad78894c78fc71d38c923d17c61c3d5d0a34c7d687e0d7066475d|Ford     |ESCAPE |2021|
+----------------------------------------------------------------+---------+-------+----+
only showing top 5 rows
[2025-12-10T09:06:09.125+0000] {logging_mixin.py:154} INFO - ✅ NHTSA Investigations Complete
[2025-12-10T09:06:09.181+0000] {python.py:194} INFO - Done. Returned value was: True
[2025-12-10T09:06:09.216+0000] {taskinstance.py:1400} INFO - Marking task as SUCCESS. dag_id=autoinsight_cleaning_pipeline_v2, task_id=clean_nhtsa_investigations, execution_date=20251210T083158, start_date=20251210T090254, end_date=20251210T090609
[2025-12-10T09:06:09.291+0000] {local_task_job_runner.py:228} INFO - Task exited with return code 0
[2025-12-10T09:06:09.355+0000] {taskinstance.py:2778} INFO - 1 downstream tasks scheduled from follow-on schedule check
