[2025-12-09T22:37:44.278+0000] {taskinstance.py:1159} INFO - Dependencies all met for dep_context=non-requeueable deps ti=<TaskInstance: autoinsight_data_pipeline.fetch_epa_data manual__2025-12-09T20:24:09.474188+00:00 [queued]>
[2025-12-09T22:37:44.290+0000] {taskinstance.py:1159} INFO - Dependencies all met for dep_context=requeueable deps ti=<TaskInstance: autoinsight_data_pipeline.fetch_epa_data manual__2025-12-09T20:24:09.474188+00:00 [queued]>
[2025-12-09T22:37:44.291+0000] {taskinstance.py:1361} INFO - Starting attempt 1 of 4
[2025-12-09T22:37:44.313+0000] {taskinstance.py:1382} INFO - Executing <Task(PythonOperator): fetch_epa_data> on 2025-12-09 20:24:09.474188+00:00
[2025-12-09T22:37:44.323+0000] {standard_task_runner.py:57} INFO - Started process 5469 to run task
[2025-12-09T22:37:44.329+0000] {standard_task_runner.py:84} INFO - Running: ['***', 'tasks', 'run', 'autoinsight_data_pipeline', 'fetch_epa_data', 'manual__2025-12-09T20:24:09.474188+00:00', '--job-id', '35', '--raw', '--subdir', 'DAGS_FOLDER/autoinsight_data_pipeline.py', '--cfg-path', '/tmp/tmpcyqf9stb']
[2025-12-09T22:37:44.333+0000] {standard_task_runner.py:85} INFO - Job 35: Subtask fetch_epa_data
[2025-12-09T22:37:44.424+0000] {task_command.py:416} INFO - Running <TaskInstance: autoinsight_data_pipeline.fetch_epa_data manual__2025-12-09T20:24:09.474188+00:00 [running]> on host 09126cf425ed
[2025-12-09T22:37:44.799+0000] {taskinstance.py:1662} INFO - Exporting env vars: AIRFLOW_CTX_DAG_EMAIL='autoinsight@example.com' AIRFLOW_CTX_DAG_OWNER='autoinsight-team' AIRFLOW_CTX_DAG_ID='autoinsight_data_pipeline' AIRFLOW_CTX_TASK_ID='fetch_epa_data' AIRFLOW_CTX_EXECUTION_DATE='2025-12-09T20:24:09.474188+00:00' AIRFLOW_CTX_TRY_NUMBER='1' AIRFLOW_CTX_DAG_RUN_ID='manual__2025-12-09T20:24:09.474188+00:00'
[2025-12-09T22:37:44.802+0000] {logging_mixin.py:154} INFO - ======================================================================
[2025-12-09T22:37:44.803+0000] {logging_mixin.py:154} INFO - TASK 1: EPA Fuel Economy Data Collection
[2025-12-09T22:37:44.805+0000] {logging_mixin.py:154} INFO - ======================================================================
[2025-12-09T22:37:44.943+0000] {logging_mixin.py:154} INFO - 
============================================================
[2025-12-09T22:37:44.944+0000] {logging_mixin.py:154} INFO - EPA FUEL ECONOMY DATA COLLECTION
[2025-12-09T22:37:44.945+0000] {logging_mixin.py:154} INFO - ============================================================
[2025-12-09T22:37:44.945+0000] {logging_mixin.py:154} INFO - Date Range: 2015-2024 (10 years)
[2025-12-09T22:37:44.946+0000] {logging_mixin.py:154} INFO - Manufacturers: 15
[2025-12-09T22:37:44.947+0000] {logging_mixin.py:154} INFO - Consistent with NHTSA 2015-2025 coverage
[2025-12-09T22:37:44.947+0000] {logging_mixin.py:154} INFO - ============================================================
[2025-12-09T22:37:44.948+0000] {logging_mixin.py:154} INFO - 
============================================================
[2025-12-09T22:37:44.948+0000] {logging_mixin.py:154} INFO - Fetching EPA Data for 15 Manufacturers
[2025-12-09T22:37:44.949+0000] {logging_mixin.py:154} INFO - Years: 2015-2025
[2025-12-09T22:37:44.950+0000] {logging_mixin.py:154} INFO - ============================================================
[2025-12-09T22:37:44.951+0000] {logging_mixin.py:154} INFO -  [1/15] Processing: Tesla
[2025-12-09T22:37:44.952+0000] {logging_mixin.py:154} INFO -   └─ Year 2015... 
[2025-12-09T22:37:45.480+0000] {logging_mixin.py:154} INFO - Found 8 model(s) 
[2025-12-09T22:37:51.531+0000] {logging_mixin.py:154} INFO -  8 variants
[2025-12-09T22:37:51.533+0000] {logging_mixin.py:154} INFO -   └─ Year 2016... 
[2025-12-09T22:37:51.817+0000] {logging_mixin.py:154} INFO - Found 18 model(s) 
[2025-12-09T22:38:07.301+0000] {logging_mixin.py:154} INFO -  18 variants
[2025-12-09T22:38:07.303+0000] {logging_mixin.py:154} INFO -   └─ Year 2017... 
[2025-12-09T22:38:07.602+0000] {logging_mixin.py:154} INFO - Found 15 model(s) 
[2025-12-09T22:38:20.972+0000] {logging_mixin.py:154} INFO -  15 variants
[2025-12-09T22:38:20.974+0000] {logging_mixin.py:154} INFO -   └─ Year 2018... 
[2025-12-09T22:38:21.263+0000] {logging_mixin.py:154} INFO - Found 11 model(s) 
[2025-12-09T22:38:29.363+0000] {logging_mixin.py:154} INFO -  11 variants
[2025-12-09T22:38:29.365+0000] {logging_mixin.py:154} INFO -   └─ Year 2019... 
[2025-12-09T22:38:29.641+0000] {logging_mixin.py:154} INFO - Found 18 model(s) 
[2025-12-09T22:38:43.199+0000] {logging_mixin.py:154} INFO -  18 variants
[2025-12-09T22:38:43.201+0000] {logging_mixin.py:154} INFO -   └─ Year 2020... 
[2025-12-09T22:38:43.465+0000] {logging_mixin.py:154} INFO - Found 21 model(s) 
[2025-12-09T22:38:59.554+0000] {logging_mixin.py:154} INFO -  21 variants
[2025-12-09T22:38:59.556+0000] {logging_mixin.py:154} INFO -   └─ Year 2021... 
[2025-12-09T22:38:59.870+0000] {logging_mixin.py:154} INFO - Found 13 model(s) 
[2025-12-09T22:39:09.720+0000] {logging_mixin.py:154} INFO -  13 variants
[2025-12-09T22:39:09.723+0000] {logging_mixin.py:154} INFO -   └─ Year 2022... 
[2025-12-09T22:39:10.013+0000] {logging_mixin.py:154} INFO - Found 13 model(s) 
[2025-12-09T22:39:19.882+0000] {logging_mixin.py:154} INFO -  13 variants
[2025-12-09T22:39:19.885+0000] {logging_mixin.py:154} INFO -   └─ Year 2023... 
[2025-12-09T22:39:20.179+0000] {logging_mixin.py:154} INFO - Found 10 model(s) 
[2025-12-09T22:39:27.569+0000] {logging_mixin.py:154} INFO -  10 variants
[2025-12-09T22:39:27.571+0000] {logging_mixin.py:154} INFO -   └─ Year 2024... 
[2025-12-09T22:39:27.845+0000] {logging_mixin.py:154} INFO - Found 16 model(s) 
[2025-12-09T22:39:39.668+0000] {logging_mixin.py:154} INFO -  16 variants
[2025-12-09T22:39:39.672+0000] {logging_mixin.py:154} INFO -   └─ Year 2025... 
[2025-12-09T22:39:39.949+0000] {logging_mixin.py:154} INFO - Found 16 model(s) 
[2025-12-09T22:39:51.853+0000] {logging_mixin.py:154} INFO -  16 variants
[2025-12-09T22:39:51.855+0000] {logging_mixin.py:154} INFO -     Tesla COMPLETE: 159 total vehicles
[2025-12-09T22:39:51.856+0000] {logging_mixin.py:154} INFO -  [2/15] Processing: Ford
[2025-12-09T22:39:51.857+0000] {logging_mixin.py:154} INFO -   └─ Year 2015... 
[2025-12-09T22:39:52.133+0000] {logging_mixin.py:154} INFO - Found 42 model(s) 
[2025-12-09T22:40:40.837+0000] {logging_mixin.py:154} INFO -  77 variants
[2025-12-09T22:40:40.839+0000] {logging_mixin.py:154} INFO -   └─ Year 2016... 
[2025-12-09T22:40:41.098+0000] {logging_mixin.py:154} INFO - Found 53 model(s) 
[2025-12-09T22:41:35.068+0000] {logging_mixin.py:154} INFO -  88 variants
[2025-12-09T22:41:35.069+0000] {logging_mixin.py:154} INFO -   └─ Year 2017... 
[2025-12-09T22:41:35.314+0000] {logging_mixin.py:154} INFO - Found 60 model(s) 
[2025-12-09T22:42:05.419+0000] {local_task_job_runner.py:115} ERROR - Received SIGTERM. Terminating subprocesses
[2025-12-09T22:42:05.428+0000] {process_utils.py:131} INFO - Sending 15 to group 5469. PIDs of all processes in the group: [5469]
[2025-12-09T22:42:05.429+0000] {process_utils.py:86} INFO - Sending the signal 15 to group 5469
[2025-12-09T22:42:05.430+0000] {taskinstance.py:1632} ERROR - Received SIGTERM. Terminating subprocesses.
[2025-12-09T22:42:07.512+0000] {local_task_job_runner.py:115} ERROR - Received SIGTERM. Terminating subprocesses
