[2025-12-09T22:42:47.553+0000] {taskinstance.py:1159} INFO - Dependencies all met for dep_context=non-requeueable deps ti=<TaskInstance: autoinsight_data_pipeline.fetch_epa_data manual__2025-12-09T20:24:09.474188+00:00 [queued]>
[2025-12-09T22:42:47.564+0000] {taskinstance.py:1159} INFO - Dependencies all met for dep_context=requeueable deps ti=<TaskInstance: autoinsight_data_pipeline.fetch_epa_data manual__2025-12-09T20:24:09.474188+00:00 [queued]>
[2025-12-09T22:42:47.565+0000] {taskinstance.py:1361} INFO - Starting attempt 2 of 4
[2025-12-09T22:42:47.581+0000] {taskinstance.py:1382} INFO - Executing <Task(PythonOperator): fetch_epa_data> on 2025-12-09 20:24:09.474188+00:00
[2025-12-09T22:42:47.589+0000] {standard_task_runner.py:57} INFO - Started process 204 to run task
[2025-12-09T22:42:47.594+0000] {standard_task_runner.py:84} INFO - Running: ['***', 'tasks', 'run', 'autoinsight_data_pipeline', 'fetch_epa_data', 'manual__2025-12-09T20:24:09.474188+00:00', '--job-id', '37', '--raw', '--subdir', 'DAGS_FOLDER/autoinsight_data_pipeline.py', '--cfg-path', '/tmp/tmp215zc1hb']
[2025-12-09T22:42:47.598+0000] {standard_task_runner.py:85} INFO - Job 37: Subtask fetch_epa_data
[2025-12-09T22:42:47.685+0000] {task_command.py:416} INFO - Running <TaskInstance: autoinsight_data_pipeline.fetch_epa_data manual__2025-12-09T20:24:09.474188+00:00 [running]> on host 09126cf425ed
[2025-12-09T22:42:48.009+0000] {taskinstance.py:1662} INFO - Exporting env vars: AIRFLOW_CTX_DAG_EMAIL='autoinsight@example.com' AIRFLOW_CTX_DAG_OWNER='autoinsight-team' AIRFLOW_CTX_DAG_ID='autoinsight_data_pipeline' AIRFLOW_CTX_TASK_ID='fetch_epa_data' AIRFLOW_CTX_EXECUTION_DATE='2025-12-09T20:24:09.474188+00:00' AIRFLOW_CTX_TRY_NUMBER='2' AIRFLOW_CTX_DAG_RUN_ID='manual__2025-12-09T20:24:09.474188+00:00'
[2025-12-09T22:42:48.010+0000] {logging_mixin.py:154} INFO - ======================================================================
[2025-12-09T22:42:48.011+0000] {logging_mixin.py:154} INFO - TASK 1: EPA Fuel Economy Data Collection
[2025-12-09T22:42:48.012+0000] {logging_mixin.py:154} INFO - ======================================================================
[2025-12-09T22:42:48.126+0000] {logging_mixin.py:154} INFO - 
============================================================
[2025-12-09T22:42:48.127+0000] {logging_mixin.py:154} INFO - EPA FUEL ECONOMY DATA COLLECTION
[2025-12-09T22:42:48.127+0000] {logging_mixin.py:154} INFO - ============================================================
[2025-12-09T22:42:48.128+0000] {logging_mixin.py:154} INFO - Date Range: 2015-2024 (10 years)
[2025-12-09T22:42:48.128+0000] {logging_mixin.py:154} INFO - Manufacturers: 15
[2025-12-09T22:42:48.129+0000] {logging_mixin.py:154} INFO - Consistent with NHTSA 2015-2025 coverage
[2025-12-09T22:42:48.130+0000] {logging_mixin.py:154} INFO - ============================================================
[2025-12-09T22:42:48.130+0000] {logging_mixin.py:154} INFO - 
============================================================
[2025-12-09T22:42:48.131+0000] {logging_mixin.py:154} INFO - Fetching EPA Data for 15 Manufacturers
[2025-12-09T22:42:48.132+0000] {logging_mixin.py:154} INFO - Years: 2015-2025
[2025-12-09T22:42:48.132+0000] {logging_mixin.py:154} INFO - ============================================================
[2025-12-09T22:42:48.133+0000] {logging_mixin.py:154} INFO -  [1/15] Processing: Tesla
[2025-12-09T22:42:48.134+0000] {logging_mixin.py:154} INFO -   └─ Year 2015... 
[2025-12-09T22:42:48.588+0000] {logging_mixin.py:154} INFO - Found 8 model(s) 
[2025-12-09T22:42:54.311+0000] {logging_mixin.py:154} INFO -  8 variants
[2025-12-09T22:42:54.312+0000] {logging_mixin.py:154} INFO -   └─ Year 2016... 
[2025-12-09T22:42:54.632+0000] {logging_mixin.py:154} INFO - Found 18 model(s) 
[2025-12-09T22:43:07.638+0000] {logging_mixin.py:154} INFO -  18 variants
[2025-12-09T22:43:07.639+0000] {logging_mixin.py:154} INFO -   └─ Year 2017... 
[2025-12-09T22:43:07.889+0000] {logging_mixin.py:154} INFO - Found 15 model(s) 
[2025-12-09T22:43:18.607+0000] {logging_mixin.py:154} INFO -  15 variants
[2025-12-09T22:43:18.608+0000] {logging_mixin.py:154} INFO -   └─ Year 2018... 
[2025-12-09T22:43:18.869+0000] {logging_mixin.py:154} INFO - Found 11 model(s) 
[2025-12-09T22:43:26.915+0000] {logging_mixin.py:154} INFO -  11 variants
[2025-12-09T22:43:26.916+0000] {logging_mixin.py:154} INFO -   └─ Year 2019... 
[2025-12-09T22:43:27.152+0000] {logging_mixin.py:154} INFO - Found 18 model(s) 
[2025-12-09T22:43:40.087+0000] {logging_mixin.py:154} INFO -  18 variants
[2025-12-09T22:43:40.089+0000] {logging_mixin.py:154} INFO -   └─ Year 2020... 
[2025-12-09T22:43:40.360+0000] {logging_mixin.py:154} INFO - Found 21 model(s) 
[2025-12-09T22:43:55.798+0000] {logging_mixin.py:154} INFO -  21 variants
[2025-12-09T22:43:55.800+0000] {logging_mixin.py:154} INFO -   └─ Year 2021... 
[2025-12-09T22:43:56.095+0000] {logging_mixin.py:154} INFO - Found 13 model(s) 
[2025-12-09T22:44:05.746+0000] {logging_mixin.py:154} INFO -  13 variants
[2025-12-09T22:44:05.749+0000] {logging_mixin.py:154} INFO -   └─ Year 2022... 
[2025-12-09T22:44:06.079+0000] {logging_mixin.py:154} INFO - Found 13 model(s) 
[2025-12-09T22:44:16.123+0000] {logging_mixin.py:154} INFO -  13 variants
[2025-12-09T22:44:16.126+0000] {logging_mixin.py:154} INFO -   └─ Year 2023... 
[2025-12-09T22:44:16.403+0000] {logging_mixin.py:154} INFO - Found 10 model(s) 
[2025-12-09T22:44:25.389+0000] {logging_mixin.py:154} INFO -  10 variants
[2025-12-09T22:44:25.391+0000] {logging_mixin.py:154} INFO -   └─ Year 2024... 
[2025-12-09T22:44:25.628+0000] {logging_mixin.py:154} INFO - Found 16 model(s) 
[2025-12-09T22:44:28.546+0000] {local_task_job_runner.py:294} WARNING - State of this instance has been externally set to failed. Terminating instance.
[2025-12-09T22:44:28.548+0000] {process_utils.py:131} INFO - Sending 15 to group 204. PIDs of all processes in the group: [204]
[2025-12-09T22:44:28.549+0000] {process_utils.py:86} INFO - Sending the signal 15 to group 204
[2025-12-09T22:44:28.550+0000] {taskinstance.py:1632} ERROR - Received SIGTERM. Terminating subprocesses.
[2025-12-09T22:44:39.116+0000] {logging_mixin.py:154} INFO -  15 variants
[2025-12-09T22:44:39.117+0000] {logging_mixin.py:154} INFO -   └─ Year 2025... 
[2025-12-09T22:44:39.444+0000] {logging_mixin.py:154} INFO - Found 16 model(s) 
[2025-12-09T22:44:51.656+0000] {logging_mixin.py:154} INFO -  16 variants
[2025-12-09T22:44:51.657+0000] {logging_mixin.py:154} INFO -     Tesla COMPLETE: 158 total vehicles
[2025-12-09T22:44:51.658+0000] {logging_mixin.py:154} INFO -  [2/15] Processing: Ford
[2025-12-09T22:44:51.658+0000] {logging_mixin.py:154} INFO -   └─ Year 2015... 
[2025-12-09T22:44:51.922+0000] {logging_mixin.py:154} INFO - Found 42 model(s) 
[2025-12-09T22:45:28.581+0000] {process_utils.py:149} WARNING - process psutil.Process(pid=204, name='airflow task ru', status='sleeping', started='22:42:47') did not respond to SIGTERM. Trying SIGKILL
[2025-12-09T22:45:28.584+0000] {process_utils.py:86} INFO - Sending the signal 9 to group 204
[2025-12-09T22:45:28.598+0000] {process_utils.py:79} INFO - Process psutil.Process(pid=204, name='airflow task ru', status='terminated', exitcode=<Negsignal.SIGKILL: -9>, started='22:42:47') (204) terminated with exit code -9
[2025-12-09T22:45:28.599+0000] {standard_task_runner.py:172} ERROR - Job 37 was killed before it finished (likely due to running out of memory)
