[2025-12-09T20:38:07.078+0000] {taskinstance.py:1159} INFO - Dependencies all met for dep_context=non-requeueable deps ti=<TaskInstance: autoinsight_data_pipeline.fetch_epa_data scheduled__2025-12-08T02:00:00+00:00 [queued]>
[2025-12-09T20:38:07.089+0000] {taskinstance.py:1159} INFO - Dependencies all met for dep_context=requeueable deps ti=<TaskInstance: autoinsight_data_pipeline.fetch_epa_data scheduled__2025-12-08T02:00:00+00:00 [queued]>
[2025-12-09T20:38:07.090+0000] {taskinstance.py:1361} INFO - Starting attempt 4 of 7
[2025-12-09T20:38:07.104+0000] {taskinstance.py:1382} INFO - Executing <Task(PythonOperator): fetch_epa_data> on 2025-12-08 02:00:00+00:00
[2025-12-09T20:38:07.113+0000] {standard_task_runner.py:57} INFO - Started process 298 to run task
[2025-12-09T20:38:07.118+0000] {standard_task_runner.py:84} INFO - Running: ['***', 'tasks', 'run', 'autoinsight_data_pipeline', 'fetch_epa_data', 'scheduled__2025-12-08T02:00:00+00:00', '--job-id', '28', '--raw', '--subdir', 'DAGS_FOLDER/autoinsight_data_pipeline.py', '--cfg-path', '/tmp/tmpsf_dyp9v']
[2025-12-09T20:38:07.124+0000] {standard_task_runner.py:85} INFO - Job 28: Subtask fetch_epa_data
[2025-12-09T20:38:07.239+0000] {task_command.py:416} INFO - Running <TaskInstance: autoinsight_data_pipeline.fetch_epa_data scheduled__2025-12-08T02:00:00+00:00 [running]> on host 09126cf425ed
[2025-12-09T20:38:07.641+0000] {taskinstance.py:1662} INFO - Exporting env vars: AIRFLOW_CTX_DAG_EMAIL='autoinsight@example.com' AIRFLOW_CTX_DAG_OWNER='autoinsight-team' AIRFLOW_CTX_DAG_ID='autoinsight_data_pipeline' AIRFLOW_CTX_TASK_ID='fetch_epa_data' AIRFLOW_CTX_EXECUTION_DATE='2025-12-08T02:00:00+00:00' AIRFLOW_CTX_TRY_NUMBER='4' AIRFLOW_CTX_DAG_RUN_ID='scheduled__2025-12-08T02:00:00+00:00'
[2025-12-09T20:38:07.644+0000] {logging_mixin.py:154} INFO - ======================================================================
[2025-12-09T20:38:07.645+0000] {logging_mixin.py:154} INFO - TASK 1: EPA Fuel Economy Data Collection
[2025-12-09T20:38:07.646+0000] {logging_mixin.py:154} INFO - ======================================================================
[2025-12-09T20:38:07.837+0000] {logging_mixin.py:154} INFO - 
============================================================
[2025-12-09T20:38:07.838+0000] {logging_mixin.py:154} INFO - EPA FUEL ECONOMY DATA COLLECTION
[2025-12-09T20:38:07.838+0000] {logging_mixin.py:154} INFO - ============================================================
[2025-12-09T20:38:07.839+0000] {logging_mixin.py:154} INFO - Date Range: 2015-2024 (10 years)
[2025-12-09T20:38:07.839+0000] {logging_mixin.py:154} INFO - Manufacturers: 15
[2025-12-09T20:38:07.840+0000] {logging_mixin.py:154} INFO - Consistent with NHTSA 2015-2025 coverage
[2025-12-09T20:38:07.840+0000] {logging_mixin.py:154} INFO - ============================================================
[2025-12-09T20:38:07.840+0000] {logging_mixin.py:154} INFO - 
============================================================
[2025-12-09T20:38:07.841+0000] {logging_mixin.py:154} INFO - Fetching EPA Data for 15 Manufacturers
[2025-12-09T20:38:07.842+0000] {logging_mixin.py:154} INFO - Years: 2015-2025
[2025-12-09T20:38:07.842+0000] {logging_mixin.py:154} INFO - ============================================================
[2025-12-09T20:38:07.843+0000] {logging_mixin.py:154} INFO -  [1/15] Processing: Tesla
[2025-12-09T20:38:07.843+0000] {logging_mixin.py:154} INFO -   └─ Year 2015... 
[2025-12-09T20:38:08.445+0000] {logging_mixin.py:154} INFO - Found 8 model(s) 
[2025-12-09T20:38:14.554+0000] {logging_mixin.py:154} INFO -  8 variants
[2025-12-09T20:38:14.557+0000] {logging_mixin.py:154} INFO -   └─ Year 2016... 
[2025-12-09T20:38:14.822+0000] {logging_mixin.py:154} INFO - Found 18 model(s) 
[2025-12-09T20:38:28.683+0000] {logging_mixin.py:154} INFO -  18 variants
[2025-12-09T20:38:28.685+0000] {logging_mixin.py:154} INFO -   └─ Year 2017... 
[2025-12-09T20:38:28.939+0000] {logging_mixin.py:154} INFO - Found 15 model(s) 
[2025-12-09T20:38:40.425+0000] {logging_mixin.py:154} INFO -  15 variants
[2025-12-09T20:38:40.427+0000] {logging_mixin.py:154} INFO -   └─ Year 2018... 
[2025-12-09T20:38:40.692+0000] {logging_mixin.py:154} INFO - Found 11 model(s) 
[2025-12-09T20:38:51.050+0000] {logging_mixin.py:154} INFO -  11 variants
[2025-12-09T20:38:51.052+0000] {logging_mixin.py:154} INFO -   └─ Year 2019... 
[2025-12-09T20:38:51.312+0000] {logging_mixin.py:154} INFO - Found 18 model(s) 
[2025-12-09T20:39:06.971+0000] {logging_mixin.py:154} INFO -  18 variants
[2025-12-09T20:39:06.973+0000] {logging_mixin.py:154} INFO -   └─ Year 2020... 
[2025-12-09T20:39:07.340+0000] {logging_mixin.py:154} INFO - Found 21 model(s) 
[2025-12-09T20:39:23.925+0000] {logging_mixin.py:154} INFO -  21 variants
[2025-12-09T20:39:23.930+0000] {logging_mixin.py:154} INFO -   └─ Year 2021... 
[2025-12-09T20:39:24.220+0000] {logging_mixin.py:154} INFO - Found 13 model(s) 
[2025-12-09T20:39:34.111+0000] {logging_mixin.py:154} INFO -  13 variants
[2025-12-09T20:39:34.115+0000] {logging_mixin.py:154} INFO -   └─ Year 2022... 
[2025-12-09T20:39:34.401+0000] {logging_mixin.py:154} INFO - Found 13 model(s) 
[2025-12-09T20:39:46.379+0000] {logging_mixin.py:154} INFO -  13 variants
[2025-12-09T20:39:46.384+0000] {logging_mixin.py:154} INFO -   └─ Year 2023... 
[2025-12-09T20:39:46.673+0000] {logging_mixin.py:154} INFO - Found 10 model(s) 
[2025-12-09T20:39:54.672+0000] {logging_mixin.py:154} INFO -  10 variants
[2025-12-09T20:39:54.676+0000] {logging_mixin.py:154} INFO -   └─ Year 2024... 
[2025-12-09T20:39:54.984+0000] {logging_mixin.py:154} INFO - Found 16 model(s) 
[2025-12-09T20:40:08.326+0000] {logging_mixin.py:154} INFO -  16 variants
[2025-12-09T20:40:08.328+0000] {logging_mixin.py:154} INFO -   └─ Year 2025... 
[2025-12-09T20:40:08.606+0000] {logging_mixin.py:154} INFO - Found 16 model(s) 
[2025-12-09T20:40:21.757+0000] {logging_mixin.py:154} INFO -  16 variants
[2025-12-09T20:40:21.759+0000] {logging_mixin.py:154} INFO -     Tesla COMPLETE: 159 total vehicles
[2025-12-09T20:40:21.759+0000] {logging_mixin.py:154} INFO -  [2/15] Processing: Ford
[2025-12-09T20:40:21.760+0000] {logging_mixin.py:154} INFO -   └─ Year 2015... 
[2025-12-09T20:40:22.041+0000] {logging_mixin.py:154} INFO - Found 42 model(s) 
[2025-12-09T20:41:12.524+0000] {logging_mixin.py:154} INFO -  77 variants
[2025-12-09T20:41:12.527+0000] {logging_mixin.py:154} INFO -   └─ Year 2016... 
[2025-12-09T20:41:12.814+0000] {logging_mixin.py:154} INFO - Found 53 model(s) 
[2025-12-09T20:42:15.422+0000] {logging_mixin.py:154} INFO -  88 variants
[2025-12-09T20:42:15.425+0000] {logging_mixin.py:154} INFO -   └─ Year 2017... 
[2025-12-09T20:42:15.678+0000] {logging_mixin.py:154} INFO - Found 60 model(s) 
[2025-12-09T20:43:24.490+0000] {logging_mixin.py:154} INFO -  99 variants
[2025-12-09T20:43:24.501+0000] {logging_mixin.py:154} INFO -   └─ Year 2018... 
[2025-12-09T20:43:24.797+0000] {logging_mixin.py:154} INFO - Found 65 model(s) 
[2025-12-09T20:44:37.884+0000] {logging_mixin.py:154} INFO -  110 variants
[2025-12-09T20:44:37.888+0000] {logging_mixin.py:154} INFO -   └─ Year 2019... 
[2025-12-09T20:44:38.181+0000] {logging_mixin.py:154} INFO - Found 63 model(s) 
[2025-12-09T20:45:41.589+0000] {logging_mixin.py:154} INFO -  97 variants
[2025-12-09T20:45:41.592+0000] {logging_mixin.py:154} INFO -   └─ Year 2020... 
[2025-12-09T20:45:41.845+0000] {logging_mixin.py:154} INFO - Found 53 model(s) 
[2025-12-09T20:46:31.298+0000] {logging_mixin.py:154} INFO -  74 variants
[2025-12-09T20:46:31.302+0000] {logging_mixin.py:154} INFO -   └─ Year 2021... 
[2025-12-09T20:46:31.564+0000] {logging_mixin.py:154} INFO - Found 58 model(s) 
[2025-12-09T20:47:34.120+0000] {logging_mixin.py:154} INFO -  97 variants
[2025-12-09T20:47:34.122+0000] {logging_mixin.py:154} INFO -   └─ Year 2022... 
[2025-12-09T20:47:34.383+0000] {logging_mixin.py:154} INFO - Found 64 model(s) 
[2025-12-09T20:48:47.011+0000] {logging_mixin.py:154} INFO -  111 variants
[2025-12-09T20:48:47.016+0000] {logging_mixin.py:154} INFO -   └─ Year 2023... 
[2025-12-09T20:48:47.297+0000] {logging_mixin.py:154} INFO - Found 59 model(s) 
[2025-12-09T20:49:57.349+0000] {logging_mixin.py:154} INFO -  109 variants
[2025-12-09T20:49:57.352+0000] {logging_mixin.py:154} INFO -   └─ Year 2024... 
[2025-12-09T20:49:57.671+0000] {logging_mixin.py:154} INFO - Found 44 model(s) 
[2025-12-09T20:50:45.882+0000] {logging_mixin.py:154} INFO -  70 variants
[2025-12-09T20:50:45.886+0000] {logging_mixin.py:154} INFO -   └─ Year 2025... 
[2025-12-09T20:50:46.168+0000] {logging_mixin.py:154} INFO - Found 44 model(s) 
[2025-12-09T20:51:30.122+0000] {logging_mixin.py:154} INFO -  64 variants
[2025-12-09T20:51:30.129+0000] {logging_mixin.py:154} INFO -     Ford COMPLETE: 996 total vehicles
[2025-12-09T20:51:30.129+0000] {logging_mixin.py:154} INFO -  [3/15] Processing: Toyota
[2025-12-09T20:51:30.132+0000] {logging_mixin.py:154} INFO -   └─ Year 2015... 
[2025-12-09T20:51:30.426+0000] {logging_mixin.py:154} INFO - Found 35 model(s) 
[2025-12-09T20:52:05.754+0000] {logging_mixin.py:154} INFO -  53 variants
[2025-12-09T20:52:05.758+0000] {logging_mixin.py:154} INFO -   └─ Year 2016... 
[2025-12-09T20:52:06.026+0000] {logging_mixin.py:154} INFO - Found 37 model(s) 
[2025-12-09T20:52:42.230+0000] {logging_mixin.py:154} INFO -  51 variants
[2025-12-09T20:52:42.237+0000] {logging_mixin.py:154} INFO -   └─ Year 2017... 
[2025-12-09T20:52:42.540+0000] {logging_mixin.py:154} INFO - Found 43 model(s) 
[2025-12-09T20:53:27.844+0000] {logging_mixin.py:154} INFO -  60 variants
[2025-12-09T20:53:27.847+0000] {logging_mixin.py:154} INFO -   └─ Year 2018... 
[2025-12-09T20:53:28.172+0000] {logging_mixin.py:154} INFO - Found 45 model(s) 
[2025-12-09T20:54:12.369+0000] {logging_mixin.py:154} INFO -  61 variants
[2025-12-09T20:54:12.372+0000] {logging_mixin.py:154} INFO -   └─ Year 2019... 
[2025-12-09T20:54:12.654+0000] {logging_mixin.py:154} INFO - Found 46 model(s) 
[2025-12-09T20:54:58.311+0000] {logging_mixin.py:154} INFO -  64 variants
[2025-12-09T20:54:58.315+0000] {logging_mixin.py:154} INFO -   └─ Year 2020... 
[2025-12-09T20:54:58.600+0000] {logging_mixin.py:154} INFO - Found 51 model(s) 
[2025-12-09T20:55:43.984+0000] {logging_mixin.py:154} INFO -  65 variants
[2025-12-09T20:55:43.986+0000] {logging_mixin.py:154} INFO -   └─ Year 2021... 
[2025-12-09T20:55:44.264+0000] {logging_mixin.py:154} INFO - Found 54 model(s) 
[2025-12-09T20:56:34.764+0000] {logging_mixin.py:154} INFO -  67 variants
[2025-12-09T20:56:34.767+0000] {logging_mixin.py:154} INFO -   └─ Year 2022... 
[2025-12-09T20:56:35.075+0000] {logging_mixin.py:154} INFO - Found 56 model(s) 
[2025-12-09T20:57:28.421+0000] {logging_mixin.py:154} INFO -  74 variants
[2025-12-09T20:57:28.424+0000] {logging_mixin.py:154} INFO -   └─ Year 2023... 
[2025-12-09T20:57:28.694+0000] {logging_mixin.py:154} INFO - Found 59 model(s) 
[2025-12-09T20:58:23.697+0000] {logging_mixin.py:154} INFO -  78 variants
[2025-12-09T20:58:23.705+0000] {logging_mixin.py:154} INFO -   └─ Year 2024... 
[2025-12-09T20:58:23.994+0000] {logging_mixin.py:154} INFO - Found 69 model(s) 
[2025-12-09T20:59:31.170+0000] {logging_mixin.py:154} INFO -  94 variants
[2025-12-09T20:59:31.174+0000] {logging_mixin.py:154} INFO -   └─ Year 2025... 
[2025-12-09T20:59:31.452+0000] {logging_mixin.py:154} INFO - Found 63 model(s) 
[2025-12-09T21:00:33.461+0000] {logging_mixin.py:154} INFO -  87 variants
[2025-12-09T21:00:33.464+0000] {logging_mixin.py:154} INFO -     Toyota COMPLETE: 754 total vehicles
[2025-12-09T21:00:33.464+0000] {logging_mixin.py:154} INFO -  [4/15] Processing: GMC
[2025-12-09T21:00:33.465+0000] {logging_mixin.py:154} INFO -   └─ Year 2015... 
[2025-12-09T21:00:33.717+0000] {logging_mixin.py:154} INFO - Found 18 model(s) 
[2025-12-09T21:01:03.834+0000] {logging_mixin.py:154} INFO -  51 variants
[2025-12-09T21:01:03.838+0000] {logging_mixin.py:154} INFO -   └─ Year 2016... 
[2025-12-09T21:01:04.121+0000] {logging_mixin.py:154} INFO - Found 19 model(s) 
[2025-12-09T21:01:33.663+0000] {logging_mixin.py:154} INFO -  43 variants
[2025-12-09T21:01:33.667+0000] {logging_mixin.py:154} INFO -   └─ Year 2017... 
[2025-12-09T21:01:33.930+0000] {logging_mixin.py:154} INFO - Found 21 model(s) 
[2025-12-09T21:02:03.695+0000] {logging_mixin.py:154} INFO -  47 variants
[2025-12-09T21:02:03.697+0000] {logging_mixin.py:154} INFO -   └─ Year 2018... 
[2025-12-09T21:02:03.981+0000] {logging_mixin.py:154} INFO - Found 17 model(s) 
[2025-12-09T21:02:30.596+0000] {logging_mixin.py:154} INFO -  44 variants
[2025-12-09T21:02:30.599+0000] {logging_mixin.py:154} INFO -   └─ Year 2019... 
[2025-12-09T21:02:30.881+0000] {logging_mixin.py:154} INFO - Found 19 model(s) 
[2025-12-09T21:03:08.433+0000] {logging_mixin.py:154} INFO -  52 variants
[2025-12-09T21:03:08.436+0000] {logging_mixin.py:154} INFO -   └─ Year 2020... 
[2025-12-09T21:03:08.702+0000] {logging_mixin.py:154} INFO - Found 15 model(s) 
[2025-12-09T21:03:41.420+0000] {logging_mixin.py:154} INFO -  53 variants
[2025-12-09T21:03:41.425+0000] {logging_mixin.py:154} INFO -   └─ Year 2021... 
[2025-12-09T21:03:41.716+0000] {logging_mixin.py:154} INFO - Found 15 model(s) 
[2025-12-09T21:04:20.256+0000] {logging_mixin.py:154} INFO -  69 variants
[2025-12-09T21:04:20.258+0000] {logging_mixin.py:154} INFO -   └─ Year 2022... 
[2025-12-09T21:04:20.541+0000] {logging_mixin.py:154} INFO - Found 15 model(s) 
[2025-12-09T21:04:59.899+0000] {logging_mixin.py:154} INFO -  66 variants
[2025-12-09T21:04:59.903+0000] {logging_mixin.py:154} INFO -   └─ Year 2023... 
[2025-12-09T21:05:00.188+0000] {logging_mixin.py:154} INFO - Found 18 model(s) 
[2025-12-09T21:05:28.313+0000] {logging_mixin.py:154} INFO -  46 variants
[2025-12-09T21:05:28.319+0000] {logging_mixin.py:154} INFO -   └─ Year 2024... 
[2025-12-09T21:05:28.592+0000] {logging_mixin.py:154} INFO - Found 27 model(s) 
[2025-12-09T21:06:03.833+0000] {logging_mixin.py:154} INFO -  55 variants
[2025-12-09T21:06:03.836+0000] {logging_mixin.py:154} INFO -   └─ Year 2025... 
[2025-12-09T21:06:04.151+0000] {logging_mixin.py:154} INFO - Found 27 model(s) 
[2025-12-09T21:06:38.989+0000] {logging_mixin.py:154} INFO -  53 variants
[2025-12-09T21:06:38.996+0000] {logging_mixin.py:154} INFO -     GMC COMPLETE: 579 total vehicles
[2025-12-09T21:06:38.997+0000] {logging_mixin.py:154} INFO -  [5/15] Processing: Honda
[2025-12-09T21:06:38.997+0000] {logging_mixin.py:154} INFO -   └─ Year 2015... 
[2025-12-09T21:06:39.355+0000] {logging_mixin.py:154} INFO - Found 15 model(s) 
[2025-12-09T21:06:58.202+0000] {logging_mixin.py:154} INFO -  27 variants
[2025-12-09T21:06:58.206+0000] {logging_mixin.py:154} INFO -   └─ Year 2016... 
[2025-12-09T21:06:58.500+0000] {logging_mixin.py:154} INFO - Found 12 model(s) 
[2025-12-09T21:07:18.232+0000] {logging_mixin.py:154} INFO -  29 variants
[2025-12-09T21:07:18.235+0000] {logging_mixin.py:154} INFO -   └─ Year 2017... 
[2025-12-09T21:07:18.507+0000] {logging_mixin.py:154} INFO - Found 21 model(s) 
[2025-12-09T21:07:48.095+0000] {logging_mixin.py:154} INFO -  43 variants
[2025-12-09T21:07:48.099+0000] {logging_mixin.py:154} INFO -   └─ Year 2018... 
[2025-12-09T21:07:48.371+0000] {logging_mixin.py:154} INFO - Found 23 model(s) 
[2025-12-09T21:08:17.680+0000] {logging_mixin.py:154} INFO -  45 variants
[2025-12-09T21:08:17.684+0000] {logging_mixin.py:154} INFO -   └─ Year 2019... 
[2025-12-09T21:08:18.029+0000] {logging_mixin.py:154} INFO - Found 23 model(s) 
[2025-12-09T21:08:51.510+0000] {logging_mixin.py:154} INFO -  49 variants
[2025-12-09T21:08:51.515+0000] {logging_mixin.py:154} INFO -   └─ Year 2020... 
[2025-12-09T21:08:53.938+0000] {logging_mixin.py:154} INFO - Found 23 model(s) 
[2025-12-09T21:09:25.734+0000] {logging_mixin.py:154} INFO -  46 variants
[2025-12-09T21:09:25.737+0000] {logging_mixin.py:154} INFO -   └─ Year 2021... 
[2025-12-09T21:09:26.051+0000] {logging_mixin.py:154} INFO - Found 21 model(s) 
[2025-12-09T21:09:47.979+0000] {logging_mixin.py:154} INFO -  30 variants
[2025-12-09T21:09:47.982+0000] {logging_mixin.py:154} INFO -   └─ Year 2022... 
[2025-12-09T21:09:48.342+0000] {logging_mixin.py:154} INFO - Found 20 model(s) 
[2025-12-09T21:10:12.248+0000] {logging_mixin.py:154} INFO -  32 variants
[2025-12-09T21:10:12.252+0000] {logging_mixin.py:154} INFO -   └─ Year 2023... 
[2025-12-09T21:10:12.595+0000] {logging_mixin.py:154} INFO - Found 18 model(s) 
[2025-12-09T21:10:33.186+0000] {logging_mixin.py:154} INFO -  28 variants
[2025-12-09T21:10:33.189+0000] {logging_mixin.py:154} INFO -   └─ Year 2024... 
[2025-12-09T21:10:33.460+0000] {logging_mixin.py:154} INFO - Found 20 model(s) 
[2025-12-09T21:10:57.964+0000] {logging_mixin.py:154} INFO -  32 variants
[2025-12-09T21:10:57.967+0000] {logging_mixin.py:154} INFO -   └─ Year 2025... 
[2025-12-09T21:10:58.264+0000] {logging_mixin.py:154} INFO - Found 20 model(s) 
[2025-12-09T21:11:18.385+0000] {logging_mixin.py:154} INFO -  27 variants
[2025-12-09T21:11:18.390+0000] {logging_mixin.py:154} INFO -     Honda COMPLETE: 388 total vehicles
[2025-12-09T21:11:18.391+0000] {logging_mixin.py:154} INFO -  [6/15] Processing: Chevrolet
[2025-12-09T21:11:18.392+0000] {logging_mixin.py:154} INFO -   └─ Year 2015... 
[2025-12-09T21:11:18.659+0000] {logging_mixin.py:154} INFO - Found 38 model(s) 
[2025-12-09T21:12:19.473+0000] {logging_mixin.py:154} INFO -  92 variants
[2025-12-09T21:12:19.476+0000] {logging_mixin.py:154} INFO -   └─ Year 2016... 
[2025-12-09T21:12:19.841+0000] {logging_mixin.py:154} INFO - Found 42 model(s) 
[2025-12-09T21:13:23.439+0000] {logging_mixin.py:154} INFO -  89 variants
[2025-12-09T21:13:23.442+0000] {logging_mixin.py:154} INFO -   └─ Year 2017... 
[2025-12-09T21:13:23.735+0000] {logging_mixin.py:154} INFO - Found 39 model(s) 
[2025-12-09T21:14:19.984+0000] {logging_mixin.py:154} INFO -  87 variants
[2025-12-09T21:14:19.987+0000] {logging_mixin.py:154} INFO -   └─ Year 2018... 
[2025-12-09T21:14:20.396+0000] {logging_mixin.py:154} INFO - Found 36 model(s) 
[2025-12-09T21:15:17.106+0000] {logging_mixin.py:154} INFO -  88 variants
[2025-12-09T21:15:17.111+0000] {logging_mixin.py:154} INFO -   └─ Year 2019... 
[2025-12-09T21:15:17.428+0000] {logging_mixin.py:154} INFO - Found 41 model(s) 
[2025-12-09T21:16:20.989+0000] {logging_mixin.py:154} INFO -  96 variants
[2025-12-09T21:16:20.993+0000] {logging_mixin.py:154} INFO -   └─ Year 2020... 
[2025-12-09T21:16:21.307+0000] {logging_mixin.py:154} INFO - Found 29 model(s) 
[2025-12-09T21:17:13.482+0000] {logging_mixin.py:154} INFO -  80 variants
[2025-12-09T21:17:13.485+0000] {logging_mixin.py:154} INFO -   └─ Year 2021... 
[2025-12-09T21:17:13.782+0000] {logging_mixin.py:154} INFO - Found 28 model(s) 
[2025-12-09T21:18:15.065+0000] {logging_mixin.py:154} INFO -  96 variants
[2025-12-09T21:18:15.069+0000] {logging_mixin.py:154} INFO -   └─ Year 2022... 
[2025-12-09T21:18:15.380+0000] {logging_mixin.py:154} INFO - Found 30 model(s) 
[2025-12-09T21:19:14.150+0000] {logging_mixin.py:154} INFO -  96 variants
[2025-12-09T21:19:14.153+0000] {logging_mixin.py:154} INFO -   └─ Year 2023... 
[2025-12-09T21:19:14.489+0000] {logging_mixin.py:154} INFO - Found 29 model(s) 
[2025-12-09T21:19:58.654+0000] {logging_mixin.py:154} INFO -  69 variants
[2025-12-09T21:19:58.658+0000] {logging_mixin.py:154} INFO -   └─ Year 2024... 
[2025-12-09T21:19:58.927+0000] {logging_mixin.py:154} INFO - Found 37 model(s) 
[2025-12-09T21:20:55.643+0000] {logging_mixin.py:154} INFO -  79 variants
[2025-12-09T21:20:55.650+0000] {logging_mixin.py:154} INFO -   └─ Year 2025... 
[2025-12-09T21:20:55.974+0000] {logging_mixin.py:154} INFO - Found 44 model(s) 
[2025-12-09T21:21:51.863+0000] {logging_mixin.py:154} INFO -  78 variants
[2025-12-09T21:21:51.867+0000] {logging_mixin.py:154} INFO -     Chevrolet COMPLETE: 950 total vehicles
[2025-12-09T21:21:51.868+0000] {logging_mixin.py:154} INFO -  [7/15] Processing: Nissan
[2025-12-09T21:21:51.869+0000] {logging_mixin.py:154} INFO -   └─ Year 2015... 
[2025-12-09T21:21:52.280+0000] {logging_mixin.py:154} INFO - Found 34 model(s) 
[2025-12-09T21:22:34.795+0000] {logging_mixin.py:154} INFO -  50 variants
[2025-12-09T21:22:34.798+0000] {logging_mixin.py:154} INFO -   └─ Year 2016... 
[2025-12-09T21:22:35.107+0000] {logging_mixin.py:154} INFO - Found 29 model(s) 
[2025-12-09T21:23:03.728+0000] {logging_mixin.py:154} INFO -  40 variants
[2025-12-09T21:23:03.731+0000] {logging_mixin.py:154} INFO -   └─ Year 2017... 
[2025-12-09T21:23:04.029+0000] {logging_mixin.py:154} INFO - Found 37 model(s) 
[2025-12-09T21:23:43.047+0000] {logging_mixin.py:154} INFO -  51 variants
[2025-12-09T21:23:43.050+0000] {logging_mixin.py:154} INFO -   └─ Year 2018... 
[2025-12-09T21:23:43.355+0000] {logging_mixin.py:154} INFO - Found 33 model(s) 
[2025-12-09T21:24:16.463+0000] {logging_mixin.py:154} INFO -  46 variants
[2025-12-09T21:24:16.467+0000] {logging_mixin.py:154} INFO -   └─ Year 2019... 
[2025-12-09T21:24:16.823+0000] {logging_mixin.py:154} INFO - Found 37 model(s) 
[2025-12-09T21:24:52.473+0000] {logging_mixin.py:154} INFO -  47 variants
[2025-12-09T21:24:52.477+0000] {logging_mixin.py:154} INFO -   └─ Year 2020... 
[2025-12-09T21:24:52.755+0000] {logging_mixin.py:154} INFO - Found 32 model(s) 
[2025-12-09T21:25:21.204+0000] {logging_mixin.py:154} INFO -  35 variants
[2025-12-09T21:25:21.207+0000] {logging_mixin.py:154} INFO -   └─ Year 2021... 
[2025-12-09T21:25:21.517+0000] {logging_mixin.py:154} INFO - Found 34 model(s) 
[2025-12-09T21:25:51.238+0000] {logging_mixin.py:154} INFO -  38 variants
[2025-12-09T21:25:51.242+0000] {logging_mixin.py:154} INFO -   └─ Year 2022... 
[2025-12-09T21:25:51.530+0000] {logging_mixin.py:154} INFO - Found 31 model(s) 
[2025-12-09T21:26:18.741+0000] {logging_mixin.py:154} INFO -  34 variants
[2025-12-09T21:26:18.745+0000] {logging_mixin.py:154} INFO -   └─ Year 2023... 
[2025-12-09T21:26:19.063+0000] {logging_mixin.py:154} INFO - Found 38 model(s) 
[2025-12-09T21:26:55.894+0000] {logging_mixin.py:154} INFO -  48 variants
[2025-12-09T21:26:55.898+0000] {logging_mixin.py:154} INFO -   └─ Year 2024... 
[2025-12-09T21:26:56.204+0000] {logging_mixin.py:154} INFO - Found 38 model(s) 
[2025-12-09T21:27:28.683+0000] {logging_mixin.py:154} INFO -  40 variants
[2025-12-09T21:27:28.686+0000] {logging_mixin.py:154} INFO -   └─ Year 2025... 
[2025-12-09T21:27:29.006+0000] {logging_mixin.py:154} INFO - Found 36 model(s) 
[2025-12-09T21:27:59.218+0000] {logging_mixin.py:154} INFO -  38 variants
[2025-12-09T21:27:59.221+0000] {logging_mixin.py:154} INFO -     Nissan COMPLETE: 467 total vehicles
[2025-12-09T21:27:59.222+0000] {logging_mixin.py:154} INFO -  [8/15] Processing: BMW
[2025-12-09T21:27:59.222+0000] {logging_mixin.py:154} INFO -   └─ Year 2015... 
[2025-12-09T21:27:59.605+0000] {logging_mixin.py:154} INFO - Found 103 model(s) 
[2025-12-09T21:29:34.878+0000] {logging_mixin.py:154} INFO -  121 variants
[2025-12-09T21:29:34.881+0000] {logging_mixin.py:154} INFO -   └─ Year 2016... 
[2025-12-09T21:29:35.153+0000] {logging_mixin.py:154} INFO - Found 93 model(s) 
[2025-12-09T21:30:59.338+0000] {logging_mixin.py:154} INFO -  112 variants
[2025-12-09T21:30:59.340+0000] {logging_mixin.py:154} INFO -   └─ Year 2017... 
[2025-12-09T21:30:59.601+0000] {logging_mixin.py:154} INFO - Found 88 model(s) 
[2025-12-09T21:32:20.794+0000] {logging_mixin.py:154} INFO -  105 variants
[2025-12-09T21:32:20.798+0000] {logging_mixin.py:154} INFO -   └─ Year 2018... 
[2025-12-09T21:32:21.070+0000] {logging_mixin.py:154} INFO - Found 89 model(s) 
[2025-12-09T21:33:38.282+0000] {logging_mixin.py:154} INFO -  105 variants
[2025-12-09T21:33:38.286+0000] {logging_mixin.py:154} INFO -   └─ Year 2019... 
[2025-12-09T21:33:38.569+0000] {logging_mixin.py:154} INFO - Found 83 model(s) 
[2025-12-09T21:34:51.995+0000] {logging_mixin.py:154} INFO -  96 variants
[2025-12-09T21:34:51.998+0000] {logging_mixin.py:154} INFO -   └─ Year 2020... 
[2025-12-09T21:34:52.258+0000] {logging_mixin.py:154} INFO - Found 102 model(s) 
[2025-12-09T21:36:20.515+0000] {logging_mixin.py:154} INFO -  115 variants
[2025-12-09T21:36:20.522+0000] {logging_mixin.py:154} INFO -   └─ Year 2021... 
[2025-12-09T21:36:20.818+0000] {logging_mixin.py:154} INFO - Found 90 model(s) 
[2025-12-09T21:37:37.598+0000] {logging_mixin.py:154} INFO -  94 variants
[2025-12-09T21:37:37.602+0000] {logging_mixin.py:154} INFO -   └─ Year 2022... 
[2025-12-09T21:37:37.893+0000] {logging_mixin.py:154} INFO - Found 93 model(s) 
[2025-12-09T21:38:57.953+0000] {logging_mixin.py:154} INFO -  93 variants
[2025-12-09T21:38:57.956+0000] {logging_mixin.py:154} INFO -   └─ Year 2023... 
[2025-12-09T21:38:58.291+0000] {logging_mixin.py:154} INFO - Found 101 model(s) 
[2025-12-09T21:40:20.467+0000] {logging_mixin.py:154} INFO -  102 variants
[2025-12-09T21:40:20.472+0000] {logging_mixin.py:154} INFO -   └─ Year 2024... 
[2025-12-09T21:40:20.836+0000] {logging_mixin.py:154} INFO - Found 109 model(s) 
[2025-12-09T21:41:49.784+0000] {logging_mixin.py:154} INFO -  110 variants
[2025-12-09T21:41:49.788+0000] {logging_mixin.py:154} INFO -   └─ Year 2025... 
[2025-12-09T21:41:50.095+0000] {logging_mixin.py:154} INFO - Found 112 model(s) 
[2025-12-09T21:43:21.032+0000] {logging_mixin.py:154} INFO -  114 variants
[2025-12-09T21:43:21.035+0000] {logging_mixin.py:154} INFO -     BMW COMPLETE: 1167 total vehicles
[2025-12-09T21:43:21.036+0000] {logging_mixin.py:154} INFO -  [9/15] Processing: Mercedes-Benz
[2025-12-09T21:43:21.037+0000] {logging_mixin.py:154} INFO -   └─ Year 2015... 
[2025-12-09T21:43:21.320+0000] {logging_mixin.py:154} INFO - Found 69 model(s) 
[2025-12-09T21:44:24.944+0000] {logging_mixin.py:154} INFO -  77 variants
[2025-12-09T21:44:24.947+0000] {logging_mixin.py:154} INFO -   └─ Year 2016... 
[2025-12-09T21:44:25.301+0000] {logging_mixin.py:154} INFO - Found 70 model(s) 
[2025-12-09T21:45:44.052+0000] {logging_mixin.py:154} INFO -  75 variants
[2025-12-09T21:45:44.056+0000] {logging_mixin.py:154} INFO -   └─ Year 2017... 
[2025-12-09T21:45:44.325+0000] {logging_mixin.py:154} INFO - Found 81 model(s) 
[2025-12-09T21:46:49.750+0000] {logging_mixin.py:154} INFO -  84 variants
[2025-12-09T21:46:49.754+0000] {logging_mixin.py:154} INFO -   └─ Year 2018... 
[2025-12-09T21:46:50.054+0000] {logging_mixin.py:154} INFO - Found 89 model(s) 
[2025-12-09T21:48:14.308+0000] {logging_mixin.py:154} INFO -  92 variants
[2025-12-09T21:48:14.311+0000] {logging_mixin.py:154} INFO -   └─ Year 2019... 
[2025-12-09T21:48:14.602+0000] {logging_mixin.py:154} INFO - Found 91 model(s) 
[2025-12-09T21:49:43.624+0000] {logging_mixin.py:154} INFO -  93 variants
[2025-12-09T21:49:43.628+0000] {logging_mixin.py:154} INFO -   └─ Year 2020... 
[2025-12-09T21:49:43.910+0000] {logging_mixin.py:154} INFO - Found 88 model(s) 
[2025-12-09T21:51:07.219+0000] {logging_mixin.py:154} INFO -  91 variants
[2025-12-09T21:51:07.222+0000] {logging_mixin.py:154} INFO -   └─ Year 2021... 
[2025-12-09T21:51:07.577+0000] {logging_mixin.py:154} INFO - Found 87 model(s) 
[2025-12-09T21:52:23.226+0000] {logging_mixin.py:154} INFO -  87 variants
[2025-12-09T21:52:23.230+0000] {logging_mixin.py:154} INFO -   └─ Year 2022... 
[2025-12-09T21:52:23.517+0000] {logging_mixin.py:154} INFO - Found 71 model(s) 
[2025-12-09T21:53:23.782+0000] {logging_mixin.py:154} INFO -  72 variants
[2025-12-09T21:53:23.808+0000] {logging_mixin.py:154} INFO -   └─ Year 2023... 
[2025-12-09T21:53:24.113+0000] {logging_mixin.py:154} INFO - Found 76 model(s) 
[2025-12-09T21:54:25.054+0000] {logging_mixin.py:154} INFO -  76 variants
[2025-12-09T21:54:25.058+0000] {logging_mixin.py:154} INFO -   └─ Year 2024... 
[2025-12-09T21:54:25.446+0000] {logging_mixin.py:154} INFO - Found 72 model(s) 
[2025-12-09T21:55:25.449+0000] {logging_mixin.py:154} INFO -  73 variants
[2025-12-09T21:55:25.453+0000] {logging_mixin.py:154} INFO -   └─ Year 2025... 
[2025-12-09T21:55:25.758+0000] {logging_mixin.py:154} INFO - Found 88 model(s) 
[2025-12-09T21:56:36.864+0000] {logging_mixin.py:154} INFO -  88 variants
[2025-12-09T21:56:36.867+0000] {logging_mixin.py:154} INFO -     Mercedes-Benz COMPLETE: 908 total vehicles
[2025-12-09T21:56:36.869+0000] {logging_mixin.py:154} INFO -  [10/15] Processing: Volkswagen
[2025-12-09T21:56:36.870+0000] {logging_mixin.py:154} INFO -   └─ Year 2015... 
[2025-12-09T21:56:37.200+0000] {logging_mixin.py:154} INFO - Found 17 model(s) 
[2025-12-09T21:57:08.540+0000] {logging_mixin.py:154} INFO -  46 variants
[2025-12-09T21:57:08.543+0000] {logging_mixin.py:154} INFO -   └─ Year 2016... 
[2025-12-09T21:57:08.813+0000] {logging_mixin.py:154} INFO - Found 18 model(s) 
[2025-12-09T21:57:37.019+0000] {logging_mixin.py:154} INFO -  35 variants
[2025-12-09T21:57:37.022+0000] {logging_mixin.py:154} INFO -   └─ Year 2017... 
[2025-12-09T21:57:37.308+0000] {logging_mixin.py:154} INFO - Found 18 model(s) 
[2025-12-09T21:57:58.621+0000] {logging_mixin.py:154} INFO -  30 variants
[2025-12-09T21:57:58.635+0000] {logging_mixin.py:154} INFO -   └─ Year 2018... 
[2025-12-09T21:57:58.926+0000] {logging_mixin.py:154} INFO - Found 19 model(s) 
[2025-12-09T21:58:20.781+0000] {logging_mixin.py:154} INFO -  30 variants
[2025-12-09T21:58:20.785+0000] {logging_mixin.py:154} INFO -   └─ Year 2019... 
[2025-12-09T21:58:21.056+0000] {logging_mixin.py:154} INFO - Found 18 model(s) 
[2025-12-09T21:58:42.152+0000] {logging_mixin.py:154} INFO -  27 variants
[2025-12-09T21:58:42.156+0000] {logging_mixin.py:154} INFO -   └─ Year 2020... 
[2025-12-09T21:58:42.443+0000] {logging_mixin.py:154} INFO - Found 12 model(s) 
[2025-12-09T21:58:55.369+0000] {logging_mixin.py:154} INFO -  20 variants
[2025-12-09T21:58:55.372+0000] {logging_mixin.py:154} INFO -   └─ Year 2021... 
[2025-12-09T21:58:55.677+0000] {logging_mixin.py:154} INFO - Found 18 model(s) 
[2025-12-09T21:59:16.395+0000] {logging_mixin.py:154} INFO -  26 variants
[2025-12-09T21:59:16.404+0000] {logging_mixin.py:154} INFO -   └─ Year 2022... 
[2025-12-09T21:59:16.776+0000] {logging_mixin.py:154} INFO - Found 21 model(s) 
[2025-12-09T21:59:37.340+0000] {logging_mixin.py:154} INFO -  29 variants
[2025-12-09T21:59:37.344+0000] {logging_mixin.py:154} INFO -   └─ Year 2023... 
[2025-12-09T21:59:37.653+0000] {logging_mixin.py:154} INFO - Found 23 model(s) 
[2025-12-09T21:59:59.909+0000] {logging_mixin.py:154} INFO -  31 variants
[2025-12-09T21:59:59.913+0000] {logging_mixin.py:154} INFO -   └─ Year 2024... 
[2025-12-09T22:00:00.182+0000] {logging_mixin.py:154} INFO - Found 24 model(s) 
[2025-12-09T22:00:20.857+0000] {logging_mixin.py:154} INFO -  28 variants
[2025-12-09T22:00:20.861+0000] {logging_mixin.py:154} INFO -   └─ Year 2025... 
[2025-12-09T22:00:21.145+0000] {logging_mixin.py:154} INFO - Found 24 model(s) 
[2025-12-09T22:00:40.682+0000] {logging_mixin.py:154} INFO -  25 variants
[2025-12-09T22:00:40.686+0000] {logging_mixin.py:154} INFO -     Volkswagen COMPLETE: 327 total vehicles
[2025-12-09T22:00:40.687+0000] {logging_mixin.py:154} INFO -  [11/15] Processing: Hyundai
[2025-12-09T22:00:40.688+0000] {logging_mixin.py:154} INFO -   └─ Year 2015... 
[2025-12-09T22:00:41.008+0000] {logging_mixin.py:154} INFO - Found 27 model(s) 
[2025-12-09T22:01:10.889+0000] {logging_mixin.py:154} INFO -  44 variants
[2025-12-09T22:01:10.892+0000] {logging_mixin.py:154} INFO -   └─ Year 2016... 
[2025-12-09T22:01:11.270+0000] {logging_mixin.py:154} INFO - Found 29 model(s) 
[2025-12-09T22:01:41.687+0000] {logging_mixin.py:154} INFO -  45 variants
[2025-12-09T22:01:41.691+0000] {logging_mixin.py:154} INFO -   └─ Year 2017... 
[2025-12-09T22:01:42.014+0000] {logging_mixin.py:154} INFO - Found 29 model(s) 
[2025-12-09T22:02:14.116+0000] {logging_mixin.py:154} INFO -  44 variants
[2025-12-09T22:02:14.120+0000] {logging_mixin.py:154} INFO -   └─ Year 2018... 
[2025-12-09T22:02:14.395+0000] {logging_mixin.py:154} INFO - Found 25 model(s) 
[2025-12-09T22:02:43.501+0000] {logging_mixin.py:154} INFO -  43 variants
[2025-12-09T22:02:43.505+0000] {logging_mixin.py:154} INFO -   └─ Year 2019... 
[2025-12-09T22:02:43.834+0000] {logging_mixin.py:154} INFO - Found 28 model(s) 
[2025-12-09T22:03:16.736+0000] {logging_mixin.py:154} INFO -  46 variants
[2025-12-09T22:03:16.740+0000] {logging_mixin.py:154} INFO -   └─ Year 2020... 
[2025-12-09T22:03:17.017+0000] {logging_mixin.py:154} INFO - Found 25 model(s) 
[2025-12-09T22:03:45.180+0000] {logging_mixin.py:154} INFO -  43 variants
[2025-12-09T22:03:45.184+0000] {logging_mixin.py:154} INFO -   └─ Year 2021... 
[2025-12-09T22:03:45.535+0000] {logging_mixin.py:154} INFO - Found 27 model(s) 
[2025-12-09T22:04:17.641+0000] {logging_mixin.py:154} INFO -  44 variants
[2025-12-09T22:04:17.646+0000] {logging_mixin.py:154} INFO -   └─ Year 2022... 
[2025-12-09T22:04:17.960+0000] {logging_mixin.py:154} INFO - Found 36 model(s) 
[2025-12-09T22:04:54.196+0000] {logging_mixin.py:154} INFO -  49 variants
[2025-12-09T22:04:54.200+0000] {logging_mixin.py:154} INFO -   └─ Year 2023... 
[2025-12-09T22:04:54.459+0000] {logging_mixin.py:154} INFO - Found 33 model(s) 
[2025-12-09T22:05:25.329+0000] {logging_mixin.py:154} INFO -  44 variants
[2025-12-09T22:05:25.332+0000] {logging_mixin.py:154} INFO -   └─ Year 2024... 
[2025-12-09T22:05:25.613+0000] {logging_mixin.py:154} INFO - Found 36 model(s) 
[2025-12-09T22:06:01.269+0000] {logging_mixin.py:154} INFO -  45 variants
[2025-12-09T22:06:01.273+0000] {logging_mixin.py:154} INFO -   └─ Year 2025... 
[2025-12-09T22:06:01.550+0000] {logging_mixin.py:154} INFO - Found 42 model(s) 
[2025-12-09T22:06:41.241+0000] {logging_mixin.py:154} INFO -  52 variants
[2025-12-09T22:06:41.245+0000] {logging_mixin.py:154} INFO -     Hyundai COMPLETE: 499 total vehicles
[2025-12-09T22:06:41.246+0000] {logging_mixin.py:154} INFO -  [12/15] Processing: Kia
[2025-12-09T22:06:41.247+0000] {logging_mixin.py:154} INFO -   └─ Year 2015... 
[2025-12-09T22:06:41.531+0000] {logging_mixin.py:154} INFO - Found 22 model(s) 
[2025-12-09T22:07:07.213+0000] {logging_mixin.py:154} INFO -  38 variants
[2025-12-09T22:07:07.216+0000] {logging_mixin.py:154} INFO -   └─ Year 2016... 
[2025-12-09T22:07:07.499+0000] {logging_mixin.py:154} INFO - Found 24 model(s) 
[2025-12-09T22:07:35.304+0000] {logging_mixin.py:154} INFO -  42 variants
[2025-12-09T22:07:35.307+0000] {logging_mixin.py:154} INFO -   └─ Year 2017... 
[2025-12-09T22:07:35.586+0000] {logging_mixin.py:154} INFO - Found 26 model(s) 
[2025-12-09T22:08:04.798+0000] {logging_mixin.py:154} INFO -  45 variants
[2025-12-09T22:08:04.802+0000] {logging_mixin.py:154} INFO -   └─ Year 2018... 
[2025-12-09T22:08:05.083+0000] {logging_mixin.py:154} INFO - Found 28 model(s) 
[2025-12-09T22:08:35.927+0000] {logging_mixin.py:154} INFO -  47 variants
[2025-12-09T22:08:35.930+0000] {logging_mixin.py:154} INFO -   └─ Year 2019... 
[2025-12-09T22:08:36.232+0000] {logging_mixin.py:154} INFO - Found 25 model(s) 
[2025-12-09T22:09:01.820+0000] {logging_mixin.py:154} INFO -  38 variants
[2025-12-09T22:09:01.824+0000] {logging_mixin.py:154} INFO -   └─ Year 2020... 
[2025-12-09T22:09:02.135+0000] {logging_mixin.py:154} INFO - Found 26 model(s) 
[2025-12-09T22:09:28.928+0000] {logging_mixin.py:154} INFO -  39 variants
[2025-12-09T22:09:28.931+0000] {logging_mixin.py:154} INFO -   └─ Year 2021... 
[2025-12-09T22:09:29.200+0000] {logging_mixin.py:154} INFO - Found 24 model(s) 
[2025-12-09T22:09:56.420+0000] {logging_mixin.py:154} INFO -  38 variants
[2025-12-09T22:09:56.424+0000] {logging_mixin.py:154} INFO -   └─ Year 2022... 
[2025-12-09T22:09:56.697+0000] {logging_mixin.py:154} INFO - Found 29 model(s) 
[2025-12-09T22:10:25.704+0000] {logging_mixin.py:154} INFO -  41 variants
[2025-12-09T22:10:25.708+0000] {logging_mixin.py:154} INFO -   └─ Year 2023... 
[2025-12-09T22:10:26.002+0000] {logging_mixin.py:154} INFO - Found 33 model(s) 
[2025-12-09T22:11:02.411+0000] {logging_mixin.py:154} INFO -  41 variants
[2025-12-09T22:11:02.415+0000] {logging_mixin.py:154} INFO -   └─ Year 2024... 
[2025-12-09T22:11:02.707+0000] {logging_mixin.py:154} INFO - Found 34 model(s) 
[2025-12-09T22:11:34.077+0000] {logging_mixin.py:154} INFO -  40 variants
[2025-12-09T22:11:34.081+0000] {logging_mixin.py:154} INFO -   └─ Year 2025... 
[2025-12-09T22:11:34.348+0000] {logging_mixin.py:154} INFO - Found 35 model(s) 
[2025-12-09T22:12:09.272+0000] {logging_mixin.py:154} INFO -  42 variants
[2025-12-09T22:12:09.276+0000] {logging_mixin.py:154} INFO -     Kia COMPLETE: 451 total vehicles
[2025-12-09T22:12:09.277+0000] {logging_mixin.py:154} INFO -  [13/15] Processing: Subaru
[2025-12-09T22:12:09.278+0000] {logging_mixin.py:154} INFO -   └─ Year 2015... 
[2025-12-09T22:12:09.590+0000] {logging_mixin.py:154} INFO - Found 10 model(s) 
[2025-12-09T22:12:23.120+0000] {logging_mixin.py:154} INFO -  21 variants
[2025-12-09T22:12:23.125+0000] {logging_mixin.py:154} INFO -   └─ Year 2016... 
[2025-12-09T22:12:23.467+0000] {logging_mixin.py:154} INFO - Found 10 model(s) 
[2025-12-09T22:12:39.533+0000] {logging_mixin.py:154} INFO -  21 variants
[2025-12-09T22:12:39.537+0000] {logging_mixin.py:154} INFO -   └─ Year 2017... 
[2025-12-09T22:12:39.812+0000] {logging_mixin.py:154} INFO - Found 10 model(s) 
[2025-12-09T22:12:53.603+0000] {logging_mixin.py:154} INFO -  22 variants
[2025-12-09T22:12:53.607+0000] {logging_mixin.py:154} INFO -   └─ Year 2018... 
[2025-12-09T22:12:53.874+0000] {logging_mixin.py:154} INFO - Found 12 model(s) 
[2025-12-09T22:13:08.754+0000] {logging_mixin.py:154} INFO -  24 variants
[2025-12-09T22:13:08.758+0000] {logging_mixin.py:154} INFO -   └─ Year 2019... 
[2025-12-09T22:13:09.032+0000] {logging_mixin.py:154} INFO - Found 13 model(s) 
[2025-12-09T22:13:23.914+0000] {logging_mixin.py:154} INFO -  23 variants
[2025-12-09T22:13:23.918+0000] {logging_mixin.py:154} INFO -   └─ Year 2020... 
[2025-12-09T22:13:24.202+0000] {logging_mixin.py:154} INFO - Found 14 model(s) 
[2025-12-09T22:13:40.432+0000] {logging_mixin.py:154} INFO -  24 variants
[2025-12-09T22:13:40.438+0000] {logging_mixin.py:154} INFO -   └─ Year 2021... 
[2025-12-09T22:13:40.725+0000] {logging_mixin.py:154} INFO - Found 12 model(s) 
[2025-12-09T22:13:56.610+0000] {logging_mixin.py:154} INFO -  21 variants
[2025-12-09T22:13:56.613+0000] {logging_mixin.py:154} INFO -   └─ Year 2022... 
[2025-12-09T22:13:56.939+0000] {logging_mixin.py:154} INFO - Found 14 model(s) 
[2025-12-09T22:14:14.619+0000] {logging_mixin.py:154} INFO -  23 variants
[2025-12-09T22:14:14.623+0000] {logging_mixin.py:154} INFO -   └─ Year 2023... 
[2025-12-09T22:14:14.893+0000] {logging_mixin.py:154} INFO - Found 17 model(s) 
[2025-12-09T22:14:32.790+0000] {logging_mixin.py:154} INFO -  26 variants
[2025-12-09T22:14:32.795+0000] {logging_mixin.py:154} INFO -   └─ Year 2024... 
[2025-12-09T22:14:33.074+0000] {logging_mixin.py:154} INFO - Found 14 model(s) 
[2025-12-09T22:14:49.218+0000] {logging_mixin.py:154} INFO -  20 variants
[2025-12-09T22:14:49.222+0000] {logging_mixin.py:154} INFO -   └─ Year 2025... 
[2025-12-09T22:14:49.532+0000] {logging_mixin.py:154} INFO - Found 16 model(s) 
[2025-12-09T22:15:05.264+0000] {logging_mixin.py:154} INFO -  22 variants
[2025-12-09T22:15:05.268+0000] {logging_mixin.py:154} INFO -     Subaru COMPLETE: 247 total vehicles
[2025-12-09T22:15:05.269+0000] {logging_mixin.py:154} INFO -  [14/15] Processing: Mazda
[2025-12-09T22:15:05.270+0000] {logging_mixin.py:154} INFO -   └─ Year 2015... 
[2025-12-09T22:15:05.544+0000] {logging_mixin.py:154} INFO - Found 9 model(s) 
[2025-12-09T22:15:20.094+0000] {logging_mixin.py:154} INFO -  24 variants
[2025-12-09T22:15:20.098+0000] {logging_mixin.py:154} INFO -   └─ Year 2016... 
[2025-12-09T22:15:20.381+0000] {logging_mixin.py:154} INFO - Found 11 model(s) 
[2025-12-09T22:15:35.729+0000] {logging_mixin.py:154} INFO -  24 variants
[2025-12-09T22:15:35.733+0000] {logging_mixin.py:154} INFO -   └─ Year 2017... 
[2025-12-09T22:15:36.137+0000] {logging_mixin.py:154} INFO - Found 11 model(s) 
[2025-12-09T22:15:53.067+0000] {logging_mixin.py:154} INFO -  23 variants
[2025-12-09T22:15:53.072+0000] {logging_mixin.py:154} INFO -   └─ Year 2018... 
[2025-12-09T22:15:53.340+0000] {logging_mixin.py:154} INFO - Found 11 model(s) 
[2025-12-09T22:16:08.225+0000] {logging_mixin.py:154} INFO -  23 variants
[2025-12-09T22:16:08.229+0000] {logging_mixin.py:154} INFO -   └─ Year 2019... 
[2025-12-09T22:16:08.508+0000] {logging_mixin.py:154} INFO - Found 13 model(s) 
[2025-12-09T22:16:23.766+0000] {logging_mixin.py:154} INFO -  23 variants
[2025-12-09T22:16:23.770+0000] {logging_mixin.py:154} INFO -   └─ Year 2020... 
[2025-12-09T22:16:24.096+0000] {logging_mixin.py:154} INFO - Found 15 model(s) 
[2025-12-09T22:16:39.763+0000] {logging_mixin.py:154} INFO -  23 variants
[2025-12-09T22:16:39.767+0000] {logging_mixin.py:154} INFO -   └─ Year 2021... 
[2025-12-09T22:16:40.041+0000] {logging_mixin.py:154} INFO - Found 15 model(s) 
[2025-12-09T22:16:59.405+0000] {logging_mixin.py:154} INFO -  29 variants
[2025-12-09T22:16:59.408+0000] {logging_mixin.py:154} INFO -   └─ Year 2022... 
[2025-12-09T22:16:59.748+0000] {logging_mixin.py:154} INFO - Found 9 model(s) 
[2025-12-09T22:17:10.317+0000] {logging_mixin.py:154} INFO -  16 variants
[2025-12-09T22:17:10.321+0000] {logging_mixin.py:154} INFO -   └─ Year 2023... 
[2025-12-09T22:17:10.603+0000] {logging_mixin.py:154} INFO - Found 10 model(s) 
[2025-12-09T22:17:22.627+0000] {logging_mixin.py:154} INFO -  18 variants
[2025-12-09T22:17:22.631+0000] {logging_mixin.py:154} INFO -   └─ Year 2024... 
[2025-12-09T22:17:22.932+0000] {logging_mixin.py:154} INFO - Found 9 model(s) 
[2025-12-09T22:17:34.926+0000] {logging_mixin.py:154} INFO -  19 variants
[2025-12-09T22:17:34.929+0000] {logging_mixin.py:154} INFO -   └─ Year 2025... 
[2025-12-09T22:17:35.196+0000] {logging_mixin.py:154} INFO - Found 12 model(s) 
[2025-12-09T22:17:49.397+0000] {logging_mixin.py:154} INFO -  23 variants
[2025-12-09T22:17:49.401+0000] {logging_mixin.py:154} INFO -     Mazda COMPLETE: 245 total vehicles
[2025-12-09T22:17:49.402+0000] {logging_mixin.py:154} INFO -  [15/15] Processing: Jeep
[2025-12-09T22:17:49.403+0000] {logging_mixin.py:154} INFO -   └─ Year 2015... 
[2025-12-09T22:17:49.725+0000] {logging_mixin.py:154} INFO - Found 15 model(s) 
[2025-12-09T22:18:13.775+0000] {logging_mixin.py:154} INFO -  39 variants
[2025-12-09T22:18:13.778+0000] {logging_mixin.py:154} INFO -   └─ Year 2016... 
[2025-12-09T22:18:14.105+0000] {logging_mixin.py:154} INFO - Found 15 model(s) 
[2025-12-09T22:18:37.857+0000] {logging_mixin.py:154} INFO -  38 variants
[2025-12-09T22:18:37.861+0000] {logging_mixin.py:154} INFO -   └─ Year 2017... 
[2025-12-09T22:18:38.161+0000] {logging_mixin.py:154} INFO - Found 17 model(s) 
[2025-12-09T22:19:02.980+0000] {logging_mixin.py:154} INFO -  40 variants
[2025-12-09T22:19:02.985+0000] {logging_mixin.py:154} INFO -   └─ Year 2018... 
[2025-12-09T22:19:03.296+0000] {logging_mixin.py:154} INFO - Found 16 model(s) 
[2025-12-09T22:19:27.894+0000] {logging_mixin.py:154} INFO -  36 variants
[2025-12-09T22:19:27.898+0000] {logging_mixin.py:154} INFO -   └─ Year 2019... 
[2025-12-09T22:19:28.178+0000] {logging_mixin.py:154} INFO - Found 15 model(s) 
[2025-12-09T22:19:47.786+0000] {logging_mixin.py:154} INFO -  31 variants
[2025-12-09T22:19:47.789+0000] {logging_mixin.py:154} INFO -   └─ Year 2020... 
[2025-12-09T22:19:48.057+0000] {logging_mixin.py:154} INFO - Found 16 model(s) 
[2025-12-09T22:20:11.019+0000] {logging_mixin.py:154} INFO -  36 variants
[2025-12-09T22:20:11.030+0000] {logging_mixin.py:154} INFO -   └─ Year 2021... 
[2025-12-09T22:20:11.359+0000] {logging_mixin.py:154} INFO - Found 23 model(s) 
[2025-12-09T22:20:40.352+0000] {logging_mixin.py:154} INFO -  40 variants
[2025-12-09T22:20:40.354+0000] {logging_mixin.py:154} INFO -   └─ Year 2022... 
[2025-12-09T22:20:40.643+0000] {logging_mixin.py:154} INFO - Found 27 model(s) 
[2025-12-09T22:21:11.763+0000] {logging_mixin.py:154} INFO -  43 variants
[2025-12-09T22:21:11.768+0000] {logging_mixin.py:154} INFO -   └─ Year 2023... 
[2025-12-09T22:21:12.038+0000] {logging_mixin.py:154} INFO - Found 24 model(s) 
[2025-12-09T22:21:43.416+0000] {logging_mixin.py:154} INFO -  37 variants
[2025-12-09T22:21:43.421+0000] {logging_mixin.py:154} INFO -   └─ Year 2024... 
[2025-12-09T22:21:43.701+0000] {logging_mixin.py:154} INFO - Found 20 model(s) 
[2025-12-09T22:22:03.317+0000] {logging_mixin.py:154} INFO -  28 variants
[2025-12-09T22:22:03.321+0000] {logging_mixin.py:154} INFO -   └─ Year 2025... 
[2025-12-09T22:22:03.626+0000] {logging_mixin.py:154} INFO - Found 18 model(s) 
[2025-12-09T22:22:21.871+0000] {logging_mixin.py:154} INFO -  22 variants
[2025-12-09T22:22:21.875+0000] {logging_mixin.py:154} INFO -     Jeep COMPLETE: 390 total vehicles
[2025-12-09T22:22:21.876+0000] {logging_mixin.py:154} INFO - ============================================================
[2025-12-09T22:22:21.877+0000] {logging_mixin.py:154} INFO -  COLLECTION COMPLETE: 8527 total vehicles
[2025-12-09T22:22:21.878+0000] {logging_mixin.py:154} INFO - ============================================================
[2025-12-09T22:22:22.251+0000] {logging_mixin.py:154} INFO -  Saved locally: data/epa_fuel_economy_2015_2024_20251209_222221.csv
[2025-12-09T22:22:22.265+0000] {credentials.py:1147} INFO - Found credentials in environment variables.
[2025-12-09T22:22:23.192+0000] {logging_mixin.py:154} INFO -      Uploading to S3: s3://autoinsightfinal/epa/raw/epa_fuel_economy_2015_2024_20251209_222221.csv
[2025-12-09T22:22:24.250+0000] {logging_mixin.py:154} INFO -       Uploaded successfully
[2025-12-09T22:22:24.448+0000] {logging_mixin.py:154} INFO -  Saved locally: data/epa_fuel_economy_2015_2024_20251209_222221.json
[2025-12-09T22:22:24.457+0000] {logging_mixin.py:154} INFO -      Uploading to S3: s3://autoinsightfinal/epa/raw/epa_fuel_economy_2015_2024_20251209_222221.json
[2025-12-09T22:22:30.326+0000] {logging_mixin.py:154} INFO -       Uploaded successfully
[2025-12-09T22:22:30.330+0000] {logging_mixin.py:154} INFO - 
============================================================
[2025-12-09T22:22:30.331+0000] {logging_mixin.py:154} INFO - DATA SUMMARY
[2025-12-09T22:22:30.332+0000] {logging_mixin.py:154} INFO - ============================================================
[2025-12-09T22:22:30.333+0000] {logging_mixin.py:154} INFO - Total Records: 8,527
[2025-12-09T22:22:30.347+0000] {logging_mixin.py:154} INFO - Manufacturers: 15
[2025-12-09T22:22:30.352+0000] {logging_mixin.py:154} INFO - Unique Models: 1549
[2025-12-09T22:22:30.356+0000] {logging_mixin.py:154} INFO - Years: [2015, 2016, 2017, 2018, 2019, 2020, 2021, 2022, 2023, 2024, 2025]
[2025-12-09T22:22:30.356+0000] {logging_mixin.py:154} INFO - Collection Time: 104.4 minutes
[2025-12-09T22:22:30.357+0000] {logging_mixin.py:154} INFO - 
============================================================
[2025-12-09T22:22:30.358+0000] {logging_mixin.py:154} INFO - RECORDS BY MANUFACTURER
[2025-12-09T22:22:30.359+0000] {logging_mixin.py:154} INFO - ============================================================
[2025-12-09T22:22:30.365+0000] {logging_mixin.py:154} INFO -   BMW                   1167 ( 13.7%)
[2025-12-09T22:22:30.366+0000] {logging_mixin.py:154} INFO -   Ford                   996 ( 11.7%)
[2025-12-09T22:22:30.367+0000] {logging_mixin.py:154} INFO -   Chevrolet              950 ( 11.1%)
[2025-12-09T22:22:30.368+0000] {logging_mixin.py:154} INFO -   Mercedes-Benz          908 ( 10.6%)
[2025-12-09T22:22:30.369+0000] {logging_mixin.py:154} INFO -   Toyota                 754 (  8.8%)
[2025-12-09T22:22:30.370+0000] {logging_mixin.py:154} INFO -   GMC                    579 (  6.8%)
[2025-12-09T22:22:30.371+0000] {logging_mixin.py:154} INFO -   Hyundai                499 (  5.9%)
[2025-12-09T22:22:30.371+0000] {logging_mixin.py:154} INFO -   Nissan                 467 (  5.5%)
[2025-12-09T22:22:30.372+0000] {logging_mixin.py:154} INFO -   Kia                    451 (  5.3%)
[2025-12-09T22:22:30.373+0000] {logging_mixin.py:154} INFO -   Jeep                   390 (  4.6%)
[2025-12-09T22:22:30.374+0000] {logging_mixin.py:154} INFO -   Honda                  388 (  4.6%)
[2025-12-09T22:22:30.375+0000] {logging_mixin.py:154} INFO -   Volkswagen             327 (  3.8%)
[2025-12-09T22:22:30.376+0000] {logging_mixin.py:154} INFO -   Subaru                 247 (  2.9%)
[2025-12-09T22:22:30.376+0000] {logging_mixin.py:154} INFO -   Mazda                  245 (  2.9%)
[2025-12-09T22:22:30.378+0000] {logging_mixin.py:154} INFO -   Tesla                  159 (  1.9%)
[2025-12-09T22:22:30.379+0000] {logging_mixin.py:154} INFO - 
============================================================
[2025-12-09T22:22:30.380+0000] {logging_mixin.py:154} INFO -  ELECTRIC VEHICLES
[2025-12-09T22:22:30.381+0000] {logging_mixin.py:154} INFO - ============================================================
[2025-12-09T22:22:30.397+0000] {logging_mixin.py:154} INFO - Total EVs: 784 (9.2%)
[2025-12-09T22:22:30.398+0000] {logging_mixin.py:154} INFO - 
 Top 5 EVs by Range:
[2025-12-09T22:22:30.413+0000] {logging_mixin.py:154} INFO -  year   make       model  electric_range
 2017 Toyota Prius Prime             640
 2018 Toyota Prius Prime             640
 2019 Toyota Prius Prime             640
 2020 Toyota Prius Prime             640
 2021 Toyota Prius Prime             640
[2025-12-09T22:22:30.414+0000] {logging_mixin.py:154} INFO - 
============================================================
[2025-12-09T22:22:30.415+0000] {logging_mixin.py:154} INFO - FUEL TYPE DISTRIBUTION
[2025-12-09T22:22:30.416+0000] {logging_mixin.py:154} INFO - ============================================================
[2025-12-09T22:22:30.418+0000] {logging_mixin.py:154} INFO -   Regular                         4672 ( 54.8%)
[2025-12-09T22:22:30.419+0000] {logging_mixin.py:154} INFO -   Premium                         2458 ( 28.8%)
[2025-12-09T22:22:30.420+0000] {logging_mixin.py:154} INFO -   Electricity                      602 (  7.1%)
[2025-12-09T22:22:30.421+0000] {logging_mixin.py:154} INFO -   Gasoline or E85                  312 (  3.7%)
[2025-12-09T22:22:30.422+0000] {logging_mixin.py:154} INFO -   Diesel                           216 (  2.5%)
[2025-12-09T22:22:30.423+0000] {logging_mixin.py:154} INFO -   Regular Gas and Electricity       84 (  1.0%)
[2025-12-09T22:22:30.424+0000] {logging_mixin.py:154} INFO -   Premium and Electricity           82 (  1.0%)
[2025-12-09T22:22:30.424+0000] {logging_mixin.py:154} INFO -   Hydrogen                          38 (  0.4%)
[2025-12-09T22:22:30.425+0000] {logging_mixin.py:154} INFO -   Midgrade                          26 (  0.3%)
[2025-12-09T22:22:30.426+0000] {logging_mixin.py:154} INFO -   Premium or E85                    18 (  0.2%)
[2025-12-09T22:22:30.427+0000] {logging_mixin.py:154} INFO -   Premium Gas or Electricity        12 (  0.1%)
[2025-12-09T22:22:30.428+0000] {logging_mixin.py:154} INFO -   Regular Gas or Electricity         4 (  0.0%)
[2025-12-09T22:22:30.429+0000] {logging_mixin.py:154} INFO -   Gasoline or natural gas            2 (  0.0%)
[2025-12-09T22:22:30.430+0000] {logging_mixin.py:154} INFO -   CNG                                1 (  0.0%)
[2025-12-09T22:22:30.431+0000] {logging_mixin.py:154} INFO - 
  Uploaded to: s3://autoinsightfinal/epa/raw/epa_fuel_economy_2015_2024_20251209_222221.csv
[2025-12-09T22:22:30.431+0000] {logging_mixin.py:154} INFO - 
============================================================
[2025-12-09T22:22:30.482+0000] {logging_mixin.py:154} INFO - ✅ EPA Data Collection Complete: 8,527 records
[2025-12-09T22:22:30.484+0000] {python.py:194} INFO - Done. Returned value was: True
[2025-12-09T22:22:30.517+0000] {taskinstance.py:1400} INFO - Marking task as SUCCESS. dag_id=autoinsight_data_pipeline, task_id=fetch_epa_data, execution_date=20251208T020000, start_date=20251209T203807, end_date=20251209T222230
[2025-12-09T22:22:30.578+0000] {local_task_job_runner.py:228} INFO - Task exited with return code 0
[2025-12-09T22:22:31.002+0000] {taskinstance.py:2778} INFO - 1 downstream tasks scheduled from follow-on schedule check
