[2025-12-09T22:59:48.802+0000] {taskinstance.py:1159} INFO - Dependencies all met for dep_context=non-requeueable deps ti=<TaskInstance: autoinsight_cleaning_pipeline_v2.clean_epa_data manual__2025-12-09T22:59:47.472900+00:00 [queued]>
[2025-12-09T22:59:48.811+0000] {taskinstance.py:1159} INFO - Dependencies all met for dep_context=requeueable deps ti=<TaskInstance: autoinsight_cleaning_pipeline_v2.clean_epa_data manual__2025-12-09T22:59:47.472900+00:00 [queued]>
[2025-12-09T22:59:48.812+0000] {taskinstance.py:1361} INFO - Starting attempt 1 of 3
[2025-12-09T22:59:48.826+0000] {taskinstance.py:1382} INFO - Executing <Task(PythonOperator): clean_epa_data> on 2025-12-09 22:59:47.472900+00:00
[2025-12-09T22:59:48.834+0000] {standard_task_runner.py:57} INFO - Started process 1003 to run task
[2025-12-09T22:59:48.837+0000] {standard_task_runner.py:84} INFO - Running: ['***', 'tasks', 'run', 'autoinsight_cleaning_pipeline_v2', 'clean_epa_data', 'manual__2025-12-09T22:59:47.472900+00:00', '--job-id', '44', '--raw', '--subdir', 'DAGS_FOLDER/autoinsight_cleaning_pipeline.py', '--cfg-path', '/tmp/tmpvukkt4b2']
[2025-12-09T22:59:48.843+0000] {standard_task_runner.py:85} INFO - Job 44: Subtask clean_epa_data
[2025-12-09T22:59:48.930+0000] {task_command.py:416} INFO - Running <TaskInstance: autoinsight_cleaning_pipeline_v2.clean_epa_data manual__2025-12-09T22:59:47.472900+00:00 [running]> on host 09126cf425ed
[2025-12-09T22:59:49.012+0000] {taskinstance.py:1662} INFO - Exporting env vars: AIRFLOW_CTX_DAG_EMAIL='autoinsight@example.com' AIRFLOW_CTX_DAG_OWNER='autoinsight-team' AIRFLOW_CTX_DAG_ID='autoinsight_cleaning_pipeline_v2' AIRFLOW_CTX_TASK_ID='clean_epa_data' AIRFLOW_CTX_EXECUTION_DATE='2025-12-09T22:59:47.472900+00:00' AIRFLOW_CTX_TRY_NUMBER='1' AIRFLOW_CTX_DAG_RUN_ID='manual__2025-12-09T22:59:47.472900+00:00'
[2025-12-09T22:59:49.014+0000] {logging_mixin.py:154} INFO - ======================================================================
[2025-12-09T22:59:49.015+0000] {logging_mixin.py:154} INFO - CLEANING TASK: EPA Fuel Economy
[2025-12-09T22:59:49.015+0000] {logging_mixin.py:154} INFO - ======================================================================
[2025-12-09T22:59:49.485+0000] {logging_mixin.py:154} INFO - 
Starting EPA Fuel Economy Cleaning
[2025-12-09T22:59:49.486+0000] {logging_mixin.py:154} INFO - Running in LOCAL mode
[2025-12-09T22:59:49.487+0000] {logging_mixin.py:154} INFO - Loading AWS S3 connectors...
[2025-12-09T22:59:49.622+0000] {logging_mixin.py:154} INFO - ❌ EPA Fuel Economy Failed: [JAVA_GATEWAY_EXITED] Java gateway process exited before sending its port number.
[2025-12-09T22:59:49.629+0000] {logging_mixin.py:154} WARNING - Traceback (most recent call last):
[2025-12-09T22:59:49.631+0000] {logging_mixin.py:154} WARNING -   File "/opt/***/dags/autoinsight_cleaning_pipeline.py", line 88, in run_cleaning_task
    main()
[2025-12-09T22:59:49.632+0000] {logging_mixin.py:154} WARNING -   File "/opt/***/src/data_cleaning/clean_epa_fuel_economy.py", line 314, in main
    spark = builder.getOrCreate()
            ^^^^^^^^^^^^^^^^^^^^^
[2025-12-09T22:59:49.633+0000] {logging_mixin.py:154} WARNING -   File "/home/***/.local/lib/python3.11/site-packages/pyspark/sql/session.py", line 497, in getOrCreate
    sc = SparkContext.getOrCreate(sparkConf)
         ^^^^^^^^^^^^^^^^^^^^^^^^^^^^^^^^^^^
[2025-12-09T22:59:49.634+0000] {logging_mixin.py:154} WARNING -   File "/home/***/.local/lib/python3.11/site-packages/pyspark/context.py", line 515, in getOrCreate
    SparkContext(conf=conf or SparkConf())
[2025-12-09T22:59:49.634+0000] {logging_mixin.py:154} WARNING -   File "/home/***/.local/lib/python3.11/site-packages/pyspark/context.py", line 201, in __init__
    SparkContext._ensure_initialized(self, gateway=gateway, conf=conf)
[2025-12-09T22:59:49.635+0000] {logging_mixin.py:154} WARNING -   File "/home/***/.local/lib/python3.11/site-packages/pyspark/context.py", line 436, in _ensure_initialized
    SparkContext._gateway = gateway or launch_gateway(conf)
                                       ^^^^^^^^^^^^^^^^^^^^
[2025-12-09T22:59:49.636+0000] {logging_mixin.py:154} WARNING -   File "/home/***/.local/lib/python3.11/site-packages/pyspark/java_gateway.py", line 107, in launch_gateway
    raise PySparkRuntimeError(
[2025-12-09T22:59:49.636+0000] {logging_mixin.py:154} WARNING - pyspark.errors.exceptions.base.PySparkRuntimeError: [JAVA_GATEWAY_EXITED] Java gateway process exited before sending its port number.
[2025-12-09T22:59:49.638+0000] {taskinstance.py:1937} ERROR - Task failed with exception
Traceback (most recent call last):
  File "/home/airflow/.local/lib/python3.11/site-packages/airflow/operators/python.py", line 192, in execute
    return_value = self.execute_callable()
                   ^^^^^^^^^^^^^^^^^^^^^^^
  File "/home/airflow/.local/lib/python3.11/site-packages/airflow/operators/python.py", line 209, in execute_callable
    return self.python_callable(*self.op_args, **self.op_kwargs)
           ^^^^^^^^^^^^^^^^^^^^^^^^^^^^^^^^^^^^^^^^^^^^^^^^^^^^^
  File "/opt/airflow/dags/autoinsight_cleaning_pipeline.py", line 103, in clean_epa_data
    return run_cleaning_task('clean_epa_fuel_economy', 'EPA Fuel Economy', **context)
           ^^^^^^^^^^^^^^^^^^^^^^^^^^^^^^^^^^^^^^^^^^^^^^^^^^^^^^^^^^^^^^^^^^^^^^^^^^
  File "/opt/airflow/dags/autoinsight_cleaning_pipeline.py", line 88, in run_cleaning_task
    main()
  File "/opt/airflow/src/data_cleaning/clean_epa_fuel_economy.py", line 314, in main
    spark = builder.getOrCreate()
            ^^^^^^^^^^^^^^^^^^^^^
  File "/home/airflow/.local/lib/python3.11/site-packages/pyspark/sql/session.py", line 497, in getOrCreate
    sc = SparkContext.getOrCreate(sparkConf)
         ^^^^^^^^^^^^^^^^^^^^^^^^^^^^^^^^^^^
  File "/home/airflow/.local/lib/python3.11/site-packages/pyspark/context.py", line 515, in getOrCreate
    SparkContext(conf=conf or SparkConf())
  File "/home/airflow/.local/lib/python3.11/site-packages/pyspark/context.py", line 201, in __init__
    SparkContext._ensure_initialized(self, gateway=gateway, conf=conf)
  File "/home/airflow/.local/lib/python3.11/site-packages/pyspark/context.py", line 436, in _ensure_initialized
    SparkContext._gateway = gateway or launch_gateway(conf)
                                       ^^^^^^^^^^^^^^^^^^^^
  File "/home/airflow/.local/lib/python3.11/site-packages/pyspark/java_gateway.py", line 107, in launch_gateway
    raise PySparkRuntimeError(
pyspark.errors.exceptions.base.PySparkRuntimeError: [JAVA_GATEWAY_EXITED] Java gateway process exited before sending its port number.
[2025-12-09T22:59:49.653+0000] {taskinstance.py:1400} INFO - Marking task as UP_FOR_RETRY. dag_id=autoinsight_cleaning_pipeline_v2, task_id=clean_epa_data, execution_date=20251209T225947, start_date=20251209T225948, end_date=20251209T225949
[2025-12-09T22:59:49.672+0000] {standard_task_runner.py:104} ERROR - Failed to execute job 44 for task clean_epa_data ([JAVA_GATEWAY_EXITED] Java gateway process exited before sending its port number.; 1003)
[2025-12-09T22:59:49.695+0000] {local_task_job_runner.py:228} INFO - Task exited with return code 1
[2025-12-09T22:59:49.727+0000] {taskinstance.py:2778} INFO - 0 downstream tasks scheduled from follow-on schedule check
