[2025-12-07T02:00:01.565+0000] {taskinstance.py:1159} INFO - Dependencies all met for dep_context=non-requeueable deps ti=<TaskInstance: autoinsight_data_pipeline.check_environment scheduled__2025-12-06T02:00:00+00:00 [queued]>
[2025-12-07T02:00:01.584+0000] {taskinstance.py:1159} INFO - Dependencies all met for dep_context=requeueable deps ti=<TaskInstance: autoinsight_data_pipeline.check_environment scheduled__2025-12-06T02:00:00+00:00 [queued]>
[2025-12-07T02:00:01.585+0000] {taskinstance.py:1361} INFO - Starting attempt 1 of 4
[2025-12-07T02:00:01.605+0000] {taskinstance.py:1382} INFO - Executing <Task(BashOperator): check_environment> on 2025-12-06 02:00:00+00:00
[2025-12-07T02:00:01.615+0000] {standard_task_runner.py:57} INFO - Started process 4629 to run task
[2025-12-07T02:00:01.621+0000] {standard_task_runner.py:84} INFO - Running: ['***', 'tasks', 'run', 'autoinsight_data_pipeline', 'check_environment', 'scheduled__2025-12-06T02:00:00+00:00', '--job-id', '173', '--raw', '--subdir', 'DAGS_FOLDER/autoinsight_data_pipeline.py', '--cfg-path', '/tmp/tmpxapl4w8a']
[2025-12-07T02:00:01.625+0000] {standard_task_runner.py:85} INFO - Job 173: Subtask check_environment
[2025-12-07T02:00:01.735+0000] {task_command.py:416} INFO - Running <TaskInstance: autoinsight_data_pipeline.check_environment scheduled__2025-12-06T02:00:00+00:00 [running]> on host fb35e4f278df
[2025-12-07T02:00:01.866+0000] {taskinstance.py:1662} INFO - Exporting env vars: AIRFLOW_CTX_DAG_EMAIL='autoinsight@example.com' AIRFLOW_CTX_DAG_OWNER='autoinsight-team' AIRFLOW_CTX_DAG_ID='autoinsight_data_pipeline' AIRFLOW_CTX_TASK_ID='check_environment' AIRFLOW_CTX_EXECUTION_DATE='2025-12-06T02:00:00+00:00' AIRFLOW_CTX_TRY_NUMBER='1' AIRFLOW_CTX_DAG_RUN_ID='scheduled__2025-12-06T02:00:00+00:00'
[2025-12-07T02:00:01.869+0000] {subprocess.py:63} INFO - Tmp dir root location: /tmp
[2025-12-07T02:00:01.870+0000] {subprocess.py:75} INFO - Running command: ['/bin/bash', '-c', '\n            echo "Checking environment variables..."\n            echo "S3_BUCKET_NAME: ${S3_BUCKET_NAME:-NOT SET}"\n            echo "FRED_API_KEY: ${FRED_API_KEY:+SET}"\n            echo "AWS_ACCESS_KEY_ID: ${AWS_ACCESS_KEY_ID:+SET}"\n            \n            if [ -z "$S3_BUCKET_NAME" ]; then\n                echo "ERROR: S3_BUCKET_NAME not set"\n                exit 1\n            fi\n            \n            if [ -z "$FRED_API_KEY" ]; then\n                echo "ERROR: FRED_API_KEY not set"\n                exit 1\n            fi\n            \n            echo "✅ Environment check passed"\n        ']
[2025-12-07T02:00:01.896+0000] {subprocess.py:86} INFO - Output:
[2025-12-07T02:00:01.904+0000] {subprocess.py:93} INFO - Checking environment variables...
[2025-12-07T02:00:01.906+0000] {subprocess.py:93} INFO - S3_BUCKET_NAME: autoinsightfinal
[2025-12-07T02:00:01.906+0000] {subprocess.py:93} INFO - FRED_API_KEY: SET
[2025-12-07T02:00:01.907+0000] {subprocess.py:93} INFO - AWS_ACCESS_KEY_ID: SET
[2025-12-07T02:00:01.907+0000] {subprocess.py:93} INFO - ✅ Environment check passed
[2025-12-07T02:00:01.908+0000] {subprocess.py:97} INFO - Command exited with return code 0
[2025-12-07T02:00:01.951+0000] {taskinstance.py:1400} INFO - Marking task as SUCCESS. dag_id=autoinsight_data_pipeline, task_id=check_environment, execution_date=20251206T020000, start_date=20251207T020001, end_date=20251207T020001
[2025-12-07T02:00:01.996+0000] {local_task_job_runner.py:228} INFO - Task exited with return code 0
[2025-12-07T02:00:02.048+0000] {taskinstance.py:2778} INFO - 0 downstream tasks scheduled from follow-on schedule check
