[2025-12-07T01:20:18.101+0000] {taskinstance.py:1159} INFO - Dependencies all met for dep_context=non-requeueable deps ti=<TaskInstance: autoinsight_cleaning_pipeline.load_nhtsa_to_snowflake manual__2025-12-07T01:15:30.295033+00:00 [queued]>
[2025-12-07T01:20:18.115+0000] {taskinstance.py:1159} INFO - Dependencies all met for dep_context=requeueable deps ti=<TaskInstance: autoinsight_cleaning_pipeline.load_nhtsa_to_snowflake manual__2025-12-07T01:15:30.295033+00:00 [queued]>
[2025-12-07T01:20:18.117+0000] {taskinstance.py:1361} INFO - Starting attempt 1 of 3
[2025-12-07T01:20:18.151+0000] {taskinstance.py:1382} INFO - Executing <Task(PythonOperator): load_nhtsa_to_snowflake> on 2025-12-07 01:15:30.295033+00:00
[2025-12-07T01:20:18.160+0000] {standard_task_runner.py:57} INFO - Started process 4708 to run task
[2025-12-07T01:20:18.167+0000] {standard_task_runner.py:84} INFO - Running: ['***', 'tasks', 'run', 'autoinsight_cleaning_pipeline', 'load_nhtsa_to_snowflake', 'manual__2025-12-07T01:15:30.295033+00:00', '--job-id', '156', '--raw', '--subdir', 'DAGS_FOLDER/autoinsight_cleaning_pipeline.py', '--cfg-path', '/tmp/tmpddgzhtce']
[2025-12-07T01:20:18.173+0000] {standard_task_runner.py:85} INFO - Job 156: Subtask load_nhtsa_to_snowflake
[2025-12-07T01:20:18.275+0000] {task_command.py:416} INFO - Running <TaskInstance: autoinsight_cleaning_pipeline.load_nhtsa_to_snowflake manual__2025-12-07T01:15:30.295033+00:00 [running]> on host fb35e4f278df
[2025-12-07T01:20:18.408+0000] {taskinstance.py:1662} INFO - Exporting env vars: AIRFLOW_CTX_DAG_EMAIL='autoinsight@example.com' AIRFLOW_CTX_DAG_OWNER='autoinsight-team' AIRFLOW_CTX_DAG_ID='autoinsight_cleaning_pipeline' AIRFLOW_CTX_TASK_ID='load_nhtsa_to_snowflake' AIRFLOW_CTX_EXECUTION_DATE='2025-12-07T01:15:30.295033+00:00' AIRFLOW_CTX_TRY_NUMBER='1' AIRFLOW_CTX_DAG_RUN_ID='manual__2025-12-07T01:15:30.295033+00:00'
[2025-12-07T01:20:18.410+0000] {logging_mixin.py:154} INFO - ======================================================================
[2025-12-07T01:20:18.411+0000] {logging_mixin.py:154} INFO - SNOWFLAKE LOAD: All NHTSA Datasets
[2025-12-07T01:20:18.412+0000] {logging_mixin.py:154} INFO - ======================================================================
[2025-12-07T01:20:19.599+0000] {connection.py:386} INFO - Snowflake Connector for Python Version: 3.7.0, Python Version: 3.11.6, Platform: Linux-6.6.87.2-microsoft-standard-WSL2-x86_64-with-glibc2.31
[2025-12-07T01:20:19.601+0000] {connection.py:1211} INFO - This connection is in OCSP Fail Open Mode. TLS Certificates would be checked for validity and revocation status. Any other Certificate Revocation related exceptions or OCSP Responder failures would be disregarded in favor of connectivity.
[2025-12-07T01:20:21.030+0000] {credentials.py:1147} INFO - Found credentials in environment variables.
[2025-12-07T01:20:21.149+0000] {logging_mixin.py:154} INFO - 
============================================================
[2025-12-07T01:20:21.150+0000] {logging_mixin.py:154} INFO - Processing FACT_RECALLS
[2025-12-07T01:20:21.151+0000] {logging_mixin.py:154} INFO - ============================================================
[2025-12-07T01:20:21.152+0000] {logging_mixin.py:154} INFO - Looking for CSV files in: s3://autoinsightfinal/nhtsa/cleaned_new/recalls/csv/
[2025-12-07T01:20:21.803+0000] {logging_mixin.py:154} INFO - Reading CSV: s3://autoinsightfinal/nhtsa/cleaned_new/recalls/csv/part-00000-8775cbe7-f3d2-46c5-8f2c-4cb10d309c94-c000.csv
[2025-12-07T01:20:22.119+0000] {logging_mixin.py:154} INFO - Loaded 1210 records from S3
[2025-12-07T01:20:22.122+0000] {cursor.py:1032} INFO - query: [CREATE TEMP STAGE /* Python:snowflake.connector.pandas_tools.write_pandas() */ "...]
[2025-12-07T01:20:22.275+0000] {cursor.py:1045} INFO - query execution done
[2025-12-07T01:20:22.281+0000] {cursor.py:1205} INFO - Number of results in first chunk: 1
[2025-12-07T01:20:22.368+0000] {cursor.py:1032} INFO - query: [PUT /* Python:snowflake.connector.pandas_tools.write_pandas() */ 'file:///tmp/tm...]
[2025-12-07T01:20:22.575+0000] {cursor.py:1045} INFO - query execution done
[2025-12-07T01:20:23.130+0000] {cursor.py:1032} INFO - query: [CREATE TEMP FILE FORMAT "ikylmrmuvs" /* Python:snowflake.connector.pandas_tools....]
[2025-12-07T01:20:23.231+0000] {cursor.py:1045} INFO - query execution done
[2025-12-07T01:20:23.232+0000] {cursor.py:1205} INFO - Number of results in first chunk: 1
[2025-12-07T01:20:23.234+0000] {cursor.py:1032} INFO - query: [SELECT COLUMN_NAME, TYPE FROM table(infer_schema(location=>'@"cifpifhymq"', file...]
[2025-12-07T01:20:23.599+0000] {cursor.py:1045} INFO - query execution done
[2025-12-07T01:20:23.600+0000] {cursor.py:1205} INFO - Number of results in first chunk: 14
[2025-12-07T01:20:23.602+0000] {cursor.py:1032} INFO - query: [CREATE  TABLE IF NOT EXISTS "oywjcpvfvf" ("recall_id" TEXT, "nhtsa_recall_id" TE...]
[2025-12-07T01:20:23.813+0000] {cursor.py:1045} INFO - query execution done
[2025-12-07T01:20:23.814+0000] {cursor.py:1205} INFO - Number of results in first chunk: 1
[2025-12-07T01:20:23.816+0000] {cursor.py:1032} INFO - query: [COPY INTO "oywjcpvfvf" /* Python:snowflake.connector.pandas_tools.write_pandas()...]
[2025-12-07T01:20:24.969+0000] {cursor.py:1045} INFO - query execution done
[2025-12-07T01:20:24.971+0000] {cursor.py:1205} INFO - Number of results in first chunk: 1
[2025-12-07T01:20:24.972+0000] {cursor.py:1032} INFO - query: [DROP TABLE IF EXISTS "FACT_RECALLS" /* Python:snowflake.connector.pandas_tools.w...]
[2025-12-07T01:20:25.348+0000] {cursor.py:1045} INFO - query execution done
[2025-12-07T01:20:25.356+0000] {cursor.py:1205} INFO - Number of results in first chunk: 1
[2025-12-07T01:20:25.358+0000] {cursor.py:1032} INFO - query: [ALTER TABLE "oywjcpvfvf" RENAME TO "FACT_RECALLS" /* Python:snowflake.connector....]
[2025-12-07T01:20:25.544+0000] {cursor.py:1045} INFO - query execution done
[2025-12-07T01:20:25.545+0000] {cursor.py:1205} INFO - Number of results in first chunk: 1
[2025-12-07T01:20:25.547+0000] {logging_mixin.py:154} INFO - ✅ Loaded 1210 rows into AUTOMOTIVE_AI.NHTSA.FACT_RECALLS
[2025-12-07T01:20:25.548+0000] {logging_mixin.py:154} INFO - 
============================================================
[2025-12-07T01:20:25.551+0000] {logging_mixin.py:154} INFO - Processing FACT_COMPLAINTS
[2025-12-07T01:20:25.552+0000] {logging_mixin.py:154} INFO - ============================================================
[2025-12-07T01:20:25.552+0000] {logging_mixin.py:154} INFO - Looking for CSV files in: s3://autoinsightfinal/nhtsa/cleaned_new/complaints/csv/
[2025-12-07T01:20:25.620+0000] {logging_mixin.py:154} INFO - Reading CSV: s3://autoinsightfinal/nhtsa/cleaned_new/complaints/csv/part-00000-2176c40b-c3b0-49b2-a59b-4fc0e22dadfd-c000.csv
[2025-12-07T01:20:30.750+0000] {logging_mixin.py:154} INFO - Loaded 74799 records from S3
[2025-12-07T01:20:30.753+0000] {cursor.py:1032} INFO - query: [CREATE TEMP STAGE /* Python:snowflake.connector.pandas_tools.write_pandas() */ "...]
[2025-12-07T01:20:30.887+0000] {cursor.py:1045} INFO - query execution done
[2025-12-07T01:20:30.889+0000] {cursor.py:1205} INFO - Number of results in first chunk: 1
[2025-12-07T01:20:36.065+0000] {cursor.py:1032} INFO - query: [PUT /* Python:snowflake.connector.pandas_tools.write_pandas() */ 'file:///tmp/tm...]
[2025-12-07T01:20:36.205+0000] {cursor.py:1045} INFO - query execution done
[2025-12-07T01:20:38.061+0000] {cursor.py:1032} INFO - query: [CREATE TEMP FILE FORMAT "hpkavhevlw" /* Python:snowflake.connector.pandas_tools....]
[2025-12-07T01:20:38.246+0000] {cursor.py:1045} INFO - query execution done
[2025-12-07T01:20:38.248+0000] {cursor.py:1205} INFO - Number of results in first chunk: 1
[2025-12-07T01:20:38.249+0000] {cursor.py:1032} INFO - query: [SELECT COLUMN_NAME, TYPE FROM table(infer_schema(location=>'@"ggvesccxxo"', file...]
[2025-12-07T01:20:38.962+0000] {cursor.py:1045} INFO - query execution done
[2025-12-07T01:20:38.971+0000] {cursor.py:1205} INFO - Number of results in first chunk: 28
[2025-12-07T01:20:38.975+0000] {cursor.py:1032} INFO - query: [CREATE  TABLE IF NOT EXISTS "nntmyxcjjg" ("complaint_id" TEXT, "nhtsa_complaint_...]
[2025-12-07T01:20:39.154+0000] {cursor.py:1045} INFO - query execution done
[2025-12-07T01:20:39.155+0000] {cursor.py:1205} INFO - Number of results in first chunk: 1
[2025-12-07T01:20:39.155+0000] {cursor.py:1032} INFO - query: [COPY INTO "nntmyxcjjg" /* Python:snowflake.connector.pandas_tools.write_pandas()...]
[2025-12-07T01:20:44.093+0000] {cursor.py:1045} INFO - query execution done
[2025-12-07T01:20:44.094+0000] {cursor.py:1205} INFO - Number of results in first chunk: 1
[2025-12-07T01:20:44.096+0000] {cursor.py:1032} INFO - query: [DROP TABLE IF EXISTS "FACT_COMPLAINTS" /* Python:snowflake.connector.pandas_tool...]
[2025-12-07T01:20:44.245+0000] {cursor.py:1045} INFO - query execution done
[2025-12-07T01:20:44.246+0000] {cursor.py:1205} INFO - Number of results in first chunk: 1
[2025-12-07T01:20:44.247+0000] {cursor.py:1032} INFO - query: [ALTER TABLE "nntmyxcjjg" RENAME TO "FACT_COMPLAINTS" /* Python:snowflake.connect...]
[2025-12-07T01:20:44.369+0000] {cursor.py:1045} INFO - query execution done
[2025-12-07T01:20:44.370+0000] {cursor.py:1205} INFO - Number of results in first chunk: 1
[2025-12-07T01:20:44.371+0000] {logging_mixin.py:154} INFO - ✅ Loaded 74799 rows into AUTOMOTIVE_AI.NHTSA.FACT_COMPLAINTS
[2025-12-07T01:20:44.372+0000] {logging_mixin.py:154} INFO - 
============================================================
[2025-12-07T01:20:44.373+0000] {logging_mixin.py:154} INFO - Processing FACT_RATINGS
[2025-12-07T01:20:44.374+0000] {logging_mixin.py:154} INFO - ============================================================
[2025-12-07T01:20:44.375+0000] {logging_mixin.py:154} INFO - Looking for CSV files in: s3://autoinsightfinal/nhtsa/cleaned_new/ratings/csv/
[2025-12-07T01:20:44.452+0000] {logging_mixin.py:154} INFO - Reading CSV: s3://autoinsightfinal/nhtsa/cleaned_new/ratings/csv/part-00000-c90294c6-14ad-4062-a595-1550d4947187-c000.csv
[2025-12-07T01:20:44.673+0000] {logging_mixin.py:154} INFO - Loaded 1727 records from S3
[2025-12-07T01:20:44.675+0000] {cursor.py:1032} INFO - query: [CREATE TEMP STAGE /* Python:snowflake.connector.pandas_tools.write_pandas() */ "...]
[2025-12-07T01:20:44.804+0000] {cursor.py:1045} INFO - query execution done
[2025-12-07T01:20:44.805+0000] {cursor.py:1205} INFO - Number of results in first chunk: 1
[2025-12-07T01:20:44.849+0000] {cursor.py:1032} INFO - query: [PUT /* Python:snowflake.connector.pandas_tools.write_pandas() */ 'file:///tmp/tm...]
[2025-12-07T01:20:44.983+0000] {cursor.py:1045} INFO - query execution done
[2025-12-07T01:20:45.830+0000] {cursor.py:1032} INFO - query: [CREATE TEMP FILE FORMAT "infjgeuwxc" /* Python:snowflake.connector.pandas_tools....]
[2025-12-07T01:20:46.026+0000] {cursor.py:1045} INFO - query execution done
[2025-12-07T01:20:46.028+0000] {cursor.py:1205} INFO - Number of results in first chunk: 1
[2025-12-07T01:20:46.029+0000] {cursor.py:1032} INFO - query: [SELECT COLUMN_NAME, TYPE FROM table(infer_schema(location=>'@"mcldkmlqfw"', file...]
[2025-12-07T01:20:46.544+0000] {cursor.py:1045} INFO - query execution done
[2025-12-07T01:20:46.546+0000] {cursor.py:1205} INFO - Number of results in first chunk: 38
[2025-12-07T01:20:46.549+0000] {cursor.py:1032} INFO - query: [CREATE  TABLE IF NOT EXISTS "ndfipficxz" ("rating_id" TEXT, "vehicle_id" TEXT, "...]
[2025-12-07T01:20:46.728+0000] {cursor.py:1045} INFO - query execution done
[2025-12-07T01:20:46.731+0000] {cursor.py:1205} INFO - Number of results in first chunk: 1
[2025-12-07T01:20:46.738+0000] {cursor.py:1032} INFO - query: [COPY INTO "ndfipficxz" /* Python:snowflake.connector.pandas_tools.write_pandas()...]
[2025-12-07T01:20:47.698+0000] {cursor.py:1045} INFO - query execution done
[2025-12-07T01:20:47.701+0000] {cursor.py:1205} INFO - Number of results in first chunk: 1
[2025-12-07T01:20:47.704+0000] {cursor.py:1032} INFO - query: [DROP TABLE IF EXISTS "FACT_RATINGS" /* Python:snowflake.connector.pandas_tools.w...]
[2025-12-07T01:20:48.063+0000] {cursor.py:1045} INFO - query execution done
[2025-12-07T01:20:48.065+0000] {cursor.py:1205} INFO - Number of results in first chunk: 1
[2025-12-07T01:20:48.066+0000] {cursor.py:1032} INFO - query: [ALTER TABLE "ndfipficxz" RENAME TO "FACT_RATINGS" /* Python:snowflake.connector....]
[2025-12-07T01:20:48.266+0000] {cursor.py:1045} INFO - query execution done
[2025-12-07T01:20:48.267+0000] {cursor.py:1205} INFO - Number of results in first chunk: 1
[2025-12-07T01:20:48.271+0000] {logging_mixin.py:154} INFO - ✅ Loaded 1727 rows into AUTOMOTIVE_AI.NHTSA.FACT_RATINGS
[2025-12-07T01:20:48.272+0000] {logging_mixin.py:154} INFO - 
============================================================
[2025-12-07T01:20:48.273+0000] {logging_mixin.py:154} INFO - Processing FACT_INVESTIGATIONS
[2025-12-07T01:20:48.274+0000] {logging_mixin.py:154} INFO - ============================================================
[2025-12-07T01:20:48.275+0000] {logging_mixin.py:154} INFO - Looking for CSV files in: s3://autoinsightfinal/nhtsa/cleaned_new/investigations/csv/
[2025-12-07T01:20:48.349+0000] {logging_mixin.py:154} INFO - Reading CSV: s3://autoinsightfinal/nhtsa/cleaned_new/investigations/csv/part-00000-d4d38037-744e-4537-a286-30ca08896163-c000.csv
[2025-12-07T01:20:48.494+0000] {logging_mixin.py:154} INFO - Loaded 89 records from S3
[2025-12-07T01:20:48.496+0000] {cursor.py:1032} INFO - query: [CREATE TEMP STAGE /* Python:snowflake.connector.pandas_tools.write_pandas() */ "...]
[2025-12-07T01:20:48.787+0000] {cursor.py:1045} INFO - query execution done
[2025-12-07T01:20:48.796+0000] {cursor.py:1205} INFO - Number of results in first chunk: 1
[2025-12-07T01:20:48.835+0000] {cursor.py:1032} INFO - query: [PUT /* Python:snowflake.connector.pandas_tools.write_pandas() */ 'file:///tmp/tm...]
[2025-12-07T01:20:48.965+0000] {cursor.py:1045} INFO - query execution done
[2025-12-07T01:20:49.276+0000] {cursor.py:1032} INFO - query: [CREATE TEMP FILE FORMAT "smxdtyxjsg" /* Python:snowflake.connector.pandas_tools....]
[2025-12-07T01:20:49.382+0000] {cursor.py:1045} INFO - query execution done
[2025-12-07T01:20:49.384+0000] {cursor.py:1205} INFO - Number of results in first chunk: 1
[2025-12-07T01:20:49.388+0000] {cursor.py:1032} INFO - query: [SELECT COLUMN_NAME, TYPE FROM table(infer_schema(location=>'@"apaunusjof"', file...]
[2025-12-07T01:20:49.909+0000] {cursor.py:1045} INFO - query execution done
[2025-12-07T01:20:49.911+0000] {cursor.py:1205} INFO - Number of results in first chunk: 24
[2025-12-07T01:20:49.912+0000] {cursor.py:1032} INFO - query: [CREATE  TABLE IF NOT EXISTS "hyxtinprqj" ("investigation_id" TEXT, "nhtsa_action...]
[2025-12-07T01:20:50.114+0000] {cursor.py:1045} INFO - query execution done
[2025-12-07T01:20:50.116+0000] {cursor.py:1205} INFO - Number of results in first chunk: 1
[2025-12-07T01:20:50.117+0000] {cursor.py:1032} INFO - query: [COPY INTO "hyxtinprqj" /* Python:snowflake.connector.pandas_tools.write_pandas()...]
[2025-12-07T01:20:51.240+0000] {cursor.py:1045} INFO - query execution done
[2025-12-07T01:20:51.242+0000] {cursor.py:1205} INFO - Number of results in first chunk: 1
[2025-12-07T01:20:51.243+0000] {cursor.py:1032} INFO - query: [DROP TABLE IF EXISTS "FACT_INVESTIGATIONS" /* Python:snowflake.connector.pandas_...]
[2025-12-07T01:20:51.441+0000] {cursor.py:1045} INFO - query execution done
[2025-12-07T01:20:51.442+0000] {cursor.py:1205} INFO - Number of results in first chunk: 1
[2025-12-07T01:20:51.443+0000] {cursor.py:1032} INFO - query: [ALTER TABLE "hyxtinprqj" RENAME TO "FACT_INVESTIGATIONS" /* Python:snowflake.con...]
[2025-12-07T01:20:51.553+0000] {cursor.py:1045} INFO - query execution done
[2025-12-07T01:20:51.556+0000] {cursor.py:1205} INFO - Number of results in first chunk: 1
[2025-12-07T01:20:51.558+0000] {logging_mixin.py:154} INFO - ✅ Loaded 89 rows into AUTOMOTIVE_AI.NHTSA.FACT_INVESTIGATIONS
[2025-12-07T01:20:51.560+0000] {connection.py:734} INFO - closed
[2025-12-07T01:20:51.848+0000] {connection.py:740} INFO - No async queries seem to be running, deleting session
[2025-12-07T01:20:51.913+0000] {logging_mixin.py:154} INFO - 
============================================================
[2025-12-07T01:20:51.915+0000] {logging_mixin.py:154} INFO - ✅ All NHTSA datasets loaded to Snowflake
[2025-12-07T01:20:51.916+0000] {logging_mixin.py:154} INFO - ============================================================
[2025-12-07T01:20:51.920+0000] {python.py:194} INFO - Done. Returned value was: True
[2025-12-07T01:20:51.966+0000] {taskinstance.py:1400} INFO - Marking task as SUCCESS. dag_id=autoinsight_cleaning_pipeline, task_id=load_nhtsa_to_snowflake, execution_date=20251207T011530, start_date=20251207T012018, end_date=20251207T012051
[2025-12-07T01:20:52.047+0000] {local_task_job_runner.py:228} INFO - Task exited with return code 0
[2025-12-07T01:20:52.095+0000] {taskinstance.py:2778} INFO - 1 downstream tasks scheduled from follow-on schedule check
