[2025-12-08T17:46:52.889+0000] {taskinstance.py:1159} INFO - Dependencies all met for dep_context=non-requeueable deps ti=<TaskInstance: autoinsight_data_pipeline.generate_summary scheduled__2025-12-07T02:00:00+00:00 [queued]>
[2025-12-08T17:46:52.907+0000] {taskinstance.py:1159} INFO - Dependencies all met for dep_context=requeueable deps ti=<TaskInstance: autoinsight_data_pipeline.generate_summary scheduled__2025-12-07T02:00:00+00:00 [queued]>
[2025-12-08T17:46:52.908+0000] {taskinstance.py:1361} INFO - Starting attempt 1 of 4
[2025-12-08T17:46:52.926+0000] {taskinstance.py:1382} INFO - Executing <Task(PythonOperator): generate_summary> on 2025-12-07 02:00:00+00:00
[2025-12-08T17:46:52.933+0000] {standard_task_runner.py:57} INFO - Started process 2103 to run task
[2025-12-08T17:46:52.938+0000] {standard_task_runner.py:84} INFO - Running: ['***', 'tasks', 'run', 'autoinsight_data_pipeline', 'generate_summary', 'scheduled__2025-12-07T02:00:00+00:00', '--job-id', '227', '--raw', '--subdir', 'DAGS_FOLDER/autoinsight_data_pipeline.py', '--cfg-path', '/tmp/tmpwmppjz3w']
[2025-12-08T17:46:52.942+0000] {standard_task_runner.py:85} INFO - Job 227: Subtask generate_summary
[2025-12-08T17:46:53.030+0000] {task_command.py:416} INFO - Running <TaskInstance: autoinsight_data_pipeline.generate_summary scheduled__2025-12-07T02:00:00+00:00 [running]> on host fb35e4f278df
[2025-12-08T17:46:53.146+0000] {taskinstance.py:1662} INFO - Exporting env vars: AIRFLOW_CTX_DAG_EMAIL='autoinsight@example.com' AIRFLOW_CTX_DAG_OWNER='autoinsight-team' AIRFLOW_CTX_DAG_ID='autoinsight_data_pipeline' AIRFLOW_CTX_TASK_ID='generate_summary' AIRFLOW_CTX_EXECUTION_DATE='2025-12-07T02:00:00+00:00' AIRFLOW_CTX_TRY_NUMBER='1' AIRFLOW_CTX_DAG_RUN_ID='scheduled__2025-12-07T02:00:00+00:00'
[2025-12-08T17:46:53.148+0000] {logging_mixin.py:154} INFO - ======================================================================
[2025-12-08T17:46:53.149+0000] {logging_mixin.py:154} INFO - TASK 4: Pipeline Summary Generation
[2025-12-08T17:46:53.150+0000] {logging_mixin.py:154} INFO - ======================================================================
[2025-12-08T17:46:53.202+0000] {logging_mixin.py:154} WARNING - /home/***/.local/lib/python3.11/site-packages/***/utils/context.py:314 AirflowContextDeprecationWarning: Accessing 'execution_date' from the template is deprecated and will be removed in a future version. Please use 'data_interval_start' or 'logical_date' instead.
[2025-12-08T17:46:53.203+0000] {logging_mixin.py:154} INFO - 
======================================================================
[2025-12-08T17:46:53.204+0000] {logging_mixin.py:154} INFO - 📊 PIPELINE EXECUTION SUMMARY
[2025-12-08T17:46:53.204+0000] {logging_mixin.py:154} INFO - ======================================================================
[2025-12-08T17:46:53.205+0000] {logging_mixin.py:154} INFO - Run Date: 2025-12-08T17:46:53.197784
[2025-12-08T17:46:53.206+0000] {logging_mixin.py:154} INFO - EPA Records: 0
[2025-12-08T17:46:53.206+0000] {logging_mixin.py:154} INFO - EPA Manufacturers: 0
[2025-12-08T17:46:53.207+0000] {logging_mixin.py:154} INFO - FRED Records: 213
[2025-12-08T17:46:53.207+0000] {logging_mixin.py:154} INFO - NHTSA Status: completed
[2025-12-08T17:46:53.207+0000] {logging_mixin.py:154} INFO - Overall Status: success
[2025-12-08T17:46:53.208+0000] {logging_mixin.py:154} INFO - ======================================================================
[2025-12-08T17:46:53.352+0000] {credentials.py:1147} INFO - Found credentials in environment variables.
[2025-12-08T17:46:54.316+0000] {logging_mixin.py:154} INFO - ✅ Summary uploaded to s3://autoinsightfinal/pipeline_summaries/summary_2025-12-07.json
[2025-12-08T17:46:54.318+0000] {python.py:194} INFO - Done. Returned value was: {'pipeline_run_date': '2025-12-08T17:46:53.197784', 'execution_date': '2025-12-07T02:00:00+00:00', 'epa_records': 0, 'epa_manufacturers': 0, 'fred_records': 213, 'nhtsa_status': 'completed', 'overall_status': 'success'}
[2025-12-08T17:46:54.358+0000] {taskinstance.py:1400} INFO - Marking task as SUCCESS. dag_id=autoinsight_data_pipeline, task_id=generate_summary, execution_date=20251207T020000, start_date=20251208T174652, end_date=20251208T174654
[2025-12-08T17:46:54.399+0000] {local_task_job_runner.py:228} INFO - Task exited with return code 0
[2025-12-08T17:46:54.432+0000] {taskinstance.py:2778} INFO - 1 downstream tasks scheduled from follow-on schedule check
