[2025-12-10T08:48:36.183+0000] {taskinstance.py:1159} INFO - Dependencies all met for dep_context=non-requeueable deps ti=<TaskInstance: autoinsight_daily_scraper.load_events_to_snowflake manual__2025-12-10T08:48:14.122781+00:00 [queued]>
[2025-12-10T08:48:36.200+0000] {taskinstance.py:1159} INFO - Dependencies all met for dep_context=requeueable deps ti=<TaskInstance: autoinsight_daily_scraper.load_events_to_snowflake manual__2025-12-10T08:48:14.122781+00:00 [queued]>
[2025-12-10T08:48:36.202+0000] {taskinstance.py:1361} INFO - Starting attempt 1 of 2
[2025-12-10T08:48:36.225+0000] {taskinstance.py:1382} INFO - Executing <Task(PythonOperator): load_events_to_snowflake> on 2025-12-10 08:48:14.122781+00:00
[2025-12-10T08:48:36.234+0000] {standard_task_runner.py:57} INFO - Started process 826 to run task
[2025-12-10T08:48:36.239+0000] {standard_task_runner.py:84} INFO - Running: ['***', 'tasks', 'run', 'autoinsight_daily_scraper', 'load_events_to_snowflake', 'manual__2025-12-10T08:48:14.122781+00:00', '--job-id', '121', '--raw', '--subdir', 'DAGS_FOLDER/news_scrapper.py', '--cfg-path', '/tmp/tmpfm384nip']
[2025-12-10T08:48:36.247+0000] {standard_task_runner.py:85} INFO - Job 121: Subtask load_events_to_snowflake
[2025-12-10T08:48:36.353+0000] {task_command.py:416} INFO - Running <TaskInstance: autoinsight_daily_scraper.load_events_to_snowflake manual__2025-12-10T08:48:14.122781+00:00 [running]> on host 846744d01d56
[2025-12-10T08:48:36.476+0000] {taskinstance.py:1662} INFO - Exporting env vars: AIRFLOW_CTX_DAG_OWNER='autoinsight' AIRFLOW_CTX_DAG_ID='autoinsight_daily_scraper' AIRFLOW_CTX_TASK_ID='load_events_to_snowflake' AIRFLOW_CTX_EXECUTION_DATE='2025-12-10T08:48:14.122781+00:00' AIRFLOW_CTX_TRY_NUMBER='1' AIRFLOW_CTX_DAG_RUN_ID='manual__2025-12-10T08:48:14.122781+00:00'
[2025-12-10T08:48:36.478+0000] {news_scrapper.py:217} INFO - ============================================================
[2025-12-10T08:48:36.483+0000] {news_scrapper.py:218} INFO - TASK: Loading Events from S3 to Snowflake
[2025-12-10T08:48:36.528+0000] {credentials.py:1147} INFO - Found credentials in environment variables.
[2025-12-10T08:48:36.654+0000] {news_scrapper.py:76} INFO - Downloading from s3://autoinsightfinal/events/raw/events_20251210_084829.json
[2025-12-10T08:48:37.211+0000] {news_scrapper.py:80} INFO - ✅ Successfully downloaded 19 items from S3
[2025-12-10T08:48:37.214+0000] {snowflake_loader.py:43} INFO - Connecting to Snowflake...
[2025-12-10T08:48:37.216+0000] {connection.py:386} INFO - Snowflake Connector for Python Version: 3.7.0, Python Version: 3.11.6, Platform: Linux-6.6.87.2-microsoft-standard-WSL2-x86_64-with-glibc2.31
[2025-12-10T08:48:37.218+0000] {connection.py:1211} INFO - This connection is in OCSP Fail Open Mode. TLS Certificates would be checked for validity and revocation status. Any other Certificate Revocation related exceptions or OCSP Responder failures would be disregarded in favor of connectivity.
[2025-12-10T08:48:39.007+0000] {snowflake_loader.py:45} INFO - ✓ Connected to AUTOMOTIVE_AI.PUBLIC
[2025-12-10T08:48:39.009+0000] {cursor.py:1032} INFO - query: [MERGE INTO AUTOMOTIVE_EVENTS AS target USING ( SELECT 'Canada Congress' AS title...]
[2025-12-10T08:48:39.856+0000] {cursor.py:1045} INFO - query execution done
[2025-12-10T08:48:39.857+0000] {cursor.py:1032} INFO - query: [MERGE INTO AUTOMOTIVE_EVENTS AS target USING ( SELECT 'Congress' AS title, 'http...]
[2025-12-10T08:48:40.723+0000] {cursor.py:1045} INFO - query execution done
[2025-12-10T08:48:40.724+0000] {cursor.py:1032} INFO - query: [MERGE INTO AUTOMOTIVE_EVENTS AS target USING ( SELECT 'Europe Congress' AS title...]
[2025-12-10T08:48:41.505+0000] {cursor.py:1045} INFO - query execution done
[2025-12-10T08:48:41.507+0000] {cursor.py:1032} INFO - query: [MERGE INTO AUTOMOTIVE_EVENTS AS target USING ( SELECT 'Leading Women Conference'...]
[2025-12-10T08:48:42.545+0000] {cursor.py:1045} INFO - query execution done
[2025-12-10T08:48:42.546+0000] {cursor.py:1032} INFO - query: [MERGE INTO AUTOMOTIVE_EVENTS AS target USING ( SELECT 'Canada Retail Forum' AS t...]
[2025-12-10T08:48:43.898+0000] {cursor.py:1045} INFO - query execution done
[2025-12-10T08:48:43.899+0000] {cursor.py:1032} INFO - query: [MERGE INTO AUTOMOTIVE_EVENTS AS target USING ( SELECT 'Canada Leading Women Roun...]
[2025-12-10T08:48:44.658+0000] {cursor.py:1045} INFO - query execution done
[2025-12-10T08:48:44.666+0000] {cursor.py:1032} INFO - query: [MERGE INTO AUTOMOTIVE_EVENTS AS target USING ( SELECT 'Japan Mobility Show' AS t...]
[2025-12-10T08:48:45.752+0000] {cursor.py:1045} INFO - query execution done
[2025-12-10T08:48:45.753+0000] {cursor.py:1032} INFO - query: [MERGE INTO AUTOMOTIVE_EVENTS AS target USING ( SELECT 'Los Angeles auto show' AS...]
[2025-12-10T08:48:46.969+0000] {cursor.py:1045} INFO - query execution done
[2025-12-10T08:48:46.971+0000] {cursor.py:1032} INFO - query: [MERGE INTO AUTOMOTIVE_EVENTS AS target USING ( SELECT 'Munich auto show' AS titl...]
[2025-12-10T08:48:47.664+0000] {cursor.py:1045} INFO - query execution done
[2025-12-10T08:48:47.665+0000] {cursor.py:1032} INFO - query: [MERGE INTO AUTOMOTIVE_EVENTS AS target USING ( SELECT 'Shanghai auto show' AS ti...]
[2025-12-10T08:48:48.656+0000] {cursor.py:1045} INFO - query execution done
[2025-12-10T08:48:48.658+0000] {cursor.py:1032} INFO - query: [MERGE INTO AUTOMOTIVE_EVENTS AS target USING ( SELECT 'New York auto show' AS ti...]
[2025-12-10T08:48:49.564+0000] {cursor.py:1045} INFO - query execution done
[2025-12-10T08:48:49.566+0000] {cursor.py:1032} INFO - query: [MERGE INTO AUTOMOTIVE_EVENTS AS target USING ( SELECT 'Chicago auto show' AS tit...]
[2025-12-10T08:48:50.421+0000] {cursor.py:1045} INFO - query execution done
[2025-12-10T08:48:50.422+0000] {cursor.py:1032} INFO - query: [MERGE INTO AUTOMOTIVE_EVENTS AS target USING ( SELECT 'Toronto auto show' AS tit...]
[2025-12-10T08:48:51.096+0000] {cursor.py:1045} INFO - query execution done
[2025-12-10T08:48:51.100+0000] {cursor.py:1032} INFO - query: [MERGE INTO AUTOMOTIVE_EVENTS AS target USING ( SELECT 'NADA Show' AS title, 'htt...]
[2025-12-10T08:48:51.706+0000] {cursor.py:1045} INFO - query execution done
[2025-12-10T08:48:51.708+0000] {cursor.py:1032} INFO - query: [MERGE INTO AUTOMOTIVE_EVENTS AS target USING ( SELECT 'CES' AS title, 'https://w...]
[2025-12-10T08:48:52.948+0000] {cursor.py:1045} INFO - query execution done
[2025-12-10T08:48:52.949+0000] {cursor.py:1032} INFO - query: [MERGE INTO AUTOMOTIVE_EVENTS AS target USING ( SELECT 'Detroit auto show' AS tit...]
[2025-12-10T08:48:53.644+0000] {cursor.py:1045} INFO - query execution done
[2025-12-10T08:48:53.653+0000] {cursor.py:1032} INFO - query: [MERGE INTO AUTOMOTIVE_EVENTS AS target USING ( SELECT 'Beijing auto show' AS tit...]
[2025-12-10T08:48:54.345+0000] {cursor.py:1045} INFO - query execution done
[2025-12-10T08:48:54.346+0000] {cursor.py:1032} INFO - query: [MERGE INTO AUTOMOTIVE_EVENTS AS target USING ( SELECT 'Paris auto show' AS title...]
[2025-12-10T08:48:55.278+0000] {cursor.py:1045} INFO - query execution done
[2025-12-10T08:48:55.280+0000] {cursor.py:1032} INFO - query: [MERGE INTO AUTOMOTIVE_EVENTS AS target USING ( SELECT 'Geneva auto show' AS titl...]
[2025-12-10T08:48:56.396+0000] {cursor.py:1045} INFO - query execution done
[2025-12-10T08:48:56.398+0000] {cursor.py:1032} INFO - query: [COMMIT]
[2025-12-10T08:48:57.086+0000] {cursor.py:1045} INFO - query execution done
[2025-12-10T08:48:57.088+0000] {cursor.py:1205} INFO - Number of results in first chunk: 1
[2025-12-10T08:48:57.089+0000] {snowflake_loader.py:247} INFO - ✓ Inserted/Updated 19 events in Snowflake
[2025-12-10T08:48:57.090+0000] {cursor.py:1032} INFO - query: [SELECT COUNT(*) FROM AUTOMOTIVE_EVENTS]
[2025-12-10T08:48:57.692+0000] {cursor.py:1045} INFO - query execution done
[2025-12-10T08:48:57.694+0000] {cursor.py:1205} INFO - Number of results in first chunk: 1
[2025-12-10T08:48:57.697+0000] {connection.py:734} INFO - closed
[2025-12-10T08:48:58.013+0000] {connection.py:740} INFO - No async queries seem to be running, deleting session
[2025-12-10T08:48:58.505+0000] {snowflake_loader.py:55} INFO - ✓ Disconnected from Snowflake
[2025-12-10T08:48:58.540+0000] {news_scrapper.py:253} INFO - ✅ Loaded 19 events to Snowflake
[2025-12-10T08:48:58.541+0000] {python.py:194} INFO - Done. Returned value was: Loaded 19 events
[2025-12-10T08:48:58.569+0000] {taskinstance.py:1400} INFO - Marking task as SUCCESS. dag_id=autoinsight_daily_scraper, task_id=load_events_to_snowflake, execution_date=20251210T084814, start_date=20251210T084836, end_date=20251210T084858
[2025-12-10T08:48:58.620+0000] {local_task_job_runner.py:228} INFO - Task exited with return code 0
[2025-12-10T08:48:58.648+0000] {taskinstance.py:2778} INFO - 0 downstream tasks scheduled from follow-on schedule check
