[2025-12-10T09:04:49.135+0000] {taskinstance.py:1159} INFO - Dependencies all met for dep_context=non-requeueable deps ti=<TaskInstance: autoinsight_cleaning_pipeline_v2.load_fred_to_snowflake manual__2025-12-10T08:31:58.521713+00:00 [queued]>
[2025-12-10T09:04:49.170+0000] {taskinstance.py:1159} INFO - Dependencies all met for dep_context=requeueable deps ti=<TaskInstance: autoinsight_cleaning_pipeline_v2.load_fred_to_snowflake manual__2025-12-10T08:31:58.521713+00:00 [queued]>
[2025-12-10T09:04:49.174+0000] {taskinstance.py:1361} INFO - Starting attempt 1 of 3
[2025-12-10T09:04:49.219+0000] {taskinstance.py:1382} INFO - Executing <Task(PythonOperator): load_fred_to_snowflake> on 2025-12-10 08:31:58.521713+00:00
[2025-12-10T09:04:49.250+0000] {standard_task_runner.py:57} INFO - Started process 10746 to run task
[2025-12-10T09:04:49.263+0000] {standard_task_runner.py:84} INFO - Running: ['***', 'tasks', 'run', 'autoinsight_cleaning_pipeline_v2', 'load_fred_to_snowflake', 'manual__2025-12-10T08:31:58.521713+00:00', '--job-id', '144', '--raw', '--subdir', 'DAGS_FOLDER/autoinsight_cleaning_pipeline.py', '--cfg-path', '/tmp/tmp3klatshg']
[2025-12-10T09:04:49.279+0000] {standard_task_runner.py:85} INFO - Job 144: Subtask load_fred_to_snowflake
[2025-12-10T09:04:49.552+0000] {task_command.py:416} INFO - Running <TaskInstance: autoinsight_cleaning_pipeline_v2.load_fred_to_snowflake manual__2025-12-10T08:31:58.521713+00:00 [running]> on host 846744d01d56
[2025-12-10T09:04:49.793+0000] {taskinstance.py:1662} INFO - Exporting env vars: AIRFLOW_CTX_DAG_EMAIL='autoinsight@example.com' AIRFLOW_CTX_DAG_OWNER='autoinsight-team' AIRFLOW_CTX_DAG_ID='autoinsight_cleaning_pipeline_v2' AIRFLOW_CTX_TASK_ID='load_fred_to_snowflake' AIRFLOW_CTX_EXECUTION_DATE='2025-12-10T08:31:58.521713+00:00' AIRFLOW_CTX_TRY_NUMBER='1' AIRFLOW_CTX_DAG_RUN_ID='manual__2025-12-10T08:31:58.521713+00:00'
[2025-12-10T09:04:50.034+0000] {logging_mixin.py:154} INFO - ======================================================================
[2025-12-10T09:04:50.036+0000] {logging_mixin.py:154} INFO - SNOWFLAKE LOAD: FRED
[2025-12-10T09:04:50.037+0000] {logging_mixin.py:154} INFO - S3 Path: s3://autoinsightfinal/fred/cleaned_new/economic_indicators/csv/
[2025-12-10T09:04:50.038+0000] {logging_mixin.py:154} INFO - Target: AUTOMOTIVE_AI.FRED.FACT_ECONOMIC_INDICATORS
[2025-12-10T09:04:50.038+0000] {logging_mixin.py:154} INFO - ======================================================================
[2025-12-10T09:04:50.104+0000] {credentials.py:1147} INFO - Found credentials in environment variables.
[2025-12-10T09:04:54.182+0000] {logging_mixin.py:154} INFO - Reading: s3://autoinsightfinal/fred/cleaned_new/economic_indicators/csv/part-00000-f22c6fe2-146f-4296-933a-4f178c2398dd-c000.csv
[2025-12-10T09:04:54.580+0000] {logging_mixin.py:154} INFO - Loaded 131 records from S3
[2025-12-10T09:04:54.581+0000] {logging_mixin.py:154} INFO - Columns: ['date', 'total_vehicle_sales', 'light_truck_sales', 'domestic_auto_sales', 'data_source', 'loaded_at']
[2025-12-10T09:04:54.593+0000] {connection.py:386} INFO - Snowflake Connector for Python Version: 3.7.0, Python Version: 3.11.6, Platform: Linux-6.6.87.2-microsoft-standard-WSL2-x86_64-with-glibc2.31
[2025-12-10T09:04:54.599+0000] {connection.py:1211} INFO - This connection is in OCSP Fail Open Mode. TLS Certificates would be checked for validity and revocation status. Any other Certificate Revocation related exceptions or OCSP Responder failures would be disregarded in favor of connectivity.
[2025-12-10T09:05:00.645+0000] {cursor.py:1032} INFO - query: [USE SCHEMA FRED]
[2025-12-10T09:05:01.432+0000] {cursor.py:1045} INFO - query execution done
[2025-12-10T09:05:01.433+0000] {cursor.py:1205} INFO - Number of results in first chunk: 1
[2025-12-10T09:05:01.436+0000] {cursor.py:1032} INFO - query: [CREATE TEMP STAGE /* Python:snowflake.connector.pandas_tools.write_pandas() */ r...]
[2025-12-10T09:05:02.287+0000] {cursor.py:1045} INFO - query execution done
[2025-12-10T09:05:02.289+0000] {cursor.py:1205} INFO - Number of results in first chunk: 1
[2025-12-10T09:05:02.454+0000] {cursor.py:1032} INFO - query: [PUT /* Python:snowflake.connector.pandas_tools.write_pandas() */ 'file:///tmp/tm...]
[2025-12-10T09:05:03.096+0000] {cursor.py:1045} INFO - query execution done
[2025-12-10T09:05:05.567+0000] {cursor.py:1032} INFO - query: [CREATE TEMP FILE FORMAT kbapabkahl /* Python:snowflake.connector.pandas_tools.wr...]
[2025-12-10T09:05:05.758+0000] {cursor.py:1045} INFO - query execution done
[2025-12-10T09:05:05.761+0000] {cursor.py:1205} INFO - Number of results in first chunk: 1
[2025-12-10T09:05:05.762+0000] {cursor.py:1032} INFO - query: [SELECT COLUMN_NAME, TYPE FROM table(infer_schema(location=>'@rynjvepblj', file_f...]
[2025-12-10T09:05:06.844+0000] {cursor.py:1045} INFO - query execution done
[2025-12-10T09:05:06.845+0000] {cursor.py:1205} INFO - Number of results in first chunk: 6
[2025-12-10T09:05:06.851+0000] {cursor.py:1032} INFO - query: [CREATE  TABLE IF NOT EXISTS trjsfxfbzm (date TEXT, total_vehicle_sales REAL, lig...]
[2025-12-10T09:05:07.128+0000] {cursor.py:1045} INFO - query execution done
[2025-12-10T09:05:07.129+0000] {cursor.py:1205} INFO - Number of results in first chunk: 1
[2025-12-10T09:05:07.130+0000] {cursor.py:1032} INFO - query: [COPY INTO trjsfxfbzm /* Python:snowflake.connector.pandas_tools.write_pandas() *...]
[2025-12-10T09:05:08.074+0000] {cursor.py:1045} INFO - query execution done
[2025-12-10T09:05:08.076+0000] {cursor.py:1205} INFO - Number of results in first chunk: 1
[2025-12-10T09:05:08.078+0000] {cursor.py:1032} INFO - query: [DROP TABLE IF EXISTS FACT_ECONOMIC_INDICATORS /* Python:snowflake.connector.pand...]
[2025-12-10T09:05:08.306+0000] {cursor.py:1045} INFO - query execution done
[2025-12-10T09:05:08.307+0000] {cursor.py:1205} INFO - Number of results in first chunk: 1
[2025-12-10T09:05:08.310+0000] {cursor.py:1032} INFO - query: [ALTER TABLE trjsfxfbzm RENAME TO FACT_ECONOMIC_INDICATORS /* Python:snowflake.co...]
[2025-12-10T09:05:08.460+0000] {cursor.py:1045} INFO - query execution done
[2025-12-10T09:05:08.462+0000] {cursor.py:1205} INFO - Number of results in first chunk: 1
[2025-12-10T09:05:08.465+0000] {logging_mixin.py:154} INFO - ✅ Loaded 131 rows into AUTOMOTIVE_AI.FRED.FACT_ECONOMIC_INDICATORS
[2025-12-10T09:05:08.466+0000] {cursor.py:1032} INFO - query: [SELECT COUNT(*) FROM FACT_ECONOMIC_INDICATORS]
[2025-12-10T09:05:08.679+0000] {cursor.py:1045} INFO - query execution done
[2025-12-10T09:05:08.681+0000] {cursor.py:1205} INFO - Number of results in first chunk: 1
[2025-12-10T09:05:08.682+0000] {logging_mixin.py:154} INFO - Verification: 131 rows in table
[2025-12-10T09:05:08.684+0000] {connection.py:734} INFO - closed
[2025-12-10T09:05:08.737+0000] {connection.py:740} INFO - No async queries seem to be running, deleting session
[2025-12-10T09:05:08.857+0000] {python.py:194} INFO - Done. Returned value was: True
[2025-12-10T09:05:08.911+0000] {taskinstance.py:1400} INFO - Marking task as SUCCESS. dag_id=autoinsight_cleaning_pipeline_v2, task_id=load_fred_to_snowflake, execution_date=20251210T083158, start_date=20251210T090449, end_date=20251210T090508
[2025-12-10T09:05:09.021+0000] {local_task_job_runner.py:228} INFO - Task exited with return code 0
[2025-12-10T09:05:09.087+0000] {taskinstance.py:2778} INFO - 0 downstream tasks scheduled from follow-on schedule check
