[2025-12-10T09:06:44.432+0000] {taskinstance.py:1159} INFO - Dependencies all met for dep_context=non-requeueable deps ti=<TaskInstance: autoinsight_cleaning_pipeline_v2.load_recalls_to_snowflake manual__2025-12-10T08:31:58.521713+00:00 [queued]>
[2025-12-10T09:06:44.444+0000] {taskinstance.py:1159} INFO - Dependencies all met for dep_context=requeueable deps ti=<TaskInstance: autoinsight_cleaning_pipeline_v2.load_recalls_to_snowflake manual__2025-12-10T08:31:58.521713+00:00 [queued]>
[2025-12-10T09:06:44.445+0000] {taskinstance.py:1361} INFO - Starting attempt 1 of 3
[2025-12-10T09:06:44.461+0000] {taskinstance.py:1382} INFO - Executing <Task(PythonOperator): load_recalls_to_snowflake> on 2025-12-10 08:31:58.521713+00:00
[2025-12-10T09:06:44.472+0000] {standard_task_runner.py:57} INFO - Started process 12111 to run task
[2025-12-10T09:06:44.479+0000] {standard_task_runner.py:84} INFO - Running: ['***', 'tasks', 'run', 'autoinsight_cleaning_pipeline_v2', 'load_recalls_to_snowflake', 'manual__2025-12-10T08:31:58.521713+00:00', '--job-id', '148', '--raw', '--subdir', 'DAGS_FOLDER/autoinsight_cleaning_pipeline.py', '--cfg-path', '/tmp/tmpl4rxs2ch']
[2025-12-10T09:06:44.484+0000] {standard_task_runner.py:85} INFO - Job 148: Subtask load_recalls_to_snowflake
[2025-12-10T09:06:44.571+0000] {task_command.py:416} INFO - Running <TaskInstance: autoinsight_cleaning_pipeline_v2.load_recalls_to_snowflake manual__2025-12-10T08:31:58.521713+00:00 [running]> on host 846744d01d56
[2025-12-10T09:06:44.677+0000] {taskinstance.py:1662} INFO - Exporting env vars: AIRFLOW_CTX_DAG_EMAIL='autoinsight@example.com' AIRFLOW_CTX_DAG_OWNER='autoinsight-team' AIRFLOW_CTX_DAG_ID='autoinsight_cleaning_pipeline_v2' AIRFLOW_CTX_TASK_ID='load_recalls_to_snowflake' AIRFLOW_CTX_EXECUTION_DATE='2025-12-10T08:31:58.521713+00:00' AIRFLOW_CTX_TRY_NUMBER='1' AIRFLOW_CTX_DAG_RUN_ID='manual__2025-12-10T08:31:58.521713+00:00'
[2025-12-10T09:06:44.768+0000] {logging_mixin.py:154} INFO - ======================================================================
[2025-12-10T09:06:44.769+0000] {logging_mixin.py:154} INFO - SNOWFLAKE LOAD: RECALLS
[2025-12-10T09:06:44.770+0000] {logging_mixin.py:154} INFO - S3 Path: s3://autoinsightfinal/nhtsa/cleaned_new/recalls/csv/
[2025-12-10T09:06:44.770+0000] {logging_mixin.py:154} INFO - Target: AUTOMOTIVE_AI.NHTSA.FACT_RECALLS
[2025-12-10T09:06:44.771+0000] {logging_mixin.py:154} INFO - ======================================================================
[2025-12-10T09:06:44.791+0000] {credentials.py:1147} INFO - Found credentials in environment variables.
[2025-12-10T09:06:45.504+0000] {logging_mixin.py:154} INFO - Reading: s3://autoinsightfinal/nhtsa/cleaned_new/recalls/csv/part-00000-01f17872-973f-4b7a-a142-04041ca4c13d-c000.csv
[2025-12-10T09:06:45.859+0000] {logging_mixin.py:154} INFO - Loaded 1,271 records from S3
[2025-12-10T09:06:45.861+0000] {logging_mixin.py:154} INFO - Columns: ['recall_id', 'nhtsa_recall_id', 'vehicle_id', 'make', 'model', 'year', 'recall_summary', 'document_type', 'primary_document', 'missing_critical_data', 'has_year_data', 'processed_at', 'data_source', 'processing_version']
[2025-12-10T09:06:45.874+0000] {connection.py:386} INFO - Snowflake Connector for Python Version: 3.7.0, Python Version: 3.11.6, Platform: Linux-6.6.87.2-microsoft-standard-WSL2-x86_64-with-glibc2.31
[2025-12-10T09:06:45.882+0000] {connection.py:1211} INFO - This connection is in OCSP Fail Open Mode. TLS Certificates would be checked for validity and revocation status. Any other Certificate Revocation related exceptions or OCSP Responder failures would be disregarded in favor of connectivity.
[2025-12-10T09:06:47.121+0000] {cursor.py:1032} INFO - query: [USE SCHEMA NHTSA]
[2025-12-10T09:06:47.260+0000] {cursor.py:1045} INFO - query execution done
[2025-12-10T09:06:47.264+0000] {cursor.py:1205} INFO - Number of results in first chunk: 1
[2025-12-10T09:06:47.271+0000] {cursor.py:1032} INFO - query: [CREATE TEMP STAGE /* Python:snowflake.connector.pandas_tools.write_pandas() */ d...]
[2025-12-10T09:06:47.641+0000] {cursor.py:1045} INFO - query execution done
[2025-12-10T09:06:47.654+0000] {cursor.py:1205} INFO - Number of results in first chunk: 1
[2025-12-10T09:06:47.793+0000] {cursor.py:1032} INFO - query: [PUT /* Python:snowflake.connector.pandas_tools.write_pandas() */ 'file:///tmp/tm...]
[2025-12-10T09:06:47.987+0000] {cursor.py:1045} INFO - query execution done
[2025-12-10T09:06:49.746+0000] {cursor.py:1032} INFO - query: [CREATE TEMP FILE FORMAT cbcwnyiocz /* Python:snowflake.connector.pandas_tools.wr...]
[2025-12-10T09:06:49.887+0000] {cursor.py:1045} INFO - query execution done
[2025-12-10T09:06:49.891+0000] {cursor.py:1205} INFO - Number of results in first chunk: 1
[2025-12-10T09:06:49.894+0000] {cursor.py:1032} INFO - query: [SELECT COLUMN_NAME, TYPE FROM table(infer_schema(location=>'@dvelfazpzk', file_f...]
[2025-12-10T09:06:50.306+0000] {cursor.py:1045} INFO - query execution done
[2025-12-10T09:06:50.318+0000] {cursor.py:1205} INFO - Number of results in first chunk: 14
[2025-12-10T09:06:50.324+0000] {cursor.py:1032} INFO - query: [CREATE  TABLE IF NOT EXISTS zyermxsbzl (recall_id TEXT, nhtsa_recall_id TEXT, ve...]
[2025-12-10T09:06:50.616+0000] {cursor.py:1045} INFO - query execution done
[2025-12-10T09:06:50.630+0000] {cursor.py:1205} INFO - Number of results in first chunk: 1
[2025-12-10T09:06:50.644+0000] {cursor.py:1032} INFO - query: [COPY INTO zyermxsbzl /* Python:snowflake.connector.pandas_tools.write_pandas() *...]
[2025-12-10T09:06:51.764+0000] {cursor.py:1045} INFO - query execution done
[2025-12-10T09:06:51.766+0000] {cursor.py:1205} INFO - Number of results in first chunk: 1
[2025-12-10T09:06:51.779+0000] {cursor.py:1032} INFO - query: [DROP TABLE IF EXISTS FACT_RECALLS /* Python:snowflake.connector.pandas_tools.wri...]
[2025-12-10T09:06:52.045+0000] {cursor.py:1045} INFO - query execution done
[2025-12-10T09:06:52.048+0000] {cursor.py:1205} INFO - Number of results in first chunk: 1
[2025-12-10T09:06:52.050+0000] {cursor.py:1032} INFO - query: [ALTER TABLE zyermxsbzl RENAME TO FACT_RECALLS /* Python:snowflake.connector.pand...]
[2025-12-10T09:06:52.148+0000] {cursor.py:1045} INFO - query execution done
[2025-12-10T09:06:52.151+0000] {cursor.py:1205} INFO - Number of results in first chunk: 1
[2025-12-10T09:06:52.156+0000] {logging_mixin.py:154} INFO - ✅ Loaded 1,271 rows into AUTOMOTIVE_AI.NHTSA.FACT_RECALLS
[2025-12-10T09:06:52.157+0000] {cursor.py:1032} INFO - query: [SELECT COUNT(*) FROM FACT_RECALLS]
[2025-12-10T09:06:52.348+0000] {cursor.py:1045} INFO - query execution done
[2025-12-10T09:06:52.351+0000] {cursor.py:1205} INFO - Number of results in first chunk: 1
[2025-12-10T09:06:52.366+0000] {logging_mixin.py:154} INFO - Verification: 1,271 rows in table
[2025-12-10T09:06:52.374+0000] {connection.py:734} INFO - closed
[2025-12-10T09:06:52.452+0000] {connection.py:740} INFO - No async queries seem to be running, deleting session
[2025-12-10T09:06:52.623+0000] {python.py:194} INFO - Done. Returned value was: True
[2025-12-10T09:06:52.707+0000] {taskinstance.py:1400} INFO - Marking task as SUCCESS. dag_id=autoinsight_cleaning_pipeline_v2, task_id=load_recalls_to_snowflake, execution_date=20251210T083158, start_date=20251210T090644, end_date=20251210T090652
[2025-12-10T09:06:52.841+0000] {local_task_job_runner.py:228} INFO - Task exited with return code 0
[2025-12-10T09:06:52.904+0000] {taskinstance.py:2778} INFO - 0 downstream tasks scheduled from follow-on schedule check
