[2025-12-10T08:54:43.354+0000] {taskinstance.py:1159} INFO - Dependencies all met for dep_context=non-requeueable deps ti=<TaskInstance: autoinsight_cleaning_pipeline_v2.generate_report manual__2025-12-10T07:39:00.715114+00:00 [queued]>
[2025-12-10T08:54:43.372+0000] {taskinstance.py:1159} INFO - Dependencies all met for dep_context=requeueable deps ti=<TaskInstance: autoinsight_cleaning_pipeline_v2.generate_report manual__2025-12-10T07:39:00.715114+00:00 [queued]>
[2025-12-10T08:54:43.374+0000] {taskinstance.py:1361} INFO - Starting attempt 7 of 9
[2025-12-10T08:54:43.401+0000] {taskinstance.py:1382} INFO - Executing <Task(PythonOperator): generate_report> on 2025-12-10 07:39:00.715114+00:00
[2025-12-10T08:54:43.409+0000] {standard_task_runner.py:57} INFO - Started process 2230 to run task
[2025-12-10T08:54:43.414+0000] {standard_task_runner.py:84} INFO - Running: ['***', 'tasks', 'run', 'autoinsight_cleaning_pipeline_v2', 'generate_report', 'manual__2025-12-10T07:39:00.715114+00:00', '--job-id', '124', '--raw', '--subdir', 'DAGS_FOLDER/autoinsight_cleaning_pipeline.py', '--cfg-path', '/tmp/tmpo3hy00om']
[2025-12-10T08:54:43.420+0000] {standard_task_runner.py:85} INFO - Job 124: Subtask generate_report
[2025-12-10T08:54:43.542+0000] {task_command.py:416} INFO - Running <TaskInstance: autoinsight_cleaning_pipeline_v2.generate_report manual__2025-12-10T07:39:00.715114+00:00 [running]> on host 846744d01d56
[2025-12-10T08:54:43.655+0000] {taskinstance.py:1662} INFO - Exporting env vars: AIRFLOW_CTX_DAG_EMAIL='autoinsight@example.com' AIRFLOW_CTX_DAG_OWNER='autoinsight-team' AIRFLOW_CTX_DAG_ID='autoinsight_cleaning_pipeline_v2' AIRFLOW_CTX_TASK_ID='generate_report' AIRFLOW_CTX_EXECUTION_DATE='2025-12-10T07:39:00.715114+00:00' AIRFLOW_CTX_TRY_NUMBER='7' AIRFLOW_CTX_DAG_RUN_ID='manual__2025-12-10T07:39:00.715114+00:00'
[2025-12-10T08:54:43.658+0000] {logging_mixin.py:154} INFO - ======================================================================
[2025-12-10T08:54:43.660+0000] {logging_mixin.py:154} INFO - PIPELINE EXECUTION REPORT
[2025-12-10T08:54:43.661+0000] {logging_mixin.py:154} INFO - ======================================================================
[2025-12-10T08:54:43.661+0000] {logging_mixin.py:154} INFO - 
Rows Loaded to Snowflake:
[2025-12-10T08:54:43.677+0000] {logging_mixin.py:154} INFO -   EPA: 4,609
[2025-12-10T08:54:43.689+0000] {logging_mixin.py:154} INFO -   FRED: 131
[2025-12-10T08:54:43.699+0000] {logging_mixin.py:154} INFO -   RECALLS: 1,271
[2025-12-10T08:54:43.709+0000] {logging_mixin.py:154} INFO -   COMPLAINTS: 210,517
[2025-12-10T08:54:43.719+0000] {logging_mixin.py:154} INFO -   RATINGS: 3,091
[2025-12-10T08:54:43.732+0000] {logging_mixin.py:154} INFO -   INVESTIGATIONS: 178
[2025-12-10T08:54:43.733+0000] {logging_mixin.py:154} INFO - 
  TOTAL: 219,797 rows
[2025-12-10T08:54:43.734+0000] {logging_mixin.py:154} INFO - 
✅ Pipeline Complete!
[2025-12-10T08:54:43.734+0000] {logging_mixin.py:154} INFO - ======================================================================
[2025-12-10T08:54:43.735+0000] {python.py:194} INFO - Done. Returned value was: None
[2025-12-10T08:54:43.746+0000] {taskinstance.py:1400} INFO - Marking task as SUCCESS. dag_id=autoinsight_cleaning_pipeline_v2, task_id=generate_report, execution_date=20251210T073900, start_date=20251210T085443, end_date=20251210T085443
[2025-12-10T08:54:43.790+0000] {local_task_job_runner.py:228} INFO - Task exited with return code 0
[2025-12-10T08:54:43.812+0000] {taskinstance.py:2778} INFO - 0 downstream tasks scheduled from follow-on schedule check
