[2025-12-10T08:34:12.849+0000] {taskinstance.py:1159} INFO - Dependencies all met for dep_context=non-requeueable deps ti=<TaskInstance: autoinsight_cleaning_pipeline_v2.generate_report manual__2025-12-10T07:39:00.715114+00:00 [queued]>
[2025-12-10T08:34:12.861+0000] {taskinstance.py:1159} INFO - Dependencies all met for dep_context=requeueable deps ti=<TaskInstance: autoinsight_cleaning_pipeline_v2.generate_report manual__2025-12-10T07:39:00.715114+00:00 [queued]>
[2025-12-10T08:34:12.862+0000] {taskinstance.py:1361} INFO - Starting attempt 2 of 4
[2025-12-10T08:34:12.883+0000] {taskinstance.py:1382} INFO - Executing <Task(PythonOperator): generate_report> on 2025-12-10 07:39:00.715114+00:00
[2025-12-10T08:34:12.894+0000] {standard_task_runner.py:57} INFO - Started process 946 to run task
[2025-12-10T08:34:12.901+0000] {standard_task_runner.py:84} INFO - Running: ['***', 'tasks', 'run', 'autoinsight_cleaning_pipeline_v2', 'generate_report', 'manual__2025-12-10T07:39:00.715114+00:00', '--job-id', '100', '--raw', '--subdir', 'DAGS_FOLDER/autoinsight_cleaning_pipeline.py', '--cfg-path', '/tmp/tmp9nwgecj7']
[2025-12-10T08:34:12.907+0000] {standard_task_runner.py:85} INFO - Job 100: Subtask generate_report
[2025-12-10T08:34:13.013+0000] {task_command.py:416} INFO - Running <TaskInstance: autoinsight_cleaning_pipeline_v2.generate_report manual__2025-12-10T07:39:00.715114+00:00 [running]> on host 846744d01d56
[2025-12-10T08:34:13.100+0000] {taskinstance.py:1662} INFO - Exporting env vars: AIRFLOW_CTX_DAG_EMAIL='autoinsight@example.com' AIRFLOW_CTX_DAG_OWNER='autoinsight-team' AIRFLOW_CTX_DAG_ID='autoinsight_cleaning_pipeline_v2' AIRFLOW_CTX_TASK_ID='generate_report' AIRFLOW_CTX_EXECUTION_DATE='2025-12-10T07:39:00.715114+00:00' AIRFLOW_CTX_TRY_NUMBER='2' AIRFLOW_CTX_DAG_RUN_ID='manual__2025-12-10T07:39:00.715114+00:00'
[2025-12-10T08:34:13.103+0000] {logging_mixin.py:154} INFO - ======================================================================
[2025-12-10T08:34:13.104+0000] {logging_mixin.py:154} INFO - PIPELINE EXECUTION REPORT
[2025-12-10T08:34:13.104+0000] {logging_mixin.py:154} INFO - ======================================================================
[2025-12-10T08:34:13.105+0000] {logging_mixin.py:154} INFO - 
Rows Loaded to Snowflake:
[2025-12-10T08:34:13.168+0000] {logging_mixin.py:154} INFO - 
  TOTAL: 0 rows
[2025-12-10T08:34:13.170+0000] {logging_mixin.py:154} INFO - 
✅ Pipeline Complete!
[2025-12-10T08:34:13.171+0000] {logging_mixin.py:154} INFO - ======================================================================
[2025-12-10T08:34:13.171+0000] {python.py:194} INFO - Done. Returned value was: None
[2025-12-10T08:34:13.183+0000] {taskinstance.py:1400} INFO - Marking task as SUCCESS. dag_id=autoinsight_cleaning_pipeline_v2, task_id=generate_report, execution_date=20251210T073900, start_date=20251210T083412, end_date=20251210T083413
[2025-12-10T08:34:13.233+0000] {local_task_job_runner.py:228} INFO - Task exited with return code 0
[2025-12-10T08:34:13.256+0000] {taskinstance.py:2778} INFO - 0 downstream tasks scheduled from follow-on schedule check
